

HI-TECH Software PIC LITE Macro Assembler V9.81 build 7503 
                                                                                               Sun Mar 06 22:01:02 2022

HI-TECH Software Omniscient Code Generator (Lite mode) build 7503
     1  0000                     opt subtitle "HI-TECH Software Omniscient Code Generator (Lite mode) build 7503"
     2                           
     3                           opt pagewidth 120
     4                           
     5                           	opt lm
     6                           
     7                           	processor	16F887
     8                           clrc	macro
     9                           	bcf	3,0
    10  0000                     	endm
    11                           clrz	macro
    12                           	bcf	3,2
    13  0000                     	endm
    14                           setc	macro
    15                           	bsf	3,0
    16  0000                     	endm
    17                           setz	macro
    18                           	bsf	3,2
    19  0000                     	endm
    20                           skipc	macro
    21                           	btfss	3,0
    22  0000                     	endm
    23                           skipz	macro
    24                           	btfss	3,2
    25  0000                     	endm
    26                           skipnc	macro
    27                           	btfsc	3,0
    28  0000                     	endm
    29                           skipnz	macro
    30                           	btfsc	3,2
    31  0000                     	endm
    32  0000                     indf	equ	0
    33  0000                     indf0	equ	0
    34  0002                     pc	equ	2
    35  0002                     pcl	equ	2
    36  0003                     status	equ	3
    37  0004                     fsr	equ	4
    38  0004                     fsr0	equ	4
    39  0001                     c	equ	1
    40  0000                     z	equ	0
    41  000A                     pclath	equ	10
    42                           	FNCALL	_main,_delay
    43                           	FNROOT	_main
    44                           	global	_PORTA
    45                           psect	maintext,global,class=CODE,delta=2
    46                           global __pmaintext
    47  07D6                     __pmaintext:
    48  0005                     _PORTA	set	5
    49                           	global	_TRISA
    50  0085                     _TRISA	set	133
    51                           	global	_ANSEL
    52  0188                     _ANSEL	set	392
    53                           	global	_ANSELH
    54  0189                     _ANSELH	set	393
    55                           	file	"odd even.as"
    56                           	line	#
    57                           psect cinit,class=CODE,delta=2
    58                           global start_initialization
    59  07BE                     start_initialization:
    60                           
    61                           psect cinit,class=CODE,delta=2
    62                           global end_of_initialization
    63                           
    64                           ;End of C runtime variable initialization code
    65                           
    66  07BE                     end_of_initialization:
    67  07BE  0183               clrf status
    68  07BF  120A  118A  2FD6   ljmp _main	;jump to C main() function
    69                           psect	cstackCOMMON,class=COMMON,space=1
    70                           global __pcstackCOMMON
    71  0070                     __pcstackCOMMON:
    72                           	global	?_delay
    73  0070                     ?_delay:	; 0 bytes @ 0x0
    74                           	global	?_main
    75  0070                     ?_main:	; 0 bytes @ 0x0
    76                           	global	delay@a
    77  0070                     delay@a:	; 2 bytes @ 0x0
    78  0070                     	ds	2
    79                           	global	??_delay
    80  0072                     ??_delay:	; 0 bytes @ 0x2
    81                           	global	??_main
    82  0072                     ??_main:	; 0 bytes @ 0x2
    83 ;;Data sizes: Strings 0, constant 0, data 0, bss 0, persistent 0 stack 0
    84 ;;Auto spaces:   Size  Autos    Used
    85 ;; COMMON          14      2       2
    86 ;; BANK0           80      0       0
    87 ;; BANK1           80      0       0
    88 ;; BANK3           96      0       0
    89 ;; BANK2           96      0       0
    90                           
    91 ;;
    92 ;; Pointer list with targets:
    93                           
    94                           
    95                           
    96 ;;
    97 ;; Critical Paths under _main in COMMON
    98 ;;
    99 ;;   _main->_delay
   100 ;;
   101 ;; Critical Paths under _main in BANK0
   102 ;;
   103 ;;   None.
   104 ;;
   105 ;; Critical Paths under _main in BANK1
   106 ;;
   107 ;;   None.
   108 ;;
   109 ;; Critical Paths under _main in BANK3
   110 ;;
   111 ;;   None.
   112 ;;
   113 ;; Critical Paths under _main in BANK2
   114 ;;
   115 ;;   None.
   116                           
   117 ;;
   118 ;;Main: autosize = 0, tempsize = 0, incstack = 0, save=0
   119 ;;
   120                           
   121 ;;
   122 ;;Call Graph Tables:
   123 ;;
   124 ;; ---------------------------------------------------------------------------------
   125 ;; (Depth) Function   	        Calls       Base Space   Used Autos Params    Refs
   126 ;; ---------------------------------------------------------------------------------
   127 ;; (0) _main                                                 0     0      0      15
   128 ;;                              _delay
   129 ;; ---------------------------------------------------------------------------------
   130 ;; (1) _delay                                                2     0      2      15
   131 ;;                                              0 COMMON     2     0      2
   132 ;; ---------------------------------------------------------------------------------
   133 ;; Estimated maximum stack depth 1
   134 ;; ---------------------------------------------------------------------------------
   135                           
   136 ;; Call Graph Graphs:
   137                           
   138 ;; _main (ROOT)
   139 ;;   _delay
   140 ;;
   141                           
   142 ;; Address spaces:
   143                           
   144 ;;Name               Size   Autos  Total    Cost      Usage
   145 ;;BITCOMMON            E      0       0       0        0.0%
   146 ;;EEDATA             100      0       0       0        0.0%
   147 ;;NULL                 0      0       0       0        0.0%
   148 ;;CODE                 0      0       0       0        0.0%
   149 ;;COMMON               E      2       2       1       14.3%
   150 ;;BITSFR0              0      0       0       1        0.0%
   151 ;;SFR0                 0      0       0       1        0.0%
   152 ;;BITSFR1              0      0       0       2        0.0%
   153 ;;SFR1                 0      0       0       2        0.0%
   154 ;;STACK                0      0       1       2        0.0%
   155 ;;ABS                  0      0       0       3        0.0%
   156 ;;BITBANK0            50      0       0       4        0.0%
   157 ;;BITSFR3              0      0       0       4        0.0%
   158 ;;SFR3                 0      0       0       4        0.0%
   159 ;;BANK0               50      0       0       5        0.0%
   160 ;;BITSFR2              0      0       0       5        0.0%
   161 ;;SFR2                 0      0       0       5        0.0%
   162 ;;BITBANK1            50      0       0       6        0.0%
   163 ;;BANK1               50      0       0       7        0.0%
   164 ;;BITBANK3            60      0       0       8        0.0%
   165 ;;BANK3               60      0       0       9        0.0%
   166 ;;BITBANK2            60      0       0      10        0.0%
   167 ;;BANK2               60      0       0      11        0.0%
   168 ;;DATA                 0      0       0      12        0.0%
   169                           
   170                           	global	_main
   171                           psect	maintext
   172                           
   173 ;; *************** function _main *****************
   174 ;; Defined at:
   175 ;;		line 7 in file "D:\Embedded\pic\code\software\led\led odd even\on off.c"
   176 ;; Parameters:    Size  Location     Type
   177 ;;		None
   178 ;; Auto vars:     Size  Location     Type
   179 ;;		None
   180 ;; Return value:  Size  Location     Type
   181 ;;		None               void
   182 ;; Registers used:
   183 ;;		wreg, status,2, status,0, pclath, cstack
   184 ;; Tracked objects:
   185 ;;		On entry : 17F/0
   186 ;;		On exit  : 0/0
   187 ;;		Unchanged: 0/0
   188 ;; Data sizes:     COMMON   BANK0   BANK1   BANK3   BANK2
   189 ;;      Params:         0       0       0       0       0
   190 ;;      Locals:         0       0       0       0       0
   191 ;;      Temps:          0       0       0       0       0
   192 ;;      Totals:         0       0       0       0       0
   193 ;;Total ram usage:        0 bytes
   194 ;; Hardware stack levels required when called:    1
   195 ;; This function calls:
   196 ;;		_delay
   197 ;; This function is called by:
   198 ;;		Startup code after reset
   199 ;; This function uses a non-reentrant model
   200 ;;
   201                           psect	maintext
   202                           	file	"D:\Embedded\pic\code\software\led\led odd even\on off.c"
   203                           	line	7
   204                           	global	__size_of_main
   205  002A                     	__size_of_main	equ	__end_of_main-_main
   206                           	
   207  07D6                     _main:	
   208                           	opt	stack 7
   209                           ; Regs used in _main: [wreg+status,2+status,0+pclath+cstack]
   210                           	line	8
   211                           	
   212  07D6                     l2173:	
   213                           ;on off.c: 8: PORTA=0X00;
   214  07D6  1283               	bcf	status, 5	;RP0=0, select bank0
   215  07D7  1303               	bcf	status, 6	;RP1=0, select bank0
   216  07D8  0185               	clrf	(5)	;volatile
   217                           	line	9
   218                           ;on off.c: 9: TRISA=0X00;
   219  07D9  1683               	bsf	status, 5	;RP0=1, select bank1
   220  07DA  1303               	bcf	status, 6	;RP1=0, select bank1
   221  07DB  0185               	clrf	(133)^080h	;volatile
   222                           	line	10
   223                           ;on off.c: 10: ANSEL=0X00;
   224  07DC  1683               	bsf	status, 5	;RP0=1, select bank3
   225  07DD  1703               	bsf	status, 6	;RP1=1, select bank3
   226  07DE  0188               	clrf	(392)^0180h	;volatile
   227                           	line	11
   228                           ;on off.c: 11: ANSELH=0X00;
   229  07DF  0189               	clrf	(393)^0180h	;volatile
   230  07E0  2FE1               	goto	l2175
   231                           	line	12
   232                           ;on off.c: 12: while(1)
   233                           	
   234  07E1                     l1031:	
   235                           	line	14
   236                           	
   237  07E1                     l2175:	
   238                           ;on off.c: 13: {
   239                           ;on off.c: 14: PORTA=0XAA;
   240  07E1  30AA               	movlw	(0AAh)
   241  07E2  1283               	bcf	status, 5	;RP0=0, select bank0
   242  07E3  1303               	bcf	status, 6	;RP1=0, select bank0
   243  07E4  0085               	movwf	(5)	;volatile
   244                           	line	15
   245                           	
   246  07E5                     l2177:	
   247                           ;on off.c: 15: delay(10000);
   248  07E5  3010               	movlw	low(02710h)
   249  07E6  00F0               	movwf	(?_delay)
   250  07E7  3027               	movlw	high(02710h)
   251  07E8  00F1               	movwf	((?_delay))+1
   252  07E9  120A  118A  27C2   	fcall	_delay
              120A  118A         
   253                           	line	16
   254                           	
   255  07EE                     l2179:	
   256                           ;on off.c: 16: PORTA=0X55;
   257  07EE  3055               	movlw	(055h)
   258  07EF  1283               	bcf	status, 5	;RP0=0, select bank0
   259  07F0  1303               	bcf	status, 6	;RP1=0, select bank0
   260  07F1  0085               	movwf	(5)	;volatile
   261                           	line	17
   262                           	
   263  07F2                     l2181:	
   264                           ;on off.c: 17: delay(10000);
   265  07F2  3010               	movlw	low(02710h)
   266  07F3  00F0               	movwf	(?_delay)
   267  07F4  3027               	movlw	high(02710h)
   268  07F5  00F1               	movwf	((?_delay))+1
   269  07F6  120A  118A  27C2   	fcall	_delay
              120A  118A         
   270  07FB  2FE1               	goto	l2175
   271                           	line	18
   272                           	
   273  07FC                     l1032:	
   274                           	line	12
   275  07FC  2FE1               	goto	l2175
   276                           	
   277  07FD                     l1033:	
   278                           	line	19
   279                           	
   280  07FD                     l1034:	
   281                           	global	start
   282  07FD  120A  118A  2800   	ljmp	start
   283                           	opt stack 0
   284                           GLOBAL	__end_of_main
   285  0800                     	__end_of_main:
   286 ;; =============== function _main ends ============
   287                           
   288                           	signat	_main,88
   289                           	global	_delay
   290                           psect	text55,local,class=CODE,delta=2
   291                           global __ptext55
   292  07C2                     __ptext55:
   293                           
   294 ;; *************** function _delay *****************
   295 ;; Defined at:
   296 ;;		line 3 in file "D:\Embedded\pic\code\software\led\led odd even\on off.c"
   297 ;; Parameters:    Size  Location     Type
   298 ;;  a               2    0[COMMON] unsigned int 
   299 ;; Auto vars:     Size  Location     Type
   300 ;;		None
   301 ;; Return value:  Size  Location     Type
   302 ;;		None               void
   303 ;; Registers used:
   304 ;;		wreg
   305 ;; Tracked objects:
   306 ;;		On entry : 0/0
   307 ;;		On exit  : 0/0
   308 ;;		Unchanged: 0/0
   309 ;; Data sizes:     COMMON   BANK0   BANK1   BANK3   BANK2
   310 ;;      Params:         2       0       0       0       0
   311 ;;      Locals:         0       0       0       0       0
   312 ;;      Temps:          0       0       0       0       0
   313 ;;      Totals:         2       0       0       0       0
   314 ;;Total ram usage:        2 bytes
   315 ;; Hardware stack levels used:    1
   316 ;; This function calls:
   317 ;;		Nothing
   318 ;; This function is called by:
   319 ;;		_main
   320 ;; This function uses a non-reentrant model
   321 ;;
   322                           psect	text55
   323                           	file	"D:\Embedded\pic\code\software\led\led odd even\on off.c"
   324                           	line	3
   325                           	global	__size_of_delay
   326  0014                     	__size_of_delay	equ	__end_of_delay-_delay
   327                           	
   328  07C2                     _delay:	
   329                           	opt	stack 7
   330                           ; Regs used in _delay: [wreg]
   331                           	line	4
   332                           	
   333  07C2                     l1403:	
   334                           ;on off.c: 4: while(a--);
   335  07C2  2FC4               	goto	l1405
   336                           	
   337  07C3                     l1026:	
   338  07C3  2FC4               	goto	l1405
   339                           	
   340  07C4                     l1025:	
   341                           	
   342  07C4                     l1405:	
   343  07C4  3001               	movlw	low(01h)
   344  07C5  02F0               	subwf	(delay@a),f
   345  07C6  3000               	movlw	high(01h)
   346  07C7  1C03               	skipc
   347  07C8  03F1               	decf	(delay@a+1),f
   348  07C9  02F1               	subwf	(delay@a+1),f
   349  07CA  30FF               	movlw	high(0FFFFh)
   350  07CB  0671               	xorwf	((delay@a+1)),w
   351  07CC  1D03               	skipz
   352  07CD  2FD0               	goto	u15
   353  07CE  30FF               	movlw	low(0FFFFh)
   354  07CF  0670               	xorwf	((delay@a)),w
   355  07D0                     u15:
   356                           
   357  07D0  1D03               	skipz
   358  07D1  2FD3               	goto	u11
   359  07D2  2FD4               	goto	u10
   360  07D3                     u11:
   361  07D3  2FC4               	goto	l1405
   362  07D4                     u10:
   363  07D4  2FD5               	goto	l1028
   364                           	
   365  07D5                     l1027:	
   366                           	line	5
   367                           	
   368  07D5                     l1028:	
   369  07D5  0008               	return
   370                           	opt stack 0
   371                           GLOBAL	__end_of_delay
   372  07D6                     	__end_of_delay:
   373 ;; =============== function _delay ends ============
   374                           
   375                           	signat	_delay,4216
   376                           psect	text56,local,class=CODE,delta=2
   377                           global __ptext56
   378  0000                     __ptext56:
   379                           	global	btemp
   380  007E                     	btemp set 07Eh
   381                           
   382                           	DABS	1,126,2	;btemp
   383                           	global	wtemp0
   384  007E                     	wtemp0 set btemp


HI-TECH Software PICC Macro Assembler V9.81 build 7503 
Symbol Table                                                                                   Sun Mar 06 22:01:02 2022

                  u10 07D4                    u11 07D3                    u15 07D0                  l1031 07E1  
                l1032 07FC                  l1025 07C4                  l1033 07FD                  l1026 07C3  
                l1034 07FD                  l1027 07D5                  l1028 07D5                  l1403 07C2  
                l1405 07C4                  l2181 07F2                  l2173 07D6                  l2175 07E1  
                l2177 07E5                  l2179 07EE                  _main 07D6                  btemp 007E  
                start 0000                 ?_main 0070                 _ANSEL 0188                 _PORTA 0005  
               _TRISA 0085                 _delay 07C2                 status 0003                 wtemp0 007E  
        __end_of_main 0800                ??_main 0072                ?_delay 0070                _ANSELH 0189  
              delay@a 0070        __pcstackCOMMON 0070         __end_of_delay 07D6               ??_delay 0072  
          __pmaintext 07D6  end_of_initialization 07BE   start_initialization 07BE        __size_of_delay 0014  
            __ptext55 07C2              __ptext56 0000         __size_of_main 002A  
