

HI-TECH Software PIC LITE Macro Assembler V9.81 build 7503 
                                                                                               Fri Apr 15 23:58:11 2022

HI-TECH Software Omniscient Code Generator (Lite mode) build 7503
     1  0000                     opt subtitle "HI-TECH Software Omniscient Code Generator (Lite mode) build 7503"
     2                           
     3                           opt pagewidth 120
     4                           
     5                           	opt lm
     6                           
     7                           	processor	16F887
     8                           clrc	macro
     9                           	bcf	3,0
    10  0000                     	endm
    11                           clrz	macro
    12                           	bcf	3,2
    13  0000                     	endm
    14                           setc	macro
    15                           	bsf	3,0
    16  0000                     	endm
    17                           setz	macro
    18                           	bsf	3,2
    19  0000                     	endm
    20                           skipc	macro
    21                           	btfss	3,0
    22  0000                     	endm
    23                           skipz	macro
    24                           	btfss	3,2
    25  0000                     	endm
    26                           skipnc	macro
    27                           	btfsc	3,0
    28  0000                     	endm
    29                           skipnz	macro
    30                           	btfsc	3,2
    31  0000                     	endm
    32  0000                     indf	equ	0
    33  0000                     indf0	equ	0
    34  0002                     pc	equ	2
    35  0002                     pcl	equ	2
    36  0003                     status	equ	3
    37  0004                     fsr	equ	4
    38  0004                     fsr0	equ	4
    39  0001                     c	equ	1
    40  0000                     z	equ	0
    41  000A                     pclath	equ	10
    42                           	FNCALL	_main,_timer
    43                           	FNROOT	_main
    44                           	FNCALL	_Ext,i1_timer
    45                           	FNCALL	intlevel1,_Ext
    46                           	global	intlevel1
    47                           	FNROOT	intlevel1
    48                           	global	_count
    49                           	global	_i
    50                           	global	_PORTA
    51                           psect	text86,local,class=CODE,delta=2
    52                           global __ptext86
    53  0000                     __ptext86:
    54  0005                     _PORTA	set	5
    55                           	global	_PORTB
    56  0006                     _PORTB	set	6
    57                           	global	_T1CON
    58  0010                     _T1CON	set	16
    59                           	global	_GIE
    60  005F                     _GIE	set	95
    61                           	global	_INTE
    62  005C                     _INTE	set	92
    63                           	global	_INTF
    64  0059                     _INTF	set	89
    65                           	global	_PEIE
    66  005E                     _PEIE	set	94
    67                           	global	_RA0
    68  0028                     _RA0	set	40
    69                           	global	_RA1
    70  0029                     _RA1	set	41
    71                           	global	_TMR1IF
    72  0060                     _TMR1IF	set	96
    73                           	global	_TRISA
    74  0085                     _TRISA	set	133
    75                           	global	_TRISB
    76  0086                     _TRISB	set	134
    77                           	global	_ANSEL
    78  0188                     _ANSEL	set	392
    79                           	global	_ANSELH
    80  0189                     _ANSELH	set	393
    81                           	file	"interrupt.as"
    82                           	line	#
    83                           psect cinit,class=CODE,delta=2
    84                           global start_initialization
    85  00F8                     start_initialization:
    86                           
    87                           psect	bssCOMMON,class=COMMON,space=1
    88                           global __pbssCOMMON
    89  0078                     __pbssCOMMON:
    90  0078                     _count:
    91  0078                            ds      2
    92                           
    93  007A                     _i:
    94  007A                            ds      2
    95                           
    96                           ; Clear objects allocated to COMMON
    97                           psect cinit,class=CODE,delta=2
    98  00F8  01F8               	clrf	((__pbssCOMMON)+0)&07Fh
    99  00F9  01F9               	clrf	((__pbssCOMMON)+1)&07Fh
   100  00FA  01FA               	clrf	((__pbssCOMMON)+2)&07Fh
   101  00FB  01FB               	clrf	((__pbssCOMMON)+3)&07Fh
   102                           psect cinit,class=CODE,delta=2
   103                           global end_of_initialization
   104                           
   105                           ;End of C runtime variable initialization code
   106                           
   107  00FC                     end_of_initialization:
   108  00FC  0183               clrf status
   109  00FD  120A  118A  2864   ljmp _main	;jump to C main() function
   110                           psect	cstackCOMMON,class=COMMON,space=1
   111                           global __pcstackCOMMON
   112  0070                     __pcstackCOMMON:
   113                           	global	?_main
   114  0070                     ?_main:	; 0 bytes @ 0x0
   115                           	global	?_Ext
   116  0070                     ?_Ext:	; 0 bytes @ 0x0
   117                           	global	?i1_timer
   118  0070                     ?i1_timer:	; 0 bytes @ 0x0
   119                           	global	i1timer@a
   120  0070                     i1timer@a:	; 2 bytes @ 0x0
   121  0070                     	ds	2
   122                           	global	??_Ext
   123  0072                     ??_Ext:	; 0 bytes @ 0x2
   124                           	global	??i1_timer
   125  0072                     ??i1_timer:	; 0 bytes @ 0x2
   126  0072                     	ds	4
   127                           	global	?_timer
   128  0076                     ?_timer:	; 0 bytes @ 0x6
   129                           	global	timer@a
   130  0076                     timer@a:	; 2 bytes @ 0x6
   131  0076                     	ds	2
   132                           	global	??_timer
   133  0078                     ??_timer:	; 0 bytes @ 0x8
   134                           	global	??_main
   135  0078                     ??_main:	; 0 bytes @ 0x8
   136 ;;Data sizes: Strings 0, constant 0, data 0, bss 4, persistent 0 stack 0
   137 ;;Auto spaces:   Size  Autos    Used
   138 ;; COMMON          14      8      12
   139 ;; BANK0           80      0       0
   140 ;; BANK1           80      0       0
   141 ;; BANK3           96      0       0
   142 ;; BANK2           96      0       0
   143                           
   144 ;;
   145 ;; Pointer list with targets:
   146                           
   147                           
   148                           
   149 ;;
   150 ;; Critical Paths under _main in COMMON
   151 ;;
   152 ;;   _main->_timer
   153 ;;
   154 ;; Critical Paths under _Ext in COMMON
   155 ;;
   156 ;;   _Ext->i1_timer
   157 ;;
   158 ;; Critical Paths under _main in BANK0
   159 ;;
   160 ;;   None.
   161 ;;
   162 ;; Critical Paths under _Ext in BANK0
   163 ;;
   164 ;;   None.
   165 ;;
   166 ;; Critical Paths under _main in BANK1
   167 ;;
   168 ;;   None.
   169 ;;
   170 ;; Critical Paths under _Ext in BANK1
   171 ;;
   172 ;;   None.
   173 ;;
   174 ;; Critical Paths under _main in BANK3
   175 ;;
   176 ;;   None.
   177 ;;
   178 ;; Critical Paths under _Ext in BANK3
   179 ;;
   180 ;;   None.
   181 ;;
   182 ;; Critical Paths under _main in BANK2
   183 ;;
   184 ;;   None.
   185 ;;
   186 ;; Critical Paths under _Ext in BANK2
   187 ;;
   188 ;;   None.
   189                           
   190 ;;
   191 ;;Main: autosize = 0, tempsize = 0, incstack = 0, save=0
   192 ;;
   193                           
   194 ;;
   195 ;;Call Graph Tables:
   196 ;;
   197 ;; ---------------------------------------------------------------------------------
   198 ;; (Depth) Function   	        Calls       Base Space   Used Autos Params    Refs
   199 ;; ---------------------------------------------------------------------------------
   200 ;; (0) _main                                                 0     0      0      15
   201 ;;                              _timer
   202 ;; ---------------------------------------------------------------------------------
   203 ;; (1) _timer                                                2     0      2      15
   204 ;;                                              6 COMMON     2     0      2
   205 ;; ---------------------------------------------------------------------------------
   206 ;; Estimated maximum stack depth 1
   207 ;; ---------------------------------------------------------------------------------
   208 ;; (Depth) Function   	        Calls       Base Space   Used Autos Params    Refs
   209 ;; ---------------------------------------------------------------------------------
   210 ;; (2) _Ext                                                  4     4      0      60
   211 ;;                                              2 COMMON     4     4      0
   212 ;;                            i1_timer
   213 ;; ---------------------------------------------------------------------------------
   214 ;; (3) i1_timer                                              2     0      2      60
   215 ;;                                              0 COMMON     2     0      2
   216 ;; ---------------------------------------------------------------------------------
   217 ;; Estimated maximum stack depth 3
   218 ;; ---------------------------------------------------------------------------------
   219                           
   220 ;; Call Graph Graphs:
   221                           
   222 ;; _main (ROOT)
   223 ;;   _timer
   224 ;;
   225 ;; _Ext (ROOT)
   226 ;;   i1_timer
   227 ;;
   228                           
   229 ;; Address spaces:
   230                           
   231 ;;Name               Size   Autos  Total    Cost      Usage
   232 ;;BITCOMMON            E      0       0       0        0.0%
   233 ;;EEDATA             100      0       0       0        0.0%
   234 ;;NULL                 0      0       0       0        0.0%
   235 ;;CODE                 0      0       0       0        0.0%
   236 ;;COMMON               E      8       C       1       85.7%
   237 ;;BITSFR0              0      0       0       1        0.0%
   238 ;;SFR0                 0      0       0       1        0.0%
   239 ;;BITSFR1              0      0       0       2        0.0%
   240 ;;SFR1                 0      0       0       2        0.0%
   241 ;;STACK                0      0       5       2        0.0%
   242 ;;ABS                  0      0       C       3        0.0%
   243 ;;BITBANK0            50      0       0       4        0.0%
   244 ;;BITSFR3              0      0       0       4        0.0%
   245 ;;SFR3                 0      0       0       4        0.0%
   246 ;;BANK0               50      0       0       5        0.0%
   247 ;;BITSFR2              0      0       0       5        0.0%
   248 ;;SFR2                 0      0       0       5        0.0%
   249 ;;BITBANK1            50      0       0       6        0.0%
   250 ;;BANK1               50      0       0       7        0.0%
   251 ;;BITBANK3            60      0       0       8        0.0%
   252 ;;BANK3               60      0       0       9        0.0%
   253 ;;BITBANK2            60      0       0      10        0.0%
   254 ;;BANK2               60      0       0      11        0.0%
   255 ;;DATA                 0      0      11      12        0.0%
   256                           
   257                           	global	_main
   258                           psect	maintext,global,class=CODE,delta=2
   259                           global __pmaintext
   260  0064                     __pmaintext:
   261                           
   262 ;; *************** function _main *****************
   263 ;; Defined at:
   264 ;;		line 25 in file "D:\Embedded\pic\code\software\interrupt\Basic_led_interrupt\interrupt.c"
   265 ;; Parameters:    Size  Location     Type
   266 ;;		None
   267 ;; Auto vars:     Size  Location     Type
   268 ;;		None
   269 ;; Return value:  Size  Location     Type
   270 ;;		None               void
   271 ;; Registers used:
   272 ;;		wreg, status,2, status,0, btemp+1, pclath, cstack
   273 ;; Tracked objects:
   274 ;;		On entry : 17F/0
   275 ;;		On exit  : 0/0
   276 ;;		Unchanged: 0/0
   277 ;; Data sizes:     COMMON   BANK0   BANK1   BANK3   BANK2
   278 ;;      Params:         0       0       0       0       0
   279 ;;      Locals:         0       0       0       0       0
   280 ;;      Temps:          0       0       0       0       0
   281 ;;      Totals:         0       0       0       0       0
   282 ;;Total ram usage:        0 bytes
   283 ;; Hardware stack levels required when called:    3
   284 ;; This function calls:
   285 ;;		_timer
   286 ;; This function is called by:
   287 ;;		Startup code after reset
   288 ;; This function uses a non-reentrant model
   289 ;;
   290                           psect	maintext
   291                           	file	"D:\Embedded\pic\code\software\interrupt\Basic_led_interrupt\interrupt.c"
   292                           	line	25
   293                           	global	__size_of_main
   294  0036                     	__size_of_main	equ	__end_of_main-_main
   295                           	
   296  0064                     _main:	
   297                           	opt	stack 5
   298                           ; Regs used in _main: [wreg+status,2+status,0+btemp+1+pclath+cstack]
   299                           	line	26
   300                           	
   301  0064                     l2233:	
   302                           ;interrupt.c: 26: PORTA=0X00;
   303  0064  1283               	bcf	status, 5	;RP0=0, select bank0
   304  0065  1303               	bcf	status, 6	;RP1=0, select bank0
   305  0066  0185               	clrf	(5)	;volatile
   306                           	line	27
   307                           ;interrupt.c: 27: TRISA=0X00;
   308  0067  1683               	bsf	status, 5	;RP0=1, select bank1
   309  0068  1303               	bcf	status, 6	;RP1=0, select bank1
   310  0069  0185               	clrf	(133)^080h	;volatile
   311                           	line	28
   312                           ;interrupt.c: 28: PORTB=0X00;
   313  006A  1283               	bcf	status, 5	;RP0=0, select bank0
   314  006B  1303               	bcf	status, 6	;RP1=0, select bank0
   315  006C  0186               	clrf	(6)	;volatile
   316                           	line	29
   317                           	
   318  006D                     l2235:	
   319                           ;interrupt.c: 29: TRISB=0X01;
   320  006D  3001               	movlw	(01h)
   321  006E  1683               	bsf	status, 5	;RP0=1, select bank1
   322  006F  1303               	bcf	status, 6	;RP1=0, select bank1
   323  0070  0086               	movwf	(134)^080h	;volatile
   324                           	line	30
   325                           	
   326  0071                     l2237:	
   327                           ;interrupt.c: 30: ANSEL=0X00;
   328  0071  1683               	bsf	status, 5	;RP0=1, select bank3
   329  0072  1703               	bsf	status, 6	;RP1=1, select bank3
   330  0073  0188               	clrf	(392)^0180h	;volatile
   331                           	line	31
   332                           	
   333  0074                     l2239:	
   334                           ;interrupt.c: 31: ANSELH=0X00;
   335  0074  0189               	clrf	(393)^0180h	;volatile
   336                           	line	32
   337                           	
   338  0075                     l2241:	
   339                           ;interrupt.c: 32: T1CON=0X31;
   340  0075  3031               	movlw	(031h)
   341  0076  1283               	bcf	status, 5	;RP0=0, select bank0
   342  0077  1303               	bcf	status, 6	;RP1=0, select bank0
   343  0078  0090               	movwf	(16)	;volatile
   344                           	line	33
   345                           	
   346  0079                     l2243:	
   347                           ;interrupt.c: 33: GIE=1;
   348  0079  178B               	bsf	(95/8),(95)&7
   349                           	line	34
   350                           	
   351  007A                     l2245:	
   352                           ;interrupt.c: 34: PEIE=1;
   353  007A  170B               	bsf	(94/8),(94)&7
   354                           	line	35
   355                           	
   356  007B                     l2247:	
   357                           ;interrupt.c: 35: INTE=1;
   358  007B  160B               	bsf	(92/8),(92)&7
   359  007C  287D               	goto	l2249
   360                           	line	36
   361                           ;interrupt.c: 36: while(1)
   362                           	
   363  007D                     l1037:	
   364                           	line	38
   365                           	
   366  007D                     l2249:	
   367                           ;interrupt.c: 37: {
   368                           ;interrupt.c: 38: RA0=1;
   369  007D  1283               	bcf	status, 5	;RP0=0, select bank0
   370  007E  1303               	bcf	status, 6	;RP1=0, select bank0
   371  007F  1405               	bsf	(40/8),(40)&7
   372                           	line	39
   373                           	
   374  0080                     l2251:	
   375                           ;interrupt.c: 39: timer(2);
   376  0080  3002               	movlw	low(02h)
   377  0081  00F6               	movwf	(?_timer)
   378  0082  3000               	movlw	high(02h)
   379  0083  00F7               	movwf	((?_timer))+1
   380  0084  120A  118A  209A   	fcall	_timer
              120A  118A         
   381                           	line	40
   382                           	
   383  0089                     l2253:	
   384                           ;interrupt.c: 40: RA0=0;
   385  0089  1283               	bcf	status, 5	;RP0=0, select bank0
   386  008A  1303               	bcf	status, 6	;RP1=0, select bank0
   387  008B  1005               	bcf	(40/8),(40)&7
   388                           	line	41
   389                           	
   390  008C                     l2255:	
   391                           ;interrupt.c: 41: timer(2);
   392  008C  3002               	movlw	low(02h)
   393  008D  00F6               	movwf	(?_timer)
   394  008E  3000               	movlw	high(02h)
   395  008F  00F7               	movwf	((?_timer))+1
   396  0090  120A  118A  209A   	fcall	_timer
              120A  118A         
   397  0095  287D               	goto	l2249
   398                           	line	42
   399                           	
   400  0096                     l1038:	
   401                           	line	36
   402  0096  287D               	goto	l2249
   403                           	
   404  0097                     l1039:	
   405                           	line	43
   406                           	
   407  0097                     l1040:	
   408                           	global	start
   409  0097  120A  118A  2812   	ljmp	start
   410                           	opt stack 0
   411                           GLOBAL	__end_of_main
   412  009A                     	__end_of_main:
   413 ;; =============== function _main ends ============
   414                           
   415                           	signat	_main,88
   416                           	global	_timer
   417                           psect	text87,local,class=CODE,delta=2
   418                           global __ptext87
   419  009A                     __ptext87:
   420                           
   421 ;; *************** function _timer *****************
   422 ;; Defined at:
   423 ;;		line 8 in file "D:\Embedded\pic\code\software\interrupt\Basic_led_interrupt\interrupt.c"
   424 ;; Parameters:    Size  Location     Type
   425 ;;  a               2    6[COMMON] int 
   426 ;; Auto vars:     Size  Location     Type
   427 ;;		None
   428 ;; Return value:  Size  Location     Type
   429 ;;		None               void
   430 ;; Registers used:
   431 ;;		wreg, status,2, btemp+1
   432 ;; Tracked objects:
   433 ;;		On entry : 0/0
   434 ;;		On exit  : 0/0
   435 ;;		Unchanged: 0/0
   436 ;; Data sizes:     COMMON   BANK0   BANK1   BANK3   BANK2
   437 ;;      Params:         2       0       0       0       0
   438 ;;      Locals:         0       0       0       0       0
   439 ;;      Temps:          0       0       0       0       0
   440 ;;      Totals:         2       0       0       0       0
   441 ;;Total ram usage:        2 bytes
   442 ;; Hardware stack levels used:    1
   443 ;; Hardware stack levels required when called:    2
   444 ;; This function calls:
   445 ;;		Nothing
   446 ;; This function is called by:
   447 ;;		_main
   448 ;; This function uses a non-reentrant model
   449 ;;
   450                           psect	text87
   451                           	file	"D:\Embedded\pic\code\software\interrupt\Basic_led_interrupt\interrupt.c"
   452                           	line	8
   453                           	global	__size_of_timer
   454  002F                     	__size_of_timer	equ	__end_of_timer-_timer
   455                           	
   456  009A                     _timer:	
   457                           	opt	stack 5
   458                           ; Regs used in _timer: [wreg+status,2+btemp+1]
   459                           	line	9
   460                           	
   461  009A                     l1415:	
   462                           ;interrupt.c: 9: while(0<a)
   463  009A  28BA               	goto	l1425
   464                           	
   465  009B                     l1030:	
   466                           	line	11
   467                           ;interrupt.c: 10: {
   468                           ;interrupt.c: 11: if(TMR1IF==1)
   469  009B  1283               	bcf	status, 5	;RP0=0, select bank0
   470  009C  1303               	bcf	status, 6	;RP1=0, select bank0
   471  009D  1C0C               	btfss	(96/8),(96)&7
   472  009E  28A0               	goto	u11
   473  009F  28A1               	goto	u10
   474  00A0                     u11:
   475  00A0  28A8               	goto	l1419
   476  00A1                     u10:
   477                           	line	13
   478                           	
   479  00A1                     l1417:	
   480                           ;interrupt.c: 12: {
   481                           ;interrupt.c: 13: count++;
   482  00A1  3001               	movlw	low(01h)
   483  00A2  07F8               	addwf	(_count),f
   484  00A3  1803               	skipnc
   485  00A4  0AF9               	incf	(_count+1),f
   486  00A5  3000               	movlw	high(01h)
   487  00A6  07F9               	addwf	(_count+1),f
   488  00A7  28A8               	goto	l1419
   489                           	line	14
   490                           	
   491  00A8                     l1031:	
   492                           	line	15
   493                           	
   494  00A8                     l1419:	
   495                           ;interrupt.c: 14: }
   496                           ;interrupt.c: 15: TMR1IF=0;
   497  00A8  100C               	bcf	(96/8),(96)&7
   498                           	line	16
   499                           ;interrupt.c: 16: if(count==2)
   500  00A9  3002               	movlw	02h
   501  00AA  0678               	xorwf	(_count),w
   502  00AB  0479               	iorwf	(_count+1),w
   503  00AC  1D03               	skipz
   504  00AD  28AF               	goto	u21
   505  00AE  28B0               	goto	u20
   506  00AF                     u21:
   507  00AF  28BA               	goto	l1425
   508  00B0                     u20:
   509                           	line	18
   510                           	
   511  00B0                     l1421:	
   512                           ;interrupt.c: 17: {
   513                           ;interrupt.c: 18: count=0;
   514  00B0  01F8               	clrf	(_count)
   515  00B1  01F9               	clrf	(_count+1)
   516                           	line	19
   517                           	
   518  00B2                     l1423:	
   519                           ;interrupt.c: 19: a--;
   520  00B2  30FF               	movlw	low(-1)
   521  00B3  07F6               	addwf	(timer@a),f
   522  00B4  1803               	skipnc
   523  00B5  0AF7               	incf	(timer@a+1),f
   524  00B6  30FF               	movlw	high(-1)
   525  00B7  07F7               	addwf	(timer@a+1),f
   526  00B8  28BA               	goto	l1425
   527                           	line	20
   528                           	
   529  00B9                     l1032:	
   530  00B9  28BA               	goto	l1425
   531                           	line	21
   532                           	
   533  00BA                     l1029:	
   534                           	line	9
   535                           	
   536  00BA                     l1425:	
   537  00BA  0877               	movf	(timer@a+1),w
   538  00BB  3A80               	xorlw	80h
   539  00BC  00FF               	movwf	btemp+1
   540  00BD  3080               	movlw	(high(01h))^80h
   541  00BE  027F               	subwf	btemp+1,w
   542  00BF  1D03               	skipz
   543  00C0  28C3               	goto	u35
   544  00C1  3001               	movlw	low(01h)
   545  00C2  0276               	subwf	(timer@a),w
   546  00C3                     u35:
   547                           
   548  00C3  1803               	skipnc
   549  00C4  28C6               	goto	u31
   550  00C5  28C7               	goto	u30
   551  00C6                     u31:
   552  00C6  289B               	goto	l1030
   553  00C7                     u30:
   554  00C7  28C8               	goto	l1034
   555                           	
   556  00C8                     l1033:	
   557                           	line	23
   558                           	
   559  00C8                     l1034:	
   560  00C8  0008               	return
   561                           	opt stack 0
   562                           GLOBAL	__end_of_timer
   563  00C9                     	__end_of_timer:
   564 ;; =============== function _timer ends ============
   565                           
   566                           	signat	_timer,4216
   567                           	global	_Ext
   568                           psect	text88,local,class=CODE,delta=2
   569                           global __ptext88
   570  0015                     __ptext88:
   571                           
   572 ;; *************** function _Ext *****************
   573 ;; Defined at:
   574 ;;		line 45 in file "D:\Embedded\pic\code\software\interrupt\Basic_led_interrupt\interrupt.c"
   575 ;; Parameters:    Size  Location     Type
   576 ;;		None
   577 ;; Auto vars:     Size  Location     Type
   578 ;;		None
   579 ;; Return value:  Size  Location     Type
   580 ;;		None               void
   581 ;; Registers used:
   582 ;;		wreg, status,2, status,0, btemp+1, pclath, cstack
   583 ;; Tracked objects:
   584 ;;		On entry : 0/0
   585 ;;		On exit  : 0/0
   586 ;;		Unchanged: 0/0
   587 ;; Data sizes:     COMMON   BANK0   BANK1   BANK3   BANK2
   588 ;;      Params:         0       0       0       0       0
   589 ;;      Locals:         0       0       0       0       0
   590 ;;      Temps:          4       0       0       0       0
   591 ;;      Totals:         4       0       0       0       0
   592 ;;Total ram usage:        4 bytes
   593 ;; Hardware stack levels used:    1
   594 ;; Hardware stack levels required when called:    1
   595 ;; This function calls:
   596 ;;		i1_timer
   597 ;; This function is called by:
   598 ;;		Interrupt level 1
   599 ;; This function uses a non-reentrant model
   600 ;;
   601                           psect	text88
   602                           	file	"D:\Embedded\pic\code\software\interrupt\Basic_led_interrupt\interrupt.c"
   603                           	line	45
   604                           	global	__size_of_Ext
   605  004F                     	__size_of_Ext	equ	__end_of_Ext-_Ext
   606                           	
   607  0015                     _Ext:	
   608                           	opt	stack 5
   609                           ; Regs used in _Ext: [wreg+status,2+status,0+btemp+1+pclath+cstack]
   610                           psect	intentry,class=CODE,delta=2
   611                           global __pintentry
   612  0004                     __pintentry:
   613                           global interrupt_function
   614  0004                     interrupt_function:
   615                           	global saved_w
   616  007E                     	saved_w	set	btemp+0
   617  0004  00FE               	movwf	saved_w
   618  0005  0E03               	swapf	status,w
   619  0006  00F2               	movwf	(??_Ext+0)
   620  0007  0804               	movf	fsr0,w
   621  0008  00F3               	movwf	(??_Ext+1)
   622  0009  080A               	movf	pclath,w
   623  000A  00F4               	movwf	(??_Ext+2)
   624  000B  1283               	bcf	status, 5	;RP0=0, select bank0
   625  000C  1303               	bcf	status, 6	;RP1=0, select bank0
   626  000D  087F               	movf	btemp+1,w
   627  000E  00F5               	movwf	(??_Ext+3)
   628  000F  120A  118A  2815   	ljmp	_Ext
   629                           psect	text88
   630                           	line	46
   631                           	
   632  0015                     i1l1427:	
   633                           ;interrupt.c: 46: if(INTF==1)
   634  0015  1C8B               	btfss	(89/8),(89)&7
   635  0016  2818               	goto	u4_21
   636  0017  2819               	goto	u4_20
   637  0018                     u4_21:
   638  0018  2857               	goto	i1l1046
   639  0019                     u4_20:
   640                           	line	48
   641                           	
   642  0019                     i1l1429:	
   643                           ;interrupt.c: 47: {
   644                           ;interrupt.c: 48: for(i=0;i<5;i++)
   645  0019  01FA               	clrf	(_i)
   646  001A  01FB               	clrf	(_i+1)
   647                           	
   648  001B                     i1l1431:	
   649  001B  087B               	movf	(_i+1),w
   650  001C  3A80               	xorlw	80h
   651  001D  00FF               	movwf	btemp+1
   652  001E  3080               	movlw	(high(05h))^80h
   653  001F  027F               	subwf	btemp+1,w
   654  0020  1D03               	skipz
   655  0021  2824               	goto	u5_25
   656  0022  3005               	movlw	low(05h)
   657  0023  027A               	subwf	(_i),w
   658  0024                     u5_25:
   659                           
   660  0024  1C03               	skipc
   661  0025  2827               	goto	u5_21
   662  0026  2828               	goto	u5_20
   663  0027                     u5_21:
   664  0027  282A               	goto	i1l1044
   665  0028                     u5_20:
   666  0028  2855               	goto	i1l1045
   667                           	
   668  0029                     i1l1433:	
   669  0029  2855               	goto	i1l1045
   670                           	line	49
   671                           	
   672  002A                     i1l1044:	
   673                           	line	50
   674                           ;interrupt.c: 49: {
   675                           ;interrupt.c: 50: RA1=1;
   676  002A  1283               	bcf	status, 5	;RP0=0, select bank0
   677  002B  1303               	bcf	status, 6	;RP1=0, select bank0
   678  002C  1485               	bsf	(41/8),(41)&7
   679                           	line	51
   680                           	
   681  002D                     i1l1435:	
   682                           ;interrupt.c: 51: timer(2);
   683  002D  3002               	movlw	low(02h)
   684  002E  00F0               	movwf	(?i1_timer)
   685  002F  3000               	movlw	high(02h)
   686  0030  00F1               	movwf	((?i1_timer))+1
   687  0031  120A  118A  20C9   	fcall	i1_timer
              120A  118A         
   688                           	line	52
   689                           	
   690  0036                     i1l1437:	
   691                           ;interrupt.c: 52: RA1=0;
   692  0036  1283               	bcf	status, 5	;RP0=0, select bank0
   693  0037  1303               	bcf	status, 6	;RP1=0, select bank0
   694  0038  1085               	bcf	(41/8),(41)&7
   695                           	line	53
   696                           ;interrupt.c: 53: timer(2);
   697  0039  3002               	movlw	low(02h)
   698  003A  00F0               	movwf	(?i1_timer)
   699  003B  3000               	movlw	high(02h)
   700  003C  00F1               	movwf	((?i1_timer))+1
   701  003D  120A  118A  20C9   	fcall	i1_timer
              120A  118A         
   702                           	line	48
   703                           	
   704  0042                     i1l1439:	
   705  0042  3001               	movlw	low(01h)
   706  0043  07FA               	addwf	(_i),f
   707  0044  1803               	skipnc
   708  0045  0AFB               	incf	(_i+1),f
   709  0046  3000               	movlw	high(01h)
   710  0047  07FB               	addwf	(_i+1),f
   711                           	
   712  0048                     i1l1441:	
   713  0048  087B               	movf	(_i+1),w
   714  0049  3A80               	xorlw	80h
   715  004A  00FF               	movwf	btemp+1
   716  004B  3080               	movlw	(high(05h))^80h
   717  004C  027F               	subwf	btemp+1,w
   718  004D  1D03               	skipz
   719  004E  2851               	goto	u6_25
   720  004F  3005               	movlw	low(05h)
   721  0050  027A               	subwf	(_i),w
   722  0051                     u6_25:
   723                           
   724  0051  1C03               	skipc
   725  0052  2854               	goto	u6_21
   726  0053  2855               	goto	u6_20
   727  0054                     u6_21:
   728  0054  282A               	goto	i1l1044
   729  0055                     u6_20:
   730                           	
   731  0055                     i1l1045:	
   732                           	line	55
   733                           ;interrupt.c: 54: }
   734                           ;interrupt.c: 55: INTF=0;
   735  0055  108B               	bcf	(89/8),(89)&7
   736  0056  2857               	goto	i1l1046
   737                           	line	56
   738                           	
   739  0057                     i1l1043:	
   740                           	line	57
   741                           	
   742  0057                     i1l1046:	
   743  0057  0875               	movf	(??_Ext+3),w
   744  0058  1283               	bcf	status, 5	;RP0=0, select bank0
   745  0059  1303               	bcf	status, 6	;RP1=0, select bank0
   746  005A  00FF               	movwf	btemp+1
   747  005B  0874               	movf	(??_Ext+2),w
   748  005C  008A               	movwf	pclath
   749  005D  0873               	movf	(??_Ext+1),w
   750  005E  0084               	movwf	fsr0
   751  005F  0E72               	swapf	(??_Ext+0)^0FFFFFF80h,w
   752  0060  0083               	movwf	status
   753  0061  0EFE               	swapf	saved_w,f
   754  0062  0E7E               	swapf	saved_w,w
   755  0063  0009               	retfie
   756                           	opt stack 0
   757                           GLOBAL	__end_of_Ext
   758  0064                     	__end_of_Ext:
   759 ;; =============== function _Ext ends ============
   760                           
   761                           	signat	_Ext,88
   762                           	global	i1_timer
   763                           psect	text89,local,class=CODE,delta=2
   764                           global __ptext89
   765  00C9                     __ptext89:
   766                           
   767 ;; *************** function i1_timer *****************
   768 ;; Defined at:
   769 ;;		line 8 in file "D:\Embedded\pic\code\software\interrupt\Basic_led_interrupt\interrupt.c"
   770 ;; Parameters:    Size  Location     Type
   771 ;;  timer           2    0[COMMON] int 
   772 ;; Auto vars:     Size  Location     Type
   773 ;;		None
   774 ;; Return value:  Size  Location     Type
   775 ;;		None               void
   776 ;; Registers used:
   777 ;;		wreg, status,2, btemp+1
   778 ;; Tracked objects:
   779 ;;		On entry : 0/0
   780 ;;		On exit  : 0/0
   781 ;;		Unchanged: 0/0
   782 ;; Data sizes:     COMMON   BANK0   BANK1   BANK3   BANK2
   783 ;;      Params:         2       0       0       0       0
   784 ;;      Locals:         0       0       0       0       0
   785 ;;      Temps:          0       0       0       0       0
   786 ;;      Totals:         2       0       0       0       0
   787 ;;Total ram usage:        2 bytes
   788 ;; Hardware stack levels used:    1
   789 ;; This function calls:
   790 ;;		Nothing
   791 ;; This function is called by:
   792 ;;		_Ext
   793 ;; This function uses a non-reentrant model
   794 ;;
   795                           psect	text89
   796                           	file	"D:\Embedded\pic\code\software\interrupt\Basic_led_interrupt\interrupt.c"
   797                           	line	8
   798                           	global	__size_ofi1_timer
   799  002F                     	__size_ofi1_timer	equ	__end_ofi1_timer-i1_timer
   800                           	
   801  00C9                     i1_timer:	
   802                           	opt	stack 5
   803                           ; Regs used in i1_timer: [wreg+status,2+btemp+1]
   804                           	line	9
   805                           	
   806  00C9                     i1l2221:	
   807                           ;interrupt.c: 9: while(0<a)
   808  00C9  28E9               	goto	i1l2231
   809                           	
   810  00CA                     i1l1030:	
   811                           	line	11
   812                           ;interrupt.c: 10: {
   813                           ;interrupt.c: 11: if(TMR1IF==1)
   814  00CA  1283               	bcf	status, 5	;RP0=0, select bank0
   815  00CB  1303               	bcf	status, 6	;RP1=0, select bank0
   816  00CC  1C0C               	btfss	(96/8),(96)&7
   817  00CD  28CF               	goto	u223_21
   818  00CE  28D0               	goto	u223_20
   819  00CF                     u223_21:
   820  00CF  28D7               	goto	i1l2225
   821  00D0                     u223_20:
   822                           	line	13
   823                           	
   824  00D0                     i1l2223:	
   825                           ;interrupt.c: 12: {
   826                           ;interrupt.c: 13: count++;
   827  00D0  3001               	movlw	low(01h)
   828  00D1  07F8               	addwf	(_count),f
   829  00D2  1803               	skipnc
   830  00D3  0AF9               	incf	(_count+1),f
   831  00D4  3000               	movlw	high(01h)
   832  00D5  07F9               	addwf	(_count+1),f
   833  00D6  28D7               	goto	i1l2225
   834                           	line	14
   835                           	
   836  00D7                     i1l1031:	
   837                           	line	15
   838                           	
   839  00D7                     i1l2225:	
   840                           ;interrupt.c: 14: }
   841                           ;interrupt.c: 15: TMR1IF=0;
   842  00D7  100C               	bcf	(96/8),(96)&7
   843                           	line	16
   844                           ;interrupt.c: 16: if(count==2)
   845  00D8  3002               	movlw	02h
   846  00D9  0678               	xorwf	(_count),w
   847  00DA  0479               	iorwf	(_count+1),w
   848  00DB  1D03               	skipz
   849  00DC  28DE               	goto	u224_21
   850  00DD  28DF               	goto	u224_20
   851  00DE                     u224_21:
   852  00DE  28E9               	goto	i1l2231
   853  00DF                     u224_20:
   854                           	line	18
   855                           	
   856  00DF                     i1l2227:	
   857                           ;interrupt.c: 17: {
   858                           ;interrupt.c: 18: count=0;
   859  00DF  01F8               	clrf	(_count)
   860  00E0  01F9               	clrf	(_count+1)
   861                           	line	19
   862                           	
   863  00E1                     i1l2229:	
   864                           ;interrupt.c: 19: a--;
   865  00E1  30FF               	movlw	low(-1)
   866  00E2  07F0               	addwf	(i1timer@a),f
   867  00E3  1803               	skipnc
   868  00E4  0AF1               	incf	(i1timer@a+1),f
   869  00E5  30FF               	movlw	high(-1)
   870  00E6  07F1               	addwf	(i1timer@a+1),f
   871  00E7  28E9               	goto	i1l2231
   872                           	line	20
   873                           	
   874  00E8                     i1l1032:	
   875  00E8  28E9               	goto	i1l2231
   876                           	line	21
   877                           	
   878  00E9                     i1l1029:	
   879                           	line	9
   880                           	
   881  00E9                     i1l2231:	
   882  00E9  0871               	movf	(i1timer@a+1),w
   883  00EA  3A80               	xorlw	80h
   884  00EB  00FF               	movwf	btemp+1
   885  00EC  3080               	movlw	(high(01h))^80h
   886  00ED  027F               	subwf	btemp+1,w
   887  00EE  1D03               	skipz
   888  00EF  28F2               	goto	u225_25
   889  00F0  3001               	movlw	low(01h)
   890  00F1  0270               	subwf	(i1timer@a),w
   891  00F2                     u225_25:
   892                           
   893  00F2  1803               	skipnc
   894  00F3  28F5               	goto	u225_21
   895  00F4  28F6               	goto	u225_20
   896  00F5                     u225_21:
   897  00F5  28CA               	goto	i1l1030
   898  00F6                     u225_20:
   899  00F6  28F7               	goto	i1l1034
   900                           	
   901  00F7                     i1l1033:	
   902                           	line	23
   903                           	
   904  00F7                     i1l1034:	
   905  00F7  0008               	return
   906                           	opt stack 0
   907                           GLOBAL	__end_ofi1_timer
   908  00F8                     	__end_ofi1_timer:
   909 ;; =============== function i1_timer ends ============
   910                           
   911                           	signat	i1_timer,88
   912                           psect	text90,local,class=CODE,delta=2
   913                           global __ptext90
   914  0000                     __ptext90:
   915                           	global	btemp
   916  007E                     	btemp set 07Eh
   917                           
   918                           	DABS	1,126,2	;btemp
   919                           	global	wtemp0
   920  007E                     	wtemp0 set btemp


HI-TECH Software PICC Macro Assembler V9.81 build 7503 
Symbol Table                                                                                   Fri Apr 15 23:58:11 2022

                   _i 007A                    u10 00A1                    u11 00A0                    u20 00B0  
                  u21 00AF                    u30 00C7                    u31 00C6                    u35 00C3  
                 _GIE 005F                   _RA0 0028                   _RA1 0029                   _Ext 0015  
                 fsr0 0004                  ?_Ext 0070                  l1030 009B                  l1031 00A8  
                l1032 00B9                  l1040 0097                  l1033 00C8                  l1034 00C8  
                l1029 00BA                  l1037 007D                  l1038 0096                  l1039 0097  
                l1421 00B0                  l1423 00B2                  l1415 009A                  l1417 00A1  
                l1425 00BA                  l2241 0075                  l2233 0064                  l1419 00A8  
                l2251 0080                  l2243 0079                  l2235 006D                  l2253 0089  
                l2245 007A                  l2237 0071                  l2255 008C                  l2247 007B  
                l2239 0074                  l2249 007D                  _PEIE 005E                  _INTE 005C  
                _INTF 0059                  u4_20 0019                  u4_21 0018                  u5_20 0028  
                u5_21 0027                  u5_25 0024                  u6_20 0055                  u6_21 0054  
                u6_25 0051                  _main 0064                  btemp 007E                  start 0012  
     __end_ofi1_timer 00F8                 ??_Ext 0072                 ?_main 0070                 _ANSEL 0188  
               _T1CON 0010                 _PORTA 0005                 _PORTB 0006                 _TRISA 0085  
               _TRISB 0086                 _count 0078                 _timer 009A                 pclath 000A  
               status 0003                 wtemp0 007E          __end_of_main 009A                ??_main 0078  
              ?_timer 0076                _ANSELH 0189                i1l1030 00CA                i1l1031 00D7  
              i1l1032 00E8                i1l1033 00F7                i1l1034 00F7                i1l1043 0057  
              i1l1044 002A                i1l1029 00E9                i1l1045 0055                i1l1046 0057  
              i1l2221 00C9                i1l2223 00D0                i1l2231 00E9                i1l1431 001B  
              i1l2225 00D7                i1l1441 0048                i1l1433 0029                i1l2227 00DF  
              i1l1435 002D                i1l1427 0015                i1l2229 00E1                i1l1437 0036  
              i1l1429 0019                i1l1439 0042                u223_20 00D0                u223_21 00CF  
              u224_20 00DF                u224_21 00DE                u225_20 00F6                u225_21 00F5  
              u225_25 00F2             ??i1_timer 0072                _TMR1IF 0060                saved_w 007E  
              timer@a 0076        __pcstackCOMMON 0070         __end_of_timer 00C9               ??_timer 0078  
          __pmaintext 0064            __pintentry 0004               i1_timer 00C9          __size_of_Ext 004F  
end_of_initialization 00FC   start_initialization 00F8           __end_of_Ext 0064           __pbssCOMMON 0078  
            ?i1_timer 0070        __size_of_timer 002F     interrupt_function 0004              i1timer@a 0070  
    __size_ofi1_timer 002F              __ptext90 0000              __ptext86 0000              __ptext87 009A  
            __ptext88 0015              __ptext89 00C9         __size_of_main 0036              intlevel1 0000  
