

HI-TECH Software PIC LITE Macro Assembler V9.81 build 7503 
                                                                                               Fri Apr 15 22:36:02 2022

HI-TECH Software Omniscient Code Generator (Lite mode) build 7503
     1  0000                     opt subtitle "HI-TECH Software Omniscient Code Generator (Lite mode) build 7503"
     2                           
     3                           opt pagewidth 120
     4                           
     5                           	opt lm
     6                           
     7                           	processor	16F887
     8                           clrc	macro
     9                           	bcf	3,0
    10  0000                     	endm
    11                           clrz	macro
    12                           	bcf	3,2
    13  0000                     	endm
    14                           setc	macro
    15                           	bsf	3,0
    16  0000                     	endm
    17                           setz	macro
    18                           	bsf	3,2
    19  0000                     	endm
    20                           skipc	macro
    21                           	btfss	3,0
    22  0000                     	endm
    23                           skipz	macro
    24                           	btfss	3,2
    25  0000                     	endm
    26                           skipnc	macro
    27                           	btfsc	3,0
    28  0000                     	endm
    29                           skipnz	macro
    30                           	btfsc	3,2
    31  0000                     	endm
    32  0000                     indf	equ	0
    33  0000                     indf0	equ	0
    34  0002                     pc	equ	2
    35  0002                     pcl	equ	2
    36  0003                     status	equ	3
    37  0004                     fsr	equ	4
    38  0004                     fsr0	equ	4
    39  0001                     c	equ	1
    40  0000                     z	equ	0
    41  000A                     pclath	equ	10
    42                           	FNCALL	_main,_timer
    43                           	FNROOT	_main
    44                           	global	_count
    45                           	global	_PORTC
    46                           psect	text60,local,class=CODE,delta=2
    47                           global __ptext60
    48  0000                     __ptext60:
    49  0007                     _PORTC	set	7
    50                           	global	_PORTD
    51  0008                     _PORTD	set	8
    52                           	global	_RC0
    53  0038                     _RC0	set	56
    54                           	global	_RC1
    55  0039                     _RC1	set	57
    56                           	global	_RC2
    57  003A                     _RC2	set	58
    58                           	global	_RD0
    59  0040                     _RD0	set	64
    60                           	global	_RD1
    61  0041                     _RD1	set	65
    62                           	global	_RD2
    63  0042                     _RD2	set	66
    64                           	global	_T0IF
    65  005A                     _T0IF	set	90
    66                           	global	_OPTION_REG
    67  0081                     _OPTION_REG	set	129
    68                           	global	_TRISC
    69  0087                     _TRISC	set	135
    70                           	global	_TRISD
    71  0088                     _TRISD	set	136
    72                           	file	"trafficlight.as"
    73                           	line	#
    74                           psect cinit,class=CODE,delta=2
    75                           global start_initialization
    76  0717                     start_initialization:
    77                           
    78                           psect	bssCOMMON,class=COMMON,space=1
    79                           global __pbssCOMMON
    80  0070                     __pbssCOMMON:
    81  0070                     _count:
    82  0070                            ds      2
    83                           
    84                           ; Clear objects allocated to COMMON
    85                           psect cinit,class=CODE,delta=2
    86  0717  01F0               	clrf	((__pbssCOMMON)+0)&07Fh
    87  0718  01F1               	clrf	((__pbssCOMMON)+1)&07Fh
    88                           psect cinit,class=CODE,delta=2
    89                           global end_of_initialization
    90                           
    91                           ;End of C runtime variable initialization code
    92                           
    93  0719                     end_of_initialization:
    94  0719  0183               clrf status
    95  071A  120A  118A  2F1D   ljmp _main	;jump to C main() function
    96                           psect	cstackCOMMON,class=COMMON,space=1
    97                           global __pcstackCOMMON
    98  0000                     __pcstackCOMMON:
    99                           	global	?_timer
   100  0000                     ?_timer:	; 0 bytes @ 0x0
   101                           	global	??_timer
   102  0000                     ??_timer:	; 0 bytes @ 0x0
   103                           	global	?_main
   104  0000                     ?_main:	; 0 bytes @ 0x0
   105                           	global	??_main
   106  0000                     ??_main:	; 0 bytes @ 0x0
   107 ;;Data sizes: Strings 0, constant 0, data 0, bss 2, persistent 0 stack 0
   108 ;;Auto spaces:   Size  Autos    Used
   109 ;; COMMON          14      0       2
   110 ;; BANK0           80      0       0
   111 ;; BANK1           80      0       0
   112 ;; BANK3           96      0       0
   113 ;; BANK2           96      0       0
   114                           
   115 ;;
   116 ;; Pointer list with targets:
   117                           
   118                           
   119                           
   120 ;;
   121 ;; Critical Paths under _main in COMMON
   122 ;;
   123 ;;   None.
   124 ;;
   125 ;; Critical Paths under _main in BANK0
   126 ;;
   127 ;;   None.
   128 ;;
   129 ;; Critical Paths under _main in BANK1
   130 ;;
   131 ;;   None.
   132 ;;
   133 ;; Critical Paths under _main in BANK3
   134 ;;
   135 ;;   None.
   136 ;;
   137 ;; Critical Paths under _main in BANK2
   138 ;;
   139 ;;   None.
   140                           
   141 ;;
   142 ;;Main: autosize = 0, tempsize = 0, incstack = 0, save=0
   143 ;;
   144                           
   145 ;;
   146 ;;Call Graph Tables:
   147 ;;
   148 ;; ---------------------------------------------------------------------------------
   149 ;; (Depth) Function   	        Calls       Base Space   Used Autos Params    Refs
   150 ;; ---------------------------------------------------------------------------------
   151 ;; (0) _main                                                 0     0      0       0
   152 ;;                              _timer
   153 ;; ---------------------------------------------------------------------------------
   154 ;; (1) _timer                                                0     0      0       0
   155 ;; ---------------------------------------------------------------------------------
   156 ;; Estimated maximum stack depth 1
   157 ;; ---------------------------------------------------------------------------------
   158                           
   159 ;; Call Graph Graphs:
   160                           
   161 ;; _main (ROOT)
   162 ;;   _timer
   163 ;;
   164                           
   165 ;; Address spaces:
   166                           
   167 ;;Name               Size   Autos  Total    Cost      Usage
   168 ;;BITCOMMON            E      0       0       0        0.0%
   169 ;;EEDATA             100      0       0       0        0.0%
   170 ;;NULL                 0      0       0       0        0.0%
   171 ;;CODE                 0      0       0       0        0.0%
   172 ;;COMMON               E      0       2       1       14.3%
   173 ;;BITSFR0              0      0       0       1        0.0%
   174 ;;SFR0                 0      0       0       1        0.0%
   175 ;;BITSFR1              0      0       0       2        0.0%
   176 ;;SFR1                 0      0       0       2        0.0%
   177 ;;STACK                0      0       1       2        0.0%
   178 ;;ABS                  0      0       2       3        0.0%
   179 ;;BITBANK0            50      0       0       4        0.0%
   180 ;;BITSFR3              0      0       0       4        0.0%
   181 ;;SFR3                 0      0       0       4        0.0%
   182 ;;BANK0               50      0       0       5        0.0%
   183 ;;BITSFR2              0      0       0       5        0.0%
   184 ;;SFR2                 0      0       0       5        0.0%
   185 ;;BITBANK1            50      0       0       6        0.0%
   186 ;;BANK1               50      0       0       7        0.0%
   187 ;;BITBANK3            60      0       0       8        0.0%
   188 ;;BANK3               60      0       0       9        0.0%
   189 ;;BITBANK2            60      0       0      10        0.0%
   190 ;;BANK2               60      0       0      11        0.0%
   191 ;;DATA                 0      0       3      12        0.0%
   192                           
   193                           	global	_main
   194                           psect	maintext,global,class=CODE,delta=2
   195                           global __pmaintext
   196  071D                     __pmaintext:
   197                           
   198 ;; *************** function _main *****************
   199 ;; Defined at:
   200 ;;		line 56 in file "D:\Embedded\pic\code\software\timer\trafficlight\trafficlight.c"
   201 ;; Parameters:    Size  Location     Type
   202 ;;		None
   203 ;; Auto vars:     Size  Location     Type
   204 ;;		None
   205 ;; Return value:  Size  Location     Type
   206 ;;		None               void
   207 ;; Registers used:
   208 ;;		wreg, status,2, status,0, btemp+1, pclath, cstack
   209 ;; Tracked objects:
   210 ;;		On entry : 17F/0
   211 ;;		On exit  : 0/0
   212 ;;		Unchanged: 0/0
   213 ;; Data sizes:     COMMON   BANK0   BANK1   BANK3   BANK2
   214 ;;      Params:         0       0       0       0       0
   215 ;;      Locals:         0       0       0       0       0
   216 ;;      Temps:          0       0       0       0       0
   217 ;;      Totals:         0       0       0       0       0
   218 ;;Total ram usage:        0 bytes
   219 ;; Hardware stack levels required when called:    1
   220 ;; This function calls:
   221 ;;		_timer
   222 ;; This function is called by:
   223 ;;		Startup code after reset
   224 ;; This function uses a non-reentrant model
   225 ;;
   226                           psect	maintext
   227                           	file	"D:\Embedded\pic\code\software\timer\trafficlight\trafficlight.c"
   228                           	line	56
   229                           	global	__size_of_main
   230  0019                     	__size_of_main	equ	__end_of_main-_main
   231                           	
   232  071D                     _main:	
   233                           	opt	stack 7
   234                           ; Regs used in _main: [wreg+status,2+status,0+btemp+1+pclath+cstack]
   235                           	line	57
   236                           	
   237  071D                     l2220:	
   238                           ;trafficlight.c: 57: PORTC=0X00;
   239  071D  1283               	bcf	status, 5	;RP0=0, select bank0
   240  071E  1303               	bcf	status, 6	;RP1=0, select bank0
   241  071F  0187               	clrf	(7)	;volatile
   242                           	line	58
   243                           ;trafficlight.c: 58: TRISC=0X00;
   244  0720  1683               	bsf	status, 5	;RP0=1, select bank1
   245  0721  1303               	bcf	status, 6	;RP1=0, select bank1
   246  0722  0187               	clrf	(135)^080h	;volatile
   247                           	line	59
   248                           ;trafficlight.c: 59: PORTD=0X00;
   249  0723  1283               	bcf	status, 5	;RP0=0, select bank0
   250  0724  1303               	bcf	status, 6	;RP1=0, select bank0
   251  0725  0188               	clrf	(8)	;volatile
   252                           	line	60
   253                           ;trafficlight.c: 60: TRISD=0X00;
   254  0726  1683               	bsf	status, 5	;RP0=1, select bank1
   255  0727  1303               	bcf	status, 6	;RP1=0, select bank1
   256  0728  0188               	clrf	(136)^080h	;volatile
   257                           	line	61
   258                           	
   259  0729                     l2222:	
   260                           ;trafficlight.c: 61: OPTION_REG=0X07;
   261  0729  3007               	movlw	(07h)
   262  072A  0081               	movwf	(129)^080h	;volatile
   263  072B  2F2C               	goto	l2224
   264                           	line	62
   265                           ;trafficlight.c: 62: while(1)
   266                           	
   267  072C                     l1038:	
   268                           	line	64
   269                           	
   270  072C                     l2224:	
   271                           ;trafficlight.c: 63: {
   272                           ;trafficlight.c: 64: timer();
   273  072C  120A  118A  2736   	fcall	_timer
              120A  118A         
   274  0731  2F2C               	goto	l2224
   275                           	line	65
   276                           	
   277  0732                     l1039:	
   278                           	line	62
   279  0732  2F2C               	goto	l2224
   280                           	
   281  0733                     l1040:	
   282                           	line	66
   283                           	
   284  0733                     l1041:	
   285                           	global	start
   286  0733  120A  118A  2800   	ljmp	start
   287                           	opt stack 0
   288                           GLOBAL	__end_of_main
   289  0736                     	__end_of_main:
   290 ;; =============== function _main ends ============
   291                           
   292                           	signat	_main,88
   293                           	global	_timer
   294                           psect	text61,local,class=CODE,delta=2
   295                           global __ptext61
   296  0736                     __ptext61:
   297                           
   298 ;; *************** function _timer *****************
   299 ;; Defined at:
   300 ;;		line 7 in file "D:\Embedded\pic\code\software\timer\trafficlight\trafficlight.c"
   301 ;; Parameters:    Size  Location     Type
   302 ;;		None
   303 ;; Auto vars:     Size  Location     Type
   304 ;;		None
   305 ;; Return value:  Size  Location     Type
   306 ;;		None               void
   307 ;; Registers used:
   308 ;;		wreg, status,2, btemp+1
   309 ;; Tracked objects:
   310 ;;		On entry : 0/0
   311 ;;		On exit  : 0/0
   312 ;;		Unchanged: 0/0
   313 ;; Data sizes:     COMMON   BANK0   BANK1   BANK3   BANK2
   314 ;;      Params:         0       0       0       0       0
   315 ;;      Locals:         0       0       0       0       0
   316 ;;      Temps:          0       0       0       0       0
   317 ;;      Totals:         0       0       0       0       0
   318 ;;Total ram usage:        0 bytes
   319 ;; Hardware stack levels used:    1
   320 ;; This function calls:
   321 ;;		Nothing
   322 ;; This function is called by:
   323 ;;		_main
   324 ;; This function uses a non-reentrant model
   325 ;;
   326                           psect	text61
   327                           	file	"D:\Embedded\pic\code\software\timer\trafficlight\trafficlight.c"
   328                           	line	7
   329                           	global	__size_of_timer
   330  00CA                     	__size_of_timer	equ	__end_of_timer-_timer
   331                           	
   332  0736                     _timer:	
   333                           	opt	stack 7
   334                           ; Regs used in _timer: [wreg+status,2+btemp+1]
   335                           	line	8
   336                           	
   337  0736                     l1410:	
   338                           ;trafficlight.c: 8: if(T0IF==1)
   339  0736  1D0B               	btfss	(90/8),(90)&7
   340  0737  2F39               	goto	u11
   341  0738  2F3A               	goto	u10
   342  0739                     u11:
   343  0739  2F42               	goto	l1416
   344  073A                     u10:
   345                           	line	10
   346                           	
   347  073A                     l1412:	
   348                           ;trafficlight.c: 9: {
   349                           ;trafficlight.c: 10: count++;
   350  073A  3001               	movlw	low(01h)
   351  073B  07F0               	addwf	(_count),f
   352  073C  1803               	skipnc
   353  073D  0AF1               	incf	(_count+1),f
   354  073E  3000               	movlw	high(01h)
   355  073F  07F1               	addwf	(_count+1),f
   356                           	line	11
   357                           	
   358  0740                     l1414:	
   359                           ;trafficlight.c: 11: T0IF=0;
   360  0740  110B               	bcf	(90/8),(90)&7
   361  0741  2F42               	goto	l1416
   362                           	line	12
   363                           	
   364  0742                     l1027:	
   365                           	line	13
   366                           	
   367  0742                     l1416:	
   368                           ;trafficlight.c: 12: }
   369                           ;trafficlight.c: 13: if(count>=0&&count<225)
   370  0742  1BF1               	btfsc	(_count+1),7
   371  0743  2F45               	goto	u21
   372  0744  2F46               	goto	u20
   373  0745                     u21:
   374  0745  2F59               	goto	l1422
   375  0746                     u20:
   376                           	
   377  0746                     l1418:	
   378  0746  0871               	movf	(_count+1),w
   379  0747  3A80               	xorlw	80h
   380  0748  00FF               	movwf	btemp+1
   381  0749  3080               	movlw	(high(0E1h))^80h
   382  074A  027F               	subwf	btemp+1,w
   383  074B  1D03               	skipz
   384  074C  2F4F               	goto	u35
   385  074D  30E1               	movlw	low(0E1h)
   386  074E  0270               	subwf	(_count),w
   387  074F                     u35:
   388                           
   389  074F  1803               	skipnc
   390  0750  2F52               	goto	u31
   391  0751  2F53               	goto	u30
   392  0752                     u31:
   393  0752  2F59               	goto	l1422
   394  0753                     u30:
   395                           	line	15
   396                           	
   397  0753                     l1420:	
   398                           ;trafficlight.c: 14: {
   399                           ;trafficlight.c: 15: RC0=1;
   400  0753  1283               	bcf	status, 5	;RP0=0, select bank0
   401  0754  1303               	bcf	status, 6	;RP1=0, select bank0
   402  0755  1407               	bsf	(56/8),(56)&7
   403                           	line	16
   404                           ;trafficlight.c: 16: RC1=0;
   405  0756  1087               	bcf	(57/8),(57)&7
   406                           	line	17
   407                           ;trafficlight.c: 17: RC2=0;
   408  0757  1107               	bcf	(58/8),(58)&7
   409  0758  2F59               	goto	l1422
   410                           	line	18
   411                           	
   412  0759                     l1028:	
   413                           	line	19
   414                           	
   415  0759                     l1422:	
   416                           ;trafficlight.c: 18: }
   417                           ;trafficlight.c: 19: if(count>=150&&count<225)
   418  0759  0871               	movf	(_count+1),w
   419  075A  3A80               	xorlw	80h
   420  075B  00FF               	movwf	btemp+1
   421  075C  3080               	movlw	(high(096h))^80h
   422  075D  027F               	subwf	btemp+1,w
   423  075E  1D03               	skipz
   424  075F  2F62               	goto	u45
   425  0760  3096               	movlw	low(096h)
   426  0761  0270               	subwf	(_count),w
   427  0762                     u45:
   428                           
   429  0762  1C03               	skipc
   430  0763  2F65               	goto	u41
   431  0764  2F66               	goto	u40
   432  0765                     u41:
   433  0765  2F78               	goto	l1029
   434  0766                     u40:
   435                           	
   436  0766                     l1424:	
   437  0766  0871               	movf	(_count+1),w
   438  0767  3A80               	xorlw	80h
   439  0768  00FF               	movwf	btemp+1
   440  0769  3080               	movlw	(high(0E1h))^80h
   441  076A  027F               	subwf	btemp+1,w
   442  076B  1D03               	skipz
   443  076C  2F6F               	goto	u55
   444  076D  30E1               	movlw	low(0E1h)
   445  076E  0270               	subwf	(_count),w
   446  076F                     u55:
   447                           
   448  076F  1803               	skipnc
   449  0770  2F72               	goto	u51
   450  0771  2F73               	goto	u50
   451  0772                     u51:
   452  0772  2F78               	goto	l1029
   453  0773                     u50:
   454                           	line	21
   455                           	
   456  0773                     l1426:	
   457                           ;trafficlight.c: 20: {
   458                           ;trafficlight.c: 21: RD0=0;
   459  0773  1283               	bcf	status, 5	;RP0=0, select bank0
   460  0774  1303               	bcf	status, 6	;RP1=0, select bank0
   461  0775  1008               	bcf	(64/8),(64)&7
   462                           	line	22
   463                           ;trafficlight.c: 22: RD1=1;
   464  0776  1488               	bsf	(65/8),(65)&7
   465                           	line	23
   466                           ;trafficlight.c: 23: RD2=0;
   467  0777  1108               	bcf	(66/8),(66)&7
   468                           	line	24
   469                           	
   470  0778                     l1029:	
   471                           	line	25
   472                           ;trafficlight.c: 24: }
   473                           ;trafficlight.c: 25: if(count>=0&&count<150)
   474  0778  1BF1               	btfsc	(_count+1),7
   475  0779  2F7B               	goto	u61
   476  077A  2F7C               	goto	u60
   477  077B                     u61:
   478  077B  2F8F               	goto	l1432
   479  077C                     u60:
   480                           	
   481  077C                     l1428:	
   482  077C  0871               	movf	(_count+1),w
   483  077D  3A80               	xorlw	80h
   484  077E  00FF               	movwf	btemp+1
   485  077F  3080               	movlw	(high(096h))^80h
   486  0780  027F               	subwf	btemp+1,w
   487  0781  1D03               	skipz
   488  0782  2F85               	goto	u75
   489  0783  3096               	movlw	low(096h)
   490  0784  0270               	subwf	(_count),w
   491  0785                     u75:
   492                           
   493  0785  1803               	skipnc
   494  0786  2F88               	goto	u71
   495  0787  2F89               	goto	u70
   496  0788                     u71:
   497  0788  2F8F               	goto	l1432
   498  0789                     u70:
   499                           	line	27
   500                           	
   501  0789                     l1430:	
   502                           ;trafficlight.c: 26: {
   503                           ;trafficlight.c: 27: RD0=0;
   504  0789  1283               	bcf	status, 5	;RP0=0, select bank0
   505  078A  1303               	bcf	status, 6	;RP1=0, select bank0
   506  078B  1008               	bcf	(64/8),(64)&7
   507                           	line	28
   508                           ;trafficlight.c: 28: RD1=0;
   509  078C  1088               	bcf	(65/8),(65)&7
   510                           	line	29
   511                           ;trafficlight.c: 29: RD2=1;
   512  078D  1508               	bsf	(66/8),(66)&7
   513  078E  2F8F               	goto	l1432
   514                           	line	30
   515                           	
   516  078F                     l1030:	
   517                           	line	31
   518                           	
   519  078F                     l1432:	
   520                           ;trafficlight.c: 30: }
   521                           ;trafficlight.c: 31: if(count>=225&&count<450)
   522  078F  0871               	movf	(_count+1),w
   523  0790  3A80               	xorlw	80h
   524  0791  00FF               	movwf	btemp+1
   525  0792  3080               	movlw	(high(0E1h))^80h
   526  0793  027F               	subwf	btemp+1,w
   527  0794  1D03               	skipz
   528  0795  2F98               	goto	u85
   529  0796  30E1               	movlw	low(0E1h)
   530  0797  0270               	subwf	(_count),w
   531  0798                     u85:
   532                           
   533  0798  1C03               	skipc
   534  0799  2F9B               	goto	u81
   535  079A  2F9C               	goto	u80
   536  079B                     u81:
   537  079B  2FAF               	goto	l1438
   538  079C                     u80:
   539                           	
   540  079C                     l1434:	
   541  079C  0871               	movf	(_count+1),w
   542  079D  3A80               	xorlw	80h
   543  079E  00FF               	movwf	btemp+1
   544  079F  3081               	movlw	(high(01C2h))^80h
   545  07A0  027F               	subwf	btemp+1,w
   546  07A1  1D03               	skipz
   547  07A2  2FA5               	goto	u95
   548  07A3  30C2               	movlw	low(01C2h)
   549  07A4  0270               	subwf	(_count),w
   550  07A5                     u95:
   551                           
   552  07A5  1803               	skipnc
   553  07A6  2FA8               	goto	u91
   554  07A7  2FA9               	goto	u90
   555  07A8                     u91:
   556  07A8  2FAF               	goto	l1438
   557  07A9                     u90:
   558                           	line	33
   559                           	
   560  07A9                     l1436:	
   561                           ;trafficlight.c: 32: {
   562                           ;trafficlight.c: 33: RD0=1;
   563  07A9  1283               	bcf	status, 5	;RP0=0, select bank0
   564  07AA  1303               	bcf	status, 6	;RP1=0, select bank0
   565  07AB  1408               	bsf	(64/8),(64)&7
   566                           	line	34
   567                           ;trafficlight.c: 34: RD1=0;
   568  07AC  1088               	bcf	(65/8),(65)&7
   569                           	line	35
   570                           ;trafficlight.c: 35: RD2=0;
   571  07AD  1108               	bcf	(66/8),(66)&7
   572  07AE  2FAF               	goto	l1438
   573                           	line	36
   574                           	
   575  07AF                     l1031:	
   576                           	line	37
   577                           	
   578  07AF                     l1438:	
   579                           ;trafficlight.c: 36: }
   580                           ;trafficlight.c: 37: if(count>=375&&count<450)
   581  07AF  0871               	movf	(_count+1),w
   582  07B0  3A80               	xorlw	80h
   583  07B1  00FF               	movwf	btemp+1
   584  07B2  3081               	movlw	(high(0177h))^80h
   585  07B3  027F               	subwf	btemp+1,w
   586  07B4  1D03               	skipz
   587  07B5  2FB8               	goto	u105
   588  07B6  3077               	movlw	low(0177h)
   589  07B7  0270               	subwf	(_count),w
   590  07B8                     u105:
   591                           
   592  07B8  1C03               	skipc
   593  07B9  2FBB               	goto	u101
   594  07BA  2FBC               	goto	u100
   595  07BB                     u101:
   596  07BB  2FCF               	goto	l1444
   597  07BC                     u100:
   598                           	
   599  07BC                     l1440:	
   600  07BC  0871               	movf	(_count+1),w
   601  07BD  3A80               	xorlw	80h
   602  07BE  00FF               	movwf	btemp+1
   603  07BF  3081               	movlw	(high(01C2h))^80h
   604  07C0  027F               	subwf	btemp+1,w
   605  07C1  1D03               	skipz
   606  07C2  2FC5               	goto	u115
   607  07C3  30C2               	movlw	low(01C2h)
   608  07C4  0270               	subwf	(_count),w
   609  07C5                     u115:
   610                           
   611  07C5  1803               	skipnc
   612  07C6  2FC8               	goto	u111
   613  07C7  2FC9               	goto	u110
   614  07C8                     u111:
   615  07C8  2FCF               	goto	l1444
   616  07C9                     u110:
   617                           	line	39
   618                           	
   619  07C9                     l1442:	
   620                           ;trafficlight.c: 38: {
   621                           ;trafficlight.c: 39: RC0=0;
   622  07C9  1283               	bcf	status, 5	;RP0=0, select bank0
   623  07CA  1303               	bcf	status, 6	;RP1=0, select bank0
   624  07CB  1007               	bcf	(56/8),(56)&7
   625                           	line	40
   626                           ;trafficlight.c: 40: RC1=1;
   627  07CC  1487               	bsf	(57/8),(57)&7
   628                           	line	41
   629                           ;trafficlight.c: 41: RC2=0;
   630  07CD  1107               	bcf	(58/8),(58)&7
   631  07CE  2FCF               	goto	l1444
   632                           	line	42
   633                           	
   634  07CF                     l1032:	
   635                           	line	43
   636                           	
   637  07CF                     l1444:	
   638                           ;trafficlight.c: 42: }
   639                           ;trafficlight.c: 43: if(count>=225&&count<375)
   640  07CF  0871               	movf	(_count+1),w
   641  07D0  3A80               	xorlw	80h
   642  07D1  00FF               	movwf	btemp+1
   643  07D2  3080               	movlw	(high(0E1h))^80h
   644  07D3  027F               	subwf	btemp+1,w
   645  07D4  1D03               	skipz
   646  07D5  2FD8               	goto	u125
   647  07D6  30E1               	movlw	low(0E1h)
   648  07D7  0270               	subwf	(_count),w
   649  07D8                     u125:
   650                           
   651  07D8  1C03               	skipc
   652  07D9  2FDB               	goto	u121
   653  07DA  2FDC               	goto	u120
   654  07DB                     u121:
   655  07DB  2FEF               	goto	l1450
   656  07DC                     u120:
   657                           	
   658  07DC                     l1446:	
   659  07DC  0871               	movf	(_count+1),w
   660  07DD  3A80               	xorlw	80h
   661  07DE  00FF               	movwf	btemp+1
   662  07DF  3081               	movlw	(high(0177h))^80h
   663  07E0  027F               	subwf	btemp+1,w
   664  07E1  1D03               	skipz
   665  07E2  2FE5               	goto	u135
   666  07E3  3077               	movlw	low(0177h)
   667  07E4  0270               	subwf	(_count),w
   668  07E5                     u135:
   669                           
   670  07E5  1803               	skipnc
   671  07E6  2FE8               	goto	u131
   672  07E7  2FE9               	goto	u130
   673  07E8                     u131:
   674  07E8  2FEF               	goto	l1450
   675  07E9                     u130:
   676                           	line	45
   677                           	
   678  07E9                     l1448:	
   679                           ;trafficlight.c: 44: {
   680                           ;trafficlight.c: 45: RC0=0;
   681  07E9  1283               	bcf	status, 5	;RP0=0, select bank0
   682  07EA  1303               	bcf	status, 6	;RP1=0, select bank0
   683  07EB  1007               	bcf	(56/8),(56)&7
   684                           	line	46
   685                           ;trafficlight.c: 46: RC1=0;
   686  07EC  1087               	bcf	(57/8),(57)&7
   687                           	line	47
   688                           ;trafficlight.c: 47: RC2=1;
   689  07ED  1507               	bsf	(58/8),(58)&7
   690  07EE  2FEF               	goto	l1450
   691                           	line	48
   692                           	
   693  07EF                     l1033:	
   694                           	line	49
   695                           	
   696  07EF                     l1450:	
   697                           ;trafficlight.c: 48: }
   698                           ;trafficlight.c: 49: if(count>=450)
   699  07EF  0871               	movf	(_count+1),w
   700  07F0  3A80               	xorlw	80h
   701  07F1  00FF               	movwf	btemp+1
   702  07F2  3081               	movlw	(high(01C2h))^80h
   703  07F3  027F               	subwf	btemp+1,w
   704  07F4  1D03               	skipz
   705  07F5  2FF8               	goto	u145
   706  07F6  30C2               	movlw	low(01C2h)
   707  07F7  0270               	subwf	(_count),w
   708  07F8                     u145:
   709                           
   710  07F8  1C03               	skipc
   711  07F9  2FFB               	goto	u141
   712  07FA  2FFC               	goto	u140
   713  07FB                     u141:
   714  07FB  2FFF               	goto	l1035
   715  07FC                     u140:
   716                           	line	51
   717                           	
   718  07FC                     l1452:	
   719                           ;trafficlight.c: 50: {
   720                           ;trafficlight.c: 51: count=0;
   721  07FC  01F0               	clrf	(_count)
   722  07FD  01F1               	clrf	(_count+1)
   723  07FE  2FFF               	goto	l1035
   724                           	line	52
   725                           	
   726  07FF                     l1034:	
   727                           	line	54
   728                           	
   729  07FF                     l1035:	
   730  07FF  0008               	return
   731                           	opt stack 0
   732                           GLOBAL	__end_of_timer
   733  0800                     	__end_of_timer:
   734 ;; =============== function _timer ends ============
   735                           
   736                           	signat	_timer,88
   737                           psect	text62,local,class=CODE,delta=2
   738                           global __ptext62
   739  0000                     __ptext62:
   740                           	global	btemp
   741  007E                     	btemp set 07Eh
   742                           
   743                           	DABS	1,126,2	;btemp
   744                           	global	wtemp0
   745  007E                     	wtemp0 set btemp


HI-TECH Software PICC Macro Assembler V9.81 build 7503 
Symbol Table                                                                                   Fri Apr 15 22:36:02 2022

                  u10 073A                    u11 0739                    u20 0746                    u21 0745  
                  u30 0753                    u31 0752                    u40 0766                    u41 0765  
                  u50 0773                    u51 0772                    u35 074F                    u60 077C  
                  u61 077B                    u45 0762                    u70 0789                    u71 0788  
                  u55 076F                    u80 079C                    u81 079B                    u90 07A9  
                  u91 07A8                    u75 0785                    u85 0798                    u95 07A5  
                 _RC0 0038                   _RC1 0039                   _RD0 0040                   _RC2 003A  
                 _RD1 0041                   _RD2 0042                   u100 07BC                   u101 07BB  
                 u110 07C9                   u111 07C8                   u120 07DC                   u121 07DB  
                 u105 07B8                   u130 07E9                   u131 07E8                   u115 07C5  
                 u140 07FC                   u141 07FB                   u125 07D8                   u135 07E5  
                 u145 07F8                  l1030 078F                  l1031 07AF                  l1032 07CF  
                l1040 0733                  l1033 07EF                  l1041 0733                  l1034 07FF  
                l1035 07FF                  l1027 0742                  l1028 0759                  l1029 0778  
                l1038 072C                  l1039 0732                  l1410 0736                  l1420 0753  
                l1412 073A                  l2220 071D                  l1430 0789                  l1422 0759  
                l1414 0740                  l2222 0729                  l1440 07BC                  l1432 078F  
                l1424 0766                  l1416 0742                  l2224 072C                  l1450 07EF  
                l1442 07C9                  l1434 079C                  l1426 0773                  l1418 0746  
                l1452 07FC                  l1444 07CF                  l1436 07A9                  l1428 077C  
                l1446 07DC                  l1438 07AF                  l1448 07E9                  _T0IF 005A  
                _main 071D                  btemp 007E                  start 0000                 ?_main 0000  
               _PORTC 0007                 _PORTD 0008                 _TRISC 0087                 _TRISD 0088  
               _count 0070                 _timer 0736                 status 0003                 wtemp0 007E  
        __end_of_main 0736                ??_main 0000                ?_timer 0000        __pcstackCOMMON 0000  
       __end_of_timer 0800               ??_timer 0000            __pmaintext 071D  end_of_initialization 0719  
 start_initialization 0717           __pbssCOMMON 0070        __size_of_timer 00CA              __ptext60 0000  
            __ptext61 0736              __ptext62 0000         __size_of_main 0019            _OPTION_REG 0081  
