

HI-TECH Software PIC LITE Macro Assembler V9.81 build 7503 
                                                                                               Mon Jun 13 02:41:54 2022

HI-TECH Software Omniscient Code Generator (Lite mode) build 7503
     1  0000                     opt subtitle "HI-TECH Software Omniscient Code Generator (Lite mode) build 7503"
     2                           
     3                           opt pagewidth 120
     4                           
     5                           	opt lm
     6                           
     7                           	processor	16F887
     8                           clrc	macro
     9                           	bcf	3,0
    10  0000                     	endm
    11                           clrz	macro
    12                           	bcf	3,2
    13  0000                     	endm
    14                           setc	macro
    15                           	bsf	3,0
    16  0000                     	endm
    17                           setz	macro
    18                           	bsf	3,2
    19  0000                     	endm
    20                           skipc	macro
    21                           	btfss	3,0
    22  0000                     	endm
    23                           skipz	macro
    24                           	btfss	3,2
    25  0000                     	endm
    26                           skipnc	macro
    27                           	btfsc	3,0
    28  0000                     	endm
    29                           skipnz	macro
    30                           	btfsc	3,2
    31  0000                     	endm
    32  0000                     indf	equ	0
    33  0000                     indf0	equ	0
    34  0002                     pc	equ	2
    35  0002                     pcl	equ	2
    36  0003                     status	equ	3
    37  0004                     fsr	equ	4
    38  0004                     fsr0	equ	4
    39  0001                     c	equ	1
    40  0000                     z	equ	0
    41  000A                     pclath	equ	10
    42                           	FNCALL	_main,_delay
    43                           	FNROOT	_main
    44                           	global	_PORTA
    45                           psect	maintext,global,class=CODE,delta=2
    46                           global __pmaintext
    47  07C5                     __pmaintext:
    48  0005                     _PORTA	set	5
    49                           	global	_TRISA
    50  0085                     _TRISA	set	133
    51                           	global	_ANSEL
    52  0188                     _ANSEL	set	392
    53                           	global	_ANSELH
    54  0189                     _ANSELH	set	393
    55                           	file	"continue.as"
    56                           	line	#
    57                           psect cinit,class=CODE,delta=2
    58                           global start_initialization
    59  07AD                     start_initialization:
    60                           
    61                           psect cinit,class=CODE,delta=2
    62                           global end_of_initialization
    63                           
    64                           ;End of C runtime variable initialization code
    65                           
    66  07AD                     end_of_initialization:
    67  07AD  0183               clrf status
    68  07AE  120A  118A  2FC5   ljmp _main	;jump to C main() function
    69                           psect	cstackCOMMON,class=COMMON,space=1
    70                           global __pcstackCOMMON
    71  0070                     __pcstackCOMMON:
    72                           	global	?_delay
    73  0070                     ?_delay:	; 0 bytes @ 0x0
    74                           	global	?_main
    75  0070                     ?_main:	; 0 bytes @ 0x0
    76                           	global	delay@a
    77  0070                     delay@a:	; 2 bytes @ 0x0
    78  0070                     	ds	2
    79                           	global	??_delay
    80  0072                     ??_delay:	; 0 bytes @ 0x2
    81                           	global	??_main
    82  0072                     ??_main:	; 0 bytes @ 0x2
    83  0072                     	ds	1
    84                           	global	main@i
    85  0073                     main@i:	; 2 bytes @ 0x3
    86  0073                     	ds	2
    87 ;;Data sizes: Strings 0, constant 0, data 0, bss 0, persistent 0 stack 0
    88 ;;Auto spaces:   Size  Autos    Used
    89 ;; COMMON          14      5       5
    90 ;; BANK0           80      0       0
    91 ;; BANK1           80      0       0
    92 ;; BANK3           96      0       0
    93 ;; BANK2           96      0       0
    94                           
    95 ;;
    96 ;; Pointer list with targets:
    97                           
    98                           
    99                           
   100 ;;
   101 ;; Critical Paths under _main in COMMON
   102 ;;
   103 ;;   _main->_delay
   104 ;;
   105 ;; Critical Paths under _main in BANK0
   106 ;;
   107 ;;   None.
   108 ;;
   109 ;; Critical Paths under _main in BANK1
   110 ;;
   111 ;;   None.
   112 ;;
   113 ;; Critical Paths under _main in BANK3
   114 ;;
   115 ;;   None.
   116 ;;
   117 ;; Critical Paths under _main in BANK2
   118 ;;
   119 ;;   None.
   120                           
   121 ;;
   122 ;;Main: autosize = 0, tempsize = 1, incstack = 0, save=0
   123 ;;
   124                           
   125 ;;
   126 ;;Call Graph Tables:
   127 ;;
   128 ;; ---------------------------------------------------------------------------------
   129 ;; (Depth) Function   	        Calls       Base Space   Used Autos Params    Refs
   130 ;; ---------------------------------------------------------------------------------
   131 ;; (0) _main                                                 3     3      0      60
   132 ;;                                              2 COMMON     3     3      0
   133 ;;                              _delay
   134 ;; ---------------------------------------------------------------------------------
   135 ;; (1) _delay                                                2     0      2      15
   136 ;;                                              0 COMMON     2     0      2
   137 ;; ---------------------------------------------------------------------------------
   138 ;; Estimated maximum stack depth 1
   139 ;; ---------------------------------------------------------------------------------
   140                           
   141 ;; Call Graph Graphs:
   142                           
   143 ;; _main (ROOT)
   144 ;;   _delay
   145 ;;
   146                           
   147 ;; Address spaces:
   148                           
   149 ;;Name               Size   Autos  Total    Cost      Usage
   150 ;;BITCOMMON            E      0       0       0        0.0%
   151 ;;EEDATA             100      0       0       0        0.0%
   152 ;;NULL                 0      0       0       0        0.0%
   153 ;;CODE                 0      0       0       0        0.0%
   154 ;;COMMON               E      5       5       1       35.7%
   155 ;;BITSFR0              0      0       0       1        0.0%
   156 ;;SFR0                 0      0       0       1        0.0%
   157 ;;BITSFR1              0      0       0       2        0.0%
   158 ;;SFR1                 0      0       0       2        0.0%
   159 ;;STACK                0      0       1       2        0.0%
   160 ;;ABS                  0      0       0       3        0.0%
   161 ;;BITBANK0            50      0       0       4        0.0%
   162 ;;BITSFR3              0      0       0       4        0.0%
   163 ;;SFR3                 0      0       0       4        0.0%
   164 ;;BANK0               50      0       0       5        0.0%
   165 ;;BITSFR2              0      0       0       5        0.0%
   166 ;;SFR2                 0      0       0       5        0.0%
   167 ;;BITBANK1            50      0       0       6        0.0%
   168 ;;BANK1               50      0       0       7        0.0%
   169 ;;BITBANK3            60      0       0       8        0.0%
   170 ;;BANK3               60      0       0       9        0.0%
   171 ;;BITBANK2            60      0       0      10        0.0%
   172 ;;BANK2               60      0       0      11        0.0%
   173 ;;DATA                 0      0       0      12        0.0%
   174                           
   175                           	global	_main
   176                           psect	maintext
   177                           
   178 ;; *************** function _main *****************
   179 ;; Defined at:
   180 ;;		line 7 in file "D:\Embedded\pic\code\software\led\continue\continue.c"
   181 ;; Parameters:    Size  Location     Type
   182 ;;		None
   183 ;; Auto vars:     Size  Location     Type
   184 ;;  i               2    3[COMMON] int 
   185 ;; Return value:  Size  Location     Type
   186 ;;		None               void
   187 ;; Registers used:
   188 ;;		wreg, status,2, status,0, pclath, cstack
   189 ;; Tracked objects:
   190 ;;		On entry : 17F/0
   191 ;;		On exit  : 0/0
   192 ;;		Unchanged: 0/0
   193 ;; Data sizes:     COMMON   BANK0   BANK1   BANK3   BANK2
   194 ;;      Params:         0       0       0       0       0
   195 ;;      Locals:         2       0       0       0       0
   196 ;;      Temps:          1       0       0       0       0
   197 ;;      Totals:         3       0       0       0       0
   198 ;;Total ram usage:        3 bytes
   199 ;; Hardware stack levels required when called:    1
   200 ;; This function calls:
   201 ;;		_delay
   202 ;; This function is called by:
   203 ;;		Startup code after reset
   204 ;; This function uses a non-reentrant model
   205 ;;
   206                           psect	maintext
   207                           	file	"D:\Embedded\pic\code\software\led\continue\continue.c"
   208                           	line	7
   209                           	global	__size_of_main
   210  003B                     	__size_of_main	equ	__end_of_main-_main
   211                           	
   212  07C5                     _main:	
   213                           	opt	stack 7
   214                           ; Regs used in _main: [wreg+status,2+status,0+pclath+cstack]
   215                           	line	9
   216                           	
   217  07C5                     l2179:	
   218                           ;continue.c: 8: int i;
   219                           ;continue.c: 9: PORTA=0X00;
   220  07C5  1283               	bcf	status, 5	;RP0=0, select bank0
   221  07C6  1303               	bcf	status, 6	;RP1=0, select bank0
   222  07C7  0185               	clrf	(5)	;volatile
   223                           	line	10
   224                           ;continue.c: 10: TRISA=0X00;
   225  07C8  1683               	bsf	status, 5	;RP0=1, select bank1
   226  07C9  1303               	bcf	status, 6	;RP1=0, select bank1
   227  07CA  0185               	clrf	(133)^080h	;volatile
   228                           	line	11
   229                           ;continue.c: 11: ANSEL=0X00;
   230  07CB  1683               	bsf	status, 5	;RP0=1, select bank3
   231  07CC  1703               	bsf	status, 6	;RP1=1, select bank3
   232  07CD  0188               	clrf	(392)^0180h	;volatile
   233                           	line	12
   234                           ;continue.c: 12: ANSELH=0X00;
   235  07CE  0189               	clrf	(393)^0180h	;volatile
   236  07CF  2FD0               	goto	l2181
   237                           	line	13
   238                           ;continue.c: 13: while(1)
   239                           	
   240  07D0                     l1031:	
   241                           	line	15
   242                           	
   243  07D0                     l2181:	
   244                           ;continue.c: 14: {
   245                           ;continue.c: 15: for(i=7;i>=0;i--)
   246  07D0  3007               	movlw	low(07h)
   247  07D1  00F3               	movwf	(main@i)
   248  07D2  3000               	movlw	high(07h)
   249  07D3  00F4               	movwf	((main@i))+1
   250                           	
   251  07D4                     l2183:	
   252  07D4  1FF4               	btfss	(main@i+1),7
   253  07D5  2FD7               	goto	u2151
   254  07D6  2FD8               	goto	u2150
   255  07D7                     u2151:
   256  07D7  2FDA               	goto	l2187
   257  07D8                     u2150:
   258  07D8  2FD0               	goto	l2181
   259                           	
   260  07D9                     l2185:	
   261  07D9  2FD0               	goto	l2181
   262                           	line	16
   263                           	
   264  07DA                     l1032:	
   265                           	line	18
   266                           	
   267  07DA                     l2187:	
   268                           ;continue.c: 16: {
   269                           ;continue.c: 18: PORTA=1<<i;
   270  07DA  3001               	movlw	(01h)
   271  07DB  00F2               	movwf	(??_main+0)+0
   272  07DC  0A73               	incf	(main@i),w
   273  07DD  2FE0               	goto	u2164
   274  07DE                     u2165:
   275  07DE  1003               	clrc
   276  07DF  0DF2               	rlf	(??_main+0)+0,f
   277  07E0                     u2164:
   278  07E0  3EFF               	addlw	-1
   279  07E1  1D03               	skipz
   280  07E2  2FDE               	goto	u2165
   281  07E3  0872               	movf	0+(??_main+0)+0,w
   282  07E4  1283               	bcf	status, 5	;RP0=0, select bank0
   283  07E5  1303               	bcf	status, 6	;RP1=0, select bank0
   284  07E6  0085               	movwf	(5)	;volatile
   285                           	line	19
   286                           	
   287  07E7                     l2189:	
   288                           ;continue.c: 19: delay(10000);
   289  07E7  3010               	movlw	low(02710h)
   290  07E8  00F0               	movwf	(?_delay)
   291  07E9  3027               	movlw	high(02710h)
   292  07EA  00F1               	movwf	((?_delay))+1
   293  07EB  120A  118A  27B1   	fcall	_delay
              120A  118A         
   294                           	line	15
   295                           	
   296  07F0                     l2191:	
   297  07F0  30FF               	movlw	low(-1)
   298  07F1  07F3               	addwf	(main@i),f
   299  07F2  1803               	skipnc
   300  07F3  0AF4               	incf	(main@i+1),f
   301  07F4  30FF               	movlw	high(-1)
   302  07F5  07F4               	addwf	(main@i+1),f
   303                           	
   304  07F6                     l2193:	
   305  07F6  1FF4               	btfss	(main@i+1),7
   306  07F7  2FF9               	goto	u2171
   307  07F8  2FFA               	goto	u2170
   308  07F9                     u2171:
   309  07F9  2FDA               	goto	l2187
   310  07FA                     u2170:
   311  07FA  2FD0               	goto	l2181
   312                           	
   313  07FB                     l1033:	
   314  07FB  2FD0               	goto	l2181
   315                           	line	22
   316                           	
   317  07FC                     l1034:	
   318                           	line	13
   319  07FC  2FD0               	goto	l2181
   320                           	
   321  07FD                     l1035:	
   322                           	line	23
   323                           	
   324  07FD                     l1036:	
   325                           	global	start
   326  07FD  120A  118A  2800   	ljmp	start
   327                           	opt stack 0
   328                           GLOBAL	__end_of_main
   329  0800                     	__end_of_main:
   330 ;; =============== function _main ends ============
   331                           
   332                           	signat	_main,88
   333                           	global	_delay
   334                           psect	text55,local,class=CODE,delta=2
   335                           global __ptext55
   336  07B1                     __ptext55:
   337                           
   338 ;; *************** function _delay *****************
   339 ;; Defined at:
   340 ;;		line 3 in file "D:\Embedded\pic\code\software\led\continue\continue.c"
   341 ;; Parameters:    Size  Location     Type
   342 ;;  a               2    0[COMMON] unsigned int 
   343 ;; Auto vars:     Size  Location     Type
   344 ;;		None
   345 ;; Return value:  Size  Location     Type
   346 ;;		None               void
   347 ;; Registers used:
   348 ;;		wreg
   349 ;; Tracked objects:
   350 ;;		On entry : 0/0
   351 ;;		On exit  : 0/0
   352 ;;		Unchanged: 0/0
   353 ;; Data sizes:     COMMON   BANK0   BANK1   BANK3   BANK2
   354 ;;      Params:         2       0       0       0       0
   355 ;;      Locals:         0       0       0       0       0
   356 ;;      Temps:          0       0       0       0       0
   357 ;;      Totals:         2       0       0       0       0
   358 ;;Total ram usage:        2 bytes
   359 ;; Hardware stack levels used:    1
   360 ;; This function calls:
   361 ;;		Nothing
   362 ;; This function is called by:
   363 ;;		_main
   364 ;; This function uses a non-reentrant model
   365 ;;
   366                           psect	text55
   367                           	file	"D:\Embedded\pic\code\software\led\continue\continue.c"
   368                           	line	3
   369                           	global	__size_of_delay
   370  0014                     	__size_of_delay	equ	__end_of_delay-_delay
   371                           	
   372  07B1                     _delay:	
   373                           	opt	stack 7
   374                           ; Regs used in _delay: [wreg]
   375                           	line	4
   376                           	
   377  07B1                     l1409:	
   378                           ;continue.c: 4: while(a--);
   379  07B1  2FB3               	goto	l1411
   380                           	
   381  07B2                     l1026:	
   382  07B2  2FB3               	goto	l1411
   383                           	
   384  07B3                     l1025:	
   385                           	
   386  07B3                     l1411:	
   387  07B3  3001               	movlw	low(01h)
   388  07B4  02F0               	subwf	(delay@a),f
   389  07B5  3000               	movlw	high(01h)
   390  07B6  1C03               	skipc
   391  07B7  03F1               	decf	(delay@a+1),f
   392  07B8  02F1               	subwf	(delay@a+1),f
   393  07B9  30FF               	movlw	high(0FFFFh)
   394  07BA  0671               	xorwf	((delay@a+1)),w
   395  07BB  1D03               	skipz
   396  07BC  2FBF               	goto	u15
   397  07BD  30FF               	movlw	low(0FFFFh)
   398  07BE  0670               	xorwf	((delay@a)),w
   399  07BF                     u15:
   400                           
   401  07BF  1D03               	skipz
   402  07C0  2FC2               	goto	u11
   403  07C1  2FC3               	goto	u10
   404  07C2                     u11:
   405  07C2  2FB3               	goto	l1411
   406  07C3                     u10:
   407  07C3  2FC4               	goto	l1028
   408                           	
   409  07C4                     l1027:	
   410                           	line	5
   411                           	
   412  07C4                     l1028:	
   413  07C4  0008               	return
   414                           	opt stack 0
   415                           GLOBAL	__end_of_delay
   416  07C5                     	__end_of_delay:
   417 ;; =============== function _delay ends ============
   418                           
   419                           	signat	_delay,4216
   420                           psect	text56,local,class=CODE,delta=2
   421                           global __ptext56
   422  0000                     __ptext56:
   423                           	global	btemp
   424  007E                     	btemp set 07Eh
   425                           
   426                           	DABS	1,126,2	;btemp
   427                           	global	wtemp0
   428  007E                     	wtemp0 set btemp


HI-TECH Software PICC Macro Assembler V9.81 build 7503 
Symbol Table                                                                                   Mon Jun 13 02:41:54 2022

                  u10 07C3                    u11 07C2                    u15 07BF                  l1031 07D0  
                l1032 07DA                  l1025 07B3                  l1033 07FB                  l1026 07B2  
                l1034 07FC                  l1027 07C4                  l1035 07FD                  l1028 07C4  
                l1036 07FD                  l1411 07B3                  l1409 07B1                  l2181 07D0  
                l2191 07F0                  l2183 07D4                  l2193 07F6                  l2185 07D9  
                l2187 07DA                  l2179 07C5                  l2189 07E7                  u2150 07D8  
                u2151 07D7                  u2170 07FA                  u2171 07F9                  u2164 07E0  
                u2165 07DE                  _main 07C5                  btemp 007E                  start 0000  
               ?_main 0070                 _ANSEL 0188                 _PORTA 0005                 _TRISA 0085  
               _delay 07B1                 main@i 0073                 status 0003                 wtemp0 007E  
        __end_of_main 0800                ??_main 0072                ?_delay 0070                _ANSELH 0189  
              delay@a 0070        __pcstackCOMMON 0070         __end_of_delay 07C5               ??_delay 0072  
          __pmaintext 07C5  end_of_initialization 07AD   start_initialization 07AD        __size_of_delay 0014  
            __ptext55 07B1              __ptext56 0000         __size_of_main 003B  
