

HI-TECH Software PIC LITE Macro Assembler V9.81 build 7503 
                                                                                               Mon Jun 27 11:14:39 2022

HI-TECH Software Omniscient Code Generator (Lite mode) build 7503
     1  0000                     opt subtitle "HI-TECH Software Omniscient Code Generator (Lite mode) build 7503"
     2                           
     3                           opt pagewidth 120
     4                           
     5                           	opt lm
     6                           
     7                           	processor	16F887
     8                           clrc	macro
     9                           	bcf	3,0
    10  0000                     	endm
    11                           clrz	macro
    12                           	bcf	3,2
    13  0000                     	endm
    14                           setc	macro
    15                           	bsf	3,0
    16  0000                     	endm
    17                           setz	macro
    18                           	bsf	3,2
    19  0000                     	endm
    20                           skipc	macro
    21                           	btfss	3,0
    22  0000                     	endm
    23                           skipz	macro
    24                           	btfss	3,2
    25  0000                     	endm
    26                           skipnc	macro
    27                           	btfsc	3,0
    28  0000                     	endm
    29                           skipnz	macro
    30                           	btfsc	3,2
    31  0000                     	endm
    32  0000                     indf	equ	0
    33  0000                     indf0	equ	0
    34  0002                     pc	equ	2
    35  0002                     pcl	equ	2
    36  0003                     status	equ	3
    37  0004                     fsr	equ	4
    38  0004                     fsr0	equ	4
    39  0001                     c	equ	1
    40  0000                     z	equ	0
    41  000A                     pclath	equ	10
    42                           	FNCALL	_main,_master
    43                           	FNROOT	_main
    44                           	global	_PORTA
    45                           psect	text60,local,class=CODE,delta=2
    46                           global __ptext60
    47  0000                     __ptext60:
    48  0005                     _PORTA	set	5
    49                           	global	_PORTC
    50  0007                     _PORTC	set	7
    51                           	global	_PORTD
    52  0008                     _PORTD	set	8
    53                           	global	_PORTE
    54  0009                     _PORTE	set	9
    55                           	global	_SSPBUF
    56  0013                     _SSPBUF	set	19
    57                           	global	_SSPCON
    58  0014                     _SSPCON	set	20
    59                           	global	_RC0
    60  0038                     _RC0	set	56
    61                           	global	_SSPIF
    62  0063                     _SSPIF	set	99
    63                           	global	_SSPSTAT
    64  0094                     _SSPSTAT	set	148
    65                           	global	_TRISA
    66  0085                     _TRISA	set	133
    67                           	global	_TRISC
    68  0087                     _TRISC	set	135
    69                           	global	_TRISD
    70  0088                     _TRISD	set	136
    71                           	global	_TRISE
    72  0089                     _TRISE	set	137
    73                           	global	_ANSEL
    74  0188                     _ANSEL	set	392
    75                           	global	_ANSELH
    76  0189                     _ANSELH	set	393
    77                           psect	strings,class=STRING,delta=2
    78                           global __pstrings
    79  0003                     __pstrings:
    80                           ;	global	stringdir,stringtab,__stringbase
    81  0003                     stringtab:
    82                           ;	String table - string pointers are 1 byte each
    83  0003                     stringcode:stringdir:
      + 0003                     stringdir:	
    84  0003  3000               movlw high(stringdir)
    85  0004  008A               movwf pclath
    86  0005  0804               movf fsr,w
    87  0006  0A84               incf fsr
    88  0007  0782               	addwf pc
    89  0008                     __stringbase:
    90  0008  3400               	retlw	0
    91                           psect	strings
    92                           	
    93  0009                     STR_1:	
    94  0009  344A               	retlw	74	;'J'
    95  000A  3461               	retlw	97	;'a'
    96  000B  346E               	retlw	110	;'n'
    97  000C  3420               	retlw	32	;' '
    98  000D  3442               	retlw	66	;'B'
    99  000E  3461               	retlw	97	;'a'
   100  000F  3474               	retlw	116	;'t'
   101  0010  3463               	retlw	99	;'c'
   102  0011  3468               	retlw	104	;'h'
   103  0012  3420               	retlw	32	;' '
   104  0013  3473               	retlw	115	;'s'
   105  0014  346F               	retlw	111	;'o'
   106  0015  346F               	retlw	111	;'o'
   107  0016  346E               	retlw	110	;'n'
   108  0017  3420               	retlw	32	;' '
   109  0018  3474               	retlw	116	;'t'
   110  0019  346F               	retlw	111	;'o'
   111  001A  3420               	retlw	32	;' '
   112  001B  3465               	retlw	101	;'e'
   113  001C  346E               	retlw	110	;'n'
   114  001D  3464               	retlw	100	;'d'
   115  001E  3400               	retlw	0
   116                           psect	strings
   117                           	file	"master.as"
   118                           	line	#
   119                           psect cinit,class=CODE,delta=2
   120                           global start_initialization
   121  0795                     start_initialization:
   122                           
   123                           psect cinit,class=CODE,delta=2
   124                           global end_of_initialization
   125                           
   126                           ;End of C runtime variable initialization code
   127                           
   128  0795                     end_of_initialization:
   129  0795  0183               clrf status
   130  0796  120A  118A  2FC1   ljmp _main	;jump to C main() function
   131                           psect	cstackCOMMON,class=COMMON,space=1
   132                           global __pcstackCOMMON
   133  0070                     __pcstackCOMMON:
   134                           	global	?_master
   135  0070                     ?_master:	; 0 bytes @ 0x0
   136                           	global	??_master
   137  0070                     ??_master:	; 0 bytes @ 0x0
   138                           	global	?_main
   139  0070                     ?_main:	; 0 bytes @ 0x0
   140  0070                     	ds	1
   141                           	global	master@ptr
   142  0071                     master@ptr:	; 1 bytes @ 0x1
   143  0071                     	ds	1
   144                           	global	??_main
   145  0072                     ??_main:	; 0 bytes @ 0x2
   146 ;;Data sizes: Strings 22, constant 0, data 0, bss 0, persistent 0 stack 0
   147 ;;Auto spaces:   Size  Autos    Used
   148 ;; COMMON          14      2       2
   149 ;; BANK0           80      0       0
   150 ;; BANK1           80      0       0
   151 ;; BANK3           96      0       0
   152 ;; BANK2           96      0       0
   153                           
   154 ;;
   155 ;; Pointer list with targets:
   156                           
   157 ;; master@ptr	PTR unsigned char  size(1) Largest target is 22
   158 ;;		 -> STR_1(CODE[22]), 
   159 ;;
   160                           
   161                           
   162 ;;
   163 ;; Critical Paths under _main in COMMON
   164 ;;
   165 ;;   _main->_master
   166 ;;
   167 ;; Critical Paths under _main in BANK0
   168 ;;
   169 ;;   None.
   170 ;;
   171 ;; Critical Paths under _main in BANK1
   172 ;;
   173 ;;   None.
   174 ;;
   175 ;; Critical Paths under _main in BANK3
   176 ;;
   177 ;;   None.
   178 ;;
   179 ;; Critical Paths under _main in BANK2
   180 ;;
   181 ;;   None.
   182                           
   183 ;;
   184 ;;Main: autosize = 0, tempsize = 0, incstack = 0, save=0
   185 ;;
   186                           
   187 ;;
   188 ;;Call Graph Tables:
   189 ;;
   190 ;; ---------------------------------------------------------------------------------
   191 ;; (Depth) Function   	        Calls       Base Space   Used Autos Params    Refs
   192 ;; ---------------------------------------------------------------------------------
   193 ;; (0) _main                                                 0     0      0      30
   194 ;;                             _master
   195 ;; ---------------------------------------------------------------------------------
   196 ;; (2) _master                                               2     2      0      30
   197 ;;                                              0 COMMON     2     2      0
   198 ;; ---------------------------------------------------------------------------------
   199 ;; Estimated maximum stack depth 2
   200 ;; ---------------------------------------------------------------------------------
   201                           
   202 ;; Call Graph Graphs:
   203                           
   204 ;; _main (ROOT)
   205 ;;   _master
   206 ;;
   207                           
   208 ;; Address spaces:
   209                           
   210 ;;Name               Size   Autos  Total    Cost      Usage
   211 ;;BITCOMMON            E      0       0       0        0.0%
   212 ;;EEDATA             100      0       0       0        0.0%
   213 ;;NULL                 0      0       0       0        0.0%
   214 ;;CODE                 0      0       0       0        0.0%
   215 ;;COMMON               E      2       2       1       14.3%
   216 ;;BITSFR0              0      0       0       1        0.0%
   217 ;;SFR0                 0      0       0       1        0.0%
   218 ;;BITSFR1              0      0       0       2        0.0%
   219 ;;SFR1                 0      0       0       2        0.0%
   220 ;;STACK                0      0       2       2        0.0%
   221 ;;ABS                  0      0       0       3        0.0%
   222 ;;BITBANK0            50      0       0       4        0.0%
   223 ;;BITSFR3              0      0       0       4        0.0%
   224 ;;SFR3                 0      0       0       4        0.0%
   225 ;;BANK0               50      0       0       5        0.0%
   226 ;;BITSFR2              0      0       0       5        0.0%
   227 ;;SFR2                 0      0       0       5        0.0%
   228 ;;BITBANK1            50      0       0       6        0.0%
   229 ;;BANK1               50      0       0       7        0.0%
   230 ;;BITBANK3            60      0       0       8        0.0%
   231 ;;BANK3               60      0       0       9        0.0%
   232 ;;BITBANK2            60      0       0      10        0.0%
   233 ;;BANK2               60      0       0      11        0.0%
   234 ;;DATA                 0      0       0      12        0.0%
   235                           
   236                           	global	_main
   237                           psect	maintext,global,class=CODE,delta=2
   238                           global __pmaintext
   239  07C1                     __pmaintext:
   240                           
   241 ;; *************** function _main *****************
   242 ;; Defined at:
   243 ;;		line 25 in file "D:\Embedded\pic\code\software\protocal\SPI\Basic-1_mas-1_slave_string\Master\master.c"
   244 ;; Parameters:    Size  Location     Type
   245 ;;		None
   246 ;; Auto vars:     Size  Location     Type
   247 ;;		None
   248 ;; Return value:  Size  Location     Type
   249 ;;		None               void
   250 ;; Registers used:
   251 ;;		wreg, fsr0l, fsr0h, status,2, status,0, pclath, cstack
   252 ;; Tracked objects:
   253 ;;		On entry : 17F/0
   254 ;;		On exit  : 0/0
   255 ;;		Unchanged: 0/0
   256 ;; Data sizes:     COMMON   BANK0   BANK1   BANK3   BANK2
   257 ;;      Params:         0       0       0       0       0
   258 ;;      Locals:         0       0       0       0       0
   259 ;;      Temps:          0       0       0       0       0
   260 ;;      Totals:         0       0       0       0       0
   261 ;;Total ram usage:        0 bytes
   262 ;; Hardware stack levels required when called:    2
   263 ;; This function calls:
   264 ;;		_master
   265 ;; This function is called by:
   266 ;;		Startup code after reset
   267 ;; This function uses a non-reentrant model
   268 ;;
   269                           psect	maintext
   270                           	file	"D:\Embedded\pic\code\software\protocal\SPI\Basic-1_mas-1_slave_string\Master\mast
                                 er.c"
   271                           	line	25
   272                           	global	__size_of_main
   273  003F                     	__size_of_main	equ	__end_of_main-_main
   274                           	
   275  07C1                     _main:	
   276                           	opt	stack 6
   277                           ; Regs used in _main: [wreg-fsr0h+status,2+status,0+pclath+cstack]
   278                           	line	26
   279                           	
   280  07C1                     l2190:	
   281                           ;master.c: 26: PORTD=0X00;
   282  07C1  1283               	bcf	status, 5	;RP0=0, select bank0
   283  07C2  1303               	bcf	status, 6	;RP1=0, select bank0
   284  07C3  0188               	clrf	(8)	;volatile
   285                           	line	27
   286                           ;master.c: 27: TRISD=0X00;
   287  07C4  1683               	bsf	status, 5	;RP0=1, select bank1
   288  07C5  1303               	bcf	status, 6	;RP1=0, select bank1
   289  07C6  0188               	clrf	(136)^080h	;volatile
   290                           	line	28
   291                           ;master.c: 28: PORTE=0X00;
   292  07C7  1283               	bcf	status, 5	;RP0=0, select bank0
   293  07C8  1303               	bcf	status, 6	;RP1=0, select bank0
   294  07C9  0189               	clrf	(9)	;volatile
   295                           	line	29
   296                           ;master.c: 29: TRISE=0X00;
   297  07CA  1683               	bsf	status, 5	;RP0=1, select bank1
   298  07CB  1303               	bcf	status, 6	;RP1=0, select bank1
   299  07CC  0189               	clrf	(137)^080h	;volatile
   300                           	line	30
   301                           ;master.c: 30: PORTA=0X00;
   302  07CD  1283               	bcf	status, 5	;RP0=0, select bank0
   303  07CE  1303               	bcf	status, 6	;RP1=0, select bank0
   304  07CF  0185               	clrf	(5)	;volatile
   305                           	line	31
   306                           ;master.c: 31: TRISA=0X00;
   307  07D0  1683               	bsf	status, 5	;RP0=1, select bank1
   308  07D1  1303               	bcf	status, 6	;RP1=0, select bank1
   309  07D2  0185               	clrf	(133)^080h	;volatile
   310                           	line	32
   311                           ;master.c: 32: ANSEL=0X00;
   312  07D3  1683               	bsf	status, 5	;RP0=1, select bank3
   313  07D4  1703               	bsf	status, 6	;RP1=1, select bank3
   314  07D5  0188               	clrf	(392)^0180h	;volatile
   315                           	line	33
   316                           ;master.c: 33: ANSELH=0X00;
   317  07D6  0189               	clrf	(393)^0180h	;volatile
   318                           	line	34
   319                           ;master.c: 34: PORTC=0X00;
   320  07D7  1283               	bcf	status, 5	;RP0=0, select bank0
   321  07D8  1303               	bcf	status, 6	;RP1=0, select bank0
   322  07D9  0187               	clrf	(7)	;volatile
   323                           	line	35
   324                           	
   325  07DA                     l2192:	
   326                           ;master.c: 35: TRISC=0X11;
   327  07DA  3011               	movlw	(011h)
   328  07DB  1683               	bsf	status, 5	;RP0=1, select bank1
   329  07DC  1303               	bcf	status, 6	;RP1=0, select bank1
   330  07DD  0087               	movwf	(135)^080h	;volatile
   331                           	line	36
   332                           	
   333  07DE                     l2194:	
   334                           ;master.c: 36: SSPCON=0X32;
   335  07DE  3032               	movlw	(032h)
   336  07DF  1283               	bcf	status, 5	;RP0=0, select bank0
   337  07E0  1303               	bcf	status, 6	;RP1=0, select bank0
   338  07E1  0094               	movwf	(20)	;volatile
   339                           	line	37
   340                           	
   341  07E2                     l2196:	
   342                           ;master.c: 37: SSPSTAT=0X80;
   343  07E2  3080               	movlw	(080h)
   344  07E3  1683               	bsf	status, 5	;RP0=1, select bank1
   345  07E4  1303               	bcf	status, 6	;RP1=0, select bank1
   346  07E5  0094               	movwf	(148)^080h	;volatile
   347  07E6  2FE7               	goto	l2198
   348                           	line	38
   349                           ;master.c: 38: while(1)
   350                           	
   351  07E7                     l1034:	
   352                           	line	40
   353                           	
   354  07E7                     l2198:	
   355                           ;master.c: 39: {
   356                           ;master.c: 40: if(RC0==1)
   357  07E7  1283               	bcf	status, 5	;RP0=0, select bank0
   358  07E8  1C07               	btfss	(56/8),(56)&7
   359  07E9  2FEB               	goto	u2161
   360  07EA  2FEC               	goto	u2160
   361  07EB                     u2161:
   362  07EB  2FE7               	goto	l2198
   363  07EC                     u2160:
   364                           	line	42
   365                           	
   366  07EC                     l2200:	
   367                           ;master.c: 41: {
   368                           ;master.c: 42: master("Jan Batch soon to end");
   369  07EC  3001               	movlw	((STR_1-__stringbase))&0ffh
   370  07ED  120A  118A  2799   	fcall	_master
              120A  118A         
   371                           	line	43
   372                           ;master.c: 43: while(RC0==1);
   373  07F2  2FF3               	goto	l1036
   374                           	
   375  07F3                     l1037:	
   376                           	
   377  07F3                     l1036:	
   378  07F3  1283               	bcf	status, 5	;RP0=0, select bank0
   379  07F4  1303               	bcf	status, 6	;RP1=0, select bank0
   380  07F5  1807               	btfsc	(56/8),(56)&7
   381  07F6  2FF8               	goto	u2171
   382  07F7  2FF9               	goto	u2170
   383  07F8                     u2171:
   384  07F8  2FF3               	goto	l1036
   385  07F9                     u2170:
   386  07F9  2FE7               	goto	l2198
   387                           	
   388  07FA                     l1038:	
   389  07FA  2FE7               	goto	l2198
   390                           	line	45
   391                           	
   392  07FB                     l1035:	
   393  07FB  2FE7               	goto	l2198
   394                           	line	46
   395                           	
   396  07FC                     l1039:	
   397                           	line	38
   398  07FC  2FE7               	goto	l2198
   399                           	
   400  07FD                     l1040:	
   401                           	line	47
   402                           	
   403  07FD                     l1041:	
   404                           	global	start
   405  07FD  120A  118A  2800   	ljmp	start
   406                           	opt stack 0
   407                           GLOBAL	__end_of_main
   408  0800                     	__end_of_main:
   409 ;; =============== function _main ends ============
   410                           
   411                           	signat	_main,88
   412                           	global	_master
   413                           psect	text61,local,class=CODE,delta=2
   414                           global __ptext61
   415  0799                     __ptext61:
   416                           
   417 ;; *************** function _master *****************
   418 ;; Defined at:
   419 ;;		line 14 in file "D:\Embedded\pic\code\software\protocal\SPI\Basic-1_mas-1_slave_string\Master\master.c"
   420 ;; Parameters:    Size  Location     Type
   421 ;;  ptr             1    wreg     PTR unsigned char 
   422 ;;		 -> STR_1(22), 
   423 ;; Auto vars:     Size  Location     Type
   424 ;;  ptr             1    1[COMMON] PTR unsigned char 
   425 ;;		 -> STR_1(22), 
   426 ;; Return value:  Size  Location     Type
   427 ;;		None               void
   428 ;; Registers used:
   429 ;;		wreg, fsr0l, fsr0h, status,2, status,0, pclath
   430 ;; Tracked objects:
   431 ;;		On entry : 0/0
   432 ;;		On exit  : 0/0
   433 ;;		Unchanged: 0/0
   434 ;; Data sizes:     COMMON   BANK0   BANK1   BANK3   BANK2
   435 ;;      Params:         0       0       0       0       0
   436 ;;      Locals:         1       0       0       0       0
   437 ;;      Temps:          1       0       0       0       0
   438 ;;      Totals:         2       0       0       0       0
   439 ;;Total ram usage:        2 bytes
   440 ;; Hardware stack levels used:    2
   441 ;; This function calls:
   442 ;;		Nothing
   443 ;; This function is called by:
   444 ;;		_main
   445 ;; This function uses a non-reentrant model
   446 ;;
   447                           psect	text61
   448                           	file	"D:\Embedded\pic\code\software\protocal\SPI\Basic-1_mas-1_slave_string\Master\mast
                                 er.c"
   449                           	line	14
   450                           	global	__size_of_master
   451  0028                     	__size_of_master	equ	__end_of_master-_master
   452                           	
   453  0799                     _master:	
   454                           	opt	stack 6
   455                           ; Regs used in _master: [wreg-fsr0h+status,2+status,0+pclath]
   456                           ;master@ptr stored from wreg
   457  0799  00F1               	movwf	(master@ptr)
   458                           	line	15
   459                           	
   460  079A                     l1414:	
   461                           ;master.c: 15: while(*ptr)
   462  079A  2FB0               	goto	l1420
   463                           	
   464  079B                     l1026:	
   465                           	line	17
   466                           	
   467  079B                     l1416:	
   468                           ;master.c: 16: {
   469                           ;master.c: 17: SSPBUF=*ptr;
   470  079B  0871               	movf	(master@ptr),w
   471  079C  0084               	movwf	fsr0
   472  079D  120A  118A  2003   	fcall	stringdir
              120A  118A         
   473  07A2  1283               	bcf	status, 5	;RP0=0, select bank0
   474  07A3  1303               	bcf	status, 6	;RP1=0, select bank0
   475  07A4  0093               	movwf	(19)	;volatile
   476                           	line	18
   477                           ;master.c: 18: while(SSPIF==0);
   478  07A5  2FA6               	goto	l1027
   479                           	
   480  07A6                     l1028:	
   481                           	
   482  07A6                     l1027:	
   483  07A6  1D8C               	btfss	(99/8),(99)&7
   484  07A7  2FA9               	goto	u11
   485  07A8  2FAA               	goto	u10
   486  07A9                     u11:
   487  07A9  2FA6               	goto	l1027
   488  07AA                     u10:
   489                           	
   490  07AA                     l1029:	
   491                           	line	19
   492                           ;master.c: 19: SSPIF=0;
   493  07AA  118C               	bcf	(99/8),(99)&7
   494                           	line	20
   495                           	
   496  07AB                     l1418:	
   497                           ;master.c: 20: ptr++;
   498  07AB  3001               	movlw	(01h)
   499  07AC  00F0               	movwf	(??_master+0)+0
   500  07AD  0870               	movf	(??_master+0)+0,w
   501  07AE  07F1               	addwf	(master@ptr),f
   502  07AF  2FB0               	goto	l1420
   503                           	line	21
   504                           	
   505  07B0                     l1025:	
   506                           	line	15
   507                           	
   508  07B0                     l1420:	
   509  07B0  0871               	movf	(master@ptr),w
   510  07B1  0084               	movwf	fsr0
   511  07B2  120A  118A  2003   	fcall	stringdir
              120A  118A         
   512  07B7  3800               	iorlw	0
   513  07B8  1D03               	skipz
   514  07B9  2FBB               	goto	u21
   515  07BA  2FBC               	goto	u20
   516  07BB                     u21:
   517  07BB  2F9B               	goto	l1416
   518  07BC                     u20:
   519  07BC  2FBD               	goto	l1422
   520                           	
   521  07BD                     l1030:	
   522                           	line	22
   523                           	
   524  07BD                     l1422:	
   525                           ;master.c: 21: }
   526                           ;master.c: 22: SSPBUF='\0';
   527  07BD  1283               	bcf	status, 5	;RP0=0, select bank0
   528  07BE  1303               	bcf	status, 6	;RP1=0, select bank0
   529  07BF  0193               	clrf	(19)	;volatile
   530                           	line	23
   531                           	
   532  07C0                     l1031:	
   533  07C0  0008               	return
   534                           	opt stack 0
   535                           GLOBAL	__end_of_master
   536  07C1                     	__end_of_master:
   537 ;; =============== function _master ends ============
   538                           
   539                           	signat	_master,4216
   540                           psect	text62,local,class=CODE,delta=2
   541                           global __ptext62
   542  0000                     __ptext62:
   543                           	global	btemp
   544  007E                     	btemp set 07Eh
   545                           
   546                           	DABS	1,126,2	;btemp
   547                           	global	wtemp0
   548  007E                     	wtemp0 set btemp


HI-TECH Software PICC Macro Assembler V9.81 build 7503 
Symbol Table                                                                                   Mon Jun 27 11:14:39 2022

                   pc 0002                    u10 07AA                    u11 07A9                    u20 07BC  
                  u21 07BB                    fsr 0004                   _RC0 0038                   fsr0 0004  
                l1030 07BD                  l1031 07C0                  l1040 07FD                  l1025 07B0  
                l1041 07FD                  l1026 079B                  l1034 07E7                  l1027 07A6  
                l1035 07FB                  l1028 07A6                  l1036 07F3                  l1029 07AA  
                l1037 07F3                  l1038 07FA                  l1039 07FC                  l2200 07EC  
                l1420 07B0                  l1422 07BD                  l1414 079A                  l1416 079B  
                l1418 07AB                  l2190 07C1                  l2192 07DA                  l2194 07DE  
                l2196 07E2                  l2198 07E7                  STR_1 0009                  u2160 07EC  
                u2161 07EB                  u2170 07F9                  u2171 07F8                  _main 07C1  
                btemp 007E                  start 0000                 ?_main 0070                 _ANSEL 0188  
               _PORTA 0005                 _PORTC 0007                 _PORTD 0008                 _PORTE 0009  
               _TRISA 0085                 _TRISC 0087                 _TRISD 0088                 _TRISE 0089  
               _SSPIF 0063                 pclath 000A                 status 0003                 wtemp0 007E  
        __end_of_main 0800                ??_main 0072                _ANSELH 0189                _SSPCON 0014  
              _SSPBUF 0013                _master 0799        __pcstackCOMMON 0070            __pmaintext 07C1  
             ?_master 0070               _SSPSTAT 0094       __size_of_master 0028  end_of_initialization 0795  
      __end_of_master 07C1   start_initialization 0795              ??_master 0070             __pstrings 0003  
         __stringbase 0008             master@ptr 0071              __ptext60 0000              __ptext61 0799  
            __ptext62 0000         __size_of_main 003F             stringcode 0003              stringdir 0003  
            stringtab 0003  
