

HI-TECH Software PIC LITE Macro Assembler V9.81 build 7503 
                                                                                               Mon Jun 06 22:06:58 2022

HI-TECH Software Omniscient Code Generator (Lite mode) build 7503
     1  0000                     opt subtitle "HI-TECH Software Omniscient Code Generator (Lite mode) build 7503"
     2                           
     3                           opt pagewidth 120
     4                           
     5                           	opt lm
     6                           
     7                           	processor	16F887
     8                           clrc	macro
     9                           	bcf	3,0
    10  0000                     	endm
    11                           clrz	macro
    12                           	bcf	3,2
    13  0000                     	endm
    14                           setc	macro
    15                           	bsf	3,0
    16  0000                     	endm
    17                           setz	macro
    18                           	bsf	3,2
    19  0000                     	endm
    20                           skipc	macro
    21                           	btfss	3,0
    22  0000                     	endm
    23                           skipz	macro
    24                           	btfss	3,2
    25  0000                     	endm
    26                           skipnc	macro
    27                           	btfsc	3,0
    28  0000                     	endm
    29                           skipnz	macro
    30                           	btfsc	3,2
    31  0000                     	endm
    32  0000                     indf	equ	0
    33  0000                     indf0	equ	0
    34  0002                     pc	equ	2
    35  0002                     pcl	equ	2
    36  0003                     status	equ	3
    37  0004                     fsr	equ	4
    38  0004                     fsr0	equ	4
    39  0001                     c	equ	1
    40  0000                     z	equ	0
    41  000A                     pclath	equ	10
    42                           	FNCALL	_main,_RC
    43                           	FNCALL	_RC,_master
    44                           	FNROOT	_main
    45                           	global	_PORTA
    46                           psect	text72,local,class=CODE,delta=2
    47                           global __ptext72
    48  0000                     __ptext72:
    49  0005                     _PORTA	set	5
    50                           	global	_PORTC
    51  0007                     _PORTC	set	7
    52                           	global	_RCREG
    53  001A                     _RCREG	set	26
    54                           	global	_RCSTA
    55  0018                     _RCSTA	set	24
    56                           	global	_SSPBUF
    57  0013                     _SSPBUF	set	19
    58                           	global	_SSPCON
    59  0014                     _SSPCON	set	20
    60                           	global	_RCIF
    61  0065                     _RCIF	set	101
    62                           	global	_SSPIF
    63  0063                     _SSPIF	set	99
    64                           	global	_SPBRG
    65  0099                     _SPBRG	set	153
    66                           	global	_SSPSTAT
    67  0094                     _SSPSTAT	set	148
    68                           	global	_TRISA
    69  0085                     _TRISA	set	133
    70                           	global	_TRISC
    71  0087                     _TRISC	set	135
    72                           	global	_TXSTA
    73  0098                     _TXSTA	set	152
    74                           	global	_ANSEL
    75  0188                     _ANSEL	set	392
    76                           	global	_ANSELH
    77  0189                     _ANSELH	set	393
    78                           	file	"UART_tr_SPI_rc.as"
    79                           	line	#
    80                           psect cinit,class=CODE,delta=2
    81                           global start_initialization
    82  07AC                     start_initialization:
    83                           
    84                           psect cinit,class=CODE,delta=2
    85                           global end_of_initialization
    86                           
    87                           ;End of C runtime variable initialization code
    88                           
    89  07AC                     end_of_initialization:
    90  07AC  0183               clrf status
    91  07AD  120A  118A  2FD0   ljmp _main	;jump to C main() function
    92                           psect	cstackCOMMON,class=COMMON,space=1
    93                           global __pcstackCOMMON
    94  0070                     __pcstackCOMMON:
    95                           	global	?_master
    96  0070                     ?_master:	; 0 bytes @ 0x0
    97                           	global	??_master
    98  0070                     ??_master:	; 0 bytes @ 0x0
    99                           	global	?_RC
   100  0070                     ?_RC:	; 0 bytes @ 0x0
   101                           	global	?_main
   102  0070                     ?_main:	; 0 bytes @ 0x0
   103                           	global	master@mas
   104  0070                     master@mas:	; 1 bytes @ 0x0
   105  0070                     	ds	1
   106                           	global	??_RC
   107  0071                     ??_RC:	; 0 bytes @ 0x1
   108  0071                     	ds	1
   109                           	global	RC@data
   110  0072                     RC@data:	; 1 bytes @ 0x2
   111  0072                     	ds	1
   112                           	global	??_main
   113  0073                     ??_main:	; 0 bytes @ 0x3
   114 ;;Data sizes: Strings 0, constant 0, data 0, bss 0, persistent 0 stack 0
   115 ;;Auto spaces:   Size  Autos    Used
   116 ;; COMMON          14      3       3
   117 ;; BANK0           80      0       0
   118 ;; BANK1           80      0       0
   119 ;; BANK3           96      0       0
   120 ;; BANK2           96      0       0
   121                           
   122 ;;
   123 ;; Pointer list with targets:
   124                           
   125                           
   126                           
   127 ;;
   128 ;; Critical Paths under _main in COMMON
   129 ;;
   130 ;;   _main->_RC
   131 ;;   _RC->_master
   132 ;;
   133 ;; Critical Paths under _main in BANK0
   134 ;;
   135 ;;   None.
   136 ;;
   137 ;; Critical Paths under _main in BANK1
   138 ;;
   139 ;;   None.
   140 ;;
   141 ;; Critical Paths under _main in BANK3
   142 ;;
   143 ;;   None.
   144 ;;
   145 ;; Critical Paths under _main in BANK2
   146 ;;
   147 ;;   None.
   148                           
   149 ;;
   150 ;;Main: autosize = 0, tempsize = 0, incstack = 0, save=0
   151 ;;
   152                           
   153 ;;
   154 ;;Call Graph Tables:
   155 ;;
   156 ;; ---------------------------------------------------------------------------------
   157 ;; (Depth) Function   	        Calls       Base Space   Used Autos Params    Refs
   158 ;; ---------------------------------------------------------------------------------
   159 ;; (0) _main                                                 0     0      0      30
   160 ;;                                 _RC
   161 ;; ---------------------------------------------------------------------------------
   162 ;; (1) _RC                                                   2     2      0      30
   163 ;;                                              1 COMMON     2     2      0
   164 ;;                             _master
   165 ;; ---------------------------------------------------------------------------------
   166 ;; (2) _master                                               1     1      0      15
   167 ;;                                              0 COMMON     1     1      0
   168 ;; ---------------------------------------------------------------------------------
   169 ;; Estimated maximum stack depth 2
   170 ;; ---------------------------------------------------------------------------------
   171                           
   172 ;; Call Graph Graphs:
   173                           
   174 ;; _main (ROOT)
   175 ;;   _RC
   176 ;;     _master
   177 ;;
   178                           
   179 ;; Address spaces:
   180                           
   181 ;;Name               Size   Autos  Total    Cost      Usage
   182 ;;BITCOMMON            E      0       0       0        0.0%
   183 ;;EEDATA             100      0       0       0        0.0%
   184 ;;NULL                 0      0       0       0        0.0%
   185 ;;CODE                 0      0       0       0        0.0%
   186 ;;COMMON               E      3       3       1       21.4%
   187 ;;BITSFR0              0      0       0       1        0.0%
   188 ;;SFR0                 0      0       0       1        0.0%
   189 ;;BITSFR1              0      0       0       2        0.0%
   190 ;;SFR1                 0      0       0       2        0.0%
   191 ;;STACK                0      0       2       2        0.0%
   192 ;;ABS                  0      0       0       3        0.0%
   193 ;;BITBANK0            50      0       0       4        0.0%
   194 ;;BITSFR3              0      0       0       4        0.0%
   195 ;;SFR3                 0      0       0       4        0.0%
   196 ;;BANK0               50      0       0       5        0.0%
   197 ;;BITSFR2              0      0       0       5        0.0%
   198 ;;SFR2                 0      0       0       5        0.0%
   199 ;;BITBANK1            50      0       0       6        0.0%
   200 ;;BANK1               50      0       0       7        0.0%
   201 ;;BITBANK3            60      0       0       8        0.0%
   202 ;;BANK3               60      0       0       9        0.0%
   203 ;;BITBANK2            60      0       0      10        0.0%
   204 ;;BANK2               60      0       0      11        0.0%
   205 ;;DATA                 0      0       0      12        0.0%
   206                           
   207                           	global	_main
   208                           psect	maintext,global,class=CODE,delta=2
   209                           global __pmaintext
   210  07D0                     __pmaintext:
   211                           
   212 ;; *************** function _main *****************
   213 ;; Defined at:
   214 ;;		line 23 in file "D:\Embedded\pic\code\software\protocal\SPI\interfacing_UART_with_SPI\interfacing_UART_with_SPI_tr\U
       ART_tr_SPI_rc.c"
   215 ;; Parameters:    Size  Location     Type
   216 ;;		None
   217 ;; Auto vars:     Size  Location     Type
   218 ;;		None
   219 ;; Return value:  Size  Location     Type
   220 ;;		None               void
   221 ;; Registers used:
   222 ;;		wreg, status,2, status,0, pclath, cstack
   223 ;; Tracked objects:
   224 ;;		On entry : 17F/0
   225 ;;		On exit  : 0/0
   226 ;;		Unchanged: 0/0
   227 ;; Data sizes:     COMMON   BANK0   BANK1   BANK3   BANK2
   228 ;;      Params:         0       0       0       0       0
   229 ;;      Locals:         0       0       0       0       0
   230 ;;      Temps:          0       0       0       0       0
   231 ;;      Totals:         0       0       0       0       0
   232 ;;Total ram usage:        0 bytes
   233 ;; Hardware stack levels required when called:    2
   234 ;; This function calls:
   235 ;;		_RC
   236 ;; This function is called by:
   237 ;;		Startup code after reset
   238 ;; This function uses a non-reentrant model
   239 ;;
   240                           psect	maintext
   241                           	file	"D:\Embedded\pic\code\software\protocal\SPI\interfacing_UART_with_SPI\interfacing_
                                 UART_with_SPI_tr\UART_tr_SPI_rc.c"
   242                           	line	23
   243                           	global	__size_of_main
   244  0030                     	__size_of_main	equ	__end_of_main-_main
   245                           	
   246  07D0                     _main:	
   247                           	opt	stack 6
   248                           ; Regs used in _main: [wreg+status,2+status,0+pclath+cstack]
   249                           	line	24
   250                           	
   251  07D0                     l2185:	
   252                           ;UART_tr_SPI_rc.c: 24: PORTA=0X00;
   253  07D0  1283               	bcf	status, 5	;RP0=0, select bank0
   254  07D1  1303               	bcf	status, 6	;RP1=0, select bank0
   255  07D2  0185               	clrf	(5)	;volatile
   256                           	line	25
   257                           ;UART_tr_SPI_rc.c: 25: TRISA=0X00;
   258  07D3  1683               	bsf	status, 5	;RP0=1, select bank1
   259  07D4  1303               	bcf	status, 6	;RP1=0, select bank1
   260  07D5  0185               	clrf	(133)^080h	;volatile
   261                           	line	26
   262                           ;UART_tr_SPI_rc.c: 26: PORTC=0X00;
   263  07D6  1283               	bcf	status, 5	;RP0=0, select bank0
   264  07D7  1303               	bcf	status, 6	;RP1=0, select bank0
   265  07D8  0187               	clrf	(7)	;volatile
   266                           	line	27
   267                           	
   268  07D9                     l2187:	
   269                           ;UART_tr_SPI_rc.c: 27: TRISC=0X90;
   270  07D9  3090               	movlw	(090h)
   271  07DA  1683               	bsf	status, 5	;RP0=1, select bank1
   272  07DB  1303               	bcf	status, 6	;RP1=0, select bank1
   273  07DC  0087               	movwf	(135)^080h	;volatile
   274                           	line	28
   275                           	
   276  07DD                     l2189:	
   277                           ;UART_tr_SPI_rc.c: 28: ANSEL=0X00;
   278  07DD  1683               	bsf	status, 5	;RP0=1, select bank3
   279  07DE  1703               	bsf	status, 6	;RP1=1, select bank3
   280  07DF  0188               	clrf	(392)^0180h	;volatile
   281                           	line	29
   282                           	
   283  07E0                     l2191:	
   284                           ;UART_tr_SPI_rc.c: 29: ANSELH=0X00;
   285  07E0  0189               	clrf	(393)^0180h	;volatile
   286                           	line	30
   287                           	
   288  07E1                     l2193:	
   289                           ;UART_tr_SPI_rc.c: 30: TXSTA=0X26;
   290  07E1  3026               	movlw	(026h)
   291  07E2  1683               	bsf	status, 5	;RP0=1, select bank1
   292  07E3  1303               	bcf	status, 6	;RP1=0, select bank1
   293  07E4  0098               	movwf	(152)^080h	;volatile
   294                           	line	31
   295                           	
   296  07E5                     l2195:	
   297                           ;UART_tr_SPI_rc.c: 31: RCSTA=0X90;
   298  07E5  3090               	movlw	(090h)
   299  07E6  1283               	bcf	status, 5	;RP0=0, select bank0
   300  07E7  1303               	bcf	status, 6	;RP1=0, select bank0
   301  07E8  0098               	movwf	(24)	;volatile
   302                           	line	32
   303                           	
   304  07E9                     l2197:	
   305                           ;UART_tr_SPI_rc.c: 32: SPBRG=25;
   306  07E9  3019               	movlw	(019h)
   307  07EA  1683               	bsf	status, 5	;RP0=1, select bank1
   308  07EB  1303               	bcf	status, 6	;RP1=0, select bank1
   309  07EC  0099               	movwf	(153)^080h	;volatile
   310                           	line	33
   311                           	
   312  07ED                     l2199:	
   313                           ;UART_tr_SPI_rc.c: 33: SSPCON=0X30;
   314  07ED  3030               	movlw	(030h)
   315  07EE  1283               	bcf	status, 5	;RP0=0, select bank0
   316  07EF  1303               	bcf	status, 6	;RP1=0, select bank0
   317  07F0  0094               	movwf	(20)	;volatile
   318                           	line	34
   319                           	
   320  07F1                     l2201:	
   321                           ;UART_tr_SPI_rc.c: 34: SSPSTAT=0X80;
   322  07F1  3080               	movlw	(080h)
   323  07F2  1683               	bsf	status, 5	;RP0=1, select bank1
   324  07F3  1303               	bcf	status, 6	;RP1=0, select bank1
   325  07F4  0094               	movwf	(148)^080h	;volatile
   326  07F5  2FF6               	goto	l2203
   327                           	line	35
   328                           ;UART_tr_SPI_rc.c: 35: while(1)
   329                           	
   330  07F6                     l1037:	
   331                           	line	37
   332                           	
   333  07F6                     l2203:	
   334                           ;UART_tr_SPI_rc.c: 36: {
   335                           ;UART_tr_SPI_rc.c: 37: RC();
   336  07F6  120A  118A  27BC   	fcall	_RC
              120A  118A         
   337  07FB  2FF6               	goto	l2203
   338                           	line	39
   339                           	
   340  07FC                     l1038:	
   341                           	line	35
   342  07FC  2FF6               	goto	l2203
   343                           	
   344  07FD                     l1039:	
   345                           	line	40
   346                           	
   347  07FD                     l1040:	
   348                           	global	start
   349  07FD  120A  118A  2800   	ljmp	start
   350                           	opt stack 0
   351                           GLOBAL	__end_of_main
   352  0800                     	__end_of_main:
   353 ;; =============== function _main ends ============
   354                           
   355                           	signat	_main,88
   356                           	global	_RC
   357                           psect	text73,local,class=CODE,delta=2
   358                           global __ptext73
   359  07BC                     __ptext73:
   360                           
   361 ;; *************** function _RC *****************
   362 ;; Defined at:
   363 ;;		line 12 in file "D:\Embedded\pic\code\software\protocal\SPI\interfacing_UART_with_SPI\interfacing_UART_with_SPI_tr\U
       ART_tr_SPI_rc.c"
   364 ;; Parameters:    Size  Location     Type
   365 ;;		None
   366 ;; Auto vars:     Size  Location     Type
   367 ;;  data            1    2[COMMON] unsigned char 
   368 ;; Return value:  Size  Location     Type
   369 ;;		None               void
   370 ;; Registers used:
   371 ;;		wreg, status,2, status,0, pclath, cstack
   372 ;; Tracked objects:
   373 ;;		On entry : 0/0
   374 ;;		On exit  : 0/0
   375 ;;		Unchanged: 0/0
   376 ;; Data sizes:     COMMON   BANK0   BANK1   BANK3   BANK2
   377 ;;      Params:         0       0       0       0       0
   378 ;;      Locals:         1       0       0       0       0
   379 ;;      Temps:          1       0       0       0       0
   380 ;;      Totals:         2       0       0       0       0
   381 ;;Total ram usage:        2 bytes
   382 ;; Hardware stack levels used:    1
   383 ;; Hardware stack levels required when called:    1
   384 ;; This function calls:
   385 ;;		_master
   386 ;; This function is called by:
   387 ;;		_main
   388 ;; This function uses a non-reentrant model
   389 ;;
   390                           psect	text73
   391                           	file	"D:\Embedded\pic\code\software\protocal\SPI\interfacing_UART_with_SPI\interfacing_
                                 UART_with_SPI_tr\UART_tr_SPI_rc.c"
   392                           	line	12
   393                           	global	__size_of_RC
   394  0014                     	__size_of_RC	equ	__end_of_RC-_RC
   395                           	
   396  07BC                     _RC:	
   397                           	opt	stack 6
   398                           ; Regs used in _RC: [wreg+status,2+status,0+pclath+cstack]
   399                           	line	14
   400                           	
   401  07BC                     l2177:	
   402                           ;UART_tr_SPI_rc.c: 13: char data;
   403                           ;UART_tr_SPI_rc.c: 14: while(RCIF==0);
   404  07BC  2FBD               	goto	l1031
   405                           	
   406  07BD                     l1032:	
   407                           	
   408  07BD                     l1031:	
   409  07BD  1283               	bcf	status, 5	;RP0=0, select bank0
   410  07BE  1303               	bcf	status, 6	;RP1=0, select bank0
   411  07BF  1E8C               	btfss	(101/8),(101)&7
   412  07C0  2FC2               	goto	u2151
   413  07C1  2FC3               	goto	u2150
   414  07C2                     u2151:
   415  07C2  2FBD               	goto	l1031
   416  07C3                     u2150:
   417  07C3  2FC4               	goto	l2179
   418                           	
   419  07C4                     l1033:	
   420                           	line	15
   421                           	
   422  07C4                     l2179:	
   423                           ;UART_tr_SPI_rc.c: 15: data=RCREG;
   424  07C4  081A               	movf	(26),w	;volatile
   425  07C5  00F1               	movwf	(??_RC+0)+0
   426  07C6  0871               	movf	(??_RC+0)+0,w
   427  07C7  00F2               	movwf	(RC@data)
   428                           	line	16
   429                           	
   430  07C8                     l2181:	
   431                           ;UART_tr_SPI_rc.c: 16: RCIF=0;
   432  07C8  128C               	bcf	(101/8),(101)&7
   433                           	line	17
   434                           	
   435  07C9                     l2183:	
   436                           ;UART_tr_SPI_rc.c: 17: master(data);
   437  07C9  0872               	movf	(RC@data),w
   438  07CA  120A  118A  27B0   	fcall	_master
              120A  118A         
   439                           	line	19
   440                           	
   441  07CF                     l1034:	
   442  07CF  0008               	return
   443                           	opt stack 0
   444                           GLOBAL	__end_of_RC
   445  07D0                     	__end_of_RC:
   446 ;; =============== function _RC ends ============
   447                           
   448                           	signat	_RC,88
   449                           	global	_master
   450                           psect	text74,local,class=CODE,delta=2
   451                           global __ptext74
   452  07B0                     __ptext74:
   453                           
   454 ;; *************** function _master *****************
   455 ;; Defined at:
   456 ;;		line 6 in file "D:\Embedded\pic\code\software\protocal\SPI\interfacing_UART_with_SPI\interfacing_UART_with_SPI_tr\UA
       RT_tr_SPI_rc.c"
   457 ;; Parameters:    Size  Location     Type
   458 ;;  mas             1    wreg     unsigned char 
   459 ;; Auto vars:     Size  Location     Type
   460 ;;  mas             1    0[COMMON] unsigned char 
   461 ;; Return value:  Size  Location     Type
   462 ;;		None               void
   463 ;; Registers used:
   464 ;;		wreg
   465 ;; Tracked objects:
   466 ;;		On entry : 0/0
   467 ;;		On exit  : 0/0
   468 ;;		Unchanged: 0/0
   469 ;; Data sizes:     COMMON   BANK0   BANK1   BANK3   BANK2
   470 ;;      Params:         0       0       0       0       0
   471 ;;      Locals:         1       0       0       0       0
   472 ;;      Temps:          0       0       0       0       0
   473 ;;      Totals:         1       0       0       0       0
   474 ;;Total ram usage:        1 bytes
   475 ;; Hardware stack levels used:    1
   476 ;; This function calls:
   477 ;;		Nothing
   478 ;; This function is called by:
   479 ;;		_RC
   480 ;; This function uses a non-reentrant model
   481 ;;
   482                           psect	text74
   483                           	file	"D:\Embedded\pic\code\software\protocal\SPI\interfacing_UART_with_SPI\interfacing_
                                 UART_with_SPI_tr\UART_tr_SPI_rc.c"
   484                           	line	6
   485                           	global	__size_of_master
   486  000C                     	__size_of_master	equ	__end_of_master-_master
   487                           	
   488  07B0                     _master:	
   489                           	opt	stack 6
   490                           ; Regs used in _master: [wreg]
   491                           ;master@mas stored from wreg
   492  07B0  00F0               	movwf	(master@mas)
   493                           	line	7
   494                           	
   495  07B1                     l1409:	
   496                           ;UART_tr_SPI_rc.c: 7: SSPBUF=mas;
   497  07B1  0870               	movf	(master@mas),w
   498  07B2  1283               	bcf	status, 5	;RP0=0, select bank0
   499  07B3  1303               	bcf	status, 6	;RP1=0, select bank0
   500  07B4  0093               	movwf	(19)	;volatile
   501                           	line	8
   502                           ;UART_tr_SPI_rc.c: 8: while(SSPIF==0);
   503  07B5  2FB6               	goto	l1025
   504                           	
   505  07B6                     l1026:	
   506                           	
   507  07B6                     l1025:	
   508  07B6  1D8C               	btfss	(99/8),(99)&7
   509  07B7  2FB9               	goto	u11
   510  07B8  2FBA               	goto	u10
   511  07B9                     u11:
   512  07B9  2FB6               	goto	l1025
   513  07BA                     u10:
   514                           	
   515  07BA                     l1027:	
   516                           	line	9
   517                           ;UART_tr_SPI_rc.c: 9: SSPIF=0;
   518  07BA  118C               	bcf	(99/8),(99)&7
   519                           	line	10
   520                           	
   521  07BB                     l1028:	
   522  07BB  0008               	return
   523                           	opt stack 0
   524                           GLOBAL	__end_of_master
   525  07BC                     	__end_of_master:
   526 ;; =============== function _master ends ============
   527                           
   528                           	signat	_master,4216
   529                           psect	text75,local,class=CODE,delta=2
   530                           global __ptext75
   531  0000                     __ptext75:
   532                           	global	btemp
   533  007E                     	btemp set 07Eh
   534                           
   535                           	DABS	1,126,2	;btemp
   536                           	global	wtemp0
   537  007E                     	wtemp0 set btemp


HI-TECH Software PICC Macro Assembler V9.81 build 7503 
Symbol Table                                                                                   Mon Jun 06 22:06:58 2022

                  _RC 07BC                    u10 07BA                    u11 07B9                   ?_RC 0070  
                ??_RC 0071                  l1031 07BD                  l1032 07BD                  l1040 07FD  
                l1025 07B6                  l1033 07C4                  l1026 07B6                  l1034 07CF  
                l1027 07BA                  l1028 07BB                  l1037 07F6                  l1038 07FC  
                l1039 07FD                  l2201 07F1                  l2203 07F6                  l1409 07B1  
                l2181 07C8                  l2183 07C9                  l2191 07E0                  l2177 07BC  
                l2193 07E1                  l2185 07D0                  l2179 07C4                  l2195 07E5  
                l2187 07D9                  l2197 07E9                  l2189 07DD                  l2199 07ED  
                u2150 07C3                  u2151 07C2                  _RCIF 0065                  _main 07D0  
                btemp 007E                  start 0000                 ?_main 0070                 _ANSEL 0188  
               _RCREG 001A                 _RCSTA 0018                 _SPBRG 0099                 _PORTA 0005  
               _PORTC 0007                 _TRISA 0085                 _TRISC 0087                 _SSPIF 0063  
               _TXSTA 0098                 status 0003                 wtemp0 007E          __end_of_main 0800  
              ??_main 0073                RC@data 0072                _ANSELH 0189                _SSPCON 0014  
              _SSPBUF 0013                _master 07B0        __pcstackCOMMON 0070            __end_of_RC 07D0  
          __pmaintext 07D0               ?_master 0070               _SSPSTAT 0094       __size_of_master 000C  
end_of_initialization 07AC        __end_of_master 07BC   start_initialization 07AC              ??_master 0070  
         __size_of_RC 0014             master@mas 0070              __ptext72 0000              __ptext73 07BC  
            __ptext74 07B0              __ptext75 0000         __size_of_main 0030  
