

HI-TECH Software PIC LITE Macro Assembler V9.81 build 7503 
                                                                                               Wed Apr 13 03:32:56 2022

HI-TECH Software Omniscient Code Generator (Lite mode) build 7503
     1  0000                     opt subtitle "HI-TECH Software Omniscient Code Generator (Lite mode) build 7503"
     2                           
     3                           opt pagewidth 120
     4                           
     5                           	opt lm
     6                           
     7                           	processor	16F887
     8                           clrc	macro
     9                           	bcf	3,0
    10  0000                     	endm
    11                           clrz	macro
    12                           	bcf	3,2
    13  0000                     	endm
    14                           setc	macro
    15                           	bsf	3,0
    16  0000                     	endm
    17                           setz	macro
    18                           	bsf	3,2
    19  0000                     	endm
    20                           skipc	macro
    21                           	btfss	3,0
    22  0000                     	endm
    23                           skipz	macro
    24                           	btfss	3,2
    25  0000                     	endm
    26                           skipnc	macro
    27                           	btfsc	3,0
    28  0000                     	endm
    29                           skipnz	macro
    30                           	btfsc	3,2
    31  0000                     	endm
    32  0000                     indf	equ	0
    33  0000                     indf0	equ	0
    34  0002                     pc	equ	2
    35  0002                     pcl	equ	2
    36  0003                     status	equ	3
    37  0004                     fsr	equ	4
    38  0004                     fsr0	equ	4
    39  0001                     c	equ	1
    40  0000                     z	equ	0
    41  000A                     pclath	equ	10
    42                           	FNCALL	_main,___awdiv
    43                           	FNCALL	_main,___awmod
    44                           	FNCALL	_main,_delay
    45                           	FNROOT	_main
    46                           	global	main@F1609
    47                           psect	idataBANK0,class=CODE,space=0,delta=2
    48                           global __pidataBANK0
    49  062A                     __pidataBANK0:
    50                           	file	"D:\Embedded\pic\code\software\segment\four-digit-twotwo\four-digit-twotwo.c"
    51                           	line	14
    52                           
    53                           ;initializer for main@F1609
    54  062A  343F               	retlw	03Fh
    55  062B  3406               	retlw	06h
    56  062C  345B               	retlw	05Bh
    57  062D  344F               	retlw	04Fh
    58  062E  3466               	retlw	066h
    59  062F  346D               	retlw	06Dh
    60  0630  347D               	retlw	07Dh
    61  0631  3407               	retlw	07h
    62  0632  347F               	retlw	07Fh
    63  0633  346F               	retlw	06Fh
    64  0634  3400               	retlw	0
    65  0635  3400               	retlw	0
    66  0636  3400               	retlw	0
    67  0637  3400               	retlw	0
    68  0638  3400               	retlw	0
    69  0639  3400               	retlw	0
    70  063A  3400               	retlw	0
    71  063B  3400               	retlw	0
    72  063C  3400               	retlw	0
    73  063D  3400               	retlw	0
    74                           	global	_PORTB
    75  0006                     _PORTB	set	6
    76                           	global	_PORTD
    77  0008                     _PORTD	set	8
    78                           	global	_RD0
    79  0040                     _RD0	set	64
    80                           	global	_RD1
    81  0041                     _RD1	set	65
    82                           	global	_RD2
    83  0042                     _RD2	set	66
    84                           	global	_RD3
    85  0043                     _RD3	set	67
    86                           	global	_TRISB
    87  0086                     _TRISB	set	134
    88                           	global	_TRISD
    89  0088                     _TRISD	set	136
    90                           	file	"four-digit-twotwo.as"
    91                           	line	#
    92                           psect cinit,class=CODE,delta=2
    93                           global start_initialization
    94  0604                     start_initialization:
    95                           
    96                           psect	dataBANK0,class=BANK0,space=1
    97                           global __pdataBANK0
    98  0040                     __pdataBANK0:
    99                           	file	"D:\Embedded\pic\code\software\segment\four-digit-twotwo\four-digit-twotwo.c"
   100  0040                     main@F1609:
   101  0040                            ds      20
   102                           
   103                           global btemp
   104                           psect inittext,class=CODE,delta=2
   105                           global init_fetch,btemp
   106                           ;	Called with low address in FSR and high address in W
   107  05F3                     init_fetch:
   108  05F3  087E               	movf btemp,w
   109  05F4  008A               	movwf pclath
   110  05F5  087F               	movf btemp+1,w
   111  05F6  0082               	movwf pc
   112                           global init_ram
   113                           ;Called with:
   114                           ;	high address of idata address in btemp 
   115                           ;	low address of idata address in btemp+1 
   116                           ;	low address of data in FSR
   117                           ;	high address + 1 of data in btemp-1
   118  05F7                     init_ram:
   119  05F7  25F3  120A  118A   	fcall init_fetch
   120  05FA  0080               	movwf indf,f
   121  05FB  0A84               	incf fsr,f
   122  05FC  0804               	movf fsr,w
   123  05FD  067D               	xorwf btemp-1,w
   124  05FE  1903               	btfsc status,2
   125  05FF  3400               	retlw 0
   126  0600  0AFF               	incf btemp+1,f
   127  0601  1903               	btfsc status,2
   128  0602  0AFE               	incf btemp,f
   129  0603  2DF7               	goto init_ram
   130                           ; Initialize objects allocated to BANK0
   131                           psect cinit,class=CODE,delta=2
   132                           global init_ram, __pidataBANK0
   133  0604  1383               	bcf	status, 7	;select IRP bank0
   134  0605  3054               	movlw low(__pdataBANK0+20)
   135  0606  00FD               	movwf btemp-1,f
   136  0607  3006               	movlw high(__pidataBANK0)
   137  0608  00FE               	movwf btemp,f
   138  0609  302A               	movlw low(__pidataBANK0)
   139  060A  00FF               	movwf btemp+1,f
   140  060B  3040               	movlw low(__pdataBANK0)
   141  060C  0084               	movwf fsr,f
   142  060D  120A  118A  25F7   	fcall init_ram
              120A  118A         
   143                           psect cinit,class=CODE,delta=2
   144                           global end_of_initialization
   145                           
   146                           ;End of C runtime variable initialization code
   147                           
   148  0612                     end_of_initialization:
   149  0612  0183               clrf status
   150  0613  120A  118A  2F18   ljmp _main	;jump to C main() function
   151                           psect	cstackCOMMON,class=COMMON,space=1
   152                           global __pcstackCOMMON
   153  0070                     __pcstackCOMMON:
   154                           	global	?_delay
   155  0070                     ?_delay:	; 0 bytes @ 0x0
   156                           	global	?_main
   157  0070                     ?_main:	; 0 bytes @ 0x0
   158                           	global	?___awdiv
   159  0070                     ?___awdiv:	; 2 bytes @ 0x0
   160                           	global	?___awmod
   161  0070                     ?___awmod:	; 2 bytes @ 0x0
   162                           	global	delay@a
   163  0070                     delay@a:	; 2 bytes @ 0x0
   164                           	global	___awdiv@divisor
   165  0070                     ___awdiv@divisor:	; 2 bytes @ 0x0
   166                           	global	___awmod@divisor
   167  0070                     ___awmod@divisor:	; 2 bytes @ 0x0
   168  0070                     	ds	2
   169                           	global	??_delay
   170  0072                     ??_delay:	; 0 bytes @ 0x2
   171                           	global	___awdiv@dividend
   172  0072                     ___awdiv@dividend:	; 2 bytes @ 0x2
   173                           	global	___awmod@dividend
   174  0072                     ___awmod@dividend:	; 2 bytes @ 0x2
   175  0072                     	ds	2
   176                           	global	??___awdiv
   177  0074                     ??___awdiv:	; 0 bytes @ 0x4
   178                           	global	??___awmod
   179  0074                     ??___awmod:	; 0 bytes @ 0x4
   180  0074                     	ds	1
   181                           	global	___awdiv@counter
   182  0075                     ___awdiv@counter:	; 1 bytes @ 0x5
   183                           	global	___awmod@counter
   184  0075                     ___awmod@counter:	; 1 bytes @ 0x5
   185  0075                     	ds	1
   186                           	global	___awdiv@sign
   187  0076                     ___awdiv@sign:	; 1 bytes @ 0x6
   188                           	global	___awmod@sign
   189  0076                     ___awmod@sign:	; 1 bytes @ 0x6
   190  0076                     	ds	1
   191                           	global	___awdiv@quotient
   192  0077                     ___awdiv@quotient:	; 2 bytes @ 0x7
   193  0077                     	ds	2
   194                           	global	??_main
   195  0079                     ??_main:	; 0 bytes @ 0x9
   196  0079                     	ds	4
   197                           psect	cstackBANK0,class=BANK0,space=1
   198                           global __pcstackBANK0
   199  0020                     __pcstackBANK0:
   200                           	global	main@seg
   201  0020                     main@seg:	; 20 bytes @ 0x0
   202  0020                     	ds	20
   203                           	global	main@a
   204  0034                     main@a:	; 2 bytes @ 0x14
   205  0034                     	ds	2
   206                           	global	main@b
   207  0036                     main@b:	; 2 bytes @ 0x16
   208  0036                     	ds	2
   209                           	global	main@c
   210  0038                     main@c:	; 2 bytes @ 0x18
   211  0038                     	ds	2
   212                           	global	main@d
   213  003A                     main@d:	; 2 bytes @ 0x1A
   214  003A                     	ds	2
   215                           	global	main@i
   216  003C                     main@i:	; 2 bytes @ 0x1C
   217  003C                     	ds	2
   218                           	global	main@j
   219  003E                     main@j:	; 2 bytes @ 0x1E
   220  003E                     	ds	2
   221 ;;Data sizes: Strings 0, constant 0, data 20, bss 0, persistent 0 stack 0
   222 ;;Auto spaces:   Size  Autos    Used
   223 ;; COMMON          14     13      13
   224 ;; BANK0           80     32      52
   225 ;; BANK1           80      0       0
   226 ;; BANK3           96      0       0
   227 ;; BANK2           96      0       0
   228                           
   229 ;;
   230 ;; Pointer list with targets:
   231                           
   232 ;; ?___awmod	int  size(1) Largest target is 0
   233 ;;
   234 ;; ?___awdiv	int  size(1) Largest target is 0
   235 ;;
   236                           
   237                           
   238 ;;
   239 ;; Critical Paths under _main in COMMON
   240 ;;
   241 ;;   _main->___awdiv
   242 ;;
   243 ;; Critical Paths under _main in BANK0
   244 ;;
   245 ;;   None.
   246 ;;
   247 ;; Critical Paths under _main in BANK1
   248 ;;
   249 ;;   None.
   250 ;;
   251 ;; Critical Paths under _main in BANK3
   252 ;;
   253 ;;   None.
   254 ;;
   255 ;; Critical Paths under _main in BANK2
   256 ;;
   257 ;;   None.
   258                           
   259 ;;
   260 ;;Main: autosize = 0, tempsize = 4, incstack = 0, save=0
   261 ;;
   262                           
   263 ;;
   264 ;;Call Graph Tables:
   265 ;;
   266 ;; ---------------------------------------------------------------------------------
   267 ;; (Depth) Function   	        Calls       Base Space   Used Autos Params    Refs
   268 ;; ---------------------------------------------------------------------------------
   269 ;; (0) _main                                                38    38      0     917
   270 ;;                                              9 COMMON     4     4      0
   271 ;;                                              0 BANK0     32    32      0
   272 ;;                            ___awdiv
   273 ;;                            ___awmod
   274 ;;                              _delay
   275 ;; ---------------------------------------------------------------------------------
   276 ;; (1) ___awmod                                              7     3      4     296
   277 ;;                                              0 COMMON     7     3      4
   278 ;; ---------------------------------------------------------------------------------
   279 ;; (1) ___awdiv                                              9     5      4     300
   280 ;;                                              0 COMMON     9     5      4
   281 ;; ---------------------------------------------------------------------------------
   282 ;; (1) _delay                                                2     0      2      22
   283 ;;                                              0 COMMON     2     0      2
   284 ;; ---------------------------------------------------------------------------------
   285 ;; Estimated maximum stack depth 1
   286 ;; ---------------------------------------------------------------------------------
   287                           
   288 ;; Call Graph Graphs:
   289                           
   290 ;; _main (ROOT)
   291 ;;   ___awdiv
   292 ;;   ___awmod
   293 ;;   _delay
   294 ;;
   295                           
   296 ;; Address spaces:
   297                           
   298 ;;Name               Size   Autos  Total    Cost      Usage
   299 ;;BANK3               60      0       0       9        0.0%
   300 ;;BITBANK3            60      0       0       8        0.0%
   301 ;;SFR3                 0      0       0       4        0.0%
   302 ;;BITSFR3              0      0       0       4        0.0%
   303 ;;BANK2               60      0       0      11        0.0%
   304 ;;BITBANK2            60      0       0      10        0.0%
   305 ;;SFR2                 0      0       0       5        0.0%
   306 ;;BITSFR2              0      0       0       5        0.0%
   307 ;;SFR1                 0      0       0       2        0.0%
   308 ;;BITSFR1              0      0       0       2        0.0%
   309 ;;BANK1               50      0       0       7        0.0%
   310 ;;BITBANK1            50      0       0       6        0.0%
   311 ;;CODE                 0      0       0       0        0.0%
   312 ;;DATA                 0      0      42      12        0.0%
   313 ;;ABS                  0      0      41       3        0.0%
   314 ;;NULL                 0      0       0       0        0.0%
   315 ;;STACK                0      0       1       2        0.0%
   316 ;;BANK0               50     20      34       5       65.0%
   317 ;;BITBANK0            50      0       0       4        0.0%
   318 ;;SFR0                 0      0       0       1        0.0%
   319 ;;BITSFR0              0      0       0       1        0.0%
   320 ;;COMMON               E      D       D       1       92.9%
   321 ;;BITCOMMON            E      0       0       0        0.0%
   322 ;;EEDATA             100      0       0       0        0.0%
   323                           
   324                           	global	_main
   325                           psect	maintext,global,class=CODE,delta=2
   326                           global __pmaintext
   327  0718                     __pmaintext:
   328                           
   329 ;; *************** function _main *****************
   330 ;; Defined at:
   331 ;;		line 12 in file "D:\Embedded\pic\code\software\segment\four-digit-twotwo\four-digit-twotwo.c"
   332 ;; Parameters:    Size  Location     Type
   333 ;;		None
   334 ;; Auto vars:     Size  Location     Type
   335 ;;  seg            20    0[BANK0 ] unsigned char [20]
   336 ;;  j               2   30[BANK0 ] int 
   337 ;;  i               2   28[BANK0 ] int 
   338 ;;  d               2   26[BANK0 ] int 
   339 ;;  c               2   24[BANK0 ] int 
   340 ;;  b               2   22[BANK0 ] int 
   341 ;;  a               2   20[BANK0 ] int 
   342 ;;  k               2    0        int 
   343 ;; Return value:  Size  Location     Type
   344 ;;		None               void
   345 ;; Registers used:
   346 ;;		wreg, fsr0l, fsr0h, status,2, status,0, pclath, cstack
   347 ;; Tracked objects:
   348 ;;		On entry : 17F/0
   349 ;;		On exit  : 0/0
   350 ;;		Unchanged: 0/0
   351 ;; Data sizes:     COMMON   BANK0   BANK1   BANK3   BANK2
   352 ;;      Params:         0       0       0       0       0
   353 ;;      Locals:         0      32       0       0       0
   354 ;;      Temps:          4       0       0       0       0
   355 ;;      Totals:         4      32       0       0       0
   356 ;;Total ram usage:       36 bytes
   357 ;; Hardware stack levels required when called:    1
   358 ;; This function calls:
   359 ;;		___awdiv
   360 ;;		___awmod
   361 ;;		_delay
   362 ;; This function is called by:
   363 ;;		Startup code after reset
   364 ;; This function uses a non-reentrant model
   365 ;;
   366                           psect	maintext
   367                           	file	"D:\Embedded\pic\code\software\segment\four-digit-twotwo\four-digit-twotwo.c"
   368                           	line	12
   369                           	global	__size_of_main
   370  00E8                     	__size_of_main	equ	__end_of_main-_main
   371                           	
   372  0718                     _main:	
   373                           	opt	stack 7
   374                           ; Regs used in _main: [wreg-fsr0h+status,2+status,0+pclath+cstack]
   375                           	line	14
   376                           	
   377  0718                     l2366:	
   378                           ;four-digit-twotwo.c: 13: int i,j,a,b,c,d,k;
   379                           ;four-digit-twotwo.c: 14: char seg[20]={0X3F,0X06,0X5B,0X4F,0X66,0X6D,0X7D,0X07,0X7F,0X6
                                 F};
   380  0718  3020               	movlw	(main@seg)&0ffh
   381  0719  0084               	movwf	fsr0
   382  071A  3040               	movlw	low(main@F1609)
   383  071B  00F9               	movwf	(??_main+0)+0
   384  071C  0804               	movf	fsr0,w
   385  071D  00FA               	movwf	((??_main+0)+0+1)
   386  071E  3014               	movlw	20
   387  071F  00FB               	movwf	((??_main+0)+0+2)
   388  0720                     u2370:
   389  0720  0879               	movf	(??_main+0)+0,w
   390  0721  0084               	movwf	fsr0
   391  0722  1383               	bcf	status, 7	;select IRP bank0
   392                           	
   393  0723  0800               	movf	indf,w
   394  0724  00FC               	movwf	((??_main+0)+0+3)
   395  0725  0AF9               	incf	(??_main+0)+0,f
   396  0726  087A               	movf	((??_main+0)+0+1),w
   397  0727  0084               	movwf	fsr0
   398                           	
   399  0728  087C               	movf	((??_main+0)+0+3),w
   400  0729  0080               	movwf	indf
   401  072A  0AFA               	incf	((??_main+0)+0+1),f
   402  072B  0BFB               	decfsz	((??_main+0)+0+2),f
   403  072C  2F20               	goto	u2370
   404                           	line	15
   405                           	
   406  072D                     l2368:	
   407                           ;four-digit-twotwo.c: 15: TRISB=0X00;
   408  072D  1683               	bsf	status, 5	;RP0=1, select bank1
   409  072E  1303               	bcf	status, 6	;RP1=0, select bank1
   410  072F  0186               	clrf	(134)^080h	;volatile
   411                           	line	16
   412                           	
   413  0730                     l2370:	
   414                           ;four-digit-twotwo.c: 16: PORTB=0X00;
   415  0730  1283               	bcf	status, 5	;RP0=0, select bank0
   416  0731  1303               	bcf	status, 6	;RP1=0, select bank0
   417  0732  0186               	clrf	(6)	;volatile
   418                           	line	17
   419                           	
   420  0733                     l2372:	
   421                           ;four-digit-twotwo.c: 17: TRISD=0X00;
   422  0733  1683               	bsf	status, 5	;RP0=1, select bank1
   423  0734  1303               	bcf	status, 6	;RP1=0, select bank1
   424  0735  0188               	clrf	(136)^080h	;volatile
   425                           	line	18
   426                           	
   427  0736                     l2374:	
   428                           ;four-digit-twotwo.c: 18: PORTD=0X00;
   429  0736  1283               	bcf	status, 5	;RP0=0, select bank0
   430  0737  1303               	bcf	status, 6	;RP1=0, select bank0
   431  0738  0188               	clrf	(8)	;volatile
   432  0739  2F3A               	goto	l2376
   433                           	line	19
   434                           ;four-digit-twotwo.c: 19: while(1)
   435                           	
   436  073A                     l1033:	
   437                           	line	22
   438                           	
   439  073A                     l2376:	
   440                           ;four-digit-twotwo.c: 20: {
   441                           ;four-digit-twotwo.c: 22: for(i=0,j=99;i<=99,j>=0;i++,j--)
   442  073A  01BC               	clrf	(main@i)
   443  073B  01BD               	clrf	(main@i+1)
   444                           	
   445  073C                     l2378:	
   446  073C  3063               	movlw	low(063h)
   447  073D  00BE               	movwf	(main@j)
   448  073E  3000               	movlw	high(063h)
   449  073F  00BF               	movwf	((main@j))+1
   450  0740  2FF6               	goto	l2414
   451                           	line	23
   452                           	
   453  0741                     l1035:	
   454                           	line	24
   455                           	
   456  0741                     l2380:	
   457                           ;four-digit-twotwo.c: 23: {
   458                           ;four-digit-twotwo.c: 24: a=i/10;
   459  0741  300A               	movlw	low(0Ah)
   460  0742  00F0               	movwf	(?___awdiv)
   461  0743  3000               	movlw	high(0Ah)
   462  0744  00F1               	movwf	((?___awdiv))+1
   463  0745  083D               	movf	(main@i+1),w
   464  0746  01F3               	clrf	1+(?___awdiv)+02h
   465  0747  07F3               	addwf	1+(?___awdiv)+02h
   466  0748  083C               	movf	(main@i),w
   467  0749  01F2               	clrf	0+(?___awdiv)+02h
   468  074A  07F2               	addwf	0+(?___awdiv)+02h
   469                           
   470  074B  120A  118A  26A4   	fcall	___awdiv
              120A  118A         
   471  0750  0871               	movf	(1+(?___awdiv)),w
   472  0751  1283               	bcf	status, 5	;RP0=0, select bank0
   473  0752  1303               	bcf	status, 6	;RP1=0, select bank0
   474  0753  01B5               	clrf	(main@a+1)
   475  0754  07B5               	addwf	(main@a+1)
   476  0755  0870               	movf	(0+(?___awdiv)),w
   477  0756  01B4               	clrf	(main@a)
   478  0757  07B4               	addwf	(main@a)
   479                           
   480                           	line	25
   481                           ;four-digit-twotwo.c: 25: b=i%10;
   482  0758  300A               	movlw	low(0Ah)
   483  0759  00F0               	movwf	(?___awmod)
   484  075A  3000               	movlw	high(0Ah)
   485  075B  00F1               	movwf	((?___awmod))+1
   486  075C  083D               	movf	(main@i+1),w
   487  075D  01F3               	clrf	1+(?___awmod)+02h
   488  075E  07F3               	addwf	1+(?___awmod)+02h
   489  075F  083C               	movf	(main@i),w
   490  0760  01F2               	clrf	0+(?___awmod)+02h
   491  0761  07F2               	addwf	0+(?___awmod)+02h
   492                           
   493  0762  120A  118A  263E   	fcall	___awmod
              120A  118A         
   494  0767  0871               	movf	(1+(?___awmod)),w
   495  0768  1283               	bcf	status, 5	;RP0=0, select bank0
   496  0769  1303               	bcf	status, 6	;RP1=0, select bank0
   497  076A  01B7               	clrf	(main@b+1)
   498  076B  07B7               	addwf	(main@b+1)
   499  076C  0870               	movf	(0+(?___awmod)),w
   500  076D  01B6               	clrf	(main@b)
   501  076E  07B6               	addwf	(main@b)
   502                           
   503                           	line	26
   504                           ;four-digit-twotwo.c: 26: c=j/10;
   505  076F  300A               	movlw	low(0Ah)
   506  0770  00F0               	movwf	(?___awdiv)
   507  0771  3000               	movlw	high(0Ah)
   508  0772  00F1               	movwf	((?___awdiv))+1
   509  0773  083F               	movf	(main@j+1),w
   510  0774  01F3               	clrf	1+(?___awdiv)+02h
   511  0775  07F3               	addwf	1+(?___awdiv)+02h
   512  0776  083E               	movf	(main@j),w
   513  0777  01F2               	clrf	0+(?___awdiv)+02h
   514  0778  07F2               	addwf	0+(?___awdiv)+02h
   515                           
   516  0779  120A  118A  26A4   	fcall	___awdiv
              120A  118A         
   517  077E  0871               	movf	(1+(?___awdiv)),w
   518  077F  1283               	bcf	status, 5	;RP0=0, select bank0
   519  0780  1303               	bcf	status, 6	;RP1=0, select bank0
   520  0781  01B9               	clrf	(main@c+1)
   521  0782  07B9               	addwf	(main@c+1)
   522  0783  0870               	movf	(0+(?___awdiv)),w
   523  0784  01B8               	clrf	(main@c)
   524  0785  07B8               	addwf	(main@c)
   525                           
   526                           	line	27
   527                           ;four-digit-twotwo.c: 27: d=j%10;
   528  0786  300A               	movlw	low(0Ah)
   529  0787  00F0               	movwf	(?___awmod)
   530  0788  3000               	movlw	high(0Ah)
   531  0789  00F1               	movwf	((?___awmod))+1
   532  078A  083F               	movf	(main@j+1),w
   533  078B  01F3               	clrf	1+(?___awmod)+02h
   534  078C  07F3               	addwf	1+(?___awmod)+02h
   535  078D  083E               	movf	(main@j),w
   536  078E  01F2               	clrf	0+(?___awmod)+02h
   537  078F  07F2               	addwf	0+(?___awmod)+02h
   538                           
   539  0790  120A  118A  263E   	fcall	___awmod
              120A  118A         
   540  0795  0871               	movf	(1+(?___awmod)),w
   541  0796  1283               	bcf	status, 5	;RP0=0, select bank0
   542  0797  1303               	bcf	status, 6	;RP1=0, select bank0
   543  0798  01BB               	clrf	(main@d+1)
   544  0799  07BB               	addwf	(main@d+1)
   545  079A  0870               	movf	(0+(?___awmod)),w
   546  079B  01BA               	clrf	(main@d)
   547  079C  07BA               	addwf	(main@d)
   548                           
   549                           	line	29
   550                           	
   551  079D                     l2382:	
   552                           ;four-digit-twotwo.c: 29: RD0=0;
   553  079D  1008               	bcf	(64/8),(64)&7
   554                           	line	30
   555                           	
   556  079E                     l2384:	
   557                           ;four-digit-twotwo.c: 30: RD1=1;
   558  079E  1488               	bsf	(65/8),(65)&7
   559                           	line	31
   560                           	
   561  079F                     l2386:	
   562                           ;four-digit-twotwo.c: 31: PORTB=seg[a];
   563  079F  0834               	movf	(main@a),w
   564  07A0  3E20               	addlw	main@seg&0ffh
   565  07A1  0084               	movwf	fsr0
   566  07A2  1383               	bcf	status, 7	;select IRP bank0
   567  07A3  0800               	movf	indf,w
   568  07A4  0086               	movwf	(6)	;volatile
   569                           	line	32
   570                           	
   571  07A5                     l2388:	
   572                           ;four-digit-twotwo.c: 32: delay(1800);
   573  07A5  3008               	movlw	low(0708h)
   574  07A6  00F0               	movwf	(?_delay)
   575  07A7  3007               	movlw	high(0708h)
   576  07A8  00F1               	movwf	((?_delay))+1
   577  07A9  120A  118A  2616   	fcall	_delay
              120A  118A         
   578                           	line	33
   579                           	
   580  07AE                     l2390:	
   581                           ;four-digit-twotwo.c: 33: RD0=1;
   582  07AE  1283               	bcf	status, 5	;RP0=0, select bank0
   583  07AF  1303               	bcf	status, 6	;RP1=0, select bank0
   584  07B0  1408               	bsf	(64/8),(64)&7
   585                           	line	34
   586                           	
   587  07B1                     l2392:	
   588                           ;four-digit-twotwo.c: 34: RD1=0;
   589  07B1  1088               	bcf	(65/8),(65)&7
   590                           	line	35
   591                           ;four-digit-twotwo.c: 35: PORTB=seg[b];
   592  07B2  0836               	movf	(main@b),w
   593  07B3  3E20               	addlw	main@seg&0ffh
   594  07B4  0084               	movwf	fsr0
   595  07B5  1383               	bcf	status, 7	;select IRP bank0
   596  07B6  0800               	movf	indf,w
   597  07B7  0086               	movwf	(6)	;volatile
   598                           	line	36
   599                           	
   600  07B8                     l2394:	
   601                           ;four-digit-twotwo.c: 36: delay(1800);
   602  07B8  3008               	movlw	low(0708h)
   603  07B9  00F0               	movwf	(?_delay)
   604  07BA  3007               	movlw	high(0708h)
   605  07BB  00F1               	movwf	((?_delay))+1
   606  07BC  120A  118A  2616   	fcall	_delay
              120A  118A         
   607                           	line	38
   608                           	
   609  07C1                     l2396:	
   610                           ;four-digit-twotwo.c: 38: RD2=0;
   611  07C1  1283               	bcf	status, 5	;RP0=0, select bank0
   612  07C2  1303               	bcf	status, 6	;RP1=0, select bank0
   613  07C3  1108               	bcf	(66/8),(66)&7
   614                           	line	39
   615                           	
   616  07C4                     l2398:	
   617                           ;four-digit-twotwo.c: 39: RD3=1;
   618  07C4  1588               	bsf	(67/8),(67)&7
   619                           	line	40
   620                           	
   621  07C5                     l2400:	
   622                           ;four-digit-twotwo.c: 40: PORTB=seg[c];
   623  07C5  0838               	movf	(main@c),w
   624  07C6  3E20               	addlw	main@seg&0ffh
   625  07C7  0084               	movwf	fsr0
   626  07C8  1383               	bcf	status, 7	;select IRP bank0
   627  07C9  0800               	movf	indf,w
   628  07CA  0086               	movwf	(6)	;volatile
   629                           	line	41
   630                           ;four-digit-twotwo.c: 41: delay(1800);
   631  07CB  3008               	movlw	low(0708h)
   632  07CC  00F0               	movwf	(?_delay)
   633  07CD  3007               	movlw	high(0708h)
   634  07CE  00F1               	movwf	((?_delay))+1
   635  07CF  120A  118A  2616   	fcall	_delay
              120A  118A         
   636                           	line	42
   637                           	
   638  07D4                     l2402:	
   639                           ;four-digit-twotwo.c: 42: RD2=1;
   640  07D4  1283               	bcf	status, 5	;RP0=0, select bank0
   641  07D5  1303               	bcf	status, 6	;RP1=0, select bank0
   642  07D6  1508               	bsf	(66/8),(66)&7
   643                           	line	43
   644                           	
   645  07D7                     l2404:	
   646                           ;four-digit-twotwo.c: 43: RD3=0;
   647  07D7  1188               	bcf	(67/8),(67)&7
   648                           	line	44
   649                           	
   650  07D8                     l2406:	
   651                           ;four-digit-twotwo.c: 44: PORTB=seg[d];
   652  07D8  083A               	movf	(main@d),w
   653  07D9  3E20               	addlw	main@seg&0ffh
   654  07DA  0084               	movwf	fsr0
   655  07DB  1383               	bcf	status, 7	;select IRP bank0
   656  07DC  0800               	movf	indf,w
   657  07DD  0086               	movwf	(6)	;volatile
   658                           	line	45
   659                           	
   660  07DE                     l2408:	
   661                           ;four-digit-twotwo.c: 45: delay(1800);
   662  07DE  3008               	movlw	low(0708h)
   663  07DF  00F0               	movwf	(?_delay)
   664  07E0  3007               	movlw	high(0708h)
   665  07E1  00F1               	movwf	((?_delay))+1
   666  07E2  120A  118A  2616   	fcall	_delay
              120A  118A         
   667                           	line	22
   668                           	
   669  07E7                     l2410:	
   670  07E7  3001               	movlw	low(01h)
   671  07E8  1283               	bcf	status, 5	;RP0=0, select bank0
   672  07E9  1303               	bcf	status, 6	;RP1=0, select bank0
   673  07EA  07BC               	addwf	(main@i),f
   674  07EB  1803               	skipnc
   675  07EC  0ABD               	incf	(main@i+1),f
   676  07ED  3000               	movlw	high(01h)
   677  07EE  07BD               	addwf	(main@i+1),f
   678                           	
   679  07EF                     l2412:	
   680  07EF  30FF               	movlw	low(-1)
   681  07F0  07BE               	addwf	(main@j),f
   682  07F1  1803               	skipnc
   683  07F2  0ABF               	incf	(main@j+1),f
   684  07F3  30FF               	movlw	high(-1)
   685  07F4  07BF               	addwf	(main@j+1),f
   686  07F5  2FF6               	goto	l2414
   687                           	
   688  07F6                     l1034:	
   689                           	
   690  07F6                     l2414:	
   691  07F6  1FBF               	btfss	(main@j+1),7
   692  07F7  2FF9               	goto	u2381
   693  07F8  2FFA               	goto	u2380
   694  07F9                     u2381:
   695  07F9  2F41               	goto	l2380
   696  07FA                     u2380:
   697  07FA  2F3A               	goto	l2376
   698                           	
   699  07FB                     l1036:	
   700  07FB  2F3A               	goto	l2376
   701                           	line	48
   702                           	
   703  07FC                     l1037:	
   704                           	line	19
   705  07FC  2F3A               	goto	l2376
   706                           	
   707  07FD                     l1038:	
   708                           	line	49
   709                           	
   710  07FD                     l1039:	
   711                           	global	start
   712  07FD  120A  118A  2800   	ljmp	start
   713                           	opt stack 0
   714                           GLOBAL	__end_of_main
   715  0800                     	__end_of_main:
   716 ;; =============== function _main ends ============
   717                           
   718                           	signat	_main,88
   719                           	global	___awmod
   720                           psect	text95,local,class=CODE,delta=2
   721                           global __ptext95
   722  063E                     __ptext95:
   723                           
   724 ;; *************** function ___awmod *****************
   725 ;; Defined at:
   726 ;;		line 5 in file "C:\Program Files\HI-TECH Software\PICC\9.81\sources\awmod.c"
   727 ;; Parameters:    Size  Location     Type
   728 ;;  divisor         2    0[COMMON] int 
   729 ;;  dividend        2    2[COMMON] int 
   730 ;; Auto vars:     Size  Location     Type
   731 ;;  sign            1    6[COMMON] unsigned char 
   732 ;;  counter         1    5[COMMON] unsigned char 
   733 ;; Return value:  Size  Location     Type
   734 ;;                  2    0[COMMON] int 
   735 ;; Registers used:
   736 ;;		wreg, status,2, status,0
   737 ;; Tracked objects:
   738 ;;		On entry : 0/0
   739 ;;		On exit  : 0/0
   740 ;;		Unchanged: 0/0
   741 ;; Data sizes:     COMMON   BANK0   BANK1   BANK3   BANK2
   742 ;;      Params:         4       0       0       0       0
   743 ;;      Locals:         2       0       0       0       0
   744 ;;      Temps:          1       0       0       0       0
   745 ;;      Totals:         7       0       0       0       0
   746 ;;Total ram usage:        7 bytes
   747 ;; Hardware stack levels used:    1
   748 ;; This function calls:
   749 ;;		Nothing
   750 ;; This function is called by:
   751 ;;		_main
   752 ;; This function uses a non-reentrant model
   753 ;;
   754                           psect	text95
   755                           	file	"C:\Program Files\HI-TECH Software\PICC\9.81\sources\awmod.c"
   756                           	line	5
   757                           	global	__size_of___awmod
   758  0066                     	__size_of___awmod	equ	__end_of___awmod-___awmod
   759                           	
   760  063E                     ___awmod:	
   761                           	opt	stack 7
   762                           ; Regs used in ___awmod: [wreg+status,2+status,0]
   763                           	line	8
   764                           	
   765  063E                     l2332:	
   766  063E  01F6               	clrf	(___awmod@sign)
   767                           	line	9
   768  063F  1FF3               	btfss	(___awmod@dividend+1),7
   769  0640  2E42               	goto	u2281
   770  0641  2E43               	goto	u2280
   771  0642                     u2281:
   772  0642  2E4C               	goto	l2336
   773  0643                     u2280:
   774                           	line	10
   775                           	
   776  0643                     l2334:	
   777  0643  09F2               	comf	(___awmod@dividend),f
   778  0644  09F3               	comf	(___awmod@dividend+1),f
   779  0645  0AF2               	incf	(___awmod@dividend),f
   780  0646  1903               	skipnz
   781  0647  0AF3               	incf	(___awmod@dividend+1),f
   782                           	line	11
   783  0648  01F6               	clrf	(___awmod@sign)
   784  0649  1403               	bsf	status,0
   785  064A  0DF6               	rlf	(___awmod@sign),f
   786  064B  2E4C               	goto	l2336
   787                           	line	12
   788                           	
   789  064C                     l1256:	
   790                           	line	13
   791                           	
   792  064C                     l2336:	
   793  064C  1FF1               	btfss	(___awmod@divisor+1),7
   794  064D  2E4F               	goto	u2291
   795  064E  2E50               	goto	u2290
   796  064F                     u2291:
   797  064F  2E56               	goto	l2340
   798  0650                     u2290:
   799                           	line	14
   800                           	
   801  0650                     l2338:	
   802  0650  09F0               	comf	(___awmod@divisor),f
   803  0651  09F1               	comf	(___awmod@divisor+1),f
   804  0652  0AF0               	incf	(___awmod@divisor),f
   805  0653  1903               	skipnz
   806  0654  0AF1               	incf	(___awmod@divisor+1),f
   807  0655  2E56               	goto	l2340
   808                           	
   809  0656                     l1257:	
   810                           	line	15
   811                           	
   812  0656                     l2340:	
   813  0656  0871               	movf	(___awmod@divisor+1),w
   814  0657  0470               	iorwf	(___awmod@divisor),w
   815  0658  1903               	skipnz
   816  0659  2E5B               	goto	u2301
   817  065A  2E5C               	goto	u2300
   818  065B                     u2301:
   819  065B  2E92               	goto	l2358
   820  065C                     u2300:
   821                           	line	16
   822                           	
   823  065C                     l2342:	
   824  065C  01F5               	clrf	(___awmod@counter)
   825  065D  1403               	bsf	status,0
   826  065E  0DF5               	rlf	(___awmod@counter),f
   827                           	line	17
   828  065F  2E6C               	goto	l2348
   829                           	
   830  0660                     l1260:	
   831                           	line	18
   832                           	
   833  0660                     l2344:	
   834  0660  3001               	movlw	01h
   835                           	
   836  0661                     u2315:
   837  0661  1003               	clrc
   838  0662  0DF0               	rlf	(___awmod@divisor),f
   839  0663  0DF1               	rlf	(___awmod@divisor+1),f
   840  0664  3EFF               	addlw	-1
   841  0665  1D03               	skipz
   842  0666  2E61               	goto	u2315
   843                           	line	19
   844                           	
   845  0667                     l2346:	
   846  0667  3001               	movlw	(01h)
   847  0668  00F4               	movwf	(??___awmod+0)+0
   848  0669  0874               	movf	(??___awmod+0)+0,w
   849  066A  07F5               	addwf	(___awmod@counter),f
   850  066B  2E6C               	goto	l2348
   851                           	line	20
   852                           	
   853  066C                     l1259:	
   854                           	line	17
   855                           	
   856  066C                     l2348:	
   857  066C  1FF1               	btfss	(___awmod@divisor+1),(15)&7
   858  066D  2E6F               	goto	u2321
   859  066E  2E70               	goto	u2320
   860  066F                     u2321:
   861  066F  2E60               	goto	l2344
   862  0670                     u2320:
   863  0670  2E72               	goto	l2350
   864                           	
   865  0671                     l1261:	
   866  0671  2E72               	goto	l2350
   867                           	line	21
   868                           	
   869  0672                     l1262:	
   870                           	line	22
   871                           	
   872  0672                     l2350:	
   873  0672  0871               	movf	(___awmod@divisor+1),w
   874  0673  0273               	subwf	(___awmod@dividend+1),w
   875  0674  1D03               	skipz
   876  0675  2E78               	goto	u2335
   877  0676  0870               	movf	(___awmod@divisor),w
   878  0677  0272               	subwf	(___awmod@dividend),w
   879  0678                     u2335:
   880  0678  1C03               	skipc
   881  0679  2E7B               	goto	u2331
   882  067A  2E7C               	goto	u2330
   883  067B                     u2331:
   884  067B  2E83               	goto	l2354
   885  067C                     u2330:
   886                           	line	23
   887                           	
   888  067C                     l2352:	
   889  067C  0870               	movf	(___awmod@divisor),w
   890  067D  02F2               	subwf	(___awmod@dividend),f
   891  067E  0871               	movf	(___awmod@divisor+1),w
   892  067F  1C03               	skipc
   893  0680  03F3               	decf	(___awmod@dividend+1),f
   894  0681  02F3               	subwf	(___awmod@dividend+1),f
   895  0682  2E83               	goto	l2354
   896                           	
   897  0683                     l1263:	
   898                           	line	24
   899                           	
   900  0683                     l2354:	
   901  0683  3001               	movlw	01h
   902                           	
   903  0684                     u2345:
   904  0684  1003               	clrc
   905  0685  0CF1               	rrf	(___awmod@divisor+1),f
   906  0686  0CF0               	rrf	(___awmod@divisor),f
   907  0687  3EFF               	addlw	-1
   908  0688  1D03               	skipz
   909  0689  2E84               	goto	u2345
   910                           	line	25
   911                           	
   912  068A                     l2356:	
   913  068A  3001               	movlw	low(01h)
   914  068B  02F5               	subwf	(___awmod@counter),f
   915  068C  1D03               	btfss	status,2
   916  068D  2E8F               	goto	u2351
   917  068E  2E90               	goto	u2350
   918  068F                     u2351:
   919  068F  2E72               	goto	l2350
   920  0690                     u2350:
   921  0690  2E92               	goto	l2358
   922                           	
   923  0691                     l1264:	
   924  0691  2E92               	goto	l2358
   925                           	line	26
   926                           	
   927  0692                     l1258:	
   928                           	line	27
   929                           	
   930  0692                     l2358:	
   931  0692  0876               	movf	(___awmod@sign),w
   932  0693  1D03               	skipz
   933  0694  2E96               	goto	u2360
   934  0695  2E9C               	goto	l2362
   935  0696                     u2360:
   936                           	line	28
   937                           	
   938  0696                     l2360:	
   939  0696  09F2               	comf	(___awmod@dividend),f
   940  0697  09F3               	comf	(___awmod@dividend+1),f
   941  0698  0AF2               	incf	(___awmod@dividend),f
   942  0699  1903               	skipnz
   943  069A  0AF3               	incf	(___awmod@dividend+1),f
   944  069B  2E9C               	goto	l2362
   945                           	
   946  069C                     l1265:	
   947                           	line	29
   948                           	
   949  069C                     l2362:	
   950  069C  0873               	movf	(___awmod@dividend+1),w
   951  069D  01F1               	clrf	(?___awmod+1)
   952  069E  07F1               	addwf	(?___awmod+1)
   953  069F  0872               	movf	(___awmod@dividend),w
   954  06A0  01F0               	clrf	(?___awmod)
   955  06A1  07F0               	addwf	(?___awmod)
   956                           
   957  06A2  2EA3               	goto	l1266
   958                           	
   959  06A3                     l2364:	
   960                           	line	30
   961                           	
   962  06A3                     l1266:	
   963  06A3  0008               	return
   964                           	opt stack 0
   965                           GLOBAL	__end_of___awmod
   966  06A4                     	__end_of___awmod:
   967 ;; =============== function ___awmod ends ============
   968                           
   969                           	signat	___awmod,8314
   970                           	global	___awdiv
   971                           psect	text96,local,class=CODE,delta=2
   972                           global __ptext96
   973  06A4                     __ptext96:
   974                           
   975 ;; *************** function ___awdiv *****************
   976 ;; Defined at:
   977 ;;		line 5 in file "C:\Program Files\HI-TECH Software\PICC\9.81\sources\awdiv.c"
   978 ;; Parameters:    Size  Location     Type
   979 ;;  divisor         2    0[COMMON] int 
   980 ;;  dividend        2    2[COMMON] int 
   981 ;; Auto vars:     Size  Location     Type
   982 ;;  quotient        2    7[COMMON] int 
   983 ;;  sign            1    6[COMMON] unsigned char 
   984 ;;  counter         1    5[COMMON] unsigned char 
   985 ;; Return value:  Size  Location     Type
   986 ;;                  2    0[COMMON] int 
   987 ;; Registers used:
   988 ;;		wreg, status,2, status,0
   989 ;; Tracked objects:
   990 ;;		On entry : 0/0
   991 ;;		On exit  : 0/0
   992 ;;		Unchanged: 0/0
   993 ;; Data sizes:     COMMON   BANK0   BANK1   BANK3   BANK2
   994 ;;      Params:         4       0       0       0       0
   995 ;;      Locals:         4       0       0       0       0
   996 ;;      Temps:          1       0       0       0       0
   997 ;;      Totals:         9       0       0       0       0
   998 ;;Total ram usage:        9 bytes
   999 ;; Hardware stack levels used:    1
  1000 ;; This function calls:
  1001 ;;		Nothing
  1002 ;; This function is called by:
  1003 ;;		_main
  1004 ;; This function uses a non-reentrant model
  1005 ;;
  1006                           psect	text96
  1007                           	file	"C:\Program Files\HI-TECH Software\PICC\9.81\sources\awdiv.c"
  1008                           	line	5
  1009                           	global	__size_of___awdiv
  1010  0074                     	__size_of___awdiv	equ	__end_of___awdiv-___awdiv
  1011                           	
  1012  06A4                     ___awdiv:	
  1013                           	opt	stack 7
  1014                           ; Regs used in ___awdiv: [wreg+status,2+status,0]
  1015                           	line	9
  1016                           	
  1017  06A4                     l2292:	
  1018  06A4  01F6               	clrf	(___awdiv@sign)
  1019                           	line	10
  1020  06A5  1FF1               	btfss	(___awdiv@divisor+1),7
  1021  06A6  2EA8               	goto	u2181
  1022  06A7  2EA9               	goto	u2180
  1023  06A8                     u2181:
  1024  06A8  2EB2               	goto	l2296
  1025  06A9                     u2180:
  1026                           	line	11
  1027                           	
  1028  06A9                     l2294:	
  1029  06A9  09F0               	comf	(___awdiv@divisor),f
  1030  06AA  09F1               	comf	(___awdiv@divisor+1),f
  1031  06AB  0AF0               	incf	(___awdiv@divisor),f
  1032  06AC  1903               	skipnz
  1033  06AD  0AF1               	incf	(___awdiv@divisor+1),f
  1034                           	line	12
  1035  06AE  01F6               	clrf	(___awdiv@sign)
  1036  06AF  1403               	bsf	status,0
  1037  06B0  0DF6               	rlf	(___awdiv@sign),f
  1038  06B1  2EB2               	goto	l2296
  1039                           	line	13
  1040                           	
  1041  06B2                     l1188:	
  1042                           	line	14
  1043                           	
  1044  06B2                     l2296:	
  1045  06B2  1FF3               	btfss	(___awdiv@dividend+1),7
  1046  06B3  2EB5               	goto	u2191
  1047  06B4  2EB6               	goto	u2190
  1048  06B5                     u2191:
  1049  06B5  2EC0               	goto	l2302
  1050  06B6                     u2190:
  1051                           	line	15
  1052                           	
  1053  06B6                     l2298:	
  1054  06B6  09F2               	comf	(___awdiv@dividend),f
  1055  06B7  09F3               	comf	(___awdiv@dividend+1),f
  1056  06B8  0AF2               	incf	(___awdiv@dividend),f
  1057  06B9  1903               	skipnz
  1058  06BA  0AF3               	incf	(___awdiv@dividend+1),f
  1059                           	line	16
  1060                           	
  1061  06BB                     l2300:	
  1062  06BB  3001               	movlw	(01h)
  1063  06BC  00F4               	movwf	(??___awdiv+0)+0
  1064  06BD  0874               	movf	(??___awdiv+0)+0,w
  1065  06BE  06F6               	xorwf	(___awdiv@sign),f
  1066  06BF  2EC0               	goto	l2302
  1067                           	line	17
  1068                           	
  1069  06C0                     l1189:	
  1070                           	line	18
  1071                           	
  1072  06C0                     l2302:	
  1073  06C0  01F7               	clrf	(___awdiv@quotient)
  1074  06C1  01F8               	clrf	(___awdiv@quotient+1)
  1075                           	line	19
  1076                           	
  1077  06C2                     l2304:	
  1078  06C2  0871               	movf	(___awdiv@divisor+1),w
  1079  06C3  0470               	iorwf	(___awdiv@divisor),w
  1080  06C4  1903               	skipnz
  1081  06C5  2EC7               	goto	u2201
  1082  06C6  2EC8               	goto	u2200
  1083  06C7                     u2201:
  1084  06C7  2F06               	goto	l2324
  1085  06C8                     u2200:
  1086                           	line	20
  1087                           	
  1088  06C8                     l2306:	
  1089  06C8  01F5               	clrf	(___awdiv@counter)
  1090  06C9  1403               	bsf	status,0
  1091  06CA  0DF5               	rlf	(___awdiv@counter),f
  1092                           	line	21
  1093  06CB  2ED8               	goto	l2312
  1094                           	
  1095  06CC                     l1192:	
  1096                           	line	22
  1097                           	
  1098  06CC                     l2308:	
  1099  06CC  3001               	movlw	01h
  1100                           	
  1101  06CD                     u2215:
  1102  06CD  1003               	clrc
  1103  06CE  0DF0               	rlf	(___awdiv@divisor),f
  1104  06CF  0DF1               	rlf	(___awdiv@divisor+1),f
  1105  06D0  3EFF               	addlw	-1
  1106  06D1  1D03               	skipz
  1107  06D2  2ECD               	goto	u2215
  1108                           	line	23
  1109                           	
  1110  06D3                     l2310:	
  1111  06D3  3001               	movlw	(01h)
  1112  06D4  00F4               	movwf	(??___awdiv+0)+0
  1113  06D5  0874               	movf	(??___awdiv+0)+0,w
  1114  06D6  07F5               	addwf	(___awdiv@counter),f
  1115  06D7  2ED8               	goto	l2312
  1116                           	line	24
  1117                           	
  1118  06D8                     l1191:	
  1119                           	line	21
  1120                           	
  1121  06D8                     l2312:	
  1122  06D8  1FF1               	btfss	(___awdiv@divisor+1),(15)&7
  1123  06D9  2EDB               	goto	u2221
  1124  06DA  2EDC               	goto	u2220
  1125  06DB                     u2221:
  1126  06DB  2ECC               	goto	l2308
  1127  06DC                     u2220:
  1128  06DC  2EDE               	goto	l2314
  1129                           	
  1130  06DD                     l1193:	
  1131  06DD  2EDE               	goto	l2314
  1132                           	line	25
  1133                           	
  1134  06DE                     l1194:	
  1135                           	line	26
  1136                           	
  1137  06DE                     l2314:	
  1138  06DE  3001               	movlw	01h
  1139                           	
  1140  06DF                     u2235:
  1141  06DF  1003               	clrc
  1142  06E0  0DF7               	rlf	(___awdiv@quotient),f
  1143  06E1  0DF8               	rlf	(___awdiv@quotient+1),f
  1144  06E2  3EFF               	addlw	-1
  1145  06E3  1D03               	skipz
  1146  06E4  2EDF               	goto	u2235
  1147                           	line	27
  1148  06E5  0871               	movf	(___awdiv@divisor+1),w
  1149  06E6  0273               	subwf	(___awdiv@dividend+1),w
  1150  06E7  1D03               	skipz
  1151  06E8  2EEB               	goto	u2245
  1152  06E9  0870               	movf	(___awdiv@divisor),w
  1153  06EA  0272               	subwf	(___awdiv@dividend),w
  1154  06EB                     u2245:
  1155  06EB  1C03               	skipc
  1156  06EC  2EEE               	goto	u2241
  1157  06ED  2EEF               	goto	u2240
  1158  06EE                     u2241:
  1159  06EE  2EF7               	goto	l2320
  1160  06EF                     u2240:
  1161                           	line	28
  1162                           	
  1163  06EF                     l2316:	
  1164  06EF  0870               	movf	(___awdiv@divisor),w
  1165  06F0  02F2               	subwf	(___awdiv@dividend),f
  1166  06F1  0871               	movf	(___awdiv@divisor+1),w
  1167  06F2  1C03               	skipc
  1168  06F3  03F3               	decf	(___awdiv@dividend+1),f
  1169  06F4  02F3               	subwf	(___awdiv@dividend+1),f
  1170                           	line	29
  1171                           	
  1172  06F5                     l2318:	
  1173  06F5  1477               	bsf	(___awdiv@quotient)+(0/8),(0)&7
  1174  06F6  2EF7               	goto	l2320
  1175                           	line	30
  1176                           	
  1177  06F7                     l1195:	
  1178                           	line	31
  1179                           	
  1180  06F7                     l2320:	
  1181  06F7  3001               	movlw	01h
  1182                           	
  1183  06F8                     u2255:
  1184  06F8  1003               	clrc
  1185  06F9  0CF1               	rrf	(___awdiv@divisor+1),f
  1186  06FA  0CF0               	rrf	(___awdiv@divisor),f
  1187  06FB  3EFF               	addlw	-1
  1188  06FC  1D03               	skipz
  1189  06FD  2EF8               	goto	u2255
  1190                           	line	32
  1191                           	
  1192  06FE                     l2322:	
  1193  06FE  3001               	movlw	low(01h)
  1194  06FF  02F5               	subwf	(___awdiv@counter),f
  1195  0700  1D03               	btfss	status,2
  1196  0701  2F03               	goto	u2261
  1197  0702  2F04               	goto	u2260
  1198  0703                     u2261:
  1199  0703  2EDE               	goto	l2314
  1200  0704                     u2260:
  1201  0704  2F06               	goto	l2324
  1202                           	
  1203  0705                     l1196:	
  1204  0705  2F06               	goto	l2324
  1205                           	line	33
  1206                           	
  1207  0706                     l1190:	
  1208                           	line	34
  1209                           	
  1210  0706                     l2324:	
  1211  0706  0876               	movf	(___awdiv@sign),w
  1212  0707  1D03               	skipz
  1213  0708  2F0A               	goto	u2270
  1214  0709  2F10               	goto	l2328
  1215  070A                     u2270:
  1216                           	line	35
  1217                           	
  1218  070A                     l2326:	
  1219  070A  09F7               	comf	(___awdiv@quotient),f
  1220  070B  09F8               	comf	(___awdiv@quotient+1),f
  1221  070C  0AF7               	incf	(___awdiv@quotient),f
  1222  070D  1903               	skipnz
  1223  070E  0AF8               	incf	(___awdiv@quotient+1),f
  1224  070F  2F10               	goto	l2328
  1225                           	
  1226  0710                     l1197:	
  1227                           	line	36
  1228                           	
  1229  0710                     l2328:	
  1230  0710  0878               	movf	(___awdiv@quotient+1),w
  1231  0711  01F1               	clrf	(?___awdiv+1)
  1232  0712  07F1               	addwf	(?___awdiv+1)
  1233  0713  0877               	movf	(___awdiv@quotient),w
  1234  0714  01F0               	clrf	(?___awdiv)
  1235  0715  07F0               	addwf	(?___awdiv)
  1236                           
  1237  0716  2F17               	goto	l1198
  1238                           	
  1239  0717                     l2330:	
  1240                           	line	37
  1241                           	
  1242  0717                     l1198:	
  1243  0717  0008               	return
  1244                           	opt stack 0
  1245                           GLOBAL	__end_of___awdiv
  1246  0718                     	__end_of___awdiv:
  1247 ;; =============== function ___awdiv ends ============
  1248                           
  1249                           	signat	___awdiv,8314
  1250                           	global	_delay
  1251                           psect	text97,local,class=CODE,delta=2
  1252                           global __ptext97
  1253  0616                     __ptext97:
  1254                           
  1255 ;; *************** function _delay *****************
  1256 ;; Defined at:
  1257 ;;		line 8 in file "D:\Embedded\pic\code\software\segment\four-digit-twotwo\four-digit-twotwo.c"
  1258 ;; Parameters:    Size  Location     Type
  1259 ;;  a               2    0[COMMON] unsigned int 
  1260 ;; Auto vars:     Size  Location     Type
  1261 ;;		None
  1262 ;; Return value:  Size  Location     Type
  1263 ;;		None               void
  1264 ;; Registers used:
  1265 ;;		wreg
  1266 ;; Tracked objects:
  1267 ;;		On entry : 0/0
  1268 ;;		On exit  : 0/0
  1269 ;;		Unchanged: 0/0
  1270 ;; Data sizes:     COMMON   BANK0   BANK1   BANK3   BANK2
  1271 ;;      Params:         2       0       0       0       0
  1272 ;;      Locals:         0       0       0       0       0
  1273 ;;      Temps:          0       0       0       0       0
  1274 ;;      Totals:         2       0       0       0       0
  1275 ;;Total ram usage:        2 bytes
  1276 ;; Hardware stack levels used:    1
  1277 ;; This function calls:
  1278 ;;		Nothing
  1279 ;; This function is called by:
  1280 ;;		_main
  1281 ;; This function uses a non-reentrant model
  1282 ;;
  1283                           psect	text97
  1284                           	file	"D:\Embedded\pic\code\software\segment\four-digit-twotwo\four-digit-twotwo.c"
  1285                           	line	8
  1286                           	global	__size_of_delay
  1287  0014                     	__size_of_delay	equ	__end_of_delay-_delay
  1288                           	
  1289  0616                     _delay:	
  1290                           	opt	stack 7
  1291                           ; Regs used in _delay: [wreg]
  1292                           	line	9
  1293                           	
  1294  0616                     l2288:	
  1295                           ;four-digit-twotwo.c: 9: while(a--);
  1296  0616  2E18               	goto	l2290
  1297                           	
  1298  0617                     l1026:	
  1299  0617  2E18               	goto	l2290
  1300                           	
  1301  0618                     l1025:	
  1302                           	
  1303  0618                     l2290:	
  1304  0618  3001               	movlw	low(01h)
  1305  0619  02F0               	subwf	(delay@a),f
  1306  061A  3000               	movlw	high(01h)
  1307  061B  1C03               	skipc
  1308  061C  03F1               	decf	(delay@a+1),f
  1309  061D  02F1               	subwf	(delay@a+1),f
  1310  061E  30FF               	movlw	high(0FFFFh)
  1311  061F  0671               	xorwf	((delay@a+1)),w
  1312  0620  1D03               	skipz
  1313  0621  2E24               	goto	u2175
  1314  0622  30FF               	movlw	low(0FFFFh)
  1315  0623  0670               	xorwf	((delay@a)),w
  1316  0624                     u2175:
  1317                           
  1318  0624  1D03               	skipz
  1319  0625  2E27               	goto	u2171
  1320  0626  2E28               	goto	u2170
  1321  0627                     u2171:
  1322  0627  2E18               	goto	l2290
  1323  0628                     u2170:
  1324  0628  2E29               	goto	l1028
  1325                           	
  1326  0629                     l1027:	
  1327                           	line	10
  1328                           	
  1329  0629                     l1028:	
  1330  0629  0008               	return
  1331                           	opt stack 0
  1332                           GLOBAL	__end_of_delay
  1333  062A                     	__end_of_delay:
  1334 ;; =============== function _delay ends ============
  1335                           
  1336                           	signat	_delay,4216
  1337                           psect	text98,local,class=CODE,delta=2
  1338                           global __ptext98
  1339  0000                     __ptext98:
  1340                           	global	btemp
  1341  007E                     	btemp set 07Eh
  1342                           
  1343                           	DABS	1,126,2	;btemp
  1344                           	global	wtemp0
  1345  007E                     	wtemp0 set btemp


HI-TECH Software PICC Macro Assembler V9.81 build 7503 
Symbol Table                                                                                   Wed Apr 13 03:32:56 2022

                   pc 0002          ___awdiv@sign 0076                    fsr 0004                   _RD0 0040  
                 _RD1 0041                   _RD2 0042                   _RD3 0043                   fsr0 0004  
                 indf 0000          ___awmod@sign 0076                  l1025 0618                  l1033 073A  
                l1026 0617                  l1034 07F6                  l1027 0629                  l1035 0741  
                l1028 0629                  l1036 07FB                  l1037 07FC                  l1038 07FD  
                l1039 07FD                  l2300 06BB                  l1260 0660                  l1261 0671  
                l1190 0706                  l2310 06D3                  l2302 06C0                  l1262 0672  
                l1191 06D8                  l1263 0683                  l2320 06F7                  l1192 06CC  
                l2312 06D8                  l2304 06C2                  l1264 0691                  l1256 064C  
                l2400 07C5                  l1193 06DD                  l1265 069C                  l1257 0656  
                l2330 0717                  l2322 06FE                  l1194 06DE                  l2314 06DE  
                l2306 06C8                  l1266 06A3                  l1258 0692                  l2410 07E7  
                l2402 07D4                  l1195 06F7                  l1259 066C                  l1196 0705  
                l2316 06EF                  l2308 06CC                  l2324 0706                  l1188 06B2  
                l2340 0656                  l2332 063E                  l2412 07EF                  l2404 07D7  
                l1197 0710                  l1189 06C0                  l1198 0717                  l2326 070A  
                l2318 06F5                  l2350 0672                  l2342 065C                  l2334 0643  
                l2406 07D8                  l2414 07F6                  l2328 0710                  l2360 0696  
                l2352 067C                  l2344 0660                  l2336 064C                  l2408 07DE  
                l2290 0618                  l2362 069C                  l2354 0683                  l2346 0667  
                l2338 0650                  l2370 0730                  l2292 06A4                  l2364 06A3  
                l2356 068A                  l2348 066C                  l2380 0741                  l2372 0733  
                l2294 06A9                  l2358 0692                  l2390 07AE                  l2382 079D  
                l2374 0736                  l2366 0718                  l2288 0616                  l2296 06B2  
                l2392 07B1                  l2384 079E                  l2376 073A                  l2368 072D  
                l2298 06B6                  l2394 07B8                  l2386 079F                  l2378 073C  
                l2396 07C1                  l2388 07A5                  l2398 07C4                  u2200 06C8  
                u2201 06C7                  u2220 06DC                  u2300 065C                  u2221 06DB  
                u2301 065B                  u2215 06CD                  u2240 06EF                  u2320 0670  
                u2241 06EE                  u2321 066F                  u2170 0628                  u2330 067C  
                u2171 0627                  u2235 06DF                  u2331 067B                  u2315 0661  
                u2260 0704                  u2180 06A9                  u2261 0703                  u2245 06EB  
                u2181 06A8                  u2270 070A                  u2190 06B6                  u2350 0690  
                u2175 0624                  u2255 06F8                  u2191 06B5                  u2351 068F  
                u2335 0678                  u2360 0696                  u2280 0643                  u2345 0684  
                u2281 0642                  u2290 0650                  u2370 0720                  u2291 064F  
                u2380 07FA                  u2381 07F9                  _main 0718                  btemp 007E  
                start 0000                 ?_main 0070       __end_of___awdiv 0718       __end_of___awmod 06A4  
     ___awdiv@divisor 0070       ___awdiv@counter 0075                 _PORTB 0006                 _PORTD 0008  
               _TRISB 0086                 _TRISD 0088                 _delay 0616                 main@a 0034  
               main@b 0036                 main@c 0038                 main@d 003A                 main@i 003C  
               main@j 003E                 pclath 000A                 status 0003                 wtemp0 007E  
        __end_of_main 0800                ??_main 0079                ?_delay 0070      ___awdiv@dividend 0072  
           ??___awdiv 0074             ??___awmod 0074                delay@a 0070      ___awdiv@quotient 0077  
     ___awmod@divisor 0070       ___awmod@counter 0075        __pcstackCOMMON 0070          __pidataBANK0 062A  
       __end_of_delay 062A               ??_delay 0072            __pmaintext 0718               ___awdiv 06A4  
             ___awmod 063E      ___awmod@dividend 0072               main@seg 0020  end_of_initialization 0612  
             init_ram 05F7   start_initialization 0604           __pdataBANK0 0040         __pcstackBANK0 0020  
            ?___awdiv 0070              ?___awmod 0070        __size_of_delay 0014             main@F1609 0040  
           init_fetch 05F3      __size_of___awdiv 0074      __size_of___awmod 0066              __ptext95 063E  
            __ptext96 06A4              __ptext97 0616              __ptext98 0000         __size_of_main 00E8  
