

HI-TECH Software PIC LITE Macro Assembler V9.81 build 7503 
                                                                                               Mon Jun 13 23:55:38 2022

HI-TECH Software Omniscient Code Generator (Lite mode) build 7503
     1  0000                     opt subtitle "HI-TECH Software Omniscient Code Generator (Lite mode) build 7503"
     2                           
     3                           opt pagewidth 120
     4                           
     5                           	opt lm
     6                           
     7                           	processor	16F887
     8                           clrc	macro
     9                           	bcf	3,0
    10  0000                     	endm
    11                           clrz	macro
    12                           	bcf	3,2
    13  0000                     	endm
    14                           setc	macro
    15                           	bsf	3,0
    16  0000                     	endm
    17                           setz	macro
    18                           	bsf	3,2
    19  0000                     	endm
    20                           skipc	macro
    21                           	btfss	3,0
    22  0000                     	endm
    23                           skipz	macro
    24                           	btfss	3,2
    25  0000                     	endm
    26                           skipnc	macro
    27                           	btfsc	3,0
    28  0000                     	endm
    29                           skipnz	macro
    30                           	btfsc	3,2
    31  0000                     	endm
    32  0000                     indf	equ	0
    33  0000                     indf0	equ	0
    34  0002                     pc	equ	2
    35  0002                     pcl	equ	2
    36  0003                     status	equ	3
    37  0004                     fsr	equ	4
    38  0004                     fsr0	equ	4
    39  0001                     c	equ	1
    40  0000                     z	equ	0
    41  000A                     pclath	equ	10
    42                           	FNCALL	_main,_lcd_cmd
    43                           	FNCALL	_main,_delay
    44                           	FNCALL	_lcd_cmd,_delay
    45                           	FNROOT	_main
    46                           	FNCALL	_ext,i1_lcd_cmd
    47                           	FNCALL	i1_lcd_cmd,i1_delay
    48                           	FNCALL	intlevel1,_ext
    49                           	global	intlevel1
    50                           	FNROOT	intlevel1
    51                           	global	_i
    52                           	global	_INTCON
    53                           psect	text165,local,class=CODE,delta=2
    54                           global __ptext165
    55  0000                     __ptext165:
    56  000B                     _INTCON	set	11
    57                           	global	_PIR1
    58  000C                     _PIR1	set	12
    59                           	global	_PORTC
    60  0007                     _PORTC	set	7
    61                           	global	_PORTD
    62  0008                     _PORTD	set	8
    63                           	global	_PORTE
    64  0009                     _PORTE	set	9
    65                           	global	_RCREG
    66  001A                     _RCREG	set	26
    67                           	global	_RCSTA
    68  0018                     _RCSTA	set	24
    69                           	global	_RC0
    70  0038                     _RC0	set	56
    71                           	global	_RCIF
    72  0065                     _RCIF	set	101
    73                           	global	_RE0
    74  0048                     _RE0	set	72
    75                           	global	_RE1
    76  0049                     _RE1	set	73
    77                           	global	_RE2
    78  004A                     _RE2	set	74
    79                           	global	_PIE1
    80  008C                     _PIE1	set	140
    81                           	global	_SPBRG
    82  0099                     _SPBRG	set	153
    83                           	global	_TRISC
    84  0087                     _TRISC	set	135
    85                           	global	_TRISD
    86  0088                     _TRISD	set	136
    87                           	global	_TRISE
    88  0089                     _TRISE	set	137
    89                           	global	_TXSTA
    90  0098                     _TXSTA	set	152
    91                           	global	_ANSEL
    92  0188                     _ANSEL	set	392
    93                           	global	_ANSELH
    94  0189                     _ANSELH	set	393
    95                           	file	"Serial_interrupt.as"
    96                           	line	#
    97                           psect cinit,class=CODE,delta=2
    98                           global start_initialization
    99  015A                     start_initialization:
   100                           
   101                           psect	bssBANK0,class=BANK0,space=1
   102                           global __pbssBANK0
   103  0026                     __pbssBANK0:
   104  0026                     _i:
   105  0026                            ds      2
   106                           
   107                           ; Clear objects allocated to BANK0
   108                           psect cinit,class=CODE,delta=2
   109  015A  01A6               	clrf	((__pbssBANK0)+0)&07Fh
   110  015B  01A7               	clrf	((__pbssBANK0)+1)&07Fh
   111                           psect cinit,class=CODE,delta=2
   112                           global end_of_initialization
   113                           
   114                           ;End of C runtime variable initialization code
   115                           
   116  015C                     end_of_initialization:
   117  015C  0183               clrf status
   118  015D  120A  118A  2815   ljmp _main	;jump to C main() function
   119                           psect	cstackCOMMON,class=COMMON,space=1
   120                           global __pcstackCOMMON
   121  0070                     __pcstackCOMMON:
   122                           	global	?_ext
   123  0070                     ?_ext:	; 0 bytes @ 0x0
   124                           	global	?_main
   125  0070                     ?_main:	; 0 bytes @ 0x0
   126                           	global	?i1_delay
   127  0070                     ?i1_delay:	; 0 bytes @ 0x0
   128                           	global	i1delay@ms
   129  0070                     i1delay@ms:	; 2 bytes @ 0x0
   130  0070                     	ds	2
   131                           	global	??i1_delay
   132  0072                     ??i1_delay:	; 0 bytes @ 0x2
   133                           	global	?i1_lcd_cmd
   134  0072                     ?i1_lcd_cmd:	; 0 bytes @ 0x2
   135                           	global	i1lcd_cmd@b
   136  0072                     i1lcd_cmd@b:	; 1 bytes @ 0x2
   137  0072                     	ds	1
   138                           	global	i1lcd_cmd@c
   139  0073                     i1lcd_cmd@c:	; 1 bytes @ 0x3
   140  0073                     	ds	1
   141                           	global	??i1_lcd_cmd
   142  0074                     ??i1_lcd_cmd:	; 0 bytes @ 0x4
   143                           	global	i1lcd_cmd@a
   144  0074                     i1lcd_cmd@a:	; 1 bytes @ 0x4
   145  0074                     	ds	1
   146                           	global	??_ext
   147  0075                     ??_ext:	; 0 bytes @ 0x5
   148  0075                     	ds	5
   149                           	global	ext@data
   150  007A                     ext@data:	; 1 bytes @ 0xA
   151  007A                     	ds	1
   152                           psect	cstackBANK0,class=BANK0,space=1
   153                           global __pcstackBANK0
   154  0020                     __pcstackBANK0:
   155                           	global	?_delay
   156  0020                     ?_delay:	; 0 bytes @ 0x0
   157                           	global	delay@ms
   158  0020                     delay@ms:	; 2 bytes @ 0x0
   159  0020                     	ds	2
   160                           	global	??_delay
   161  0022                     ??_delay:	; 0 bytes @ 0x2
   162                           	global	?_lcd_cmd
   163  0022                     ?_lcd_cmd:	; 0 bytes @ 0x2
   164                           	global	lcd_cmd@b
   165  0022                     lcd_cmd@b:	; 1 bytes @ 0x2
   166  0022                     	ds	1
   167                           	global	lcd_cmd@c
   168  0023                     lcd_cmd@c:	; 1 bytes @ 0x3
   169  0023                     	ds	1
   170                           	global	??_lcd_cmd
   171  0024                     ??_lcd_cmd:	; 0 bytes @ 0x4
   172                           	global	lcd_cmd@a
   173  0024                     lcd_cmd@a:	; 1 bytes @ 0x4
   174  0024                     	ds	1
   175                           	global	??_main
   176  0025                     ??_main:	; 0 bytes @ 0x5
   177  0025                     	ds	1
   178 ;;Data sizes: Strings 0, constant 0, data 0, bss 2, persistent 0 stack 0
   179 ;;Auto spaces:   Size  Autos    Used
   180 ;; COMMON          14     11      11
   181 ;; BANK0           80      6       8
   182 ;; BANK1           80      0       0
   183 ;; BANK3           96      0       0
   184 ;; BANK2           96      0       0
   185                           
   186 ;;
   187 ;; Pointer list with targets:
   188                           
   189                           
   190                           
   191 ;;
   192 ;; Critical Paths under _main in COMMON
   193 ;;
   194 ;;   None.
   195 ;;
   196 ;; Critical Paths under _ext in COMMON
   197 ;;
   198 ;;   _ext->i1_lcd_cmd
   199 ;;   i1_lcd_cmd->i1_delay
   200 ;;
   201 ;; Critical Paths under _main in BANK0
   202 ;;
   203 ;;   _main->_lcd_cmd
   204 ;;   _lcd_cmd->_delay
   205 ;;
   206 ;; Critical Paths under _ext in BANK0
   207 ;;
   208 ;;   None.
   209 ;;
   210 ;; Critical Paths under _main in BANK1
   211 ;;
   212 ;;   None.
   213 ;;
   214 ;; Critical Paths under _ext in BANK1
   215 ;;
   216 ;;   None.
   217 ;;
   218 ;; Critical Paths under _main in BANK3
   219 ;;
   220 ;;   None.
   221 ;;
   222 ;; Critical Paths under _ext in BANK3
   223 ;;
   224 ;;   None.
   225 ;;
   226 ;; Critical Paths under _main in BANK2
   227 ;;
   228 ;;   None.
   229 ;;
   230 ;; Critical Paths under _ext in BANK2
   231 ;;
   232 ;;   None.
   233                           
   234 ;;
   235 ;;Main: autosize = 0, tempsize = 1, incstack = 0, save=0
   236 ;;
   237                           
   238 ;;
   239 ;;Call Graph Tables:
   240 ;;
   241 ;; ---------------------------------------------------------------------------------
   242 ;; (Depth) Function   	        Calls       Base Space   Used Autos Params    Refs
   243 ;; ---------------------------------------------------------------------------------
   244 ;; (0) _main                                                 1     1      0     110
   245 ;;                                              5 BANK0      1     1      0
   246 ;;                            _lcd_cmd
   247 ;;                              _delay
   248 ;; ---------------------------------------------------------------------------------
   249 ;; (1) _lcd_cmd                                              3     1      2      88
   250 ;;                                              2 BANK0      3     1      2
   251 ;;                              _delay
   252 ;; ---------------------------------------------------------------------------------
   253 ;; (1) _delay                                                2     0      2      22
   254 ;;                                              0 BANK0      2     0      2
   255 ;; ---------------------------------------------------------------------------------
   256 ;; Estimated maximum stack depth 1
   257 ;; ---------------------------------------------------------------------------------
   258 ;; (Depth) Function   	        Calls       Base Space   Used Autos Params    Refs
   259 ;; ---------------------------------------------------------------------------------
   260 ;; (3) _ext                                                  6     6      0     315
   261 ;;                                              5 COMMON     6     6      0
   262 ;;                          i1_lcd_cmd
   263 ;; ---------------------------------------------------------------------------------
   264 ;; (4) i1_lcd_cmd                                            3     1      2     292
   265 ;;                                              2 COMMON     3     1      2
   266 ;;                            i1_delay
   267 ;; ---------------------------------------------------------------------------------
   268 ;; (5) i1_delay                                              2     0      2      73
   269 ;;                                              0 COMMON     2     0      2
   270 ;; ---------------------------------------------------------------------------------
   271 ;; Estimated maximum stack depth 5
   272 ;; ---------------------------------------------------------------------------------
   273                           
   274 ;; Call Graph Graphs:
   275                           
   276 ;; _main (ROOT)
   277 ;;   _lcd_cmd
   278 ;;     _delay
   279 ;;   _delay
   280 ;;
   281 ;; _ext (ROOT)
   282 ;;   i1_lcd_cmd
   283 ;;     i1_delay
   284 ;;
   285                           
   286 ;; Address spaces:
   287                           
   288 ;;Name               Size   Autos  Total    Cost      Usage
   289 ;;BITCOMMON            E      0       0       0        0.0%
   290 ;;EEDATA             100      0       0       0        0.0%
   291 ;;NULL                 0      0       0       0        0.0%
   292 ;;CODE                 0      0       0       0        0.0%
   293 ;;COMMON               E      B       B       1       78.6%
   294 ;;BITSFR0              0      0       0       1        0.0%
   295 ;;SFR0                 0      0       0       1        0.0%
   296 ;;BITSFR1              0      0       0       2        0.0%
   297 ;;SFR1                 0      0       0       2        0.0%
   298 ;;STACK                0      0       8       2        0.0%
   299 ;;ABS                  0      0      13       3        0.0%
   300 ;;BITBANK0            50      0       0       4        0.0%
   301 ;;BITSFR3              0      0       0       4        0.0%
   302 ;;SFR3                 0      0       0       4        0.0%
   303 ;;BANK0               50      6       8       5       10.0%
   304 ;;BITSFR2              0      0       0       5        0.0%
   305 ;;SFR2                 0      0       0       5        0.0%
   306 ;;BITBANK1            50      0       0       6        0.0%
   307 ;;BANK1               50      0       0       7        0.0%
   308 ;;BITBANK3            60      0       0       8        0.0%
   309 ;;BANK3               60      0       0       9        0.0%
   310 ;;BITBANK2            60      0       0      10        0.0%
   311 ;;BANK2               60      0       0      11        0.0%
   312 ;;DATA                 0      0      1B      12        0.0%
   313                           
   314                           	global	_main
   315                           psect	maintext,global,class=CODE,delta=2
   316                           global __pmaintext
   317  0015                     __pmaintext:
   318                           
   319 ;; *************** function _main *****************
   320 ;; Defined at:
   321 ;;		line 16 in file "D:\Embedded\pic\code\software\interrupt\Serial_interrupt\Serial_interrupt.c"
   322 ;; Parameters:    Size  Location     Type
   323 ;;		None
   324 ;; Auto vars:     Size  Location     Type
   325 ;;		None
   326 ;; Return value:  Size  Location     Type
   327 ;;		None               void
   328 ;; Registers used:
   329 ;;		wreg, status,2, status,0, btemp+1, pclath, cstack
   330 ;; Tracked objects:
   331 ;;		On entry : 17F/0
   332 ;;		On exit  : 0/0
   333 ;;		Unchanged: 0/0
   334 ;; Data sizes:     COMMON   BANK0   BANK1   BANK3   BANK2
   335 ;;      Params:         0       0       0       0       0
   336 ;;      Locals:         0       0       0       0       0
   337 ;;      Temps:          0       1       0       0       0
   338 ;;      Totals:         0       1       0       0       0
   339 ;;Total ram usage:        1 bytes
   340 ;; Hardware stack levels required when called:    5
   341 ;; This function calls:
   342 ;;		_lcd_cmd
   343 ;;		_delay
   344 ;; This function is called by:
   345 ;;		Startup code after reset
   346 ;; This function uses a non-reentrant model
   347 ;;
   348                           psect	maintext
   349                           	file	"D:\Embedded\pic\code\software\interrupt\Serial_interrupt\Serial_interrupt.c"
   350                           	line	16
   351                           	global	__size_of_main
   352  009B                     	__size_of_main	equ	__end_of_main-_main
   353                           	
   354  0015                     _main:	
   355                           	opt	stack 3
   356                           ; Regs used in _main: [wreg+status,2+status,0+btemp+1+pclath+cstack]
   357                           	line	17
   358                           	
   359  0015                     l2318:	
   360                           ;Serial_interrupt.c: 17: PORTC=0X00;
   361  0015  1283               	bcf	status, 5	;RP0=0, select bank0
   362  0016  1303               	bcf	status, 6	;RP1=0, select bank0
   363  0017  0187               	clrf	(7)	;volatile
   364                           	line	18
   365                           	
   366  0018                     l2320:	
   367                           ;Serial_interrupt.c: 18: TRISC=0X80;
   368  0018  3080               	movlw	(080h)
   369  0019  1683               	bsf	status, 5	;RP0=1, select bank1
   370  001A  1303               	bcf	status, 6	;RP1=0, select bank1
   371  001B  0087               	movwf	(135)^080h	;volatile
   372                           	line	19
   373                           	
   374  001C                     l2322:	
   375                           ;Serial_interrupt.c: 19: PORTE=0X00;
   376  001C  1283               	bcf	status, 5	;RP0=0, select bank0
   377  001D  1303               	bcf	status, 6	;RP1=0, select bank0
   378  001E  0189               	clrf	(9)	;volatile
   379                           	line	20
   380                           	
   381  001F                     l2324:	
   382                           ;Serial_interrupt.c: 20: TRISE=0X00;
   383  001F  1683               	bsf	status, 5	;RP0=1, select bank1
   384  0020  1303               	bcf	status, 6	;RP1=0, select bank1
   385  0021  0189               	clrf	(137)^080h	;volatile
   386                           	line	21
   387                           	
   388  0022                     l2326:	
   389                           ;Serial_interrupt.c: 21: PORTD=0X00;
   390  0022  1283               	bcf	status, 5	;RP0=0, select bank0
   391  0023  1303               	bcf	status, 6	;RP1=0, select bank0
   392  0024  0188               	clrf	(8)	;volatile
   393                           	line	22
   394                           	
   395  0025                     l2328:	
   396                           ;Serial_interrupt.c: 22: TRISD=0X00;
   397  0025  1683               	bsf	status, 5	;RP0=1, select bank1
   398  0026  1303               	bcf	status, 6	;RP1=0, select bank1
   399  0027  0188               	clrf	(136)^080h	;volatile
   400                           	line	23
   401                           	
   402  0028                     l2330:	
   403                           ;Serial_interrupt.c: 23: ANSEL=0X00;
   404  0028  1683               	bsf	status, 5	;RP0=1, select bank3
   405  0029  1703               	bsf	status, 6	;RP1=1, select bank3
   406  002A  0188               	clrf	(392)^0180h	;volatile
   407                           	line	24
   408                           	
   409  002B                     l2332:	
   410                           ;Serial_interrupt.c: 24: ANSELH=0X00;
   411  002B  0189               	clrf	(393)^0180h	;volatile
   412                           	line	25
   413                           	
   414  002C                     l2334:	
   415                           ;Serial_interrupt.c: 25: TXSTA=0X26;
   416  002C  3026               	movlw	(026h)
   417  002D  1683               	bsf	status, 5	;RP0=1, select bank1
   418  002E  1303               	bcf	status, 6	;RP1=0, select bank1
   419  002F  0098               	movwf	(152)^080h	;volatile
   420                           	line	26
   421                           	
   422  0030                     l2336:	
   423                           ;Serial_interrupt.c: 26: RCSTA=0X90;
   424  0030  3090               	movlw	(090h)
   425  0031  1283               	bcf	status, 5	;RP0=0, select bank0
   426  0032  1303               	bcf	status, 6	;RP1=0, select bank0
   427  0033  0098               	movwf	(24)	;volatile
   428                           	line	27
   429                           	
   430  0034                     l2338:	
   431                           ;Serial_interrupt.c: 27: SPBRG=25;
   432  0034  3019               	movlw	(019h)
   433  0035  1683               	bsf	status, 5	;RP0=1, select bank1
   434  0036  1303               	bcf	status, 6	;RP1=0, select bank1
   435  0037  0099               	movwf	(153)^080h	;volatile
   436                           	line	28
   437                           	
   438  0038                     l2340:	
   439                           ;Serial_interrupt.c: 28: lcd_cmd(0,0,0X38);
   440  0038  1283               	bcf	status, 5	;RP0=0, select bank0
   441  0039  1303               	bcf	status, 6	;RP1=0, select bank0
   442  003A  01A2               	clrf	(?_lcd_cmd)
   443  003B  3038               	movlw	(038h)
   444  003C  00A5               	movwf	(??_main+0)+0
   445  003D  0825               	movf	(??_main+0)+0,w
   446  003E  00A3               	movwf	0+(?_lcd_cmd)+01h
   447  003F  3000               	movlw	(0)
   448  0040  120A  118A  20B0   	fcall	_lcd_cmd
              120A  118A         
   449                           	line	29
   450                           	
   451  0045                     l2342:	
   452                           ;Serial_interrupt.c: 29: lcd_cmd(0,0,0X0F);
   453  0045  1283               	bcf	status, 5	;RP0=0, select bank0
   454  0046  1303               	bcf	status, 6	;RP1=0, select bank0
   455  0047  01A2               	clrf	(?_lcd_cmd)
   456  0048  300F               	movlw	(0Fh)
   457  0049  00A5               	movwf	(??_main+0)+0
   458  004A  0825               	movf	(??_main+0)+0,w
   459  004B  00A3               	movwf	0+(?_lcd_cmd)+01h
   460  004C  3000               	movlw	(0)
   461  004D  120A  118A  20B0   	fcall	_lcd_cmd
              120A  118A         
   462                           	line	30
   463                           	
   464  0052                     l2344:	
   465                           ;Serial_interrupt.c: 30: lcd_cmd(0,0,0X80);
   466  0052  1283               	bcf	status, 5	;RP0=0, select bank0
   467  0053  1303               	bcf	status, 6	;RP1=0, select bank0
   468  0054  01A2               	clrf	(?_lcd_cmd)
   469  0055  3080               	movlw	(080h)
   470  0056  00A5               	movwf	(??_main+0)+0
   471  0057  0825               	movf	(??_main+0)+0,w
   472  0058  00A3               	movwf	0+(?_lcd_cmd)+01h
   473  0059  3000               	movlw	(0)
   474  005A  120A  118A  20B0   	fcall	_lcd_cmd
              120A  118A         
   475                           	line	31
   476                           	
   477  005F                     l2346:	
   478                           ;Serial_interrupt.c: 31: INTCON=0XC0;
   479  005F  30C0               	movlw	(0C0h)
   480  0060  008B               	movwf	(11)	;volatile
   481                           	line	32
   482                           	
   483  0061                     l2348:	
   484                           ;Serial_interrupt.c: 32: PIE1=0X20;
   485  0061  3020               	movlw	(020h)
   486  0062  1683               	bsf	status, 5	;RP0=1, select bank1
   487  0063  1303               	bcf	status, 6	;RP1=0, select bank1
   488  0064  008C               	movwf	(140)^080h	;volatile
   489                           	line	33
   490                           	
   491  0065                     l2350:	
   492                           ;Serial_interrupt.c: 33: PIR1=0X20;
   493  0065  3020               	movlw	(020h)
   494  0066  1283               	bcf	status, 5	;RP0=0, select bank0
   495  0067  1303               	bcf	status, 6	;RP1=0, select bank0
   496  0068  008C               	movwf	(12)	;volatile
   497  0069  286A               	goto	l2352
   498                           	line	34
   499                           ;Serial_interrupt.c: 34: while(1)
   500                           	
   501  006A                     l1042:	
   502                           	line	36
   503                           	
   504  006A                     l2352:	
   505                           ;Serial_interrupt.c: 35: {
   506                           ;Serial_interrupt.c: 36: for(i=0;i<5;i++)
   507  006A  1283               	bcf	status, 5	;RP0=0, select bank0
   508  006B  1303               	bcf	status, 6	;RP1=0, select bank0
   509  006C  01A6               	clrf	(_i)
   510  006D  01A7               	clrf	(_i+1)
   511                           	
   512  006E                     l2354:	
   513  006E  0827               	movf	(_i+1),w
   514  006F  3A80               	xorlw	80h
   515  0070  00FF               	movwf	btemp+1
   516  0071  3080               	movlw	(high(05h))^80h
   517  0072  027F               	subwf	btemp+1,w
   518  0073  1D03               	skipz
   519  0074  2877               	goto	u2435
   520  0075  3005               	movlw	low(05h)
   521  0076  0226               	subwf	(_i),w
   522  0077                     u2435:
   523                           
   524  0077  1C03               	skipc
   525  0078  287A               	goto	u2431
   526  0079  287B               	goto	u2430
   527  007A                     u2431:
   528  007A  287D               	goto	l1043
   529  007B                     u2430:
   530  007B  286A               	goto	l2352
   531                           	
   532  007C                     l2356:	
   533  007C  286A               	goto	l2352
   534                           	line	37
   535                           	
   536  007D                     l1043:	
   537                           	line	38
   538                           ;Serial_interrupt.c: 37: {
   539                           ;Serial_interrupt.c: 38: RC0=1;
   540  007D  1283               	bcf	status, 5	;RP0=0, select bank0
   541  007E  1303               	bcf	status, 6	;RP1=0, select bank0
   542  007F  1407               	bsf	(56/8),(56)&7
   543                           	line	39
   544                           	
   545  0080                     l2358:	
   546                           ;Serial_interrupt.c: 39: delay(5000);
   547  0080  3088               	movlw	low(01388h)
   548  0081  00A0               	movwf	(?_delay)
   549  0082  3013               	movlw	high(01388h)
   550  0083  00A1               	movwf	((?_delay))+1
   551  0084  120A  118A  2130   	fcall	_delay
              120A  118A         
   552                           	line	40
   553                           	
   554  0089                     l2360:	
   555                           ;Serial_interrupt.c: 40: RC0=0;
   556  0089  1283               	bcf	status, 5	;RP0=0, select bank0
   557  008A  1303               	bcf	status, 6	;RP1=0, select bank0
   558  008B  1007               	bcf	(56/8),(56)&7
   559                           	line	41
   560                           ;Serial_interrupt.c: 41: delay(5000);
   561  008C  3088               	movlw	low(01388h)
   562  008D  00A0               	movwf	(?_delay)
   563  008E  3013               	movlw	high(01388h)
   564  008F  00A1               	movwf	((?_delay))+1
   565  0090  120A  118A  2130   	fcall	_delay
              120A  118A         
   566                           	line	36
   567                           	
   568  0095                     l2362:	
   569  0095  3001               	movlw	low(01h)
   570  0096  1283               	bcf	status, 5	;RP0=0, select bank0
   571  0097  1303               	bcf	status, 6	;RP1=0, select bank0
   572  0098  07A6               	addwf	(_i),f
   573  0099  1803               	skipnc
   574  009A  0AA7               	incf	(_i+1),f
   575  009B  3000               	movlw	high(01h)
   576  009C  07A7               	addwf	(_i+1),f
   577                           	
   578  009D                     l2364:	
   579  009D  0827               	movf	(_i+1),w
   580  009E  3A80               	xorlw	80h
   581  009F  00FF               	movwf	btemp+1
   582  00A0  3080               	movlw	(high(05h))^80h
   583  00A1  027F               	subwf	btemp+1,w
   584  00A2  1D03               	skipz
   585  00A3  28A6               	goto	u2445
   586  00A4  3005               	movlw	low(05h)
   587  00A5  0226               	subwf	(_i),w
   588  00A6                     u2445:
   589                           
   590  00A6  1C03               	skipc
   591  00A7  28A9               	goto	u2441
   592  00A8  28AA               	goto	u2440
   593  00A9                     u2441:
   594  00A9  287D               	goto	l1043
   595  00AA                     u2440:
   596  00AA  286A               	goto	l2352
   597                           	
   598  00AB                     l1044:	
   599  00AB  286A               	goto	l2352
   600                           	line	44
   601                           	
   602  00AC                     l1045:	
   603                           	line	34
   604  00AC  286A               	goto	l2352
   605                           	
   606  00AD                     l1046:	
   607                           	line	45
   608                           	
   609  00AD                     l1047:	
   610                           	global	start
   611  00AD  120A  118A  2812   	ljmp	start
   612                           	opt stack 0
   613                           GLOBAL	__end_of_main
   614  00B0                     	__end_of_main:
   615 ;; =============== function _main ends ============
   616                           
   617                           	signat	_main,88
   618                           	global	_lcd_cmd
   619                           psect	text166,local,class=CODE,delta=2
   620                           global __ptext166
   621  00B0                     __ptext166:
   622                           
   623 ;; *************** function _lcd_cmd *****************
   624 ;; Defined at:
   625 ;;		line 10 in file "D:\Embedded\pic\code\software\interrupt\Serial_interrupt\lcd.h"
   626 ;; Parameters:    Size  Location     Type
   627 ;;  a               1    wreg     unsigned char 
   628 ;;  b               1    2[BANK0 ] unsigned char 
   629 ;;  c               1    3[BANK0 ] unsigned char 
   630 ;; Auto vars:     Size  Location     Type
   631 ;;  a               1    4[BANK0 ] unsigned char 
   632 ;; Return value:  Size  Location     Type
   633 ;;		None               void
   634 ;; Registers used:
   635 ;;		wreg, status,2, status,0, pclath, cstack
   636 ;; Tracked objects:
   637 ;;		On entry : 0/0
   638 ;;		On exit  : 0/0
   639 ;;		Unchanged: 0/0
   640 ;; Data sizes:     COMMON   BANK0   BANK1   BANK3   BANK2
   641 ;;      Params:         0       2       0       0       0
   642 ;;      Locals:         0       1       0       0       0
   643 ;;      Temps:          0       0       0       0       0
   644 ;;      Totals:         0       3       0       0       0
   645 ;;Total ram usage:        3 bytes
   646 ;; Hardware stack levels used:    1
   647 ;; Hardware stack levels required when called:    4
   648 ;; This function calls:
   649 ;;		_delay
   650 ;; This function is called by:
   651 ;;		_main
   652 ;; This function uses a non-reentrant model
   653 ;;
   654                           psect	text166
   655                           	file	"D:\Embedded\pic\code\software\interrupt\Serial_interrupt\lcd.h"
   656                           	line	10
   657                           	global	__size_of_lcd_cmd
   658  0030                     	__size_of_lcd_cmd	equ	__end_of_lcd_cmd-_lcd_cmd
   659                           	
   660  00B0                     _lcd_cmd:	
   661                           	opt	stack 3
   662                           ; Regs used in _lcd_cmd: [wreg+status,2+status,0+pclath+cstack]
   663                           ;lcd_cmd@a stored from wreg
   664  00B0  1283               	bcf	status, 5	;RP0=0, select bank0
   665  00B1  1303               	bcf	status, 6	;RP1=0, select bank0
   666  00B2  00A4               	movwf	(lcd_cmd@a)
   667                           	line	11
   668                           	
   669  00B3                     l2306:	
   670                           ;lcd.h: 11: RE0=a;
   671  00B3  1824               	btfsc	(lcd_cmd@a),0
   672  00B4  28B6               	goto	u2391
   673  00B5  28BA               	goto	u2390
   674                           	
   675  00B6                     u2391:
   676  00B6  1283               	bcf	status, 5	;RP0=0, select bank0
   677  00B7  1303               	bcf	status, 6	;RP1=0, select bank0
   678  00B8  1409               	bsf	(72/8),(72)&7
   679  00B9  28BD               	goto	u2404
   680  00BA                     u2390:
   681  00BA  1283               	bcf	status, 5	;RP0=0, select bank0
   682  00BB  1303               	bcf	status, 6	;RP1=0, select bank0
   683  00BC  1009               	bcf	(72/8),(72)&7
   684  00BD                     u2404:
   685                           	line	12
   686                           ;lcd.h: 12: RE1=b;
   687  00BD  1822               	btfsc	(lcd_cmd@b),0
   688  00BE  28C0               	goto	u2411
   689  00BF  28C4               	goto	u2410
   690                           	
   691  00C0                     u2411:
   692  00C0  1283               	bcf	status, 5	;RP0=0, select bank0
   693  00C1  1303               	bcf	status, 6	;RP1=0, select bank0
   694  00C2  1489               	bsf	(73/8),(73)&7
   695  00C3  28C7               	goto	u2424
   696  00C4                     u2410:
   697  00C4  1283               	bcf	status, 5	;RP0=0, select bank0
   698  00C5  1303               	bcf	status, 6	;RP1=0, select bank0
   699  00C6  1089               	bcf	(73/8),(73)&7
   700  00C7                     u2424:
   701                           	line	13
   702                           	
   703  00C7                     l2308:	
   704                           ;lcd.h: 13: PORTD=c;
   705  00C7  0823               	movf	(lcd_cmd@c),w
   706  00C8  0088               	movwf	(8)	;volatile
   707                           	line	14
   708                           	
   709  00C9                     l2310:	
   710                           ;lcd.h: 14: RE2=1;
   711  00C9  1509               	bsf	(74/8),(74)&7
   712                           	line	15
   713                           	
   714  00CA                     l2312:	
   715                           ;lcd.h: 15: delay(1000);
   716  00CA  30E8               	movlw	low(03E8h)
   717  00CB  00A0               	movwf	(?_delay)
   718  00CC  3003               	movlw	high(03E8h)
   719  00CD  00A1               	movwf	((?_delay))+1
   720  00CE  120A  118A  2130   	fcall	_delay
              120A  118A         
   721                           	line	16
   722                           	
   723  00D3                     l2314:	
   724                           ;lcd.h: 16: RE2=0;
   725  00D3  1283               	bcf	status, 5	;RP0=0, select bank0
   726  00D4  1303               	bcf	status, 6	;RP1=0, select bank0
   727  00D5  1109               	bcf	(74/8),(74)&7
   728                           	line	17
   729                           	
   730  00D6                     l2316:	
   731                           ;lcd.h: 17: delay(1000);
   732  00D6  30E8               	movlw	low(03E8h)
   733  00D7  00A0               	movwf	(?_delay)
   734  00D8  3003               	movlw	high(03E8h)
   735  00D9  00A1               	movwf	((?_delay))+1
   736  00DA  120A  118A  2130   	fcall	_delay
              120A  118A         
   737                           	line	18
   738                           	
   739  00DF                     l1033:	
   740  00DF  0008               	return
   741                           	opt stack 0
   742                           GLOBAL	__end_of_lcd_cmd
   743  00E0                     	__end_of_lcd_cmd:
   744 ;; =============== function _lcd_cmd ends ============
   745                           
   746                           	signat	_lcd_cmd,12408
   747                           	global	_delay
   748                           psect	text167,local,class=CODE,delta=2
   749                           global __ptext167
   750  0130                     __ptext167:
   751                           
   752 ;; *************** function _delay *****************
   753 ;; Defined at:
   754 ;;		line 6 in file "D:\Embedded\pic\code\software\interrupt\Serial_interrupt\lcd.h"
   755 ;; Parameters:    Size  Location     Type
   756 ;;  ms              2    0[BANK0 ] unsigned int 
   757 ;; Auto vars:     Size  Location     Type
   758 ;;		None
   759 ;; Return value:  Size  Location     Type
   760 ;;		None               void
   761 ;; Registers used:
   762 ;;		wreg
   763 ;; Tracked objects:
   764 ;;		On entry : 0/0
   765 ;;		On exit  : 0/0
   766 ;;		Unchanged: 0/0
   767 ;; Data sizes:     COMMON   BANK0   BANK1   BANK3   BANK2
   768 ;;      Params:         0       2       0       0       0
   769 ;;      Locals:         0       0       0       0       0
   770 ;;      Temps:          0       0       0       0       0
   771 ;;      Totals:         0       2       0       0       0
   772 ;;Total ram usage:        2 bytes
   773 ;; Hardware stack levels used:    1
   774 ;; Hardware stack levels required when called:    3
   775 ;; This function calls:
   776 ;;		Nothing
   777 ;; This function is called by:
   778 ;;		_lcd_cmd
   779 ;;		_main
   780 ;; This function uses a non-reentrant model
   781 ;;
   782                           psect	text167
   783                           	file	"D:\Embedded\pic\code\software\interrupt\Serial_interrupt\lcd.h"
   784                           	line	6
   785                           	global	__size_of_delay
   786  0016                     	__size_of_delay	equ	__end_of_delay-_delay
   787                           	
   788  0130                     _delay:	
   789                           	opt	stack 4
   790                           ; Regs used in _delay: [wreg]
   791                           	line	7
   792                           	
   793  0130                     l2282:	
   794                           ;lcd.h: 7: while(ms--);
   795  0130  2932               	goto	l2284
   796                           	
   797  0131                     l1028:	
   798  0131  2932               	goto	l2284
   799                           	
   800  0132                     l1027:	
   801                           	
   802  0132                     l2284:	
   803  0132  3001               	movlw	low(01h)
   804  0133  1283               	bcf	status, 5	;RP0=0, select bank0
   805  0134  1303               	bcf	status, 6	;RP1=0, select bank0
   806  0135  02A0               	subwf	(delay@ms),f
   807  0136  3000               	movlw	high(01h)
   808  0137  1C03               	skipc
   809  0138  03A1               	decf	(delay@ms+1),f
   810  0139  02A1               	subwf	(delay@ms+1),f
   811  013A  30FF               	movlw	high(0FFFFh)
   812  013B  0621               	xorwf	((delay@ms+1)),w
   813  013C  1D03               	skipz
   814  013D  2940               	goto	u2325
   815  013E  30FF               	movlw	low(0FFFFh)
   816  013F  0620               	xorwf	((delay@ms)),w
   817  0140                     u2325:
   818                           
   819  0140  1D03               	skipz
   820  0141  2943               	goto	u2321
   821  0142  2944               	goto	u2320
   822  0143                     u2321:
   823  0143  2932               	goto	l2284
   824  0144                     u2320:
   825  0144  2945               	goto	l1030
   826                           	
   827  0145                     l1029:	
   828                           	line	8
   829                           	
   830  0145                     l1030:	
   831  0145  0008               	return
   832                           	opt stack 0
   833                           GLOBAL	__end_of_delay
   834  0146                     	__end_of_delay:
   835 ;; =============== function _delay ends ============
   836                           
   837                           	signat	_delay,4216
   838                           	global	_ext
   839                           psect	text168,local,class=CODE,delta=2
   840                           global __ptext168
   841  010E                     __ptext168:
   842                           
   843 ;; *************** function _ext *****************
   844 ;; Defined at:
   845 ;;		line 8 in file "D:\Embedded\pic\code\software\interrupt\Serial_interrupt\Serial_interrupt.c"
   846 ;; Parameters:    Size  Location     Type
   847 ;;		None
   848 ;; Auto vars:     Size  Location     Type
   849 ;;  data            1   10[COMMON] unsigned char 
   850 ;; Return value:  Size  Location     Type
   851 ;;		None               void
   852 ;; Registers used:
   853 ;;		wreg, status,2, status,0, pclath, cstack
   854 ;; Tracked objects:
   855 ;;		On entry : 0/0
   856 ;;		On exit  : 0/0
   857 ;;		Unchanged: 0/0
   858 ;; Data sizes:     COMMON   BANK0   BANK1   BANK3   BANK2
   859 ;;      Params:         0       0       0       0       0
   860 ;;      Locals:         1       0       0       0       0
   861 ;;      Temps:          5       0       0       0       0
   862 ;;      Totals:         6       0       0       0       0
   863 ;;Total ram usage:        6 bytes
   864 ;; Hardware stack levels used:    1
   865 ;; Hardware stack levels required when called:    2
   866 ;; This function calls:
   867 ;;		i1_lcd_cmd
   868 ;; This function is called by:
   869 ;;		Interrupt level 1
   870 ;; This function uses a non-reentrant model
   871 ;;
   872                           psect	text168
   873                           	file	"D:\Embedded\pic\code\software\interrupt\Serial_interrupt\Serial_interrupt.c"
   874                           	global	__size_of_ext
   875  0022                     	__size_of_ext	equ	__end_of_ext-_ext
   876                           	
   877  010E                     _ext:	
   878                           	opt	stack 3
   879                           ; Regs used in _ext: [wreg+status,2+status,0+pclath+cstack]
   880                           psect	intentry,class=CODE,delta=2
   881                           global __pintentry
   882  0004                     __pintentry:
   883                           global interrupt_function
   884  0004                     interrupt_function:
   885                           	global saved_w
   886  007E                     	saved_w	set	btemp+0
   887  0004  00FE               	movwf	saved_w
   888  0005  0E03               	swapf	status,w
   889  0006  00F6               	movwf	(??_ext+1)
   890  0007  0804               	movf	fsr0,w
   891  0008  00F7               	movwf	(??_ext+2)
   892  0009  080A               	movf	pclath,w
   893  000A  00F8               	movwf	(??_ext+3)
   894  000B  1283               	bcf	status, 5	;RP0=0, select bank0
   895  000C  1303               	bcf	status, 6	;RP1=0, select bank0
   896  000D  087F               	movf	btemp+1,w
   897  000E  00F9               	movwf	(??_ext+4)
   898  000F  120A  118A  290E   	ljmp	_ext
   899                           psect	text168
   900                           	line	10
   901                           	
   902  010E                     i1l2286:	
   903                           ;Serial_interrupt.c: 9: char data;
   904                           ;Serial_interrupt.c: 10: data=RCREG;
   905  010E  081A               	movf	(26),w	;volatile
   906  010F  00F5               	movwf	(??_ext+0)+0
   907  0110  0875               	movf	(??_ext+0)+0,w
   908  0111  00FA               	movwf	(ext@data)
   909                           	line	11
   910                           ;Serial_interrupt.c: 11: while(RCIF==0);
   911  0112  2913               	goto	i1l1036
   912                           	
   913  0113                     i1l1037:	
   914                           	
   915  0113                     i1l1036:	
   916  0113  1E8C               	btfss	(101/8),(101)&7
   917  0114  2916               	goto	u233_21
   918  0115  2917               	goto	u233_20
   919  0116                     u233_21:
   920  0116  2913               	goto	i1l1036
   921  0117                     u233_20:
   922                           	
   923  0117                     i1l1038:	
   924                           	line	12
   925                           ;Serial_interrupt.c: 12: RCIF=0;
   926  0117  128C               	bcf	(101/8),(101)&7
   927                           	line	13
   928                           	
   929  0118                     i1l2288:	
   930                           ;Serial_interrupt.c: 13: lcd_cmd(1,0,data);
   931  0118  01F2               	clrf	(?i1_lcd_cmd)
   932  0119  087A               	movf	(ext@data),w
   933  011A  00F5               	movwf	(??_ext+0)+0
   934  011B  0875               	movf	(??_ext+0)+0,w
   935  011C  00F3               	movwf	0+(?i1_lcd_cmd)+01h
   936  011D  3001               	movlw	(01h)
   937  011E  120A  118A  20E0   	fcall	i1_lcd_cmd
              120A  118A         
   938                           	line	14
   939                           	
   940  0123                     i1l1039:	
   941  0123  0879               	movf	(??_ext+4),w
   942  0124  1283               	bcf	status, 5	;RP0=0, select bank0
   943  0125  1303               	bcf	status, 6	;RP1=0, select bank0
   944  0126  00FF               	movwf	btemp+1
   945  0127  0878               	movf	(??_ext+3),w
   946  0128  008A               	movwf	pclath
   947  0129  0877               	movf	(??_ext+2),w
   948  012A  0084               	movwf	fsr0
   949  012B  0E76               	swapf	(??_ext+1)^0FFFFFF80h,w
   950  012C  0083               	movwf	status
   951  012D  0EFE               	swapf	saved_w,f
   952  012E  0E7E               	swapf	saved_w,w
   953  012F  0009               	retfie
   954                           	opt stack 0
   955                           GLOBAL	__end_of_ext
   956  0130                     	__end_of_ext:
   957 ;; =============== function _ext ends ============
   958                           
   959                           	signat	_ext,88
   960                           	global	i1_lcd_cmd
   961                           psect	text169,local,class=CODE,delta=2
   962                           global __ptext169
   963  00E0                     __ptext169:
   964                           
   965 ;; *************** function i1_lcd_cmd *****************
   966 ;; Defined at:
   967 ;;		line 10 in file "D:\Embedded\pic\code\software\interrupt\Serial_interrupt\lcd.h"
   968 ;; Parameters:    Size  Location     Type
   969 ;;  lcd_cmd         1    wreg     unsigned char 
   970 ;;  lcd_cmd         1    2[COMMON] unsigned char 
   971 ;;  lcd_cmd         1    3[COMMON] unsigned char 
   972 ;; Auto vars:     Size  Location     Type
   973 ;;  lcd_cmd         1    4[COMMON] unsigned char 
   974 ;; Return value:  Size  Location     Type
   975 ;;		None               void
   976 ;; Registers used:
   977 ;;		wreg, status,2, status,0, pclath, cstack
   978 ;; Tracked objects:
   979 ;;		On entry : 0/0
   980 ;;		On exit  : 0/0
   981 ;;		Unchanged: 0/0
   982 ;; Data sizes:     COMMON   BANK0   BANK1   BANK3   BANK2
   983 ;;      Params:         2       0       0       0       0
   984 ;;      Locals:         1       0       0       0       0
   985 ;;      Temps:          0       0       0       0       0
   986 ;;      Totals:         3       0       0       0       0
   987 ;;Total ram usage:        3 bytes
   988 ;; Hardware stack levels used:    1
   989 ;; Hardware stack levels required when called:    1
   990 ;; This function calls:
   991 ;;		i1_delay
   992 ;; This function is called by:
   993 ;;		_ext
   994 ;; This function uses a non-reentrant model
   995 ;;
   996                           psect	text169
   997                           	file	"D:\Embedded\pic\code\software\interrupt\Serial_interrupt\lcd.h"
   998                           	line	10
   999                           	global	__size_ofi1_lcd_cmd
  1000  002E                     	__size_ofi1_lcd_cmd	equ	__end_ofi1_lcd_cmd-i1_lcd_cmd
  1001                           	
  1002  00E0                     i1_lcd_cmd:	
  1003                           	opt	stack 3
  1004                           ; Regs used in i1_lcd_cmd: [wreg+status,2+status,0+pclath+cstack]
  1005                           ;i1lcd_cmd@a stored from wreg
  1006  00E0  00F4               	movwf	(i1lcd_cmd@a)
  1007                           	line	11
  1008                           	
  1009  00E1                     i1l2294:	
  1010                           ;lcd.h: 11: RE0=a;
  1011  00E1  1874               	btfsc	(i1lcd_cmd@a),0
  1012  00E2  28E4               	goto	u235_21
  1013  00E3  28E8               	goto	u235_20
  1014                           	
  1015  00E4                     u235_21:
  1016  00E4  1283               	bcf	status, 5	;RP0=0, select bank0
  1017  00E5  1303               	bcf	status, 6	;RP1=0, select bank0
  1018  00E6  1409               	bsf	(72/8),(72)&7
  1019  00E7  28EB               	goto	u236_24
  1020  00E8                     u235_20:
  1021  00E8  1283               	bcf	status, 5	;RP0=0, select bank0
  1022  00E9  1303               	bcf	status, 6	;RP1=0, select bank0
  1023  00EA  1009               	bcf	(72/8),(72)&7
  1024  00EB                     u236_24:
  1025                           	line	12
  1026                           ;lcd.h: 12: RE1=b;
  1027  00EB  1872               	btfsc	(i1lcd_cmd@b),0
  1028  00EC  28EE               	goto	u237_21
  1029  00ED  28F2               	goto	u237_20
  1030                           	
  1031  00EE                     u237_21:
  1032  00EE  1283               	bcf	status, 5	;RP0=0, select bank0
  1033  00EF  1303               	bcf	status, 6	;RP1=0, select bank0
  1034  00F0  1489               	bsf	(73/8),(73)&7
  1035  00F1  28F5               	goto	u238_24
  1036  00F2                     u237_20:
  1037  00F2  1283               	bcf	status, 5	;RP0=0, select bank0
  1038  00F3  1303               	bcf	status, 6	;RP1=0, select bank0
  1039  00F4  1089               	bcf	(73/8),(73)&7
  1040  00F5                     u238_24:
  1041                           	line	13
  1042                           	
  1043  00F5                     i1l2296:	
  1044                           ;lcd.h: 13: PORTD=c;
  1045  00F5  0873               	movf	(i1lcd_cmd@c),w
  1046  00F6  0088               	movwf	(8)	;volatile
  1047                           	line	14
  1048                           	
  1049  00F7                     i1l2298:	
  1050                           ;lcd.h: 14: RE2=1;
  1051  00F7  1509               	bsf	(74/8),(74)&7
  1052                           	line	15
  1053                           	
  1054  00F8                     i1l2300:	
  1055                           ;lcd.h: 15: delay(1000);
  1056  00F8  30E8               	movlw	low(03E8h)
  1057  00F9  00F0               	movwf	(?i1_delay)
  1058  00FA  3003               	movlw	high(03E8h)
  1059  00FB  00F1               	movwf	((?i1_delay))+1
  1060  00FC  120A  118A  2146   	fcall	i1_delay
              120A  118A         
  1061                           	line	16
  1062                           	
  1063  0101                     i1l2302:	
  1064                           ;lcd.h: 16: RE2=0;
  1065  0101  1283               	bcf	status, 5	;RP0=0, select bank0
  1066  0102  1303               	bcf	status, 6	;RP1=0, select bank0
  1067  0103  1109               	bcf	(74/8),(74)&7
  1068                           	line	17
  1069                           	
  1070  0104                     i1l2304:	
  1071                           ;lcd.h: 17: delay(1000);
  1072  0104  30E8               	movlw	low(03E8h)
  1073  0105  00F0               	movwf	(?i1_delay)
  1074  0106  3003               	movlw	high(03E8h)
  1075  0107  00F1               	movwf	((?i1_delay))+1
  1076  0108  120A  118A  2146   	fcall	i1_delay
              120A  118A         
  1077                           	line	18
  1078                           	
  1079  010D                     i1l1033:	
  1080  010D  0008               	return
  1081                           	opt stack 0
  1082                           GLOBAL	__end_ofi1_lcd_cmd
  1083  010E                     	__end_ofi1_lcd_cmd:
  1084 ;; =============== function i1_lcd_cmd ends ============
  1085                           
  1086                           	signat	i1_lcd_cmd,88
  1087                           	global	i1_delay
  1088                           psect	text170,local,class=CODE,delta=2
  1089                           global __ptext170
  1090  0146                     __ptext170:
  1091                           
  1092 ;; *************** function i1_delay *****************
  1093 ;; Defined at:
  1094 ;;		line 6 in file "D:\Embedded\pic\code\software\interrupt\Serial_interrupt\lcd.h"
  1095 ;; Parameters:    Size  Location     Type
  1096 ;;  delay           2    0[COMMON] unsigned int 
  1097 ;; Auto vars:     Size  Location     Type
  1098 ;;		None
  1099 ;; Return value:  Size  Location     Type
  1100 ;;		None               void
  1101 ;; Registers used:
  1102 ;;		wreg
  1103 ;; Tracked objects:
  1104 ;;		On entry : 0/0
  1105 ;;		On exit  : 0/0
  1106 ;;		Unchanged: 0/0
  1107 ;; Data sizes:     COMMON   BANK0   BANK1   BANK3   BANK2
  1108 ;;      Params:         2       0       0       0       0
  1109 ;;      Locals:         0       0       0       0       0
  1110 ;;      Temps:          0       0       0       0       0
  1111 ;;      Totals:         2       0       0       0       0
  1112 ;;Total ram usage:        2 bytes
  1113 ;; Hardware stack levels used:    1
  1114 ;; This function calls:
  1115 ;;		Nothing
  1116 ;; This function is called by:
  1117 ;;		i1_lcd_cmd
  1118 ;; This function uses a non-reentrant model
  1119 ;;
  1120                           psect	text170
  1121                           	file	"D:\Embedded\pic\code\software\interrupt\Serial_interrupt\lcd.h"
  1122                           	line	6
  1123                           	global	__size_ofi1_delay
  1124  0014                     	__size_ofi1_delay	equ	__end_ofi1_delay-i1_delay
  1125                           	
  1126  0146                     i1_delay:	
  1127                           	opt	stack 3
  1128                           ; Regs used in i1_delay: [wreg]
  1129                           	line	7
  1130                           	
  1131  0146                     i1l2290:	
  1132                           ;lcd.h: 7: while(ms--);
  1133  0146  2948               	goto	i1l2292
  1134                           	
  1135  0147                     i1l1028:	
  1136  0147  2948               	goto	i1l2292
  1137                           	
  1138  0148                     i1l1027:	
  1139                           	
  1140  0148                     i1l2292:	
  1141  0148  3001               	movlw	low(01h)
  1142  0149  02F0               	subwf	(i1delay@ms),f
  1143  014A  3000               	movlw	high(01h)
  1144  014B  1C03               	skipc
  1145  014C  03F1               	decf	(i1delay@ms+1),f
  1146  014D  02F1               	subwf	(i1delay@ms+1),f
  1147  014E  30FF               	movlw	high(0FFFFh)
  1148  014F  0671               	xorwf	((i1delay@ms+1)),w
  1149  0150  1D03               	skipz
  1150  0151  2954               	goto	u234_25
  1151  0152  30FF               	movlw	low(0FFFFh)
  1152  0153  0670               	xorwf	((i1delay@ms)),w
  1153  0154                     u234_25:
  1154                           
  1155  0154  1D03               	skipz
  1156  0155  2957               	goto	u234_21
  1157  0156  2958               	goto	u234_20
  1158  0157                     u234_21:
  1159  0157  2948               	goto	i1l2292
  1160  0158                     u234_20:
  1161  0158  2959               	goto	i1l1030
  1162                           	
  1163  0159                     i1l1029:	
  1164                           	line	8
  1165                           	
  1166  0159                     i1l1030:	
  1167  0159  0008               	return
  1168                           	opt stack 0
  1169                           GLOBAL	__end_ofi1_delay
  1170  015A                     	__end_ofi1_delay:
  1171 ;; =============== function i1_delay ends ============
  1172                           
  1173                           	signat	i1_delay,88
  1174                           psect	text171,local,class=CODE,delta=2
  1175                           global __ptext171
  1176  0000                     __ptext171:
  1177                           	global	btemp
  1178  007E                     	btemp set 07Eh
  1179                           
  1180                           	DABS	1,126,2	;btemp
  1181                           	global	wtemp0
  1182  007E                     	wtemp0 set btemp


HI-TECH Software PICC Macro Assembler V9.81 build 7503 
Symbol Table                                                                                   Mon Jun 13 23:55:38 2022

                   _i 0026                   _RC0 0038                   _RE0 0048                   _RE1 0049  
                 _RE2 004A                   _ext 010E                   fsr0 0004                  l1030 0145  
                l1033 00DF                  l1042 006A                  l1027 0132                  l1043 007D  
                l1028 0131                  l1044 00AB                  l1029 0145                  l1045 00AC  
                l1046 00AD                  l1047 00AD                  l2310 00C9                  l2312 00CA  
                l2320 0018                  l2314 00D3                  l2306 00B3                  l2330 0028  
                l2322 001C                  l2316 00D6                  l2308 00C7                  l2340 0038  
                l2332 002B                  l2324 001F                  l2350 0065                  l2342 0045  
                l2334 002C                  l2326 0022                  l2318 0015                  l2360 0089  
                l2352 006A                  l2344 0052                  l2336 0030                  l2328 0025  
                l2282 0130                  l2362 0095                  l2354 006E                  l2346 005F  
                l2338 0034                  l2284 0132                  l2364 009D                  l2356 007C  
                l2348 0061                  l2358 0080                  ?_ext 0070                  u2320 0144  
                u2321 0143                  u2410 00C4                  u2411 00C0                  u2404 00BD  
                u2325 0140                  u2430 007B                  u2431 007A                  u2424 00C7  
                u2440 00AA                  u2441 00A9                  u2435 0077                  u2445 00A6  
                u2390 00BA                  u2391 00B6                  _PIE1 008C                  _RCIF 0065  
                _PIR1 000C                  _main 0015                  btemp 007E       __end_ofi1_delay 015A  
                start 0012            i1lcd_cmd@a 0074            i1lcd_cmd@b 0072            i1lcd_cmd@c 0073  
               ??_ext 0075                 ?_main 0070                 _ANSEL 0188                 _RCREG 001A  
               _RCSTA 0018                 _SPBRG 0099                 _PORTC 0007                 _PORTD 0008  
               _PORTE 0009                 _TRISC 0087                 _TRISD 0088                 _TRISE 0089  
               _TXSTA 0098       __end_of_lcd_cmd 00E0                 _delay 0130                 pclath 000A  
               status 0003                 wtemp0 007E    __size_ofi1_lcd_cmd 002E          __end_of_main 00B0  
              ??_main 0025                ?_delay 0020                _ANSELH 0189             ??i1_delay 0072  
              i1l1030 0159                i1l1033 010D                i1l1027 0148                i1l1028 0147  
              i1l1036 0113                i1l1029 0159                i1l1037 0113                i1l1038 0117  
              i1l1039 0123                i1l2300 00F8                i1l2302 0101                i1l2304 0104  
              i1l2290 0146                i1l2292 0148                i1l2294 00E1                i1l2286 010E  
              i1l2296 00F5                i1l2288 0118                i1l2298 00F7                u233_20 0117  
              _INTCON 000B                u233_21 0116                u234_20 0158                u234_21 0157  
              u234_25 0154                u235_20 00E8                u235_21 00E4                u236_24 00EB  
              u237_20 00F2                u237_21 00EE                u238_24 00F5             ??_lcd_cmd 0024  
              saved_w 007E     __end_ofi1_lcd_cmd 010E        __pcstackCOMMON 0070         __end_of_delay 0146  
             ??_delay 0022            __pbssBANK0 0026            __pmaintext 0015            __pintentry 0004  
             i1_delay 0146               _lcd_cmd 00B0          __size_of_ext 0022               delay@ms 0020  
end_of_initialization 015C               ext@data 007A             i1_lcd_cmd 00E0             i1delay@ms 0070  
 start_initialization 015A           __end_of_ext 0130            ?i1_lcd_cmd 0072         __pcstackBANK0 0020  
            ?i1_delay 0070             __ptext170 0146             __ptext171 0000             __ptext165 0000  
           __ptext166 00B0             __ptext167 0130             __ptext168 010E             __ptext169 00E0  
            ?_lcd_cmd 0022        __size_of_delay 0016           ??i1_lcd_cmd 0074     interrupt_function 0004  
    __size_ofi1_delay 0014      __size_of_lcd_cmd 0030         __size_of_main 009B              lcd_cmd@a 0024  
            lcd_cmd@b 0022              lcd_cmd@c 0023              intlevel1 0000  
