

HI-TECH Software PIC LITE Macro Assembler V9.81 build 7503 
                                                                                               Tue May 24 22:17:34 2022

HI-TECH Software Omniscient Code Generator (Lite mode) build 7503
     1  0000                     opt subtitle "HI-TECH Software Omniscient Code Generator (Lite mode) build 7503"
     2                           
     3                           opt pagewidth 120
     4                           
     5                           	opt lm
     6                           
     7                           	processor	16F887
     8                           clrc	macro
     9                           	bcf	3,0
    10  0000                     	endm
    11                           clrz	macro
    12                           	bcf	3,2
    13  0000                     	endm
    14                           setc	macro
    15                           	bsf	3,0
    16  0000                     	endm
    17                           setz	macro
    18                           	bsf	3,2
    19  0000                     	endm
    20                           skipc	macro
    21                           	btfss	3,0
    22  0000                     	endm
    23                           skipz	macro
    24                           	btfss	3,2
    25  0000                     	endm
    26                           skipnc	macro
    27                           	btfsc	3,0
    28  0000                     	endm
    29                           skipnz	macro
    30                           	btfsc	3,2
    31  0000                     	endm
    32  0000                     indf	equ	0
    33  0000                     indf0	equ	0
    34  0002                     pc	equ	2
    35  0002                     pcl	equ	2
    36  0003                     status	equ	3
    37  0004                     fsr	equ	4
    38  0004                     fsr0	equ	4
    39  0001                     c	equ	1
    40  0000                     z	equ	0
    41  000A                     pclath	equ	10
    42                           	FNCALL	_main,_lcd_cmd
    43                           	FNCALL	_main,_adc
    44                           	FNCALL	_main,_print
    45                           	FNCALL	_print,_lcd_cmd
    46                           	FNCALL	_lcd_cmd,_delay
    47                           	FNROOT	_main
    48                           	global	_DV
    49                           	global	_high
    50                           	global	_low
    51                           	global	_out
    52                           	global	_ADCON0
    53                           psect	text128,local,class=CODE,delta=2
    54                           global __ptext128
    55  0000                     __ptext128:
    56  001F                     _ADCON0	set	31
    57                           	global	_ADRESH
    58  001E                     _ADRESH	set	30
    59                           	global	_PORTA
    60  0005                     _PORTA	set	5
    61                           	global	_PORTC
    62  0007                     _PORTC	set	7
    63                           	global	_PORTD
    64  0008                     _PORTD	set	8
    65                           	global	_PORTE
    66  0009                     _PORTE	set	9
    67                           	global	_RC0
    68  0038                     _RC0	set	56
    69                           	global	_RE0
    70  0048                     _RE0	set	72
    71                           	global	_RE1
    72  0049                     _RE1	set	73
    73                           	global	_RE2
    74  004A                     _RE2	set	74
    75                           	global	_ADCON1
    76  009F                     _ADCON1	set	159
    77                           	global	_ADRESL
    78  009E                     _ADRESL	set	158
    79                           	global	_TRISA
    80  0085                     _TRISA	set	133
    81                           	global	_TRISC
    82  0087                     _TRISC	set	135
    83                           	global	_TRISD
    84  0088                     _TRISD	set	136
    85                           	global	_TRISE
    86  0089                     _TRISE	set	137
    87                           	global	_ANSEL
    88  0188                     _ANSEL	set	392
    89                           	global	_ANSELH
    90  0189                     _ANSELH	set	393
    91                           psect	strings,class=STRING,delta=2
    92                           global __pstrings
    93  0003                     __pstrings:
    94                           ;	global	stringdir,stringtab,__stringbase
    95  0003                     stringtab:
    96                           ;	String table - string pointers are 1 byte each
    97  0003                     stringcode:stringdir:
      + 0003                     stringdir:	
    98  0003  3000               movlw high(stringdir)
    99  0004  008A               movwf pclath
   100  0005  0804               movf fsr,w
   101  0006  0A84               incf fsr
   102  0007  0782               	addwf pc
   103  0008                     __stringbase:
   104  0008  3400               	retlw	0
   105                           psect	strings
   106                           	
   107  0009                     STR_1:	
   108  0009  3453               	retlw	83	;'S'
   109  000A  3474               	retlw	116	;'t'
   110  000B  3461               	retlw	97	;'a'
   111  000C  3474               	retlw	116	;'t'
   112  000D  3465               	retlw	101	;'e'
   113  000E  343A               	retlw	58	;':'
   114  000F  3400               	retlw	0
   115                           psect	strings
   116                           	
   117  0010                     STR_2:	
   118  0010  3464               	retlw	100	;'d'
   119  0011  3461               	retlw	97	;'a'
   120  0012  346E               	retlw	110	;'n'
   121  0013  3467               	retlw	103	;'g'
   122  0014  3465               	retlw	101	;'e'
   123  0015  3472               	retlw	114	;'r'
   124  0016  3400               	retlw	0
   125                           psect	strings
   126                           	
   127  0017                     STR_3:	
   128  0017  3473               	retlw	115	;'s'
   129  0018  3461               	retlw	97	;'a'
   130  0019  3466               	retlw	102	;'f'
   131  001A  3465               	retlw	101	;'e'
   132  001B  3400               	retlw	0
   133                           psect	strings
   134                           	file	"car.as"
   135                           	line	#
   136                           psect cinit,class=CODE,delta=2
   137                           global start_initialization
   138  06C1                     start_initialization:
   139                           
   140                           psect	bssCOMMON,class=COMMON,space=1
   141                           global __pbssCOMMON
   142  0078                     __pbssCOMMON:
   143  0078                     _high:
   144  0078                            ds      2
   145                           
   146  007A                     _low:
   147  007A                            ds      2
   148                           
   149  007C                     _out:
   150  007C                            ds      2
   151                           
   152                           psect	bssBANK0,class=BANK0,space=1
   153                           global __pbssBANK0
   154  0020                     __pbssBANK0:
   155  0020                     _DV:
   156  0020                            ds      2
   157                           
   158                           ; Clear objects allocated to COMMON
   159                           psect cinit,class=CODE,delta=2
   160  06C1  01F8               	clrf	((__pbssCOMMON)+0)&07Fh
   161  06C2  01F9               	clrf	((__pbssCOMMON)+1)&07Fh
   162  06C3  01FA               	clrf	((__pbssCOMMON)+2)&07Fh
   163  06C4  01FB               	clrf	((__pbssCOMMON)+3)&07Fh
   164  06C5  01FC               	clrf	((__pbssCOMMON)+4)&07Fh
   165  06C6  01FD               	clrf	((__pbssCOMMON)+5)&07Fh
   166                           ; Clear objects allocated to BANK0
   167                           psect cinit,class=CODE,delta=2
   168  06C7  01A0               	clrf	((__pbssBANK0)+0)&07Fh
   169  06C8  01A1               	clrf	((__pbssBANK0)+1)&07Fh
   170                           psect cinit,class=CODE,delta=2
   171                           global end_of_initialization
   172                           
   173                           ;End of C runtime variable initialization code
   174                           
   175  06C9                     end_of_initialization:
   176  06C9  0183               clrf status
   177  06CA  120A  118A  2F62   ljmp _main	;jump to C main() function
   178                           psect	cstackCOMMON,class=COMMON,space=1
   179                           global __pcstackCOMMON
   180  0070                     __pcstackCOMMON:
   181                           	global	?_delay
   182  0070                     ?_delay:	; 0 bytes @ 0x0
   183                           	global	?_print
   184  0070                     ?_print:	; 0 bytes @ 0x0
   185                           	global	?_main
   186  0070                     ?_main:	; 0 bytes @ 0x0
   187                           	global	?_adc
   188  0070                     ?_adc:	; 2 bytes @ 0x0
   189                           	global	delay@ms
   190  0070                     delay@ms:	; 2 bytes @ 0x0
   191  0070                     	ds	2
   192                           	global	??_delay
   193  0072                     ??_delay:	; 0 bytes @ 0x2
   194                           	global	?_lcd_cmd
   195  0072                     ?_lcd_cmd:	; 0 bytes @ 0x2
   196                           	global	??_adc
   197  0072                     ??_adc:	; 0 bytes @ 0x2
   198                           	global	lcd_cmd@b
   199  0072                     lcd_cmd@b:	; 1 bytes @ 0x2
   200  0072                     	ds	1
   201                           	global	lcd_cmd@c
   202  0073                     lcd_cmd@c:	; 1 bytes @ 0x3
   203  0073                     	ds	1
   204                           	global	??_lcd_cmd
   205  0074                     ??_lcd_cmd:	; 0 bytes @ 0x4
   206                           	global	lcd_cmd@a
   207  0074                     lcd_cmd@a:	; 1 bytes @ 0x4
   208  0074                     	ds	1
   209                           	global	??_print
   210  0075                     ??_print:	; 0 bytes @ 0x5
   211  0075                     	ds	1
   212                           	global	print@p
   213  0076                     print@p:	; 1 bytes @ 0x6
   214  0076                     	ds	1
   215                           	global	??_main
   216  0077                     ??_main:	; 0 bytes @ 0x7
   217  0077                     	ds	1
   218 ;;Data sizes: Strings 19, constant 0, data 0, bss 8, persistent 0 stack 0
   219 ;;Auto spaces:   Size  Autos    Used
   220 ;; COMMON          14      8      14
   221 ;; BANK0           80      0       2
   222 ;; BANK1           80      0       0
   223 ;; BANK3           96      0       0
   224 ;; BANK2           96      0       0
   225                           
   226 ;;
   227 ;; Pointer list with targets:
   228                           
   229 ;; ?_adc	int  size(1) Largest target is 0
   230 ;;
   231 ;; print@p	PTR unsigned char  size(1) Largest target is 7
   232 ;;		 -> STR_3(CODE[5]), STR_2(CODE[7]), STR_1(CODE[7]), 
   233 ;;
   234                           
   235                           
   236 ;;
   237 ;; Critical Paths under _main in COMMON
   238 ;;
   239 ;;   _main->_print
   240 ;;   _print->_lcd_cmd
   241 ;;   _lcd_cmd->_delay
   242 ;;
   243 ;; Critical Paths under _main in BANK0
   244 ;;
   245 ;;   None.
   246 ;;
   247 ;; Critical Paths under _main in BANK1
   248 ;;
   249 ;;   None.
   250 ;;
   251 ;; Critical Paths under _main in BANK3
   252 ;;
   253 ;;   None.
   254 ;;
   255 ;; Critical Paths under _main in BANK2
   256 ;;
   257 ;;   None.
   258                           
   259 ;;
   260 ;;Main: autosize = 0, tempsize = 1, incstack = 0, save=0
   261 ;;
   262                           
   263 ;;
   264 ;;Call Graph Tables:
   265 ;;
   266 ;; ---------------------------------------------------------------------------------
   267 ;; (Depth) Function   	        Calls       Base Space   Used Autos Params    Refs
   268 ;; ---------------------------------------------------------------------------------
   269 ;; (0) _main                                                 1     1      0     150
   270 ;;                                              7 COMMON     1     1      0
   271 ;;                            _lcd_cmd
   272 ;;                                _adc
   273 ;;                              _print
   274 ;; ---------------------------------------------------------------------------------
   275 ;; (1) _print                                                2     2      0      90
   276 ;;                                              5 COMMON     2     2      0
   277 ;;                            _lcd_cmd
   278 ;; ---------------------------------------------------------------------------------
   279 ;; (2) _lcd_cmd                                              3     1      2      60
   280 ;;                                              2 COMMON     3     1      2
   281 ;;                              _delay
   282 ;; ---------------------------------------------------------------------------------
   283 ;; (1) _adc                                                 16    14      2       0
   284 ;;                                              0 COMMON     4     2      2
   285 ;; ---------------------------------------------------------------------------------
   286 ;; (3) _delay                                                2     0      2      15
   287 ;;                                              0 COMMON     2     0      2
   288 ;; ---------------------------------------------------------------------------------
   289 ;; Estimated maximum stack depth 3
   290 ;; ---------------------------------------------------------------------------------
   291                           
   292 ;; Call Graph Graphs:
   293                           
   294 ;; _main (ROOT)
   295 ;;   _lcd_cmd
   296 ;;     _delay
   297 ;;   _adc
   298 ;;   _print
   299 ;;     _lcd_cmd
   300 ;;       _delay
   301 ;;
   302                           
   303 ;; Address spaces:
   304                           
   305 ;;Name               Size   Autos  Total    Cost      Usage
   306 ;;BITCOMMON            E      0       0       0        0.0%
   307 ;;EEDATA             100      0       0       0        0.0%
   308 ;;NULL                 0      0       0       0        0.0%
   309 ;;CODE                 0      0       0       0        0.0%
   310 ;;COMMON               E      8       E       1      100.0%
   311 ;;BITSFR0              0      0       0       1        0.0%
   312 ;;SFR0                 0      0       0       1        0.0%
   313 ;;BITSFR1              0      0       0       2        0.0%
   314 ;;SFR1                 0      0       0       2        0.0%
   315 ;;STACK                0      0       3       2        0.0%
   316 ;;ABS                  0      0      10       3        0.0%
   317 ;;BITBANK0            50      0       0       4        0.0%
   318 ;;BITSFR3              0      0       0       4        0.0%
   319 ;;SFR3                 0      0       0       4        0.0%
   320 ;;BANK0               50      0       2       5        2.5%
   321 ;;BITSFR2              0      0       0       5        0.0%
   322 ;;SFR2                 0      0       0       5        0.0%
   323 ;;BITBANK1            50      0       0       6        0.0%
   324 ;;BANK1               50      0       0       7        0.0%
   325 ;;BITBANK3            60      0       0       8        0.0%
   326 ;;BANK3               60      0       0       9        0.0%
   327 ;;BITBANK2            60      0       0      10        0.0%
   328 ;;BANK2               60      0       0      11        0.0%
   329 ;;DATA                 0      0      13      12        0.0%
   330                           
   331                           	global	_main
   332                           psect	maintext,global,class=CODE,delta=2
   333                           global __pmaintext
   334  0762                     __pmaintext:
   335                           
   336 ;; *************** function _main *****************
   337 ;; Defined at:
   338 ;;		line 54 in file "D:\Embedded\pic\code\software\car\car.c"
   339 ;; Parameters:    Size  Location     Type
   340 ;;		None
   341 ;; Auto vars:     Size  Location     Type
   342 ;;		None
   343 ;; Return value:  Size  Location     Type
   344 ;;		None               void
   345 ;; Registers used:
   346 ;;		wreg, fsr0l, fsr0h, status,2, status,0, btemp+1, pclath, cstack
   347 ;; Tracked objects:
   348 ;;		On entry : 17F/0
   349 ;;		On exit  : 0/0
   350 ;;		Unchanged: 0/0
   351 ;; Data sizes:     COMMON   BANK0   BANK1   BANK3   BANK2
   352 ;;      Params:         0       0       0       0       0
   353 ;;      Locals:         0       0       0       0       0
   354 ;;      Temps:          1       0       0       0       0
   355 ;;      Totals:         1       0       0       0       0
   356 ;;Total ram usage:        1 bytes
   357 ;; Hardware stack levels required when called:    3
   358 ;; This function calls:
   359 ;;		_lcd_cmd
   360 ;;		_adc
   361 ;;		_print
   362 ;; This function is called by:
   363 ;;		Startup code after reset
   364 ;; This function uses a non-reentrant model
   365 ;;
   366                           psect	maintext
   367                           	file	"D:\Embedded\pic\code\software\car\car.c"
   368                           	line	54
   369                           	global	__size_of_main
   370  009E                     	__size_of_main	equ	__end_of_main-_main
   371                           	
   372  0762                     _main:	
   373                           	opt	stack 5
   374                           ; Regs used in _main: [wreg-fsr0h+status,2+status,0+btemp+1+pclath+cstack]
   375                           	line	55
   376                           	
   377  0762                     l2281:	
   378                           ;car.c: 55: PORTA=0X00;
   379  0762  1283               	bcf	status, 5	;RP0=0, select bank0
   380  0763  1303               	bcf	status, 6	;RP1=0, select bank0
   381  0764  0185               	clrf	(5)	;volatile
   382                           	line	56
   383                           	
   384  0765                     l2283:	
   385                           ;car.c: 56: TRISA=0X01;
   386  0765  3001               	movlw	(01h)
   387  0766  1683               	bsf	status, 5	;RP0=1, select bank1
   388  0767  1303               	bcf	status, 6	;RP1=0, select bank1
   389  0768  0085               	movwf	(133)^080h	;volatile
   390                           	line	57
   391                           	
   392  0769                     l2285:	
   393                           ;car.c: 57: PORTC=0X00;
   394  0769  1283               	bcf	status, 5	;RP0=0, select bank0
   395  076A  1303               	bcf	status, 6	;RP1=0, select bank0
   396  076B  0187               	clrf	(7)	;volatile
   397                           	line	58
   398                           	
   399  076C                     l2287:	
   400                           ;car.c: 58: TRISC=0X00;
   401  076C  1683               	bsf	status, 5	;RP0=1, select bank1
   402  076D  1303               	bcf	status, 6	;RP1=0, select bank1
   403  076E  0187               	clrf	(135)^080h	;volatile
   404                           	line	59
   405                           	
   406  076F                     l2289:	
   407                           ;car.c: 59: PORTD=0X00;
   408  076F  1283               	bcf	status, 5	;RP0=0, select bank0
   409  0770  1303               	bcf	status, 6	;RP1=0, select bank0
   410  0771  0188               	clrf	(8)	;volatile
   411                           	line	60
   412                           	
   413  0772                     l2291:	
   414                           ;car.c: 60: TRISD=0X00;
   415  0772  1683               	bsf	status, 5	;RP0=1, select bank1
   416  0773  1303               	bcf	status, 6	;RP1=0, select bank1
   417  0774  0188               	clrf	(136)^080h	;volatile
   418                           	line	61
   419                           	
   420  0775                     l2293:	
   421                           ;car.c: 61: PORTE=0X00;
   422  0775  1283               	bcf	status, 5	;RP0=0, select bank0
   423  0776  1303               	bcf	status, 6	;RP1=0, select bank0
   424  0777  0189               	clrf	(9)	;volatile
   425                           	line	62
   426                           	
   427  0778                     l2295:	
   428                           ;car.c: 62: TRISE=0X00;
   429  0778  1683               	bsf	status, 5	;RP0=1, select bank1
   430  0779  1303               	bcf	status, 6	;RP1=0, select bank1
   431  077A  0189               	clrf	(137)^080h	;volatile
   432                           	line	63
   433                           	
   434  077B                     l2297:	
   435                           ;car.c: 63: ANSEL=0X01;
   436  077B  3001               	movlw	(01h)
   437  077C  1683               	bsf	status, 5	;RP0=1, select bank3
   438  077D  1703               	bsf	status, 6	;RP1=1, select bank3
   439  077E  0088               	movwf	(392)^0180h	;volatile
   440                           	line	64
   441                           ;car.c: 64: ANSELH=0X00;
   442  077F  0189               	clrf	(393)^0180h	;volatile
   443                           	line	65
   444                           	
   445  0780                     l2299:	
   446                           ;car.c: 65: ADCON1=0X80;
   447  0780  3080               	movlw	(080h)
   448  0781  1683               	bsf	status, 5	;RP0=1, select bank1
   449  0782  1303               	bcf	status, 6	;RP1=0, select bank1
   450  0783  009F               	movwf	(159)^080h	;volatile
   451                           	line	66
   452                           	
   453  0784                     l2301:	
   454                           ;car.c: 66: lcd_cmd(0,0,0X38);
   455  0784  01F2               	clrf	(?_lcd_cmd)
   456  0785  3038               	movlw	(038h)
   457  0786  00F7               	movwf	(??_main+0)+0
   458  0787  0877               	movf	(??_main+0)+0,w
   459  0788  00F3               	movwf	0+(?_lcd_cmd)+01h
   460  0789  3000               	movlw	(0)
   461  078A  120A  118A  2734   	fcall	_lcd_cmd
              120A  118A         
   462                           	line	67
   463                           	
   464  078F                     l2303:	
   465                           ;car.c: 67: lcd_cmd(0,0,0X0E);
   466  078F  01F2               	clrf	(?_lcd_cmd)
   467  0790  300E               	movlw	(0Eh)
   468  0791  00F7               	movwf	(??_main+0)+0
   469  0792  0877               	movf	(??_main+0)+0,w
   470  0793  00F3               	movwf	0+(?_lcd_cmd)+01h
   471  0794  3000               	movlw	(0)
   472  0795  120A  118A  2734   	fcall	_lcd_cmd
              120A  118A         
   473  079A  2F9B               	goto	l2305
   474                           	line	68
   475                           ;car.c: 68: while(1)
   476                           	
   477  079B                     l1051:	
   478                           	line	70
   479                           	
   480  079B                     l2305:	
   481                           ;car.c: 69: {
   482                           ;car.c: 70: out=adc();
   483  079B  120A  118A  2707   	fcall	_adc
              120A  118A         
   484  07A0  0871               	movf	(1+(?_adc)),w
   485  07A1  01FD               	clrf	(_out+1)
   486  07A2  07FD               	addwf	(_out+1)
   487  07A3  0870               	movf	(0+(?_adc)),w
   488  07A4  01FC               	clrf	(_out)
   489  07A5  07FC               	addwf	(_out)
   490                           
   491                           	line	72
   492                           	
   493  07A6                     l2307:	
   494                           ;car.c: 72: lcd_cmd(0,0,0XC0);
   495  07A6  01F2               	clrf	(?_lcd_cmd)
   496  07A7  30C0               	movlw	(0C0h)
   497  07A8  00F7               	movwf	(??_main+0)+0
   498  07A9  0877               	movf	(??_main+0)+0,w
   499  07AA  00F3               	movwf	0+(?_lcd_cmd)+01h
   500  07AB  3000               	movlw	(0)
   501  07AC  120A  118A  2734   	fcall	_lcd_cmd
              120A  118A         
   502                           	line	73
   503                           	
   504  07B1                     l2309:	
   505                           ;car.c: 73: print("State:");
   506  07B1  3001               	movlw	((STR_1-__stringbase))&0ffh
   507  07B2  120A  118A  26E1   	fcall	_print
              120A  118A         
   508                           	line	74
   509                           	
   510  07B7                     l2311:	
   511                           ;car.c: 74: if(out>=600)
   512  07B7  087D               	movf	(_out+1),w
   513  07B8  3A80               	xorlw	80h
   514  07B9  00FF               	movwf	btemp+1
   515  07BA  3082               	movlw	(high(0258h))^80h
   516  07BB  027F               	subwf	btemp+1,w
   517  07BC  1D03               	skipz
   518  07BD  2FC0               	goto	u2225
   519  07BE  3058               	movlw	low(0258h)
   520  07BF  027C               	subwf	(_out),w
   521  07C0                     u2225:
   522                           
   523  07C0  1C03               	skipc
   524  07C1  2FC3               	goto	u2221
   525  07C2  2FC4               	goto	u2220
   526  07C3                     u2221:
   527  07C3  2FD9               	goto	l2319
   528  07C4                     u2220:
   529                           	line	76
   530                           	
   531  07C4                     l2313:	
   532                           ;car.c: 75: {
   533                           ;car.c: 76: lcd_cmd(0,0,0XC6);
   534  07C4  01F2               	clrf	(?_lcd_cmd)
   535  07C5  30C6               	movlw	(0C6h)
   536  07C6  00F7               	movwf	(??_main+0)+0
   537  07C7  0877               	movf	(??_main+0)+0,w
   538  07C8  00F3               	movwf	0+(?_lcd_cmd)+01h
   539  07C9  3000               	movlw	(0)
   540  07CA  120A  118A  2734   	fcall	_lcd_cmd
              120A  118A         
   541                           	line	77
   542                           	
   543  07CF                     l2315:	
   544                           ;car.c: 77: print("danger");
   545  07CF  3008               	movlw	((STR_2-__stringbase))&0ffh
   546  07D0  120A  118A  26E1   	fcall	_print
              120A  118A         
   547                           	line	78
   548                           	
   549  07D5                     l2317:	
   550                           ;car.c: 78: RC0=1;
   551  07D5  1283               	bcf	status, 5	;RP0=0, select bank0
   552  07D6  1303               	bcf	status, 6	;RP1=0, select bank0
   553  07D7  1407               	bsf	(56/8),(56)&7
   554  07D8  2FD9               	goto	l2319
   555                           	line	79
   556                           	
   557  07D9                     l1052:	
   558                           	line	80
   559                           	
   560  07D9                     l2319:	
   561                           ;car.c: 79: }
   562                           ;car.c: 80: if(out<600)
   563  07D9  087D               	movf	(_out+1),w
   564  07DA  3A80               	xorlw	80h
   565  07DB  00FF               	movwf	btemp+1
   566  07DC  3082               	movlw	(high(0258h))^80h
   567  07DD  027F               	subwf	btemp+1,w
   568  07DE  1D03               	skipz
   569  07DF  2FE2               	goto	u2235
   570  07E0  3058               	movlw	low(0258h)
   571  07E1  027C               	subwf	(_out),w
   572  07E2                     u2235:
   573                           
   574  07E2  1803               	skipnc
   575  07E3  2FE5               	goto	u2231
   576  07E4  2FE6               	goto	u2230
   577  07E5                     u2231:
   578  07E5  2F9B               	goto	l2305
   579  07E6                     u2230:
   580                           	line	82
   581                           	
   582  07E6                     l2321:	
   583                           ;car.c: 81: {
   584                           ;car.c: 82: lcd_cmd(0,0,0XC6);
   585  07E6  01F2               	clrf	(?_lcd_cmd)
   586  07E7  30C6               	movlw	(0C6h)
   587  07E8  00F7               	movwf	(??_main+0)+0
   588  07E9  0877               	movf	(??_main+0)+0,w
   589  07EA  00F3               	movwf	0+(?_lcd_cmd)+01h
   590  07EB  3000               	movlw	(0)
   591  07EC  120A  118A  2734   	fcall	_lcd_cmd
              120A  118A         
   592                           	line	83
   593                           	
   594  07F1                     l2323:	
   595                           ;car.c: 83: print("safe");
   596  07F1  300F               	movlw	((STR_3-__stringbase))&0ffh
   597  07F2  120A  118A  26E1   	fcall	_print
              120A  118A         
   598                           	line	84
   599                           	
   600  07F7                     l2325:	
   601                           ;car.c: 84: RC0=0;
   602  07F7  1283               	bcf	status, 5	;RP0=0, select bank0
   603  07F8  1303               	bcf	status, 6	;RP1=0, select bank0
   604  07F9  1007               	bcf	(56/8),(56)&7
   605  07FA  2F9B               	goto	l2305
   606                           	line	85
   607                           	
   608  07FB                     l1053:	
   609  07FB  2F9B               	goto	l2305
   610                           	line	86
   611                           	
   612  07FC                     l1054:	
   613                           	line	68
   614  07FC  2F9B               	goto	l2305
   615                           	
   616  07FD                     l1055:	
   617                           	line	87
   618                           	
   619  07FD                     l1056:	
   620                           	global	start
   621  07FD  120A  118A  2800   	ljmp	start
   622                           	opt stack 0
   623                           GLOBAL	__end_of_main
   624  0800                     	__end_of_main:
   625 ;; =============== function _main ends ============
   626                           
   627                           	signat	_main,88
   628                           	global	_print
   629                           psect	text129,local,class=CODE,delta=2
   630                           global __ptext129
   631  06E1                     __ptext129:
   632                           
   633 ;; *************** function _print *****************
   634 ;; Defined at:
   635 ;;		line 25 in file "D:\Embedded\pic\code\software\car\car.c"
   636 ;; Parameters:    Size  Location     Type
   637 ;;  p               1    wreg     PTR unsigned char 
   638 ;;		 -> STR_3(5), STR_2(7), STR_1(7), 
   639 ;; Auto vars:     Size  Location     Type
   640 ;;  p               1    6[COMMON] PTR unsigned char 
   641 ;;		 -> STR_3(5), STR_2(7), STR_1(7), 
   642 ;; Return value:  Size  Location     Type
   643 ;;		None               void
   644 ;; Registers used:
   645 ;;		wreg, fsr0l, fsr0h, status,2, status,0, pclath, cstack
   646 ;; Tracked objects:
   647 ;;		On entry : 0/0
   648 ;;		On exit  : 0/0
   649 ;;		Unchanged: 0/0
   650 ;; Data sizes:     COMMON   BANK0   BANK1   BANK3   BANK2
   651 ;;      Params:         0       0       0       0       0
   652 ;;      Locals:         1       0       0       0       0
   653 ;;      Temps:          1       0       0       0       0
   654 ;;      Totals:         2       0       0       0       0
   655 ;;Total ram usage:        2 bytes
   656 ;; Hardware stack levels used:    1
   657 ;; Hardware stack levels required when called:    2
   658 ;; This function calls:
   659 ;;		_lcd_cmd
   660 ;; This function is called by:
   661 ;;		_main
   662 ;; This function uses a non-reentrant model
   663 ;;
   664                           psect	text129
   665                           	file	"D:\Embedded\pic\code\software\car\car.c"
   666                           	line	25
   667                           	global	__size_of_print
   668  0026                     	__size_of_print	equ	__end_of_print-_print
   669                           	
   670  06E1                     _print:	
   671                           	opt	stack 5
   672                           ; Regs used in _print: [wreg-fsr0h+status,2+status,0+pclath+cstack]
   673                           ;print@p stored from wreg
   674  06E1  00F6               	movwf	(print@p)
   675                           	line	26
   676                           	
   677  06E2                     l2219:	
   678                           ;car.c: 26: while(*p!='\0')
   679  06E2  2EF9               	goto	l2225
   680                           	
   681  06E3                     l1043:	
   682                           	line	28
   683                           	
   684  06E3                     l2221:	
   685                           ;car.c: 27: {
   686                           ;car.c: 28: lcd_cmd(1,0,*p);
   687  06E3  01F2               	clrf	(?_lcd_cmd)
   688  06E4  0876               	movf	(print@p),w
   689  06E5  0084               	movwf	fsr0
   690  06E6  120A  118A  2003   	fcall	stringdir
              120A  118A         
   691  06EB  00F5               	movwf	(??_print+0)+0
   692  06EC  0875               	movf	(??_print+0)+0,w
   693  06ED  00F3               	movwf	0+(?_lcd_cmd)+01h
   694  06EE  3001               	movlw	(01h)
   695  06EF  120A  118A  2734   	fcall	_lcd_cmd
              120A  118A         
   696                           	line	29
   697                           	
   698  06F4                     l2223:	
   699                           ;car.c: 29: p++;
   700  06F4  3001               	movlw	(01h)
   701  06F5  00F5               	movwf	(??_print+0)+0
   702  06F6  0875               	movf	(??_print+0)+0,w
   703  06F7  07F6               	addwf	(print@p),f
   704  06F8  2EF9               	goto	l2225
   705                           	line	30
   706                           	
   707  06F9                     l1042:	
   708                           	line	26
   709                           	
   710  06F9                     l2225:	
   711  06F9  0876               	movf	(print@p),w
   712  06FA  0084               	movwf	fsr0
   713  06FB  120A  118A  2003   	fcall	stringdir
              120A  118A         
   714  0700  3800               	iorlw	0
   715  0701  1D03               	skipz
   716  0702  2F04               	goto	u2191
   717  0703  2F05               	goto	u2190
   718  0704                     u2191:
   719  0704  2EE3               	goto	l2221
   720  0705                     u2190:
   721  0705  2F06               	goto	l1045
   722                           	
   723  0706                     l1044:	
   724                           	line	31
   725                           	
   726  0706                     l1045:	
   727  0706  0008               	return
   728                           	opt stack 0
   729                           GLOBAL	__end_of_print
   730  0707                     	__end_of_print:
   731 ;; =============== function _print ends ============
   732                           
   733                           	signat	_print,4216
   734                           	global	_lcd_cmd
   735                           psect	text130,local,class=CODE,delta=2
   736                           global __ptext130
   737  0734                     __ptext130:
   738                           
   739 ;; *************** function _lcd_cmd *****************
   740 ;; Defined at:
   741 ;;		line 15 in file "D:\Embedded\pic\code\software\car\car.c"
   742 ;; Parameters:    Size  Location     Type
   743 ;;  a               1    wreg     unsigned char 
   744 ;;  b               1    2[COMMON] unsigned char 
   745 ;;  c               1    3[COMMON] unsigned char 
   746 ;; Auto vars:     Size  Location     Type
   747 ;;  a               1    4[COMMON] unsigned char 
   748 ;; Return value:  Size  Location     Type
   749 ;;		None               void
   750 ;; Registers used:
   751 ;;		wreg, status,2, status,0, pclath, cstack
   752 ;; Tracked objects:
   753 ;;		On entry : 0/0
   754 ;;		On exit  : 0/0
   755 ;;		Unchanged: 0/0
   756 ;; Data sizes:     COMMON   BANK0   BANK1   BANK3   BANK2
   757 ;;      Params:         2       0       0       0       0
   758 ;;      Locals:         1       0       0       0       0
   759 ;;      Temps:          0       0       0       0       0
   760 ;;      Totals:         3       0       0       0       0
   761 ;;Total ram usage:        3 bytes
   762 ;; Hardware stack levels used:    1
   763 ;; Hardware stack levels required when called:    1
   764 ;; This function calls:
   765 ;;		_delay
   766 ;; This function is called by:
   767 ;;		_print
   768 ;;		_main
   769 ;; This function uses a non-reentrant model
   770 ;;
   771                           psect	text130
   772                           	file	"D:\Embedded\pic\code\software\car\car.c"
   773                           	line	15
   774                           	global	__size_of_lcd_cmd
   775  002E                     	__size_of_lcd_cmd	equ	__end_of_lcd_cmd-_lcd_cmd
   776                           	
   777  0734                     _lcd_cmd:	
   778                           	opt	stack 5
   779                           ; Regs used in _lcd_cmd: [wreg+status,2+status,0+pclath+cstack]
   780                           ;lcd_cmd@a stored from wreg
   781  0734  00F4               	movwf	(lcd_cmd@a)
   782                           	line	16
   783                           	
   784  0735                     l2207:	
   785                           ;car.c: 16: RE0=a;
   786  0735  1874               	btfsc	(lcd_cmd@a),0
   787  0736  2F38               	goto	u2151
   788  0737  2F3C               	goto	u2150
   789                           	
   790  0738                     u2151:
   791  0738  1283               	bcf	status, 5	;RP0=0, select bank0
   792  0739  1303               	bcf	status, 6	;RP1=0, select bank0
   793  073A  1409               	bsf	(72/8),(72)&7
   794  073B  2F3F               	goto	u2164
   795  073C                     u2150:
   796  073C  1283               	bcf	status, 5	;RP0=0, select bank0
   797  073D  1303               	bcf	status, 6	;RP1=0, select bank0
   798  073E  1009               	bcf	(72/8),(72)&7
   799  073F                     u2164:
   800                           	line	17
   801                           ;car.c: 17: RE1=b;
   802  073F  1872               	btfsc	(lcd_cmd@b),0
   803  0740  2F42               	goto	u2171
   804  0741  2F46               	goto	u2170
   805                           	
   806  0742                     u2171:
   807  0742  1283               	bcf	status, 5	;RP0=0, select bank0
   808  0743  1303               	bcf	status, 6	;RP1=0, select bank0
   809  0744  1489               	bsf	(73/8),(73)&7
   810  0745  2F49               	goto	u2184
   811  0746                     u2170:
   812  0746  1283               	bcf	status, 5	;RP0=0, select bank0
   813  0747  1303               	bcf	status, 6	;RP1=0, select bank0
   814  0748  1089               	bcf	(73/8),(73)&7
   815  0749                     u2184:
   816                           	line	18
   817                           	
   818  0749                     l2209:	
   819                           ;car.c: 18: PORTD=c;
   820  0749  0873               	movf	(lcd_cmd@c),w
   821  074A  0088               	movwf	(8)	;volatile
   822                           	line	19
   823                           	
   824  074B                     l2211:	
   825                           ;car.c: 19: RE2=1;
   826  074B  1509               	bsf	(74/8),(74)&7
   827                           	line	20
   828                           	
   829  074C                     l2213:	
   830                           ;car.c: 20: delay(1000);
   831  074C  30E8               	movlw	low(03E8h)
   832  074D  00F0               	movwf	(?_delay)
   833  074E  3003               	movlw	high(03E8h)
   834  074F  00F1               	movwf	((?_delay))+1
   835  0750  120A  118A  26CD   	fcall	_delay
              120A  118A         
   836                           	line	21
   837                           	
   838  0755                     l2215:	
   839                           ;car.c: 21: RE2=0;
   840  0755  1283               	bcf	status, 5	;RP0=0, select bank0
   841  0756  1303               	bcf	status, 6	;RP1=0, select bank0
   842  0757  1109               	bcf	(74/8),(74)&7
   843                           	line	22
   844                           	
   845  0758                     l2217:	
   846                           ;car.c: 22: delay(1000);
   847  0758  30E8               	movlw	low(03E8h)
   848  0759  00F0               	movwf	(?_delay)
   849  075A  3003               	movlw	high(03E8h)
   850  075B  00F1               	movwf	((?_delay))+1
   851  075C  120A  118A  26CD   	fcall	_delay
              120A  118A         
   852                           	line	23
   853                           	
   854  0761                     l1039:	
   855  0761  0008               	return
   856                           	opt stack 0
   857                           GLOBAL	__end_of_lcd_cmd
   858  0762                     	__end_of_lcd_cmd:
   859 ;; =============== function _lcd_cmd ends ============
   860                           
   861                           	signat	_lcd_cmd,12408
   862                           	global	_adc
   863                           psect	text131,local,class=CODE,delta=2
   864                           global __ptext131
   865  0707                     __ptext131:
   866                           
   867 ;; *************** function _adc *****************
   868 ;; Defined at:
   869 ;;		line 33 in file "D:\Embedded\pic\code\software\car\car.c"
   870 ;; Parameters:    Size  Location     Type
   871 ;;		None
   872 ;; Auto vars:     Size  Location     Type
   873 ;;  f               2    0        int 
   874 ;;  e               2    0        int 
   875 ;;  d               2    0        int 
   876 ;;  c               2    0        int 
   877 ;;  b               2    0        int 
   878 ;;  a               2    0        int 
   879 ;; Return value:  Size  Location     Type
   880 ;;                  2    0[COMMON] int 
   881 ;; Registers used:
   882 ;;		wreg, status,2, status,0, btemp+1
   883 ;; Tracked objects:
   884 ;;		On entry : 0/0
   885 ;;		On exit  : 0/0
   886 ;;		Unchanged: 0/0
   887 ;; Data sizes:     COMMON   BANK0   BANK1   BANK3   BANK2
   888 ;;      Params:         2       0       0       0       0
   889 ;;      Locals:         0       0       0       0       0
   890 ;;      Temps:          2       0       0       0       0
   891 ;;      Totals:         4       0       0       0       0
   892 ;;Total ram usage:        4 bytes
   893 ;; Hardware stack levels used:    1
   894 ;; This function calls:
   895 ;;		Nothing
   896 ;; This function is called by:
   897 ;;		_main
   898 ;; This function uses a non-reentrant model
   899 ;;
   900                           psect	text131
   901                           	file	"D:\Embedded\pic\code\software\car\car.c"
   902                           	line	33
   903                           	global	__size_of_adc
   904  002D                     	__size_of_adc	equ	__end_of_adc-_adc
   905                           	
   906  0707                     _adc:	
   907                           	opt	stack 7
   908                           ; Regs used in _adc: [wreg+status,2+status,0+btemp+1]
   909                           	line	35
   910                           	
   911  0707                     l2273:	
   912                           ;car.c: 34: int a,b,c,d,e,f;
   913                           ;car.c: 35: ADCON0=0X83;
   914  0707  3083               	movlw	(083h)
   915  0708  1283               	bcf	status, 5	;RP0=0, select bank0
   916  0709  1303               	bcf	status, 6	;RP1=0, select bank0
   917  070A  009F               	movwf	(31)	;volatile
   918                           	line	36
   919                           ;car.c: 36: low=ADRESL;
   920  070B  1683               	bsf	status, 5	;RP0=1, select bank1
   921  070C  1303               	bcf	status, 6	;RP1=0, select bank1
   922  070D  081E               	movf	(158)^080h,w	;volatile
   923  070E  00F2               	movwf	(??_adc+0)+0
   924  070F  01F3               	clrf	(??_adc+0)+0+1
   925  0710  0872               	movf	0+(??_adc+0)+0,w
   926  0711  00FA               	movwf	(_low)
   927  0712  0873               	movf	1+(??_adc+0)+0,w
   928  0713  00FB               	movwf	(_low+1)
   929                           	line	37
   930                           ;car.c: 37: high=ADRESH;
   931  0714  1283               	bcf	status, 5	;RP0=0, select bank0
   932  0715  1303               	bcf	status, 6	;RP1=0, select bank0
   933  0716  081E               	movf	(30),w	;volatile
   934  0717  00F2               	movwf	(??_adc+0)+0
   935  0718  01F3               	clrf	(??_adc+0)+0+1
   936  0719  0872               	movf	0+(??_adc+0)+0,w
   937  071A  00F8               	movwf	(_high)
   938  071B  0873               	movf	1+(??_adc+0)+0,w
   939  071C  00F9               	movwf	(_high+1)
   940                           	line	38
   941                           	
   942  071D                     l2275:	
   943                           ;car.c: 38: DV=low+(high*256);
   944  071D  0879               	movf	(_high+1),w
   945  071E  00F3               	movwf	(??_adc+0)+0+1
   946  071F  0878               	movf	(_high),w
   947  0720  00F2               	movwf	(??_adc+0)+0
   948  0721  0872               	movf	(??_adc+0)+0,w
   949  0722  00F3               	movwf	(??_adc+0)+1
   950  0723  01F2               	clrf	(??_adc+0)+0
   951  0724  087A               	movf	(_low),w
   952  0725  0772               	addwf	0+(??_adc+0)+0,w
   953  0726  00A0               	movwf	(_DV)
   954  0727  087B               	movf	(_low+1),w
   955  0728  1803               	skipnc
   956  0729  0A7B               	incf	(_low+1),w
   957  072A  0773               	addwf	1+(??_adc+0)+0,w
   958  072B  00A1               	movwf	1+(_DV)
   959                           	line	50
   960                           	
   961  072C                     l2277:	
   962                           ;car.c: 50: return DV;
   963  072C  0821               	movf	(_DV+1),w
   964  072D  01F1               	clrf	(?_adc+1)
   965  072E  07F1               	addwf	(?_adc+1)
   966  072F  0820               	movf	(_DV),w
   967  0730  01F0               	clrf	(?_adc)
   968  0731  07F0               	addwf	(?_adc)
   969                           
   970  0732  2F33               	goto	l1048
   971                           	
   972  0733                     l2279:	
   973                           	line	51
   974                           	
   975  0733                     l1048:	
   976  0733  0008               	return
   977                           	opt stack 0
   978                           GLOBAL	__end_of_adc
   979  0734                     	__end_of_adc:
   980 ;; =============== function _adc ends ============
   981                           
   982                           	signat	_adc,90
   983                           	global	_delay
   984                           psect	text132,local,class=CODE,delta=2
   985                           global __ptext132
   986  06CD                     __ptext132:
   987                           
   988 ;; *************** function _delay *****************
   989 ;; Defined at:
   990 ;;		line 11 in file "D:\Embedded\pic\code\software\car\car.c"
   991 ;; Parameters:    Size  Location     Type
   992 ;;  ms              2    0[COMMON] unsigned int 
   993 ;; Auto vars:     Size  Location     Type
   994 ;;		None
   995 ;; Return value:  Size  Location     Type
   996 ;;		None               void
   997 ;; Registers used:
   998 ;;		wreg
   999 ;; Tracked objects:
  1000 ;;		On entry : 0/0
  1001 ;;		On exit  : 0/0
  1002 ;;		Unchanged: 0/0
  1003 ;; Data sizes:     COMMON   BANK0   BANK1   BANK3   BANK2
  1004 ;;      Params:         2       0       0       0       0
  1005 ;;      Locals:         0       0       0       0       0
  1006 ;;      Temps:          0       0       0       0       0
  1007 ;;      Totals:         2       0       0       0       0
  1008 ;;Total ram usage:        2 bytes
  1009 ;; Hardware stack levels used:    1
  1010 ;; This function calls:
  1011 ;;		Nothing
  1012 ;; This function is called by:
  1013 ;;		_lcd_cmd
  1014 ;; This function uses a non-reentrant model
  1015 ;;
  1016                           psect	text132
  1017                           	file	"D:\Embedded\pic\code\software\car\car.c"
  1018                           	line	11
  1019                           	global	__size_of_delay
  1020  0014                     	__size_of_delay	equ	__end_of_delay-_delay
  1021                           	
  1022  06CD                     _delay:	
  1023                           	opt	stack 5
  1024                           ; Regs used in _delay: [wreg]
  1025                           	line	12
  1026                           	
  1027  06CD                     l1429:	
  1028                           ;car.c: 12: while(ms--);
  1029  06CD  2ECF               	goto	l1431
  1030                           	
  1031  06CE                     l1034:	
  1032  06CE  2ECF               	goto	l1431
  1033                           	
  1034  06CF                     l1033:	
  1035                           	
  1036  06CF                     l1431:	
  1037  06CF  3001               	movlw	low(01h)
  1038  06D0  02F0               	subwf	(delay@ms),f
  1039  06D1  3000               	movlw	high(01h)
  1040  06D2  1C03               	skipc
  1041  06D3  03F1               	decf	(delay@ms+1),f
  1042  06D4  02F1               	subwf	(delay@ms+1),f
  1043  06D5  30FF               	movlw	high(0FFFFh)
  1044  06D6  0671               	xorwf	((delay@ms+1)),w
  1045  06D7  1D03               	skipz
  1046  06D8  2EDB               	goto	u15
  1047  06D9  30FF               	movlw	low(0FFFFh)
  1048  06DA  0670               	xorwf	((delay@ms)),w
  1049  06DB                     u15:
  1050                           
  1051  06DB  1D03               	skipz
  1052  06DC  2EDE               	goto	u11
  1053  06DD  2EDF               	goto	u10
  1054  06DE                     u11:
  1055  06DE  2ECF               	goto	l1431
  1056  06DF                     u10:
  1057  06DF  2EE0               	goto	l1036
  1058                           	
  1059  06E0                     l1035:	
  1060                           	line	13
  1061                           	
  1062  06E0                     l1036:	
  1063  06E0  0008               	return
  1064                           	opt stack 0
  1065                           GLOBAL	__end_of_delay
  1066  06E1                     	__end_of_delay:
  1067 ;; =============== function _delay ends ============
  1068                           
  1069                           	signat	_delay,4216
  1070                           psect	text133,local,class=CODE,delta=2
  1071                           global __ptext133
  1072  0000                     __ptext133:
  1073                           	global	btemp
  1074  007E                     	btemp set 07Eh
  1075                           
  1076                           	DABS	1,126,2	;btemp
  1077                           	global	wtemp0
  1078  007E                     	wtemp0 set btemp


HI-TECH Software PICC Macro Assembler V9.81 build 7503 
Symbol Table                                                                                   Tue May 24 22:17:34 2022

                   pc 0002                    _DV 0020                    u10 06DF                    u11 06DE  
                  u15 06DB                    fsr 0004                   _RC0 0038                   _RE0 0048  
                 _RE1 0049                   _RE2 004A                   _adc 0707                   _low 007A  
                 fsr0 0004                   _out 007C                  ?_adc 0070                  l1033 06CF  
                l1034 06CE                  l1042 06F9                  l1035 06E0                  l1043 06E3  
                l1051 079B                  l1036 06E0                  l1044 0706                  l1052 07D9  
                l1045 0706                  l1053 07FB                  l1054 07FC                  l1039 0761  
                l1055 07FD                  l1048 0733                  l1056 07FD                  l2211 074B  
                l2213 074C                  l2221 06E3                  l2301 0784                  l1431 06CF  
                l2215 0755                  l2207 0735                  l2223 06F4                  l2311 07B7  
                l2303 078F                  l2217 0758                  l2209 0749                  l2225 06F9  
                l2321 07E6                  l2313 07C4                  l2305 079B                  l2219 06E2  
                l2323 07F1                  l2315 07CF                  l2307 07A6                  l1429 06CD  
                l2325 07F7                  l2317 07D5                  l2309 07B1                  l2319 07D9  
                l2273 0707                  l2281 0762                  l2275 071D                  l2291 0772  
                l2283 0765                  l2277 072C                  l2293 0775                  l2285 0769  
                l2279 0733                  l2295 0778                  l2287 076C                  l2297 077B  
                l2289 076F                  l2299 0780                  STR_1 0009                  STR_2 0010  
                STR_3 0017                  u2220 07C4                  u2221 07C3                  u2150 073C  
                u2230 07E6                  u2151 0738                  u2231 07E5                  u2225 07C0  
                u2170 0746                  u2171 0742                  u2235 07E2                  u2164 073F  
                u2190 0705                  u2191 0704                  u2184 0749                  _high 0078  
                _main 0762                  btemp 007E                  start 0000                 ??_adc 0072  
               ?_main 0070                 _ANSEL 0188                 _PORTA 0005                 _PORTC 0007  
               _PORTD 0008                 _PORTE 0009                 _TRISA 0085                 _TRISC 0087  
               _TRISD 0088                 _TRISE 0089       __end_of_lcd_cmd 0762                 _delay 06CD  
               _print 06E1                 pclath 000A                 status 0003                 wtemp0 007E  
        __end_of_main 0800                ??_main 0077                ?_delay 0070                _ADCON0 001F  
              _ADCON1 009F                _ADRESH 001E                _ADRESL 009E                ?_print 0070  
              _ANSELH 0189             ??_lcd_cmd 0074                print@p 0076        __pcstackCOMMON 0070  
       __end_of_delay 06E1         __end_of_print 0707               ??_delay 0072               ??_print 0075  
          __pbssBANK0 0020            __pmaintext 0762               _lcd_cmd 0734          __size_of_adc 002D  
             delay@ms 0070  end_of_initialization 06C9   start_initialization 06C1           __end_of_adc 0734  
         __pbssCOMMON 0078             __ptext130 0734             __ptext131 0707             __ptext132 06CD  
           __ptext133 0000             __ptext128 0000             __ptext129 06E1             __pstrings 0003  
            ?_lcd_cmd 0072        __size_of_delay 0014        __size_of_print 0026           __stringbase 0008  
    __size_of_lcd_cmd 002E         __size_of_main 009E              lcd_cmd@a 0074              lcd_cmd@b 0072  
            lcd_cmd@c 0073             stringcode 0003              stringdir 0003              stringtab 0003  
