

HI-TECH Software PIC LITE Macro Assembler V9.81 build 7503 
                                                                                               Wed Jun 15 03:15:03 2022

HI-TECH Software Omniscient Code Generator (Lite mode) build 7503
     1  0000                     opt subtitle "HI-TECH Software Omniscient Code Generator (Lite mode) build 7503"
     2                           
     3                           opt pagewidth 120
     4                           
     5                           	opt lm
     6                           
     7                           	processor	16F887
     8                           clrc	macro
     9                           	bcf	3,0
    10  0000                     	endm
    11                           clrz	macro
    12                           	bcf	3,2
    13  0000                     	endm
    14                           setc	macro
    15                           	bsf	3,0
    16  0000                     	endm
    17                           setz	macro
    18                           	bsf	3,2
    19  0000                     	endm
    20                           skipc	macro
    21                           	btfss	3,0
    22  0000                     	endm
    23                           skipz	macro
    24                           	btfss	3,2
    25  0000                     	endm
    26                           skipnc	macro
    27                           	btfsc	3,0
    28  0000                     	endm
    29                           skipnz	macro
    30                           	btfsc	3,2
    31  0000                     	endm
    32  0000                     indf	equ	0
    33  0000                     indf0	equ	0
    34  0002                     pc	equ	2
    35  0002                     pcl	equ	2
    36  0003                     status	equ	3
    37  0004                     fsr	equ	4
    38  0004                     fsr0	equ	4
    39  0001                     c	equ	1
    40  0000                     z	equ	0
    41  000A                     pclath	equ	10
    42                           	FNROOT	_main
    43                           	global	_PORTA
    44                           psect	maintext,global,class=CODE,delta=2
    45                           global __pmaintext
    46  07E7                     __pmaintext:
    47  0005                     _PORTA	set	5
    48                           	global	_RA0
    49  0028                     _RA0	set	40
    50                           	global	_RA1
    51  0029                     _RA1	set	41
    52                           	global	_TRISA
    53  0085                     _TRISA	set	133
    54                           	global	_ANSEL
    55  0188                     _ANSEL	set	392
    56                           	global	_ANSELH
    57  0189                     _ANSELH	set	393
    58                           	file	"check.as"
    59                           	line	#
    60                           psect cinit,class=CODE,delta=2
    61                           global start_initialization
    62  07E3                     start_initialization:
    63                           
    64                           psect cinit,class=CODE,delta=2
    65                           global end_of_initialization
    66                           
    67                           ;End of C runtime variable initialization code
    68                           
    69  07E3                     end_of_initialization:
    70  07E3  0183               clrf status
    71  07E4  120A  118A  2FE7   ljmp _main	;jump to C main() function
    72                           psect	cstackCOMMON,class=COMMON,space=1
    73                           global __pcstackCOMMON
    74  0000                     __pcstackCOMMON:
    75                           	global	?_main
    76  0000                     ?_main:	; 0 bytes @ 0x0
    77                           	global	??_main
    78  0000                     ??_main:	; 0 bytes @ 0x0
    79 ;;Data sizes: Strings 0, constant 0, data 0, bss 0, persistent 0 stack 0
    80 ;;Auto spaces:   Size  Autos    Used
    81 ;; COMMON          14      0       0
    82 ;; BANK0           80      0       0
    83 ;; BANK1           80      0       0
    84 ;; BANK3           96      0       0
    85 ;; BANK2           96      0       0
    86                           
    87 ;;
    88 ;; Pointer list with targets:
    89                           
    90                           
    91                           
    92 ;;
    93 ;; Critical Paths under _main in COMMON
    94 ;;
    95 ;;   None.
    96 ;;
    97 ;; Critical Paths under _main in BANK0
    98 ;;
    99 ;;   None.
   100 ;;
   101 ;; Critical Paths under _main in BANK1
   102 ;;
   103 ;;   None.
   104 ;;
   105 ;; Critical Paths under _main in BANK3
   106 ;;
   107 ;;   None.
   108 ;;
   109 ;; Critical Paths under _main in BANK2
   110 ;;
   111 ;;   None.
   112                           
   113 ;;
   114 ;;Main: autosize = 0, tempsize = 0, incstack = 0, save=0
   115 ;;
   116                           
   117 ;;
   118 ;;Call Graph Tables:
   119 ;;
   120 ;; ---------------------------------------------------------------------------------
   121 ;; (Depth) Function   	        Calls       Base Space   Used Autos Params    Refs
   122 ;; ---------------------------------------------------------------------------------
   123 ;; (0) _main                                                 0     0      0       0
   124 ;; ---------------------------------------------------------------------------------
   125 ;; Estimated maximum stack depth 0
   126 ;; ---------------------------------------------------------------------------------
   127                           
   128 ;; Call Graph Graphs:
   129                           
   130 ;; _main (ROOT)
   131 ;;
   132                           
   133 ;; Address spaces:
   134                           
   135 ;;Name               Size   Autos  Total    Cost      Usage
   136 ;;BITCOMMON            E      0       0       0        0.0%
   137 ;;EEDATA             100      0       0       0        0.0%
   138 ;;NULL                 0      0       0       0        0.0%
   139 ;;CODE                 0      0       0       0        0.0%
   140 ;;COMMON               E      0       0       1        0.0%
   141 ;;BITSFR0              0      0       0       1        0.0%
   142 ;;SFR0                 0      0       0       1        0.0%
   143 ;;BITSFR1              0      0       0       2        0.0%
   144 ;;SFR1                 0      0       0       2        0.0%
   145 ;;STACK                0      0       0       2        0.0%
   146 ;;ABS                  0      0       0       3        0.0%
   147 ;;BITBANK0            50      0       0       4        0.0%
   148 ;;BITSFR3              0      0       0       4        0.0%
   149 ;;SFR3                 0      0       0       4        0.0%
   150 ;;BANK0               50      0       0       5        0.0%
   151 ;;BITSFR2              0      0       0       5        0.0%
   152 ;;SFR2                 0      0       0       5        0.0%
   153 ;;BITBANK1            50      0       0       6        0.0%
   154 ;;BANK1               50      0       0       7        0.0%
   155 ;;BITBANK3            60      0       0       8        0.0%
   156 ;;BANK3               60      0       0       9        0.0%
   157 ;;BITBANK2            60      0       0      10        0.0%
   158 ;;BANK2               60      0       0      11        0.0%
   159 ;;DATA                 0      0       0      12        0.0%
   160                           
   161                           	global	_main
   162                           psect	maintext
   163                           
   164 ;; *************** function _main *****************
   165 ;; Defined at:
   166 ;;		line 3 in file "D:\Embedded\pic\code\software\Check---\check.c"
   167 ;; Parameters:    Size  Location     Type
   168 ;;		None
   169 ;; Auto vars:     Size  Location     Type
   170 ;;		None
   171 ;; Return value:  Size  Location     Type
   172 ;;		None               void
   173 ;; Registers used:
   174 ;;		wreg, status,2
   175 ;; Tracked objects:
   176 ;;		On entry : 17F/0
   177 ;;		On exit  : 0/0
   178 ;;		Unchanged: 0/0
   179 ;; Data sizes:     COMMON   BANK0   BANK1   BANK3   BANK2
   180 ;;      Params:         0       0       0       0       0
   181 ;;      Locals:         0       0       0       0       0
   182 ;;      Temps:          0       0       0       0       0
   183 ;;      Totals:         0       0       0       0       0
   184 ;;Total ram usage:        0 bytes
   185 ;; This function calls:
   186 ;;		Nothing
   187 ;; This function is called by:
   188 ;;		Startup code after reset
   189 ;; This function uses a non-reentrant model
   190 ;;
   191                           psect	maintext
   192                           	file	"D:\Embedded\pic\code\software\Check---\check.c"
   193                           	line	3
   194                           	global	__size_of_main
   195  0019                     	__size_of_main	equ	__end_of_main-_main
   196                           	
   197  07E7                     _main:	
   198                           	opt	stack 8
   199                           ; Regs used in _main: [wreg+status,2]
   200                           	line	4
   201                           	
   202  07E7                     l1398:	
   203                           ;check.c: 4: PORTA=0X00;
   204  07E7  1283               	bcf	status, 5	;RP0=0, select bank0
   205  07E8  1303               	bcf	status, 6	;RP1=0, select bank0
   206  07E9  0185               	clrf	(5)	;volatile
   207                           	line	5
   208                           	
   209  07EA                     l1400:	
   210                           ;check.c: 5: TRISA=0X01;
   211  07EA  3001               	movlw	(01h)
   212  07EB  1683               	bsf	status, 5	;RP0=1, select bank1
   213  07EC  1303               	bcf	status, 6	;RP1=0, select bank1
   214  07ED  0085               	movwf	(133)^080h	;volatile
   215                           	line	6
   216                           	
   217  07EE                     l1402:	
   218                           ;check.c: 6: ANSEL=0X00;
   219  07EE  1683               	bsf	status, 5	;RP0=1, select bank3
   220  07EF  1703               	bsf	status, 6	;RP1=1, select bank3
   221  07F0  0188               	clrf	(392)^0180h	;volatile
   222                           	line	7
   223                           	
   224  07F1                     l1404:	
   225                           ;check.c: 7: ANSELH=0X00;
   226  07F1  0189               	clrf	(393)^0180h	;volatile
   227  07F2  2FF3               	goto	l1406
   228                           	line	8
   229                           ;check.c: 8: while(1)
   230                           	
   231  07F3                     l1025:	
   232                           	line	10
   233                           	
   234  07F3                     l1406:	
   235                           ;check.c: 9: {
   236                           ;check.c: 10: if(RA0==1)
   237  07F3  1283               	bcf	status, 5	;RP0=0, select bank0
   238  07F4  1303               	bcf	status, 6	;RP1=0, select bank0
   239  07F5  1C05               	btfss	(40/8),(40)&7
   240  07F6  2FF8               	goto	u11
   241  07F7  2FF9               	goto	u10
   242  07F8                     u11:
   243  07F8  2FF3               	goto	l1406
   244  07F9                     u10:
   245                           	line	12
   246                           	
   247  07F9                     l1408:	
   248                           ;check.c: 11: {
   249                           ;check.c: 12: RA1=1;
   250  07F9  1485               	bsf	(41/8),(41)&7
   251  07FA  2FF3               	goto	l1406
   252                           	line	13
   253                           	
   254  07FB                     l1026:	
   255  07FB  2FF3               	goto	l1406
   256                           	line	14
   257                           	
   258  07FC                     l1027:	
   259                           	line	8
   260  07FC  2FF3               	goto	l1406
   261                           	
   262  07FD                     l1028:	
   263                           	line	15
   264                           	
   265  07FD                     l1029:	
   266                           	global	start
   267  07FD  120A  118A  2800   	ljmp	start
   268                           	opt stack 0
   269                           GLOBAL	__end_of_main
   270  0800                     	__end_of_main:
   271 ;; =============== function _main ends ============
   272                           
   273                           	signat	_main,88
   274                           psect	maintext
   275                           	global	btemp
   276  007E                     	btemp set 07Eh
   277                           
   278                           	DABS	1,126,2	;btemp
   279                           	global	wtemp0
   280  007E                     	wtemp0 set btemp


HI-TECH Software PICC Macro Assembler V9.81 build 7503 
Symbol Table                                                                                   Wed Jun 15 03:15:03 2022

                  u10 07F9                    u11 07F8                   _RA0 0028                   _RA1 0029  
                l1025 07F3                  l1026 07FB                  l1027 07FC                  l1028 07FD  
                l1029 07FD                  l1400 07EA                  l1402 07EE                  l1404 07F1  
                l1406 07F3                  l1408 07F9                  l1398 07E7                  _main 07E7  
                btemp 007E                  start 0000                 ?_main 0000                 _ANSEL 0188  
               _PORTA 0005                 _TRISA 0085                 status 0003                 wtemp0 007E  
        __end_of_main 0800                ??_main 0000                _ANSELH 0189        __pcstackCOMMON 0000  
          __pmaintext 07E7  end_of_initialization 07E3   start_initialization 07E3         __size_of_main 0019  
