

HI-TECH Software PIC LITE Macro Assembler V9.81 build 7503 
                                                                                               Mon Jun 27 15:27:21 2022

HI-TECH Software Omniscient Code Generator (Lite mode) build 7503
     1  0000                     opt subtitle "HI-TECH Software Omniscient Code Generator (Lite mode) build 7503"
     2                           
     3                           opt pagewidth 120
     4                           
     5                           	opt lm
     6                           
     7                           	processor	16F887
     8                           clrc	macro
     9                           	bcf	3,0
    10  0000                     	endm
    11                           clrz	macro
    12                           	bcf	3,2
    13  0000                     	endm
    14                           setc	macro
    15                           	bsf	3,0
    16  0000                     	endm
    17                           setz	macro
    18                           	bsf	3,2
    19  0000                     	endm
    20                           skipc	macro
    21                           	btfss	3,0
    22  0000                     	endm
    23                           skipz	macro
    24                           	btfss	3,2
    25  0000                     	endm
    26                           skipnc	macro
    27                           	btfsc	3,0
    28  0000                     	endm
    29                           skipnz	macro
    30                           	btfsc	3,2
    31  0000                     	endm
    32  0000                     indf	equ	0
    33  0000                     indf0	equ	0
    34  0002                     pc	equ	2
    35  0002                     pcl	equ	2
    36  0003                     status	equ	3
    37  0004                     fsr	equ	4
    38  0004                     fsr0	equ	4
    39  0001                     c	equ	1
    40  0000                     z	equ	0
    41  000A                     pclath	equ	10
    42                           	FNCALL	_main,_delay
    43                           	FNROOT	_main
    44                           	global	_PORTA
    45                           psect	maintext,global,class=CODE,delta=2
    46                           global __pmaintext
    47  07D7                     __pmaintext:
    48  0005                     _PORTA	set	5
    49                           	global	_TRISA
    50  0085                     _TRISA	set	133
    51                           	global	_ANSEL
    52  0188                     _ANSEL	set	392
    53                           	global	_ANSELH
    54  0189                     _ANSELH	set	393
    55                           	file	"on off.as"
    56                           	line	#
    57                           psect cinit,class=CODE,delta=2
    58                           global start_initialization
    59  07BF                     start_initialization:
    60                           
    61                           psect cinit,class=CODE,delta=2
    62                           global end_of_initialization
    63                           
    64                           ;End of C runtime variable initialization code
    65                           
    66  07BF                     end_of_initialization:
    67  07BF  0183               clrf status
    68  07C0  120A  118A  2FD7   ljmp _main	;jump to C main() function
    69                           psect	cstackCOMMON,class=COMMON,space=1
    70                           global __pcstackCOMMON
    71  0070                     __pcstackCOMMON:
    72                           	global	?_delay
    73  0070                     ?_delay:	; 0 bytes @ 0x0
    74                           	global	?_main
    75  0070                     ?_main:	; 0 bytes @ 0x0
    76                           	global	delay@c
    77  0070                     delay@c:	; 2 bytes @ 0x0
    78  0070                     	ds	2
    79                           	global	??_delay
    80  0072                     ??_delay:	; 0 bytes @ 0x2
    81                           	global	??_main
    82  0072                     ??_main:	; 0 bytes @ 0x2
    83 ;;Data sizes: Strings 0, constant 0, data 0, bss 0, persistent 0 stack 0
    84 ;;Auto spaces:   Size  Autos    Used
    85 ;; COMMON          14      2       2
    86 ;; BANK0           80      0       0
    87 ;; BANK1           80      0       0
    88 ;; BANK3           96      0       0
    89 ;; BANK2           96      0       0
    90                           
    91 ;;
    92 ;; Pointer list with targets:
    93                           
    94                           
    95                           
    96 ;;
    97 ;; Critical Paths under _main in COMMON
    98 ;;
    99 ;;   _main->_delay
   100 ;;
   101 ;; Critical Paths under _main in BANK0
   102 ;;
   103 ;;   None.
   104 ;;
   105 ;; Critical Paths under _main in BANK1
   106 ;;
   107 ;;   None.
   108 ;;
   109 ;; Critical Paths under _main in BANK3
   110 ;;
   111 ;;   None.
   112 ;;
   113 ;; Critical Paths under _main in BANK2
   114 ;;
   115 ;;   None.
   116                           
   117 ;;
   118 ;;Main: autosize = 0, tempsize = 0, incstack = 0, save=0
   119 ;;
   120                           
   121 ;;
   122 ;;Call Graph Tables:
   123 ;;
   124 ;; ---------------------------------------------------------------------------------
   125 ;; (Depth) Function   	        Calls       Base Space   Used Autos Params    Refs
   126 ;; ---------------------------------------------------------------------------------
   127 ;; (0) _main                                                 0     0      0      15
   128 ;;                              _delay
   129 ;; ---------------------------------------------------------------------------------
   130 ;; (1) _delay                                                2     0      2      15
   131 ;;                                              0 COMMON     2     0      2
   132 ;; ---------------------------------------------------------------------------------
   133 ;; Estimated maximum stack depth 1
   134 ;; ---------------------------------------------------------------------------------
   135                           
   136 ;; Call Graph Graphs:
   137                           
   138 ;; _main (ROOT)
   139 ;;   _delay
   140 ;;
   141                           
   142 ;; Address spaces:
   143                           
   144 ;;Name               Size   Autos  Total    Cost      Usage
   145 ;;BITCOMMON            E      0       0       0        0.0%
   146 ;;EEDATA             100      0       0       0        0.0%
   147 ;;NULL                 0      0       0       0        0.0%
   148 ;;CODE                 0      0       0       0        0.0%
   149 ;;COMMON               E      2       2       1       14.3%
   150 ;;BITSFR0              0      0       0       1        0.0%
   151 ;;SFR0                 0      0       0       1        0.0%
   152 ;;BITSFR1              0      0       0       2        0.0%
   153 ;;SFR1                 0      0       0       2        0.0%
   154 ;;STACK                0      0       1       2        0.0%
   155 ;;ABS                  0      0       0       3        0.0%
   156 ;;BITBANK0            50      0       0       4        0.0%
   157 ;;BITSFR3              0      0       0       4        0.0%
   158 ;;SFR3                 0      0       0       4        0.0%
   159 ;;BANK0               50      0       0       5        0.0%
   160 ;;BITSFR2              0      0       0       5        0.0%
   161 ;;SFR2                 0      0       0       5        0.0%
   162 ;;BITBANK1            50      0       0       6        0.0%
   163 ;;BANK1               50      0       0       7        0.0%
   164 ;;BITBANK3            60      0       0       8        0.0%
   165 ;;BANK3               60      0       0       9        0.0%
   166 ;;BITBANK2            60      0       0      10        0.0%
   167 ;;BANK2               60      0       0      11        0.0%
   168 ;;DATA                 0      0       0      12        0.0%
   169                           
   170                           	global	_main
   171                           psect	maintext
   172                           
   173 ;; *************** function _main *****************
   174 ;; Defined at:
   175 ;;		line 7 in file "D:\Embedded\pic\code\software\led\led on off\on off.c"
   176 ;; Parameters:    Size  Location     Type
   177 ;;		None
   178 ;; Auto vars:     Size  Location     Type
   179 ;;		None
   180 ;; Return value:  Size  Location     Type
   181 ;;		None               void
   182 ;; Registers used:
   183 ;;		wreg, status,2, status,0, pclath, cstack
   184 ;; Tracked objects:
   185 ;;		On entry : 17F/0
   186 ;;		On exit  : 0/0
   187 ;;		Unchanged: 0/0
   188 ;; Data sizes:     COMMON   BANK0   BANK1   BANK3   BANK2
   189 ;;      Params:         0       0       0       0       0
   190 ;;      Locals:         0       0       0       0       0
   191 ;;      Temps:          0       0       0       0       0
   192 ;;      Totals:         0       0       0       0       0
   193 ;;Total ram usage:        0 bytes
   194 ;; Hardware stack levels required when called:    1
   195 ;; This function calls:
   196 ;;		_delay
   197 ;; This function is called by:
   198 ;;		Startup code after reset
   199 ;; This function uses a non-reentrant model
   200 ;;
   201                           psect	maintext
   202                           	file	"D:\Embedded\pic\code\software\led\led on off\on off.c"
   203                           	line	7
   204                           	global	__size_of_main
   205  0029                     	__size_of_main	equ	__end_of_main-_main
   206                           	
   207  07D7                     _main:	
   208                           	opt	stack 7
   209                           ; Regs used in _main: [wreg+status,2+status,0+pclath+cstack]
   210                           	line	8
   211                           	
   212  07D7                     l2173:	
   213                           ;on off.c: 8: PORTA=0X00;
   214  07D7  1283               	bcf	status, 5	;RP0=0, select bank0
   215  07D8  1303               	bcf	status, 6	;RP1=0, select bank0
   216  07D9  0185               	clrf	(5)	;volatile
   217                           	line	9
   218                           ;on off.c: 9: TRISA=0X00;
   219  07DA  1683               	bsf	status, 5	;RP0=1, select bank1
   220  07DB  1303               	bcf	status, 6	;RP1=0, select bank1
   221  07DC  0185               	clrf	(133)^080h	;volatile
   222                           	line	10
   223                           ;on off.c: 10: ANSEL=0X00;
   224  07DD  1683               	bsf	status, 5	;RP0=1, select bank3
   225  07DE  1703               	bsf	status, 6	;RP1=1, select bank3
   226  07DF  0188               	clrf	(392)^0180h	;volatile
   227                           	line	11
   228                           ;on off.c: 11: ANSELH=0X00;
   229  07E0  0189               	clrf	(393)^0180h	;volatile
   230  07E1  2FE2               	goto	l2175
   231                           	line	12
   232                           ;on off.c: 12: while(1)
   233                           	
   234  07E2                     l1031:	
   235                           	line	14
   236                           	
   237  07E2                     l2175:	
   238                           ;on off.c: 13: {
   239                           ;on off.c: 14: PORTA=0XFF;
   240  07E2  30FF               	movlw	(0FFh)
   241  07E3  1283               	bcf	status, 5	;RP0=0, select bank0
   242  07E4  1303               	bcf	status, 6	;RP1=0, select bank0
   243  07E5  0085               	movwf	(5)	;volatile
   244                           	line	15
   245                           	
   246  07E6                     l2177:	
   247                           ;on off.c: 15: delay(10000);
   248  07E6  3010               	movlw	low(02710h)
   249  07E7  00F0               	movwf	(?_delay)
   250  07E8  3027               	movlw	high(02710h)
   251  07E9  00F1               	movwf	((?_delay))+1
   252  07EA  120A  118A  27C3   	fcall	_delay
              120A  118A         
   253                           	line	16
   254                           	
   255  07EF                     l2179:	
   256                           ;on off.c: 16: PORTA=0X00;
   257  07EF  1283               	bcf	status, 5	;RP0=0, select bank0
   258  07F0  1303               	bcf	status, 6	;RP1=0, select bank0
   259  07F1  0185               	clrf	(5)	;volatile
   260                           	line	17
   261                           	
   262  07F2                     l2181:	
   263                           ;on off.c: 17: delay(10000);
   264  07F2  3010               	movlw	low(02710h)
   265  07F3  00F0               	movwf	(?_delay)
   266  07F4  3027               	movlw	high(02710h)
   267  07F5  00F1               	movwf	((?_delay))+1
   268  07F6  120A  118A  27C3   	fcall	_delay
              120A  118A         
   269  07FB  2FE2               	goto	l2175
   270                           	line	18
   271                           	
   272  07FC                     l1032:	
   273                           	line	12
   274  07FC  2FE2               	goto	l2175
   275                           	
   276  07FD                     l1033:	
   277                           	line	19
   278                           	
   279  07FD                     l1034:	
   280                           	global	start
   281  07FD  120A  118A  2800   	ljmp	start
   282                           	opt stack 0
   283                           GLOBAL	__end_of_main
   284  0800                     	__end_of_main:
   285 ;; =============== function _main ends ============
   286                           
   287                           	signat	_main,88
   288                           	global	_delay
   289                           psect	text55,local,class=CODE,delta=2
   290                           global __ptext55
   291  07C3                     __ptext55:
   292                           
   293 ;; *************** function _delay *****************
   294 ;; Defined at:
   295 ;;		line 3 in file "D:\Embedded\pic\code\software\led\led on off\on off.c"
   296 ;; Parameters:    Size  Location     Type
   297 ;;  c               2    0[COMMON] unsigned int 
   298 ;; Auto vars:     Size  Location     Type
   299 ;;		None
   300 ;; Return value:  Size  Location     Type
   301 ;;		None               void
   302 ;; Registers used:
   303 ;;		wreg
   304 ;; Tracked objects:
   305 ;;		On entry : 0/0
   306 ;;		On exit  : 0/0
   307 ;;		Unchanged: 0/0
   308 ;; Data sizes:     COMMON   BANK0   BANK1   BANK3   BANK2
   309 ;;      Params:         2       0       0       0       0
   310 ;;      Locals:         0       0       0       0       0
   311 ;;      Temps:          0       0       0       0       0
   312 ;;      Totals:         2       0       0       0       0
   313 ;;Total ram usage:        2 bytes
   314 ;; Hardware stack levels used:    1
   315 ;; This function calls:
   316 ;;		Nothing
   317 ;; This function is called by:
   318 ;;		_main
   319 ;; This function uses a non-reentrant model
   320 ;;
   321                           psect	text55
   322                           	file	"D:\Embedded\pic\code\software\led\led on off\on off.c"
   323                           	line	3
   324                           	global	__size_of_delay
   325  0014                     	__size_of_delay	equ	__end_of_delay-_delay
   326                           	
   327  07C3                     _delay:	
   328                           	opt	stack 7
   329                           ; Regs used in _delay: [wreg]
   330                           	line	4
   331                           	
   332  07C3                     l1403:	
   333                           ;on off.c: 4: while(c--);
   334  07C3  2FC5               	goto	l1405
   335                           	
   336  07C4                     l1026:	
   337  07C4  2FC5               	goto	l1405
   338                           	
   339  07C5                     l1025:	
   340                           	
   341  07C5                     l1405:	
   342  07C5  3001               	movlw	low(01h)
   343  07C6  02F0               	subwf	(delay@c),f
   344  07C7  3000               	movlw	high(01h)
   345  07C8  1C03               	skipc
   346  07C9  03F1               	decf	(delay@c+1),f
   347  07CA  02F1               	subwf	(delay@c+1),f
   348  07CB  30FF               	movlw	high(0FFFFh)
   349  07CC  0671               	xorwf	((delay@c+1)),w
   350  07CD  1D03               	skipz
   351  07CE  2FD1               	goto	u15
   352  07CF  30FF               	movlw	low(0FFFFh)
   353  07D0  0670               	xorwf	((delay@c)),w
   354  07D1                     u15:
   355                           
   356  07D1  1D03               	skipz
   357  07D2  2FD4               	goto	u11
   358  07D3  2FD5               	goto	u10
   359  07D4                     u11:
   360  07D4  2FC5               	goto	l1405
   361  07D5                     u10:
   362  07D5  2FD6               	goto	l1028
   363                           	
   364  07D6                     l1027:	
   365                           	line	5
   366                           	
   367  07D6                     l1028:	
   368  07D6  0008               	return
   369                           	opt stack 0
   370                           GLOBAL	__end_of_delay
   371  07D7                     	__end_of_delay:
   372 ;; =============== function _delay ends ============
   373                           
   374                           	signat	_delay,4216
   375                           psect	text56,local,class=CODE,delta=2
   376                           global __ptext56
   377  0000                     __ptext56:
   378                           	global	btemp
   379  007E                     	btemp set 07Eh
   380                           
   381                           	DABS	1,126,2	;btemp
   382                           	global	wtemp0
   383  007E                     	wtemp0 set btemp


HI-TECH Software PICC Macro Assembler V9.81 build 7503 
Symbol Table                                                                                   Mon Jun 27 15:27:21 2022

                  u10 07D5                    u11 07D4                    u15 07D1                  l1031 07E2  
                l1032 07FC                  l1025 07C5                  l1033 07FD                  l1026 07C4  
                l1034 07FD                  l1027 07D6                  l1028 07D6                  l1403 07C3  
                l1405 07C5                  l2181 07F2                  l2173 07D7                  l2175 07E2  
                l2177 07E6                  l2179 07EF                  _main 07D7                  btemp 007E  
                start 0000                 ?_main 0070                 _ANSEL 0188                 _PORTA 0005  
               _TRISA 0085                 _delay 07C3                 status 0003                 wtemp0 007E  
        __end_of_main 0800                ??_main 0072                ?_delay 0070                _ANSELH 0189  
              delay@c 0070        __pcstackCOMMON 0070         __end_of_delay 07D7               ??_delay 0072  
          __pmaintext 07D7  end_of_initialization 07BF   start_initialization 07BF        __size_of_delay 0014  
            __ptext55 07C3              __ptext56 0000         __size_of_main 0029  
