

HI-TECH Software PIC LITE Macro Assembler V9.81 build 7503 
                                                                                               Fri Apr 15 23:22:27 2022

HI-TECH Software Omniscient Code Generator (Lite mode) build 7503
     1  0000                     opt subtitle "HI-TECH Software Omniscient Code Generator (Lite mode) build 7503"
     2                           
     3                           opt pagewidth 120
     4                           
     5                           	opt lm
     6                           
     7                           	processor	16F887
     8                           clrc	macro
     9                           	bcf	3,0
    10  0000                     	endm
    11                           clrz	macro
    12                           	bcf	3,2
    13  0000                     	endm
    14                           setc	macro
    15                           	bsf	3,0
    16  0000                     	endm
    17                           setz	macro
    18                           	bsf	3,2
    19  0000                     	endm
    20                           skipc	macro
    21                           	btfss	3,0
    22  0000                     	endm
    23                           skipz	macro
    24                           	btfss	3,2
    25  0000                     	endm
    26                           skipnc	macro
    27                           	btfsc	3,0
    28  0000                     	endm
    29                           skipnz	macro
    30                           	btfsc	3,2
    31  0000                     	endm
    32  0000                     indf	equ	0
    33  0000                     indf0	equ	0
    34  0002                     pc	equ	2
    35  0002                     pcl	equ	2
    36  0003                     status	equ	3
    37  0004                     fsr	equ	4
    38  0004                     fsr0	equ	4
    39  0001                     c	equ	1
    40  0000                     z	equ	0
    41  000A                     pclath	equ	10
    42                           	FNCALL	_main,_timer
    43                           	FNROOT	_main
    44                           	global	_count
    45                           	global	_PORTC
    46                           psect	text60,local,class=CODE,delta=2
    47                           global __ptext60
    48  0000                     __ptext60:
    49  0007                     _PORTC	set	7
    50                           	global	_PORTD
    51  0008                     _PORTD	set	8
    52                           	global	_T1CON
    53  0010                     _T1CON	set	16
    54                           	global	_TMR1IF
    55  0060                     _TMR1IF	set	96
    56                           	global	_TRISC
    57  0087                     _TRISC	set	135
    58                           	global	_TRISD
    59  0088                     _TRISD	set	136
    60                           	file	"trafficlight.as"
    61                           	line	#
    62                           psect cinit,class=CODE,delta=2
    63                           global start_initialization
    64  077A                     start_initialization:
    65                           
    66                           psect	bssCOMMON,class=COMMON,space=1
    67                           global __pbssCOMMON
    68  0070                     __pbssCOMMON:
    69  0070                     _count:
    70  0070                            ds      2
    71                           
    72                           ; Clear objects allocated to COMMON
    73                           psect cinit,class=CODE,delta=2
    74  077A  01F0               	clrf	((__pbssCOMMON)+0)&07Fh
    75  077B  01F1               	clrf	((__pbssCOMMON)+1)&07Fh
    76                           psect cinit,class=CODE,delta=2
    77                           global end_of_initialization
    78                           
    79                           ;End of C runtime variable initialization code
    80                           
    81  077C                     end_of_initialization:
    82  077C  0183               clrf status
    83  077D  120A  118A  2FAE   ljmp _main	;jump to C main() function
    84                           psect	cstackCOMMON,class=COMMON,space=1
    85                           global __pcstackCOMMON
    86  0072                     __pcstackCOMMON:
    87                           	global	?_timer
    88  0072                     ?_timer:	; 0 bytes @ 0x0
    89                           	global	?_main
    90  0072                     ?_main:	; 0 bytes @ 0x0
    91                           	global	timer@sec
    92  0072                     timer@sec:	; 2 bytes @ 0x0
    93  0072                     	ds	2
    94                           	global	??_timer
    95  0074                     ??_timer:	; 0 bytes @ 0x2
    96                           	global	??_main
    97  0074                     ??_main:	; 0 bytes @ 0x2
    98 ;;Data sizes: Strings 0, constant 0, data 0, bss 2, persistent 0 stack 0
    99 ;;Auto spaces:   Size  Autos    Used
   100 ;; COMMON          14      2       4
   101 ;; BANK0           80      0       0
   102 ;; BANK1           80      0       0
   103 ;; BANK3           96      0       0
   104 ;; BANK2           96      0       0
   105                           
   106 ;;
   107 ;; Pointer list with targets:
   108                           
   109                           
   110                           
   111 ;;
   112 ;; Critical Paths under _main in COMMON
   113 ;;
   114 ;;   _main->_timer
   115 ;;
   116 ;; Critical Paths under _main in BANK0
   117 ;;
   118 ;;   None.
   119 ;;
   120 ;; Critical Paths under _main in BANK1
   121 ;;
   122 ;;   None.
   123 ;;
   124 ;; Critical Paths under _main in BANK3
   125 ;;
   126 ;;   None.
   127 ;;
   128 ;; Critical Paths under _main in BANK2
   129 ;;
   130 ;;   None.
   131                           
   132 ;;
   133 ;;Main: autosize = 0, tempsize = 0, incstack = 0, save=0
   134 ;;
   135                           
   136 ;;
   137 ;;Call Graph Tables:
   138 ;;
   139 ;; ---------------------------------------------------------------------------------
   140 ;; (Depth) Function   	        Calls       Base Space   Used Autos Params    Refs
   141 ;; ---------------------------------------------------------------------------------
   142 ;; (0) _main                                                 0     0      0      15
   143 ;;                              _timer
   144 ;; ---------------------------------------------------------------------------------
   145 ;; (1) _timer                                                2     0      2      15
   146 ;;                                              0 COMMON     2     0      2
   147 ;; ---------------------------------------------------------------------------------
   148 ;; Estimated maximum stack depth 1
   149 ;; ---------------------------------------------------------------------------------
   150                           
   151 ;; Call Graph Graphs:
   152                           
   153 ;; _main (ROOT)
   154 ;;   _timer
   155 ;;
   156                           
   157 ;; Address spaces:
   158                           
   159 ;;Name               Size   Autos  Total    Cost      Usage
   160 ;;BITCOMMON            E      0       0       0        0.0%
   161 ;;EEDATA             100      0       0       0        0.0%
   162 ;;NULL                 0      0       0       0        0.0%
   163 ;;CODE                 0      0       0       0        0.0%
   164 ;;COMMON               E      2       4       1       28.6%
   165 ;;BITSFR0              0      0       0       1        0.0%
   166 ;;SFR0                 0      0       0       1        0.0%
   167 ;;BITSFR1              0      0       0       2        0.0%
   168 ;;SFR1                 0      0       0       2        0.0%
   169 ;;STACK                0      0       1       2        0.0%
   170 ;;ABS                  0      0       4       3        0.0%
   171 ;;BITBANK0            50      0       0       4        0.0%
   172 ;;BITSFR3              0      0       0       4        0.0%
   173 ;;SFR3                 0      0       0       4        0.0%
   174 ;;BANK0               50      0       0       5        0.0%
   175 ;;BITSFR2              0      0       0       5        0.0%
   176 ;;SFR2                 0      0       0       5        0.0%
   177 ;;BITBANK1            50      0       0       6        0.0%
   178 ;;BANK1               50      0       0       7        0.0%
   179 ;;BITBANK3            60      0       0       8        0.0%
   180 ;;BANK3               60      0       0       9        0.0%
   181 ;;BITBANK2            60      0       0      10        0.0%
   182 ;;BANK2               60      0       0      11        0.0%
   183 ;;DATA                 0      0       5      12        0.0%
   184                           
   185                           	global	_main
   186                           psect	maintext,global,class=CODE,delta=2
   187                           global __pmaintext
   188  07AE                     __pmaintext:
   189                           
   190 ;; *************** function _main *****************
   191 ;; Defined at:
   192 ;;		line 64 in file "D:\Embedded\pic\code\software\timer_1\trafficlight\trafficlight.c"
   193 ;; Parameters:    Size  Location     Type
   194 ;;		None
   195 ;; Auto vars:     Size  Location     Type
   196 ;;		None
   197 ;; Return value:  Size  Location     Type
   198 ;;		None               void
   199 ;; Registers used:
   200 ;;		wreg, status,2, status,0, btemp+1, pclath, cstack
   201 ;; Tracked objects:
   202 ;;		On entry : 17F/0
   203 ;;		On exit  : 0/0
   204 ;;		Unchanged: 0/0
   205 ;; Data sizes:     COMMON   BANK0   BANK1   BANK3   BANK2
   206 ;;      Params:         0       0       0       0       0
   207 ;;      Locals:         0       0       0       0       0
   208 ;;      Temps:          0       0       0       0       0
   209 ;;      Totals:         0       0       0       0       0
   210 ;;Total ram usage:        0 bytes
   211 ;; Hardware stack levels required when called:    1
   212 ;; This function calls:
   213 ;;		_timer
   214 ;; This function is called by:
   215 ;;		Startup code after reset
   216 ;; This function uses a non-reentrant model
   217 ;;
   218                           psect	maintext
   219                           	file	"D:\Embedded\pic\code\software\timer_1\trafficlight\trafficlight.c"
   220                           	line	64
   221                           	global	__size_of_main
   222  0052                     	__size_of_main	equ	__end_of_main-_main
   223                           	
   224  07AE                     _main:	
   225                           	opt	stack 7
   226                           ; Regs used in _main: [wreg+status,2+status,0+btemp+1+pclath+cstack]
   227                           	line	65
   228                           	
   229  07AE                     l2185:	
   230                           ;trafficlight.c: 65: PORTC=0X00;
   231  07AE  1283               	bcf	status, 5	;RP0=0, select bank0
   232  07AF  1303               	bcf	status, 6	;RP1=0, select bank0
   233  07B0  0187               	clrf	(7)	;volatile
   234                           	line	66
   235                           ;trafficlight.c: 66: TRISC=0X00;
   236  07B1  1683               	bsf	status, 5	;RP0=1, select bank1
   237  07B2  1303               	bcf	status, 6	;RP1=0, select bank1
   238  07B3  0187               	clrf	(135)^080h	;volatile
   239                           	line	67
   240                           ;trafficlight.c: 67: PORTD=0X00;
   241  07B4  1283               	bcf	status, 5	;RP0=0, select bank0
   242  07B5  1303               	bcf	status, 6	;RP1=0, select bank0
   243  07B6  0188               	clrf	(8)	;volatile
   244                           	line	68
   245                           ;trafficlight.c: 68: TRISD=0X00;
   246  07B7  1683               	bsf	status, 5	;RP0=1, select bank1
   247  07B8  1303               	bcf	status, 6	;RP1=0, select bank1
   248  07B9  0188               	clrf	(136)^080h	;volatile
   249                           	line	69
   250                           	
   251  07BA                     l2187:	
   252                           ;trafficlight.c: 69: T1CON=0X31;
   253  07BA  3031               	movlw	(031h)
   254  07BB  1283               	bcf	status, 5	;RP0=0, select bank0
   255  07BC  1303               	bcf	status, 6	;RP1=0, select bank0
   256  07BD  0090               	movwf	(16)	;volatile
   257  07BE  2FBF               	goto	l2189
   258                           	line	70
   259                           ;trafficlight.c: 70: while(1)
   260                           	
   261  07BF                     l1035:	
   262                           	line	72
   263                           	
   264  07BF                     l2189:	
   265                           ;trafficlight.c: 71: {
   266                           ;trafficlight.c: 72: PORTC=0X01;
   267  07BF  3001               	movlw	(01h)
   268  07C0  1283               	bcf	status, 5	;RP0=0, select bank0
   269  07C1  1303               	bcf	status, 6	;RP1=0, select bank0
   270  07C2  0087               	movwf	(7)	;volatile
   271                           	line	75
   272                           	
   273  07C3                     l2191:	
   274                           ;trafficlight.c: 75: PORTD=0X04;
   275  07C3  3004               	movlw	(04h)
   276  07C4  0088               	movwf	(8)	;volatile
   277                           	line	78
   278                           	
   279  07C5                     l2193:	
   280                           ;trafficlight.c: 78: timer(10);
   281  07C5  300A               	movlw	low(0Ah)
   282  07C6  00F2               	movwf	(?_timer)
   283  07C7  3000               	movlw	high(0Ah)
   284  07C8  00F3               	movwf	((?_timer))+1
   285  07C9  120A  118A  2780   	fcall	_timer
              120A  118A         
   286                           	line	79
   287                           	
   288  07CE                     l2195:	
   289                           ;trafficlight.c: 79: PORTC=0X01;
   290  07CE  3001               	movlw	(01h)
   291  07CF  1283               	bcf	status, 5	;RP0=0, select bank0
   292  07D0  1303               	bcf	status, 6	;RP1=0, select bank0
   293  07D1  0087               	movwf	(7)	;volatile
   294                           	line	82
   295                           	
   296  07D2                     l2197:	
   297                           ;trafficlight.c: 82: PORTD=0X02;
   298  07D2  3002               	movlw	(02h)
   299  07D3  0088               	movwf	(8)	;volatile
   300                           	line	85
   301                           	
   302  07D4                     l2199:	
   303                           ;trafficlight.c: 85: timer(5);
   304  07D4  3005               	movlw	low(05h)
   305  07D5  00F2               	movwf	(?_timer)
   306  07D6  3000               	movlw	high(05h)
   307  07D7  00F3               	movwf	((?_timer))+1
   308  07D8  120A  118A  2780   	fcall	_timer
              120A  118A         
   309                           	line	87
   310                           	
   311  07DD                     l2201:	
   312                           ;trafficlight.c: 87: PORTC=0X04;
   313  07DD  3004               	movlw	(04h)
   314  07DE  1283               	bcf	status, 5	;RP0=0, select bank0
   315  07DF  1303               	bcf	status, 6	;RP1=0, select bank0
   316  07E0  0087               	movwf	(7)	;volatile
   317                           	line	90
   318                           	
   319  07E1                     l2203:	
   320                           ;trafficlight.c: 90: PORTD=0X01;
   321  07E1  3001               	movlw	(01h)
   322  07E2  0088               	movwf	(8)	;volatile
   323                           	line	93
   324                           	
   325  07E3                     l2205:	
   326                           ;trafficlight.c: 93: timer(10);
   327  07E3  300A               	movlw	low(0Ah)
   328  07E4  00F2               	movwf	(?_timer)
   329  07E5  3000               	movlw	high(0Ah)
   330  07E6  00F3               	movwf	((?_timer))+1
   331  07E7  120A  118A  2780   	fcall	_timer
              120A  118A         
   332                           	line	94
   333                           	
   334  07EC                     l2207:	
   335                           ;trafficlight.c: 94: PORTC=0X02;
   336  07EC  3002               	movlw	(02h)
   337  07ED  1283               	bcf	status, 5	;RP0=0, select bank0
   338  07EE  1303               	bcf	status, 6	;RP1=0, select bank0
   339  07EF  0087               	movwf	(7)	;volatile
   340                           	line	97
   341                           	
   342  07F0                     l2209:	
   343                           ;trafficlight.c: 97: PORTD=0X01;
   344  07F0  3001               	movlw	(01h)
   345  07F1  0088               	movwf	(8)	;volatile
   346                           	line	100
   347                           	
   348  07F2                     l2211:	
   349                           ;trafficlight.c: 100: timer(5);
   350  07F2  3005               	movlw	low(05h)
   351  07F3  00F2               	movwf	(?_timer)
   352  07F4  3000               	movlw	high(05h)
   353  07F5  00F3               	movwf	((?_timer))+1
   354  07F6  120A  118A  2780   	fcall	_timer
              120A  118A         
   355  07FB  2FBF               	goto	l2189
   356                           	line	120
   357                           	
   358  07FC                     l1036:	
   359                           	line	70
   360  07FC  2FBF               	goto	l2189
   361                           	
   362  07FD                     l1037:	
   363                           	line	121
   364                           	
   365  07FD                     l1038:	
   366                           	global	start
   367  07FD  120A  118A  2800   	ljmp	start
   368                           	opt stack 0
   369                           GLOBAL	__end_of_main
   370  0800                     	__end_of_main:
   371 ;; =============== function _main ends ============
   372                           
   373                           	signat	_main,88
   374                           	global	_timer
   375                           psect	text61,local,class=CODE,delta=2
   376                           global __ptext61
   377  0780                     __ptext61:
   378                           
   379 ;; *************** function _timer *****************
   380 ;; Defined at:
   381 ;;		line 7 in file "D:\Embedded\pic\code\software\timer_1\trafficlight\trafficlight.c"
   382 ;; Parameters:    Size  Location     Type
   383 ;;  sec             2    0[COMMON] int 
   384 ;; Auto vars:     Size  Location     Type
   385 ;;		None
   386 ;; Return value:  Size  Location     Type
   387 ;;		None               void
   388 ;; Registers used:
   389 ;;		wreg, status,2, btemp+1
   390 ;; Tracked objects:
   391 ;;		On entry : 0/0
   392 ;;		On exit  : 0/0
   393 ;;		Unchanged: 0/0
   394 ;; Data sizes:     COMMON   BANK0   BANK1   BANK3   BANK2
   395 ;;      Params:         2       0       0       0       0
   396 ;;      Locals:         0       0       0       0       0
   397 ;;      Temps:          0       0       0       0       0
   398 ;;      Totals:         2       0       0       0       0
   399 ;;Total ram usage:        2 bytes
   400 ;; Hardware stack levels used:    1
   401 ;; This function calls:
   402 ;;		Nothing
   403 ;; This function is called by:
   404 ;;		_main
   405 ;; This function uses a non-reentrant model
   406 ;;
   407                           psect	text61
   408                           	file	"D:\Embedded\pic\code\software\timer_1\trafficlight\trafficlight.c"
   409                           	line	7
   410                           	global	__size_of_timer
   411  002E                     	__size_of_timer	equ	__end_of_timer-_timer
   412                           	
   413  0780                     _timer:	
   414                           	opt	stack 7
   415                           ; Regs used in _timer: [wreg+status,2+btemp+1]
   416                           	line	8
   417                           	
   418  0780                     l1407:	
   419                           ;trafficlight.c: 8: while(sec>0)
   420  0780  2F9F               	goto	l1417
   421                           	
   422  0781                     l1028:	
   423                           	line	10
   424                           ;trafficlight.c: 9: {
   425                           ;trafficlight.c: 10: if(TMR1IF==1)
   426  0781  1283               	bcf	status, 5	;RP0=0, select bank0
   427  0782  1303               	bcf	status, 6	;RP1=0, select bank0
   428  0783  1C0C               	btfss	(96/8),(96)&7
   429  0784  2F86               	goto	u11
   430  0785  2F87               	goto	u10
   431  0786                     u11:
   432  0786  2F8E               	goto	l1029
   433  0787                     u10:
   434                           	line	12
   435                           	
   436  0787                     l1409:	
   437                           ;trafficlight.c: 11: {
   438                           ;trafficlight.c: 12: count++;
   439  0787  3001               	movlw	low(01h)
   440  0788  07F0               	addwf	(_count),f
   441  0789  1803               	skipnc
   442  078A  0AF1               	incf	(_count+1),f
   443  078B  3000               	movlw	high(01h)
   444  078C  07F1               	addwf	(_count+1),f
   445                           	line	13
   446                           	
   447  078D                     l1411:	
   448                           ;trafficlight.c: 13: TMR1IF=0;
   449  078D  100C               	bcf	(96/8),(96)&7
   450                           	line	14
   451                           	
   452  078E                     l1029:	
   453                           	line	15
   454                           ;trafficlight.c: 14: }
   455                           ;trafficlight.c: 15: if(count==2)
   456  078E  3002               	movlw	02h
   457  078F  0670               	xorwf	(_count),w
   458  0790  0471               	iorwf	(_count+1),w
   459  0791  1D03               	skipz
   460  0792  2F94               	goto	u21
   461  0793  2F95               	goto	u20
   462  0794                     u21:
   463  0794  2F9F               	goto	l1417
   464  0795                     u20:
   465                           	line	17
   466                           	
   467  0795                     l1413:	
   468                           ;trafficlight.c: 16: {
   469                           ;trafficlight.c: 17: count=0;
   470  0795  01F0               	clrf	(_count)
   471  0796  01F1               	clrf	(_count+1)
   472                           	line	18
   473                           	
   474  0797                     l1415:	
   475                           ;trafficlight.c: 18: sec--;
   476  0797  30FF               	movlw	low(-1)
   477  0798  07F2               	addwf	(timer@sec),f
   478  0799  1803               	skipnc
   479  079A  0AF3               	incf	(timer@sec+1),f
   480  079B  30FF               	movlw	high(-1)
   481  079C  07F3               	addwf	(timer@sec+1),f
   482  079D  2F9F               	goto	l1417
   483                           	line	19
   484                           	
   485  079E                     l1030:	
   486  079E  2F9F               	goto	l1417
   487                           	line	20
   488                           	
   489  079F                     l1027:	
   490                           	line	8
   491                           	
   492  079F                     l1417:	
   493  079F  0873               	movf	(timer@sec+1),w
   494  07A0  3A80               	xorlw	80h
   495  07A1  00FF               	movwf	btemp+1
   496  07A2  3080               	movlw	(high(01h))^80h
   497  07A3  027F               	subwf	btemp+1,w
   498  07A4  1D03               	skipz
   499  07A5  2FA8               	goto	u35
   500  07A6  3001               	movlw	low(01h)
   501  07A7  0272               	subwf	(timer@sec),w
   502  07A8                     u35:
   503                           
   504  07A8  1803               	skipnc
   505  07A9  2FAB               	goto	u31
   506  07AA  2FAC               	goto	u30
   507  07AB                     u31:
   508  07AB  2F81               	goto	l1028
   509  07AC                     u30:
   510  07AC  2FAD               	goto	l1032
   511                           	
   512  07AD                     l1031:	
   513                           	line	62
   514                           	
   515  07AD                     l1032:	
   516  07AD  0008               	return
   517                           	opt stack 0
   518                           GLOBAL	__end_of_timer
   519  07AE                     	__end_of_timer:
   520 ;; =============== function _timer ends ============
   521                           
   522                           	signat	_timer,4216
   523                           psect	text62,local,class=CODE,delta=2
   524                           global __ptext62
   525  0000                     __ptext62:
   526                           	global	btemp
   527  007E                     	btemp set 07Eh
   528                           
   529                           	DABS	1,126,2	;btemp
   530                           	global	wtemp0
   531  007E                     	wtemp0 set btemp


HI-TECH Software PICC Macro Assembler V9.81 build 7503 
Symbol Table                                                                                   Fri Apr 15 23:22:27 2022

                  u10 0787                    u11 0786                    u20 0795                    u21 0794  
                  u30 07AC                    u31 07AB                    u35 07A8                  l1030 079E  
                l1031 07AD                  l1032 07AD                  l1027 079F                  l1035 07BF  
                l1028 0781                  l1036 07FC                  l1029 078E                  l1037 07FD  
                l1038 07FD                  l2201 07DD                  l1411 078D                  l2211 07F2  
                l2203 07E1                  l1413 0795                  l2205 07E3                  l1415 0797  
                l1407 0780                  l2207 07EC                  l1409 0787                  l1417 079F  
                l2209 07F0                  l2191 07C3                  l2193 07C5                  l2185 07AE  
                l2195 07CE                  l2187 07BA                  l2197 07D2                  l2189 07BF  
                l2199 07D4                  _main 07AE                  btemp 007E                  start 0000  
               ?_main 0072                 _T1CON 0010                 _PORTC 0007                 _PORTD 0008  
               _TRISC 0087                 _TRISD 0088                 _count 0070                 _timer 0780  
               status 0003                 wtemp0 007E          __end_of_main 0800                ??_main 0074  
              ?_timer 0072                _TMR1IF 0060        __pcstackCOMMON 0072         __end_of_timer 07AE  
             ??_timer 0074            __pmaintext 07AE  end_of_initialization 077C   start_initialization 077A  
         __pbssCOMMON 0070        __size_of_timer 002E              __ptext60 0000              __ptext61 0780  
            __ptext62 0000         __size_of_main 0052              timer@sec 0072  
