

HI-TECH Software PIC LITE Macro Assembler V9.81 build 7503 
                                                                                               Sun May 22 22:54:44 2022

HI-TECH Software Omniscient Code Generator (Lite mode) build 7503
     1  0000                     opt subtitle "HI-TECH Software Omniscient Code Generator (Lite mode) build 7503"
     2                           
     3                           opt pagewidth 120
     4                           
     5                           	opt lm
     6                           
     7                           	processor	16F887
     8                           clrc	macro
     9                           	bcf	3,0
    10  0000                     	endm
    11                           clrz	macro
    12                           	bcf	3,2
    13  0000                     	endm
    14                           setc	macro
    15                           	bsf	3,0
    16  0000                     	endm
    17                           setz	macro
    18                           	bsf	3,2
    19  0000                     	endm
    20                           skipc	macro
    21                           	btfss	3,0
    22  0000                     	endm
    23                           skipz	macro
    24                           	btfss	3,2
    25  0000                     	endm
    26                           skipnc	macro
    27                           	btfsc	3,0
    28  0000                     	endm
    29                           skipnz	macro
    30                           	btfsc	3,2
    31  0000                     	endm
    32  0000                     indf	equ	0
    33  0000                     indf0	equ	0
    34  0002                     pc	equ	2
    35  0002                     pcl	equ	2
    36  0003                     status	equ	3
    37  0004                     fsr	equ	4
    38  0004                     fsr0	equ	4
    39  0001                     c	equ	1
    40  0000                     z	equ	0
    41  000A                     pclath	equ	10
    42                           	FNROOT	_main
    43                           	global	_PORTB
    44                           psect	maintext,global,class=CODE,delta=2
    45                           global __pmaintext
    46  07E1                     __pmaintext:
    47  0006                     _PORTB	set	6
    48                           	global	_PORTC
    49  0007                     _PORTC	set	7
    50                           	global	_RB1
    51  0031                     _RB1	set	49
    52                           	global	_RC0
    53  0038                     _RC0	set	56
    54                           	global	_TRISB
    55  0086                     _TRISB	set	134
    56                           	global	_TRISC
    57  0087                     _TRISC	set	135
    58                           	global	_ANSEL
    59  0188                     _ANSEL	set	392
    60                           	global	_ANSELH
    61  0189                     _ANSELH	set	393
    62                           	file	"project.as"
    63                           	line	#
    64                           psect cinit,class=CODE,delta=2
    65                           global start_initialization
    66  07DD                     start_initialization:
    67                           
    68                           psect cinit,class=CODE,delta=2
    69                           global end_of_initialization
    70                           
    71                           ;End of C runtime variable initialization code
    72                           
    73  07DD                     end_of_initialization:
    74  07DD  0183               clrf status
    75  07DE  120A  118A  2FE1   ljmp _main	;jump to C main() function
    76                           psect	cstackCOMMON,class=COMMON,space=1
    77                           global __pcstackCOMMON
    78  0000                     __pcstackCOMMON:
    79                           	global	?_main
    80  0000                     ?_main:	; 0 bytes @ 0x0
    81                           	global	??_main
    82  0000                     ??_main:	; 0 bytes @ 0x0
    83 ;;Data sizes: Strings 0, constant 0, data 0, bss 0, persistent 0 stack 0
    84 ;;Auto spaces:   Size  Autos    Used
    85 ;; COMMON          14      0       0
    86 ;; BANK0           80      0       0
    87 ;; BANK1           80      0       0
    88 ;; BANK3           96      0       0
    89 ;; BANK2           96      0       0
    90                           
    91 ;;
    92 ;; Pointer list with targets:
    93                           
    94                           
    95                           
    96 ;;
    97 ;; Critical Paths under _main in COMMON
    98 ;;
    99 ;;   None.
   100 ;;
   101 ;; Critical Paths under _main in BANK0
   102 ;;
   103 ;;   None.
   104 ;;
   105 ;; Critical Paths under _main in BANK1
   106 ;;
   107 ;;   None.
   108 ;;
   109 ;; Critical Paths under _main in BANK3
   110 ;;
   111 ;;   None.
   112 ;;
   113 ;; Critical Paths under _main in BANK2
   114 ;;
   115 ;;   None.
   116                           
   117 ;;
   118 ;;Main: autosize = 0, tempsize = 0, incstack = 0, save=0
   119 ;;
   120                           
   121 ;;
   122 ;;Call Graph Tables:
   123 ;;
   124 ;; ---------------------------------------------------------------------------------
   125 ;; (Depth) Function   	        Calls       Base Space   Used Autos Params    Refs
   126 ;; ---------------------------------------------------------------------------------
   127 ;; (0) _main                                                 0     0      0       0
   128 ;; ---------------------------------------------------------------------------------
   129 ;; Estimated maximum stack depth 0
   130 ;; ---------------------------------------------------------------------------------
   131                           
   132 ;; Call Graph Graphs:
   133                           
   134 ;; _main (ROOT)
   135 ;;
   136                           
   137 ;; Address spaces:
   138                           
   139 ;;Name               Size   Autos  Total    Cost      Usage
   140 ;;BITCOMMON            E      0       0       0        0.0%
   141 ;;EEDATA             100      0       0       0        0.0%
   142 ;;NULL                 0      0       0       0        0.0%
   143 ;;CODE                 0      0       0       0        0.0%
   144 ;;COMMON               E      0       0       1        0.0%
   145 ;;BITSFR0              0      0       0       1        0.0%
   146 ;;SFR0                 0      0       0       1        0.0%
   147 ;;BITSFR1              0      0       0       2        0.0%
   148 ;;SFR1                 0      0       0       2        0.0%
   149 ;;STACK                0      0       0       2        0.0%
   150 ;;ABS                  0      0       0       3        0.0%
   151 ;;BITBANK0            50      0       0       4        0.0%
   152 ;;BITSFR3              0      0       0       4        0.0%
   153 ;;SFR3                 0      0       0       4        0.0%
   154 ;;BANK0               50      0       0       5        0.0%
   155 ;;BITSFR2              0      0       0       5        0.0%
   156 ;;SFR2                 0      0       0       5        0.0%
   157 ;;BITBANK1            50      0       0       6        0.0%
   158 ;;BANK1               50      0       0       7        0.0%
   159 ;;BITBANK3            60      0       0       8        0.0%
   160 ;;BANK3               60      0       0       9        0.0%
   161 ;;BITBANK2            60      0       0      10        0.0%
   162 ;;BANK2               60      0       0      11        0.0%
   163 ;;DATA                 0      0       0      12        0.0%
   164                           
   165                           	global	_main
   166                           psect	maintext
   167                           
   168 ;; *************** function _main *****************
   169 ;; Defined at:
   170 ;;		line 6 in file "D:\Embedded\pic\code\software\project\project.c"
   171 ;; Parameters:    Size  Location     Type
   172 ;;		None
   173 ;; Auto vars:     Size  Location     Type
   174 ;;		None
   175 ;; Return value:  Size  Location     Type
   176 ;;		None               void
   177 ;; Registers used:
   178 ;;		wreg, status,2
   179 ;; Tracked objects:
   180 ;;		On entry : 17F/0
   181 ;;		On exit  : 0/0
   182 ;;		Unchanged: 0/0
   183 ;; Data sizes:     COMMON   BANK0   BANK1   BANK3   BANK2
   184 ;;      Params:         0       0       0       0       0
   185 ;;      Locals:         0       0       0       0       0
   186 ;;      Temps:          0       0       0       0       0
   187 ;;      Totals:         0       0       0       0       0
   188 ;;Total ram usage:        0 bytes
   189 ;; This function calls:
   190 ;;		Nothing
   191 ;; This function is called by:
   192 ;;		Startup code after reset
   193 ;; This function uses a non-reentrant model
   194 ;;
   195                           psect	maintext
   196                           	file	"D:\Embedded\pic\code\software\project\project.c"
   197                           	line	6
   198                           	global	__size_of_main
   199  001F                     	__size_of_main	equ	__end_of_main-_main
   200                           	
   201  07E1                     _main:	
   202                           	opt	stack 8
   203                           ; Regs used in _main: [wreg+status,2]
   204                           	line	7
   205                           	
   206  07E1                     l1398:	
   207                           ;project.c: 7: PORTB=0X00;
   208  07E1  1283               	bcf	status, 5	;RP0=0, select bank0
   209  07E2  1303               	bcf	status, 6	;RP1=0, select bank0
   210  07E3  0186               	clrf	(6)	;volatile
   211                           	line	8
   212                           	
   213  07E4                     l1400:	
   214                           ;project.c: 8: TRISB=0X1F;
   215  07E4  301F               	movlw	(01Fh)
   216  07E5  1683               	bsf	status, 5	;RP0=1, select bank1
   217  07E6  1303               	bcf	status, 6	;RP1=0, select bank1
   218  07E7  0086               	movwf	(134)^080h	;volatile
   219                           	line	9
   220                           	
   221  07E8                     l1402:	
   222                           ;project.c: 9: PORTC=0X00;
   223  07E8  1283               	bcf	status, 5	;RP0=0, select bank0
   224  07E9  1303               	bcf	status, 6	;RP1=0, select bank0
   225  07EA  0187               	clrf	(7)	;volatile
   226                           	line	10
   227                           	
   228  07EB                     l1404:	
   229                           ;project.c: 10: TRISC=0X00;
   230  07EB  1683               	bsf	status, 5	;RP0=1, select bank1
   231  07EC  1303               	bcf	status, 6	;RP1=0, select bank1
   232  07ED  0187               	clrf	(135)^080h	;volatile
   233                           	line	11
   234                           	
   235  07EE                     l1406:	
   236                           ;project.c: 11: ANSEL=0X00;
   237  07EE  1683               	bsf	status, 5	;RP0=1, select bank3
   238  07EF  1703               	bsf	status, 6	;RP1=1, select bank3
   239  07F0  0188               	clrf	(392)^0180h	;volatile
   240                           	line	12
   241                           	
   242  07F1                     l1408:	
   243                           ;project.c: 12: ANSELH=0X00;
   244  07F1  0189               	clrf	(393)^0180h	;volatile
   245  07F2  2FF3               	goto	l1410
   246                           	line	14
   247                           ;project.c: 14: while(1)
   248                           	
   249  07F3                     l1025:	
   250                           	line	17
   251                           	
   252  07F3                     l1410:	
   253                           ;project.c: 15: {
   254                           ;project.c: 17: if(RB1==1)
   255  07F3  1283               	bcf	status, 5	;RP0=0, select bank0
   256  07F4  1303               	bcf	status, 6	;RP1=0, select bank0
   257  07F5  1C86               	btfss	(49/8),(49)&7
   258  07F6  2FF8               	goto	u11
   259  07F7  2FF9               	goto	u10
   260  07F8                     u11:
   261  07F8  2FF3               	goto	l1410
   262  07F9                     u10:
   263                           	line	19
   264                           	
   265  07F9                     l1412:	
   266                           ;project.c: 18: {
   267                           ;project.c: 19: RC0=1;
   268  07F9  1407               	bsf	(56/8),(56)&7
   269  07FA  2FF3               	goto	l1410
   270                           	line	20
   271                           	
   272  07FB                     l1026:	
   273  07FB  2FF3               	goto	l1410
   274                           	line	21
   275                           	
   276  07FC                     l1027:	
   277                           	line	14
   278  07FC  2FF3               	goto	l1410
   279                           	
   280  07FD                     l1028:	
   281                           	line	22
   282                           	
   283  07FD                     l1029:	
   284                           	global	start
   285  07FD  120A  118A  2800   	ljmp	start
   286                           	opt stack 0
   287                           GLOBAL	__end_of_main
   288  0800                     	__end_of_main:
   289 ;; =============== function _main ends ============
   290                           
   291                           	signat	_main,88
   292                           psect	maintext
   293                           	global	btemp
   294  007E                     	btemp set 07Eh
   295                           
   296                           	DABS	1,126,2	;btemp
   297                           	global	wtemp0
   298  007E                     	wtemp0 set btemp


HI-TECH Software PICC Macro Assembler V9.81 build 7503 
Symbol Table                                                                                   Sun May 22 22:54:44 2022

                  u10 07F9                    u11 07F8                   _RB1 0031                   _RC0 0038  
                l1025 07F3                  l1026 07FB                  l1027 07FC                  l1028 07FD  
                l1029 07FD                  l1400 07E4                  l1410 07F3                  l1402 07E8  
                l1412 07F9                  l1404 07EB                  l1406 07EE                  l1408 07F1  
                l1398 07E1                  _main 07E1                  btemp 007E                  start 0000  
               ?_main 0000                 _ANSEL 0188                 _PORTB 0006                 _PORTC 0007  
               _TRISB 0086                 _TRISC 0087                 status 0003                 wtemp0 007E  
        __end_of_main 0800                ??_main 0000                _ANSELH 0189        __pcstackCOMMON 0000  
          __pmaintext 07E1  end_of_initialization 07DD   start_initialization 07DD         __size_of_main 001F  
