

HI-TECH Software PIC LITE Macro Assembler V9.81 build 7503 
                                                                                               Fri Jun 10 06:57:37 2022

HI-TECH Software Omniscient Code Generator (Lite mode) build 7503
     1  0000                     opt subtitle "HI-TECH Software Omniscient Code Generator (Lite mode) build 7503"
     2                           
     3                           opt pagewidth 120
     4                           
     5                           	opt lm
     6                           
     7                           	processor	16F887
     8                           clrc	macro
     9                           	bcf	3,0
    10  0000                     	endm
    11                           clrz	macro
    12                           	bcf	3,2
    13  0000                     	endm
    14                           setc	macro
    15                           	bsf	3,0
    16  0000                     	endm
    17                           setz	macro
    18                           	bsf	3,2
    19  0000                     	endm
    20                           skipc	macro
    21                           	btfss	3,0
    22  0000                     	endm
    23                           skipz	macro
    24                           	btfss	3,2
    25  0000                     	endm
    26                           skipnc	macro
    27                           	btfsc	3,0
    28  0000                     	endm
    29                           skipnz	macro
    30                           	btfsc	3,2
    31  0000                     	endm
    32  0000                     indf	equ	0
    33  0000                     indf0	equ	0
    34  0002                     pc	equ	2
    35  0002                     pcl	equ	2
    36  0003                     status	equ	3
    37  0004                     fsr	equ	4
    38  0004                     fsr0	equ	4
    39  0001                     c	equ	1
    40  0000                     z	equ	0
    41  000A                     pclath	equ	10
    42                           	FNCALL	_main,_TX
    43                           	FNCALL	_main,_adc
    44                           	FNCALL	_adc,___awdiv
    45                           	FNCALL	_adc,___wmul
    46                           	FNCALL	_adc,___awmod
    47                           	FNCALL	_adc,_TX2
    48                           	FNCALL	_adc,_TX1
    49                           	FNCALL	_TX,_TX1
    50                           	FNROOT	_main
    51                           	global	_a
    52                           	global	_b
    53                           	global	_c
    54                           	global	_d
    55                           	global	_distance
    56                           	global	_e
    57                           	global	_f
    58                           	global	_high
    59                           	global	_low
    60                           	global	_time
    61                           	global	_ADCON0
    62                           psect	text177,local,class=CODE,delta=2
    63                           global __ptext177
    64  0000                     __ptext177:
    65  001F                     _ADCON0	set	31
    66                           	global	_ADRESH
    67  001E                     _ADRESH	set	30
    68                           	global	_PORTA
    69  0005                     _PORTA	set	5
    70                           	global	_PORTC
    71  0007                     _PORTC	set	7
    72                           	global	_RCSTA
    73  0018                     _RCSTA	set	24
    74                           	global	_TXREG
    75  0019                     _TXREG	set	25
    76                           	global	_RA1
    77  0029                     _RA1	set	41
    78                           	global	_TXIF
    79  0064                     _TXIF	set	100
    80                           	global	_ADCON1
    81  009F                     _ADCON1	set	159
    82                           	global	_ADRESL
    83  009E                     _ADRESL	set	158
    84                           	global	_SPBRG
    85  0099                     _SPBRG	set	153
    86                           	global	_TRISA
    87  0085                     _TRISA	set	133
    88                           	global	_TRISC
    89  0087                     _TRISC	set	135
    90                           	global	_TXSTA
    91  0098                     _TXSTA	set	152
    92                           	global	_ANSEL
    93  0188                     _ANSEL	set	392
    94                           	global	_ANSELH
    95  0189                     _ANSELH	set	393
    96                           psect	strings,class=STRING,delta=2
    97                           global __pstrings
    98  0003                     __pstrings:
    99                           ;	global	stringdir,stringtab,__stringbase
   100  0003                     stringtab:
   101                           ;	String table - string pointers are 1 byte each
   102  0003                     stringcode:stringdir:
      + 0003                     stringdir:	
   103  0003  3000               movlw high(stringdir)
   104  0004  008A               movwf pclath
   105  0005  0804               movf fsr,w
   106  0006  0A84               incf fsr
   107  0007  0782               	addwf pc
   108  0008                     __stringbase:
   109  0008  3400               	retlw	0
   110                           psect	strings
   111                           	
   112  0009                     STR_1:	
   113  0009  3444               	retlw	68	;'D'
   114  000A  3469               	retlw	105	;'i'
   115  000B  3473               	retlw	115	;'s'
   116  000C  3474               	retlw	116	;'t'
   117  000D  3461               	retlw	97	;'a'
   118  000E  346E               	retlw	110	;'n'
   119  000F  3463               	retlw	99	;'c'
   120  0010  3465               	retlw	101	;'e'
   121  0011  343A               	retlw	58	;':'
   122  0012  3420               	retlw	32	;' '
   123  0013  3400               	retlw	0
   124                           psect	strings
   125                           	file	"ultrasonic.as"
   126                           	line	#
   127                           psect cinit,class=CODE,delta=2
   128                           global start_initialization
   129  05BE                     start_initialization:
   130                           
   131                           psect	bssCOMMON,class=COMMON,space=1
   132                           global __pbssCOMMON
   133  007C                     __pbssCOMMON:
   134  007C                     _time:
   135  007C                            ds      2
   136                           
   137                           psect	bssBANK0,class=BANK0,space=1
   138                           global __pbssBANK0
   139  0020                     __pbssBANK0:
   140  0020                     _a:
   141  0020                            ds      2
   142                           
   143  0022                     _b:
   144  0022                            ds      2
   145                           
   146  0024                     _c:
   147  0024                            ds      2
   148                           
   149  0026                     _d:
   150  0026                            ds      2
   151                           
   152  0028                     _distance:
   153  0028                            ds      2
   154                           
   155  002A                     _e:
   156  002A                            ds      2
   157                           
   158  002C                     _f:
   159  002C                            ds      2
   160                           
   161  002E                     _high:
   162  002E                            ds      2
   163                           
   164  0030                     _low:
   165  0030                            ds      2
   166                           
   167                           psect clrtext,class=CODE,delta=2
   168                           global clear_ram
   169                           ;	Called with FSR containing the base address, and
   170                           ;	W with the last address+1
   171  059F                     clear_ram:
   172  059F  0064               	clrwdt			;clear the watchdog before getting into this loop
   173  05A0                     clrloop:
   174  05A0  0180               	clrf	indf		;clear RAM location pointed to by FSR
   175  05A1  0A84               	incf	fsr,f		;increment pointer
   176  05A2  0604               	xorwf	fsr,w		;XOR with final address
   177  05A3  1903               	btfsc	status,2	;have we reached the end yet?
   178  05A4  3400               	retlw	0		;all done for this memory range, return
   179  05A5  0604               	xorwf	fsr,w		;XOR again to restore value
   180  05A6  2DA0               	goto	clrloop		;do the next byte
   181                           
   182                           ; Clear objects allocated to COMMON
   183                           psect cinit,class=CODE,delta=2
   184  05BE  01FC               	clrf	((__pbssCOMMON)+0)&07Fh
   185  05BF  01FD               	clrf	((__pbssCOMMON)+1)&07Fh
   186                           ; Clear objects allocated to BANK0
   187                           psect cinit,class=CODE,delta=2
   188  05C0  1383               	bcf	status, 7	;select IRP bank0
   189  05C1  3020               	movlw	low(__pbssBANK0)
   190  05C2  0084               	movwf	fsr
   191  05C3  3032               	movlw	low((__pbssBANK0)+012h)
   192  05C4  120A  118A  259F   	fcall	clear_ram
              120A  118A         
   193                           psect cinit,class=CODE,delta=2
   194                           global end_of_initialization
   195                           
   196                           ;End of C runtime variable initialization code
   197                           
   198  05C9                     end_of_initialization:
   199  05C9  0183               clrf status
   200  05CA  120A  118A  2E09   ljmp _main	;jump to C main() function
   201                           psect	cstackCOMMON,class=COMMON,space=1
   202                           global __pcstackCOMMON
   203  0070                     __pcstackCOMMON:
   204                           	global	?_TX2
   205  0070                     ?_TX2:	; 0 bytes @ 0x0
   206                           	global	?_TX1
   207  0070                     ?_TX1:	; 0 bytes @ 0x0
   208                           	global	??_TX1
   209  0070                     ??_TX1:	; 0 bytes @ 0x0
   210                           	global	?_TX
   211  0070                     ?_TX:	; 0 bytes @ 0x0
   212                           	global	?_adc
   213  0070                     ?_adc:	; 0 bytes @ 0x0
   214                           	global	?_main
   215  0070                     ?_main:	; 0 bytes @ 0x0
   216                           	global	?___wmul
   217  0070                     ?___wmul:	; 2 bytes @ 0x0
   218                           	global	?___awdiv
   219  0070                     ?___awdiv:	; 2 bytes @ 0x0
   220                           	global	?___awmod
   221  0070                     ?___awmod:	; 2 bytes @ 0x0
   222                           	global	TX1@data
   223  0070                     TX1@data:	; 1 bytes @ 0x0
   224                           	global	TX2@val
   225  0070                     TX2@val:	; 2 bytes @ 0x0
   226                           	global	___wmul@multiplier
   227  0070                     ___wmul@multiplier:	; 2 bytes @ 0x0
   228                           	global	___awdiv@divisor
   229  0070                     ___awdiv@divisor:	; 2 bytes @ 0x0
   230                           	global	___awmod@divisor
   231  0070                     ___awmod@divisor:	; 2 bytes @ 0x0
   232  0070                     	ds	1
   233                           	global	??_TX
   234  0071                     ??_TX:	; 0 bytes @ 0x1
   235  0071                     	ds	1
   236                           	global	??_TX2
   237  0072                     ??_TX2:	; 0 bytes @ 0x2
   238                           	global	TX@ptr
   239  0072                     TX@ptr:	; 1 bytes @ 0x2
   240                           	global	___wmul@multiplicand
   241  0072                     ___wmul@multiplicand:	; 2 bytes @ 0x2
   242                           	global	___awdiv@dividend
   243  0072                     ___awdiv@dividend:	; 2 bytes @ 0x2
   244                           	global	___awmod@dividend
   245  0072                     ___awmod@dividend:	; 2 bytes @ 0x2
   246  0072                     	ds	2
   247                           	global	??___wmul
   248  0074                     ??___wmul:	; 0 bytes @ 0x4
   249                           	global	??___awdiv
   250  0074                     ??___awdiv:	; 0 bytes @ 0x4
   251                           	global	??___awmod
   252  0074                     ??___awmod:	; 0 bytes @ 0x4
   253                           	global	___wmul@product
   254  0074                     ___wmul@product:	; 2 bytes @ 0x4
   255  0074                     	ds	1
   256                           	global	___awdiv@counter
   257  0075                     ___awdiv@counter:	; 1 bytes @ 0x5
   258                           	global	___awmod@counter
   259  0075                     ___awmod@counter:	; 1 bytes @ 0x5
   260  0075                     	ds	1
   261                           	global	___awdiv@sign
   262  0076                     ___awdiv@sign:	; 1 bytes @ 0x6
   263                           	global	___awmod@sign
   264  0076                     ___awmod@sign:	; 1 bytes @ 0x6
   265  0076                     	ds	1
   266                           	global	___awdiv@quotient
   267  0077                     ___awdiv@quotient:	; 2 bytes @ 0x7
   268  0077                     	ds	2
   269                           	global	??_adc
   270  0079                     ??_adc:	; 0 bytes @ 0x9
   271  0079                     	ds	2
   272                           	global	adc@limit
   273  007B                     adc@limit:	; 1 bytes @ 0xB
   274  007B                     	ds	1
   275                           	global	??_main
   276  007C                     ??_main:	; 0 bytes @ 0xC
   277 ;;Data sizes: Strings 11, constant 0, data 0, bss 20, persistent 0 stack 0
   278 ;;Auto spaces:   Size  Autos    Used
   279 ;; COMMON          14     12      14
   280 ;; BANK0           80      0      18
   281 ;; BANK1           80      0       0
   282 ;; BANK3           96      0       0
   283 ;; BANK2           96      0       0
   284                           
   285 ;;
   286 ;; Pointer list with targets:
   287                           
   288 ;; ?___awmod	int  size(1) Largest target is 0
   289 ;;
   290 ;; ?___awdiv	int  size(1) Largest target is 0
   291 ;;
   292 ;; ?___wmul	unsigned int  size(1) Largest target is 0
   293 ;;
   294 ;; TX@ptr	PTR unsigned char  size(1) Largest target is 11
   295 ;;		 -> STR_1(CODE[11]), 
   296 ;;
   297                           
   298                           
   299 ;;
   300 ;; Critical Paths under _main in COMMON
   301 ;;
   302 ;;   _main->_adc
   303 ;;   _adc->___awdiv
   304 ;;   _TX->_TX1
   305 ;;
   306 ;; Critical Paths under _main in BANK0
   307 ;;
   308 ;;   None.
   309 ;;
   310 ;; Critical Paths under _main in BANK1
   311 ;;
   312 ;;   None.
   313 ;;
   314 ;; Critical Paths under _main in BANK3
   315 ;;
   316 ;;   None.
   317 ;;
   318 ;; Critical Paths under _main in BANK2
   319 ;;
   320 ;;   None.
   321                           
   322 ;;
   323 ;;Main: autosize = 0, tempsize = 0, incstack = 0, save=0
   324 ;;
   325                           
   326 ;;
   327 ;;Call Graph Tables:
   328 ;;
   329 ;; ---------------------------------------------------------------------------------
   330 ;; (Depth) Function   	        Calls       Base Space   Used Autos Params    Refs
   331 ;; ---------------------------------------------------------------------------------
   332 ;; (0) _main                                                 0     0      0     800
   333 ;;                                 _TX
   334 ;;                                _adc
   335 ;; ---------------------------------------------------------------------------------
   336 ;; (1) _adc                                                  3     3      0     755
   337 ;;                                              9 COMMON     3     3      0
   338 ;;                            ___awdiv
   339 ;;                             ___wmul
   340 ;;                            ___awmod
   341 ;;                                _TX2
   342 ;;                                _TX1
   343 ;; ---------------------------------------------------------------------------------
   344 ;; (1) _TX                                                   2     2      0      45
   345 ;;                                              1 COMMON     2     2      0
   346 ;;                                _TX1
   347 ;; ---------------------------------------------------------------------------------
   348 ;; (2) ___awmod                                              7     3      4     296
   349 ;;                                              0 COMMON     7     3      4
   350 ;; ---------------------------------------------------------------------------------
   351 ;; (2) ___awdiv                                              9     5      4     300
   352 ;;                                              0 COMMON     9     5      4
   353 ;; ---------------------------------------------------------------------------------
   354 ;; (2) ___wmul                                               6     2      4      92
   355 ;;                                              0 COMMON     6     2      4
   356 ;; ---------------------------------------------------------------------------------
   357 ;; (2) _TX1                                                  1     1      0      22
   358 ;;                                              0 COMMON     1     1      0
   359 ;; ---------------------------------------------------------------------------------
   360 ;; (2) _TX2                                                  2     0      2      22
   361 ;;                                              0 COMMON     2     0      2
   362 ;; ---------------------------------------------------------------------------------
   363 ;; Estimated maximum stack depth 2
   364 ;; ---------------------------------------------------------------------------------
   365                           
   366 ;; Call Graph Graphs:
   367                           
   368 ;; _main (ROOT)
   369 ;;   _TX
   370 ;;     _TX1
   371 ;;   _adc
   372 ;;     ___awdiv
   373 ;;     ___wmul
   374 ;;     ___awmod
   375 ;;     _TX2
   376 ;;     _TX1
   377 ;;
   378                           
   379 ;; Address spaces:
   380                           
   381 ;;Name               Size   Autos  Total    Cost      Usage
   382 ;;BITCOMMON            E      0       0       0        0.0%
   383 ;;EEDATA             100      0       0       0        0.0%
   384 ;;NULL                 0      0       0       0        0.0%
   385 ;;CODE                 0      0       0       0        0.0%
   386 ;;COMMON               E      C       E       1      100.0%
   387 ;;BITSFR0              0      0       0       1        0.0%
   388 ;;SFR0                 0      0       0       1        0.0%
   389 ;;BITSFR1              0      0       0       2        0.0%
   390 ;;SFR1                 0      0       0       2        0.0%
   391 ;;STACK                0      0       2       2        0.0%
   392 ;;ABS                  0      0      20       3        0.0%
   393 ;;BITBANK0            50      0       0       4        0.0%
   394 ;;BITSFR3              0      0       0       4        0.0%
   395 ;;SFR3                 0      0       0       4        0.0%
   396 ;;BANK0               50      0      12       5       22.5%
   397 ;;BITSFR2              0      0       0       5        0.0%
   398 ;;SFR2                 0      0       0       5        0.0%
   399 ;;BITBANK1            50      0       0       6        0.0%
   400 ;;BANK1               50      0       0       7        0.0%
   401 ;;BITBANK3            60      0       0       8        0.0%
   402 ;;BANK3               60      0       0       9        0.0%
   403 ;;BITBANK2            60      0       0      10        0.0%
   404 ;;BANK2               60      0       0      11        0.0%
   405 ;;DATA                 0      0      22      12        0.0%
   406                           
   407                           	global	_main
   408                           psect	maintext,global,class=CODE,delta=2
   409                           global __pmaintext
   410  0609                     __pmaintext:
   411                           
   412 ;; *************** function _main *****************
   413 ;; Defined at:
   414 ;;		line 43 in file "D:\Embedded\pic\code\software\ultrasonic\ultrasonic.c"
   415 ;; Parameters:    Size  Location     Type
   416 ;;		None
   417 ;; Auto vars:     Size  Location     Type
   418 ;;		None
   419 ;; Return value:  Size  Location     Type
   420 ;;		None               void
   421 ;; Registers used:
   422 ;;		wreg, fsr0l, fsr0h, status,2, status,0, btemp+1, pclath, cstack
   423 ;; Tracked objects:
   424 ;;		On entry : 17F/0
   425 ;;		On exit  : 0/0
   426 ;;		Unchanged: 0/0
   427 ;; Data sizes:     COMMON   BANK0   BANK1   BANK3   BANK2
   428 ;;      Params:         0       0       0       0       0
   429 ;;      Locals:         0       0       0       0       0
   430 ;;      Temps:          0       0       0       0       0
   431 ;;      Totals:         0       0       0       0       0
   432 ;;Total ram usage:        0 bytes
   433 ;; Hardware stack levels required when called:    2
   434 ;; This function calls:
   435 ;;		_TX
   436 ;;		_adc
   437 ;; This function is called by:
   438 ;;		Startup code after reset
   439 ;; This function uses a non-reentrant model
   440 ;;
   441                           psect	maintext
   442                           	file	"D:\Embedded\pic\code\software\ultrasonic\ultrasonic.c"
   443                           	line	43
   444                           	global	__size_of_main
   445  0031                     	__size_of_main	equ	__end_of_main-_main
   446                           	
   447  0609                     _main:	
   448                           	opt	stack 6
   449                           ; Regs used in _main: [wreg-fsr0h+status,2+status,0+btemp+1+pclath+cstack]
   450                           	line	44
   451                           	
   452  0609                     l2486:	
   453                           ;ultrasonic.c: 44: PORTA=0X00;
   454  0609  1283               	bcf	status, 5	;RP0=0, select bank0
   455  060A  1303               	bcf	status, 6	;RP1=0, select bank0
   456  060B  0185               	clrf	(5)	;volatile
   457                           	line	45
   458                           	
   459  060C                     l2488:	
   460                           ;ultrasonic.c: 45: TRISA=0X01;
   461  060C  3001               	movlw	(01h)
   462  060D  1683               	bsf	status, 5	;RP0=1, select bank1
   463  060E  1303               	bcf	status, 6	;RP1=0, select bank1
   464  060F  0085               	movwf	(133)^080h	;volatile
   465                           	line	46
   466                           	
   467  0610                     l2490:	
   468                           ;ultrasonic.c: 46: PORTC=0X00;
   469  0610  1283               	bcf	status, 5	;RP0=0, select bank0
   470  0611  1303               	bcf	status, 6	;RP1=0, select bank0
   471  0612  0187               	clrf	(7)	;volatile
   472                           	line	47
   473                           	
   474  0613                     l2492:	
   475                           ;ultrasonic.c: 47: TRISC=0X00;
   476  0613  1683               	bsf	status, 5	;RP0=1, select bank1
   477  0614  1303               	bcf	status, 6	;RP1=0, select bank1
   478  0615  0187               	clrf	(135)^080h	;volatile
   479                           	line	48
   480                           	
   481  0616                     l2494:	
   482                           ;ultrasonic.c: 48: ANSEL=0X01;
   483  0616  3001               	movlw	(01h)
   484  0617  1683               	bsf	status, 5	;RP0=1, select bank3
   485  0618  1703               	bsf	status, 6	;RP1=1, select bank3
   486  0619  0088               	movwf	(392)^0180h	;volatile
   487                           	line	49
   488                           ;ultrasonic.c: 49: ANSELH=0X00;
   489  061A  0189               	clrf	(393)^0180h	;volatile
   490                           	line	50
   491                           	
   492  061B                     l2496:	
   493                           ;ultrasonic.c: 50: TXSTA=0X26;
   494  061B  3026               	movlw	(026h)
   495  061C  1683               	bsf	status, 5	;RP0=1, select bank1
   496  061D  1303               	bcf	status, 6	;RP1=0, select bank1
   497  061E  0098               	movwf	(152)^080h	;volatile
   498                           	line	51
   499                           	
   500  061F                     l2498:	
   501                           ;ultrasonic.c: 51: RCSTA=0X90;
   502  061F  3090               	movlw	(090h)
   503  0620  1283               	bcf	status, 5	;RP0=0, select bank0
   504  0621  1303               	bcf	status, 6	;RP1=0, select bank0
   505  0622  0098               	movwf	(24)	;volatile
   506                           	line	52
   507                           	
   508  0623                     l2500:	
   509                           ;ultrasonic.c: 52: SPBRG=25;
   510  0623  3019               	movlw	(019h)
   511  0624  1683               	bsf	status, 5	;RP0=1, select bank1
   512  0625  1303               	bcf	status, 6	;RP1=0, select bank1
   513  0626  0099               	movwf	(153)^080h	;volatile
   514  0627  2E28               	goto	l2502
   515                           	line	53
   516                           ;ultrasonic.c: 53: while(1)
   517                           	
   518  0628                     l1063:	
   519                           	line	55
   520                           	
   521  0628                     l2502:	
   522                           ;ultrasonic.c: 54: {
   523                           ;ultrasonic.c: 55: TX("Distance: ");
   524  0628  3001               	movlw	((STR_1-__stringbase))&0ffh
   525  0629  120A  118A  25CD   	fcall	_TX
              120A  118A         
   526                           	line	56
   527                           	
   528  062E                     l2504:	
   529                           ;ultrasonic.c: 56: adc();
   530  062E  120A  118A  2714   	fcall	_adc
              120A  118A         
   531  0633  2E34               	goto	l1065
   532                           	line	57
   533                           ;ultrasonic.c: 57: while(1);
   534                           	
   535  0634                     l1064:	
   536                           	
   537  0634                     l1065:	
   538  0634  2E34               	goto	l1065
   539                           	
   540  0635                     l1066:	
   541  0635  2E28               	goto	l2502
   542                           	line	58
   543                           	
   544  0636                     l1067:	
   545                           	line	53
   546  0636  2E28               	goto	l2502
   547                           	
   548  0637                     l1068:	
   549                           	line	60
   550                           	
   551  0637                     l1069:	
   552                           	global	start
   553  0637  120A  118A  2800   	ljmp	start
   554                           	opt stack 0
   555                           GLOBAL	__end_of_main
   556  063A                     	__end_of_main:
   557 ;; =============== function _main ends ============
   558                           
   559                           	signat	_main,88
   560                           	global	_adc
   561                           psect	text178,local,class=CODE,delta=2
   562                           global __ptext178
   563  0714                     __ptext178:
   564                           
   565 ;; *************** function _adc *****************
   566 ;; Defined at:
   567 ;;		line 23 in file "D:\Embedded\pic\code\software\ultrasonic\ultrasonic.c"
   568 ;; Parameters:    Size  Location     Type
   569 ;;		None
   570 ;; Auto vars:     Size  Location     Type
   571 ;;  limit           1   11[COMMON] unsigned char 
   572 ;; Return value:  Size  Location     Type
   573 ;;		None               void
   574 ;; Registers used:
   575 ;;		wreg, status,2, status,0, btemp+1, pclath, cstack
   576 ;; Tracked objects:
   577 ;;		On entry : 0/0
   578 ;;		On exit  : 0/0
   579 ;;		Unchanged: 0/0
   580 ;; Data sizes:     COMMON   BANK0   BANK1   BANK3   BANK2
   581 ;;      Params:         0       0       0       0       0
   582 ;;      Locals:         1       0       0       0       0
   583 ;;      Temps:          2       0       0       0       0
   584 ;;      Totals:         3       0       0       0       0
   585 ;;Total ram usage:        3 bytes
   586 ;; Hardware stack levels used:    1
   587 ;; Hardware stack levels required when called:    1
   588 ;; This function calls:
   589 ;;		___awdiv
   590 ;;		___wmul
   591 ;;		___awmod
   592 ;;		_TX2
   593 ;;		_TX1
   594 ;; This function is called by:
   595 ;;		_main
   596 ;; This function uses a non-reentrant model
   597 ;;
   598                           psect	text178
   599                           	file	"D:\Embedded\pic\code\software\ultrasonic\ultrasonic.c"
   600                           	line	23
   601                           	global	__size_of_adc
   602  00EC                     	__size_of_adc	equ	__end_of_adc-_adc
   603                           	
   604  0714                     _adc:	
   605                           	opt	stack 6
   606                           ; Regs used in _adc: [wreg+status,2+status,0+btemp+1+pclath+cstack]
   607                           	line	24
   608                           	
   609  0714                     l2460:	
   610                           ;ultrasonic.c: 24: RA1=1;
   611  0714  1283               	bcf	status, 5	;RP0=0, select bank0
   612  0715  1303               	bcf	status, 6	;RP1=0, select bank0
   613  0716  1485               	bsf	(41/8),(41)&7
   614                           	line	25
   615                           	
   616  0717                     l2462:	
   617                           ;ultrasonic.c: 25: char limit=13;
   618  0717  300D               	movlw	(0Dh)
   619  0718  00F9               	movwf	(??_adc+0)+0
   620  0719  0879               	movf	(??_adc+0)+0,w
   621  071A  00FB               	movwf	(adc@limit)
   622                           	line	26
   623                           ;ultrasonic.c: 26: ADCON0=0X83;
   624  071B  3083               	movlw	(083h)
   625  071C  009F               	movwf	(31)	;volatile
   626                           	line	27
   627                           ;ultrasonic.c: 27: ADCON1=0X80;
   628  071D  3080               	movlw	(080h)
   629  071E  1683               	bsf	status, 5	;RP0=1, select bank1
   630  071F  1303               	bcf	status, 6	;RP1=0, select bank1
   631  0720  009F               	movwf	(159)^080h	;volatile
   632                           	line	28
   633                           ;ultrasonic.c: 28: high=ADRESH;
   634  0721  1283               	bcf	status, 5	;RP0=0, select bank0
   635  0722  1303               	bcf	status, 6	;RP1=0, select bank0
   636  0723  081E               	movf	(30),w	;volatile
   637  0724  00F9               	movwf	(??_adc+0)+0
   638  0725  01FA               	clrf	(??_adc+0)+0+1
   639  0726  0879               	movf	0+(??_adc+0)+0,w
   640  0727  00AE               	movwf	(_high)
   641  0728  087A               	movf	1+(??_adc+0)+0,w
   642  0729  00AF               	movwf	(_high+1)
   643                           	line	29
   644                           ;ultrasonic.c: 29: low=ADRESL;
   645  072A  1683               	bsf	status, 5	;RP0=1, select bank1
   646  072B  1303               	bcf	status, 6	;RP1=0, select bank1
   647  072C  081E               	movf	(158)^080h,w	;volatile
   648  072D  00F9               	movwf	(??_adc+0)+0
   649  072E  01FA               	clrf	(??_adc+0)+0+1
   650  072F  0879               	movf	0+(??_adc+0)+0,w
   651  0730  1283               	bcf	status, 5	;RP0=0, select bank0
   652  0731  1303               	bcf	status, 6	;RP1=0, select bank0
   653  0732  00B0               	movwf	(_low)
   654  0733  087A               	movf	1+(??_adc+0)+0,w
   655  0734  00B1               	movwf	(_low+1)
   656                           	line	30
   657                           	
   658  0735                     l2464:	
   659                           ;ultrasonic.c: 30: time=low+(high*256);
   660  0735  082F               	movf	(_high+1),w
   661  0736  00FA               	movwf	(??_adc+0)+0+1
   662  0737  082E               	movf	(_high),w
   663  0738  00F9               	movwf	(??_adc+0)+0
   664  0739  0879               	movf	(??_adc+0)+0,w
   665  073A  00FA               	movwf	(??_adc+0)+1
   666  073B  01F9               	clrf	(??_adc+0)+0
   667  073C  0830               	movf	(_low),w
   668  073D  0779               	addwf	0+(??_adc+0)+0,w
   669  073E  00FC               	movwf	(_time)
   670  073F  0831               	movf	(_low+1),w
   671  0740  1803               	skipnc
   672  0741  0A31               	incf	(_low+1),w
   673  0742  077A               	addwf	1+(??_adc+0)+0,w
   674  0743  00FD               	movwf	1+(_time)
   675                           	line	31
   676                           	
   677  0744                     l2466:	
   678                           ;ultrasonic.c: 31: distance=(time/2)*343;
   679  0744  3002               	movlw	low(02h)
   680  0745  00F0               	movwf	(?___awdiv)
   681  0746  3000               	movlw	high(02h)
   682  0747  00F1               	movwf	((?___awdiv))+1
   683  0748  087D               	movf	(_time+1),w
   684  0749  01F3               	clrf	1+(?___awdiv)+02h
   685  074A  07F3               	addwf	1+(?___awdiv)+02h
   686  074B  087C               	movf	(_time),w
   687  074C  01F2               	clrf	0+(?___awdiv)+02h
   688  074D  07F2               	addwf	0+(?___awdiv)+02h
   689                           
   690  074E  120A  118A  26A0   	fcall	___awdiv
              120A  118A         
   691  0753  0871               	movf	(1+(?___awdiv)),w
   692  0754  1283               	bcf	status, 5	;RP0=0, select bank0
   693  0755  1303               	bcf	status, 6	;RP1=0, select bank0
   694  0756  01A9               	clrf	(_distance+1)
   695  0757  07A9               	addwf	(_distance+1)
   696  0758  0870               	movf	(0+(?___awdiv)),w
   697  0759  01A8               	clrf	(_distance)
   698  075A  07A8               	addwf	(_distance)
   699                           
   700                           	
   701  075B                     l2468:	
   702  075B  3057               	movlw	low(0157h)
   703  075C  00F0               	movwf	(?___wmul)
   704  075D  3001               	movlw	high(0157h)
   705  075E  00F1               	movwf	((?___wmul))+1
   706  075F  0829               	movf	(_distance+1),w
   707  0760  01F3               	clrf	1+(?___wmul)+02h
   708  0761  07F3               	addwf	1+(?___wmul)+02h
   709  0762  0828               	movf	(_distance),w
   710  0763  01F2               	clrf	0+(?___wmul)+02h
   711  0764  07F2               	addwf	0+(?___wmul)+02h
   712                           
   713  0765  120A  118A  25DF   	fcall	___wmul
              120A  118A         
   714  076A  0871               	movf	(1+(?___wmul)),w
   715  076B  1283               	bcf	status, 5	;RP0=0, select bank0
   716  076C  1303               	bcf	status, 6	;RP1=0, select bank0
   717  076D  01A9               	clrf	(_distance+1)
   718  076E  07A9               	addwf	(_distance+1)
   719  076F  0870               	movf	(0+(?___wmul)),w
   720  0770  01A8               	clrf	(_distance)
   721  0771  07A8               	addwf	(_distance)
   722                           
   723                           	line	32
   724                           	
   725  0772                     l2470:	
   726                           ;ultrasonic.c: 32: a=time/100;
   727  0772  3064               	movlw	low(064h)
   728  0773  00F0               	movwf	(?___awdiv)
   729  0774  3000               	movlw	high(064h)
   730  0775  00F1               	movwf	((?___awdiv))+1
   731  0776  087D               	movf	(_time+1),w
   732  0777  01F3               	clrf	1+(?___awdiv)+02h
   733  0778  07F3               	addwf	1+(?___awdiv)+02h
   734  0779  087C               	movf	(_time),w
   735  077A  01F2               	clrf	0+(?___awdiv)+02h
   736  077B  07F2               	addwf	0+(?___awdiv)+02h
   737                           
   738  077C  120A  118A  26A0   	fcall	___awdiv
              120A  118A         
   739  0781  0871               	movf	(1+(?___awdiv)),w
   740  0782  1283               	bcf	status, 5	;RP0=0, select bank0
   741  0783  1303               	bcf	status, 6	;RP1=0, select bank0
   742  0784  01A1               	clrf	(_a+1)
   743  0785  07A1               	addwf	(_a+1)
   744  0786  0870               	movf	(0+(?___awdiv)),w
   745  0787  01A0               	clrf	(_a)
   746  0788  07A0               	addwf	(_a)
   747                           
   748                           	line	33
   749                           	
   750  0789                     l2472:	
   751                           ;ultrasonic.c: 33: b=time%100;
   752  0789  3064               	movlw	low(064h)
   753  078A  00F0               	movwf	(?___awmod)
   754  078B  3000               	movlw	high(064h)
   755  078C  00F1               	movwf	((?___awmod))+1
   756  078D  087D               	movf	(_time+1),w
   757  078E  01F3               	clrf	1+(?___awmod)+02h
   758  078F  07F3               	addwf	1+(?___awmod)+02h
   759  0790  087C               	movf	(_time),w
   760  0791  01F2               	clrf	0+(?___awmod)+02h
   761  0792  07F2               	addwf	0+(?___awmod)+02h
   762                           
   763  0793  120A  118A  263A   	fcall	___awmod
              120A  118A         
   764  0798  0871               	movf	(1+(?___awmod)),w
   765  0799  1283               	bcf	status, 5	;RP0=0, select bank0
   766  079A  1303               	bcf	status, 6	;RP1=0, select bank0
   767  079B  01A3               	clrf	(_b+1)
   768  079C  07A3               	addwf	(_b+1)
   769  079D  0870               	movf	(0+(?___awmod)),w
   770  079E  01A2               	clrf	(_b)
   771  079F  07A2               	addwf	(_b)
   772                           
   773                           	line	34
   774                           	
   775  07A0                     l2474:	
   776                           ;ultrasonic.c: 34: c=b/10;
   777  07A0  300A               	movlw	low(0Ah)
   778  07A1  00F0               	movwf	(?___awdiv)
   779  07A2  3000               	movlw	high(0Ah)
   780  07A3  00F1               	movwf	((?___awdiv))+1
   781  07A4  0823               	movf	(_b+1),w
   782  07A5  01F3               	clrf	1+(?___awdiv)+02h
   783  07A6  07F3               	addwf	1+(?___awdiv)+02h
   784  07A7  0822               	movf	(_b),w
   785  07A8  01F2               	clrf	0+(?___awdiv)+02h
   786  07A9  07F2               	addwf	0+(?___awdiv)+02h
   787                           
   788  07AA  120A  118A  26A0   	fcall	___awdiv
              120A  118A         
   789  07AF  0871               	movf	(1+(?___awdiv)),w
   790  07B0  1283               	bcf	status, 5	;RP0=0, select bank0
   791  07B1  1303               	bcf	status, 6	;RP1=0, select bank0
   792  07B2  01A5               	clrf	(_c+1)
   793  07B3  07A5               	addwf	(_c+1)
   794  07B4  0870               	movf	(0+(?___awdiv)),w
   795  07B5  01A4               	clrf	(_c)
   796  07B6  07A4               	addwf	(_c)
   797                           
   798                           	line	35
   799                           	
   800  07B7                     l2476:	
   801                           ;ultrasonic.c: 35: d=b%10;
   802  07B7  300A               	movlw	low(0Ah)
   803  07B8  00F0               	movwf	(?___awmod)
   804  07B9  3000               	movlw	high(0Ah)
   805  07BA  00F1               	movwf	((?___awmod))+1
   806  07BB  0823               	movf	(_b+1),w
   807  07BC  01F3               	clrf	1+(?___awmod)+02h
   808  07BD  07F3               	addwf	1+(?___awmod)+02h
   809  07BE  0822               	movf	(_b),w
   810  07BF  01F2               	clrf	0+(?___awmod)+02h
   811  07C0  07F2               	addwf	0+(?___awmod)+02h
   812                           
   813  07C1  120A  118A  263A   	fcall	___awmod
              120A  118A         
   814  07C6  0871               	movf	(1+(?___awmod)),w
   815  07C7  1283               	bcf	status, 5	;RP0=0, select bank0
   816  07C8  1303               	bcf	status, 6	;RP1=0, select bank0
   817  07C9  01A7               	clrf	(_d+1)
   818  07CA  07A7               	addwf	(_d+1)
   819  07CB  0870               	movf	(0+(?___awmod)),w
   820  07CC  01A6               	clrf	(_d)
   821  07CD  07A6               	addwf	(_d)
   822                           
   823                           	line	36
   824                           	
   825  07CE                     l2478:	
   826                           ;ultrasonic.c: 36: TX2(a+0X30);
   827  07CE  0820               	movf	(_a),w
   828  07CF  3E30               	addlw	low(030h)
   829  07D0  00F0               	movwf	(?_TX2)
   830  07D1  0821               	movf	(_a+1),w
   831  07D2  1803               	skipnc
   832  07D3  3E01               	addlw	1
   833  07D4  3E00               	addlw	high(030h)
   834  07D5  00F1               	movwf	1+(?_TX2)
   835  07D6  120A  118A  25A7   	fcall	_TX2
              120A  118A         
   836                           	line	37
   837                           	
   838  07DB                     l2480:	
   839                           ;ultrasonic.c: 37: TX2(c+0X30);
   840  07DB  1283               	bcf	status, 5	;RP0=0, select bank0
   841  07DC  1303               	bcf	status, 6	;RP1=0, select bank0
   842  07DD  0824               	movf	(_c),w
   843  07DE  3E30               	addlw	low(030h)
   844  07DF  00F0               	movwf	(?_TX2)
   845  07E0  0825               	movf	(_c+1),w
   846  07E1  1803               	skipnc
   847  07E2  3E01               	addlw	1
   848  07E3  3E00               	addlw	high(030h)
   849  07E4  00F1               	movwf	1+(?_TX2)
   850  07E5  120A  118A  25A7   	fcall	_TX2
              120A  118A         
   851                           	line	38
   852                           	
   853  07EA                     l2482:	
   854                           ;ultrasonic.c: 38: TX2(d+0X30);
   855  07EA  1283               	bcf	status, 5	;RP0=0, select bank0
   856  07EB  1303               	bcf	status, 6	;RP1=0, select bank0
   857  07EC  0826               	movf	(_d),w
   858  07ED  3E30               	addlw	low(030h)
   859  07EE  00F0               	movwf	(?_TX2)
   860  07EF  0827               	movf	(_d+1),w
   861  07F0  1803               	skipnc
   862  07F1  3E01               	addlw	1
   863  07F2  3E00               	addlw	high(030h)
   864  07F3  00F1               	movwf	1+(?_TX2)
   865  07F4  120A  118A  25A7   	fcall	_TX2
              120A  118A         
   866                           	line	39
   867                           	
   868  07F9                     l2484:	
   869                           ;ultrasonic.c: 39: TX1(limit);
   870  07F9  087B               	movf	(adc@limit),w
   871  07FA  120A  118A  25B2   	fcall	_TX1
              120A  118A         
   872                           	line	41
   873                           	
   874  07FF                     l1060:	
   875  07FF  0008               	return
   876                           	opt stack 0
   877                           GLOBAL	__end_of_adc
   878  0800                     	__end_of_adc:
   879 ;; =============== function _adc ends ============
   880                           
   881                           	signat	_adc,88
   882                           	global	_TX
   883                           psect	text179,local,class=CODE,delta=2
   884                           global __ptext179
   885  05CD                     __ptext179:
   886                           
   887 ;; *************** function _TX *****************
   888 ;; Defined at:
   889 ;;		line 19 in file "D:\Embedded\pic\code\software\ultrasonic\ultrasonic.c"
   890 ;; Parameters:    Size  Location     Type
   891 ;;  ptr             1    wreg     PTR unsigned char 
   892 ;;		 -> STR_1(11), 
   893 ;; Auto vars:     Size  Location     Type
   894 ;;  ptr             1    2[COMMON] PTR unsigned char 
   895 ;;		 -> STR_1(11), 
   896 ;; Return value:  Size  Location     Type
   897 ;;		None               void
   898 ;; Registers used:
   899 ;;		wreg, fsr0l, fsr0h, status,2, status,0, pclath, cstack
   900 ;; Tracked objects:
   901 ;;		On entry : 0/0
   902 ;;		On exit  : 0/0
   903 ;;		Unchanged: 0/0
   904 ;; Data sizes:     COMMON   BANK0   BANK1   BANK3   BANK2
   905 ;;      Params:         0       0       0       0       0
   906 ;;      Locals:         1       0       0       0       0
   907 ;;      Temps:          1       0       0       0       0
   908 ;;      Totals:         2       0       0       0       0
   909 ;;Total ram usage:        2 bytes
   910 ;; Hardware stack levels used:    1
   911 ;; Hardware stack levels required when called:    1
   912 ;; This function calls:
   913 ;;		_TX1
   914 ;; This function is called by:
   915 ;;		_main
   916 ;; This function uses a non-reentrant model
   917 ;;
   918                           psect	text179
   919                           	file	"D:\Embedded\pic\code\software\ultrasonic\ultrasonic.c"
   920                           	line	19
   921                           	global	__size_of_TX
   922  0012                     	__size_of_TX	equ	__end_of_TX-_TX
   923                           	
   924  05CD                     _TX:	
   925                           	opt	stack 6
   926                           ; Regs used in _TX: [wreg-fsr0h+status,2+status,0+pclath+cstack]
   927                           ;TX@ptr stored from wreg
   928  05CD  00F2               	movwf	(TX@ptr)
   929                           	line	20
   930                           	
   931  05CE                     l2456:	
   932                           ;ultrasonic.c: 20: TX1(*ptr++);
   933  05CE  0872               	movf	(TX@ptr),w
   934  05CF  0084               	movwf	fsr0
   935  05D0  120A  118A  2003   	fcall	stringdir
              120A  118A         
   936  05D5  120A  118A  25B2   	fcall	_TX1
              120A  118A         
   937                           	
   938  05DA                     l2458:	
   939  05DA  3001               	movlw	(01h)
   940  05DB  00F1               	movwf	(??_TX+0)+0
   941  05DC  0871               	movf	(??_TX+0)+0,w
   942  05DD  07F2               	addwf	(TX@ptr),f
   943                           	line	21
   944                           	
   945  05DE                     l1057:	
   946  05DE  0008               	return
   947                           	opt stack 0
   948                           GLOBAL	__end_of_TX
   949  05DF                     	__end_of_TX:
   950 ;; =============== function _TX ends ============
   951                           
   952                           	signat	_TX,4216
   953                           	global	___awmod
   954                           psect	text180,local,class=CODE,delta=2
   955                           global __ptext180
   956  063A                     __ptext180:
   957                           
   958 ;; *************** function ___awmod *****************
   959 ;; Defined at:
   960 ;;		line 5 in file "C:\Program Files\HI-TECH Software\PICC\9.81\sources\awmod.c"
   961 ;; Parameters:    Size  Location     Type
   962 ;;  divisor         2    0[COMMON] int 
   963 ;;  dividend        2    2[COMMON] int 
   964 ;; Auto vars:     Size  Location     Type
   965 ;;  sign            1    6[COMMON] unsigned char 
   966 ;;  counter         1    5[COMMON] unsigned char 
   967 ;; Return value:  Size  Location     Type
   968 ;;                  2    0[COMMON] int 
   969 ;; Registers used:
   970 ;;		wreg, status,2, status,0
   971 ;; Tracked objects:
   972 ;;		On entry : 0/0
   973 ;;		On exit  : 0/0
   974 ;;		Unchanged: 0/0
   975 ;; Data sizes:     COMMON   BANK0   BANK1   BANK3   BANK2
   976 ;;      Params:         4       0       0       0       0
   977 ;;      Locals:         2       0       0       0       0
   978 ;;      Temps:          1       0       0       0       0
   979 ;;      Totals:         7       0       0       0       0
   980 ;;Total ram usage:        7 bytes
   981 ;; Hardware stack levels used:    1
   982 ;; This function calls:
   983 ;;		Nothing
   984 ;; This function is called by:
   985 ;;		_adc
   986 ;; This function uses a non-reentrant model
   987 ;;
   988                           psect	text180
   989                           	file	"C:\Program Files\HI-TECH Software\PICC\9.81\sources\awmod.c"
   990                           	line	5
   991                           	global	__size_of___awmod
   992  0066                     	__size_of___awmod	equ	__end_of___awmod-___awmod
   993                           	
   994  063A                     ___awmod:	
   995                           	opt	stack 6
   996                           ; Regs used in ___awmod: [wreg+status,2+status,0]
   997                           	line	8
   998                           	
   999  063A                     l2422:	
  1000  063A  01F6               	clrf	(___awmod@sign)
  1001                           	line	9
  1002  063B  1FF3               	btfss	(___awmod@dividend+1),7
  1003  063C  2E3E               	goto	u2321
  1004  063D  2E3F               	goto	u2320
  1005  063E                     u2321:
  1006  063E  2E48               	goto	l2426
  1007  063F                     u2320:
  1008                           	line	10
  1009                           	
  1010  063F                     l2424:	
  1011  063F  09F2               	comf	(___awmod@dividend),f
  1012  0640  09F3               	comf	(___awmod@dividend+1),f
  1013  0641  0AF2               	incf	(___awmod@dividend),f
  1014  0642  1903               	skipnz
  1015  0643  0AF3               	incf	(___awmod@dividend+1),f
  1016                           	line	11
  1017  0644  01F6               	clrf	(___awmod@sign)
  1018  0645  1403               	bsf	status,0
  1019  0646  0DF6               	rlf	(___awmod@sign),f
  1020  0647  2E48               	goto	l2426
  1021                           	line	12
  1022                           	
  1023  0648                     l1286:	
  1024                           	line	13
  1025                           	
  1026  0648                     l2426:	
  1027  0648  1FF1               	btfss	(___awmod@divisor+1),7
  1028  0649  2E4B               	goto	u2331
  1029  064A  2E4C               	goto	u2330
  1030  064B                     u2331:
  1031  064B  2E52               	goto	l2430
  1032  064C                     u2330:
  1033                           	line	14
  1034                           	
  1035  064C                     l2428:	
  1036  064C  09F0               	comf	(___awmod@divisor),f
  1037  064D  09F1               	comf	(___awmod@divisor+1),f
  1038  064E  0AF0               	incf	(___awmod@divisor),f
  1039  064F  1903               	skipnz
  1040  0650  0AF1               	incf	(___awmod@divisor+1),f
  1041  0651  2E52               	goto	l2430
  1042                           	
  1043  0652                     l1287:	
  1044                           	line	15
  1045                           	
  1046  0652                     l2430:	
  1047  0652  0871               	movf	(___awmod@divisor+1),w
  1048  0653  0470               	iorwf	(___awmod@divisor),w
  1049  0654  1903               	skipnz
  1050  0655  2E57               	goto	u2341
  1051  0656  2E58               	goto	u2340
  1052  0657                     u2341:
  1053  0657  2E8E               	goto	l2448
  1054  0658                     u2340:
  1055                           	line	16
  1056                           	
  1057  0658                     l2432:	
  1058  0658  01F5               	clrf	(___awmod@counter)
  1059  0659  1403               	bsf	status,0
  1060  065A  0DF5               	rlf	(___awmod@counter),f
  1061                           	line	17
  1062  065B  2E68               	goto	l2438
  1063                           	
  1064  065C                     l1290:	
  1065                           	line	18
  1066                           	
  1067  065C                     l2434:	
  1068  065C  3001               	movlw	01h
  1069                           	
  1070  065D                     u2355:
  1071  065D  1003               	clrc
  1072  065E  0DF0               	rlf	(___awmod@divisor),f
  1073  065F  0DF1               	rlf	(___awmod@divisor+1),f
  1074  0660  3EFF               	addlw	-1
  1075  0661  1D03               	skipz
  1076  0662  2E5D               	goto	u2355
  1077                           	line	19
  1078                           	
  1079  0663                     l2436:	
  1080  0663  3001               	movlw	(01h)
  1081  0664  00F4               	movwf	(??___awmod+0)+0
  1082  0665  0874               	movf	(??___awmod+0)+0,w
  1083  0666  07F5               	addwf	(___awmod@counter),f
  1084  0667  2E68               	goto	l2438
  1085                           	line	20
  1086                           	
  1087  0668                     l1289:	
  1088                           	line	17
  1089                           	
  1090  0668                     l2438:	
  1091  0668  1FF1               	btfss	(___awmod@divisor+1),(15)&7
  1092  0669  2E6B               	goto	u2361
  1093  066A  2E6C               	goto	u2360
  1094  066B                     u2361:
  1095  066B  2E5C               	goto	l2434
  1096  066C                     u2360:
  1097  066C  2E6E               	goto	l2440
  1098                           	
  1099  066D                     l1291:	
  1100  066D  2E6E               	goto	l2440
  1101                           	line	21
  1102                           	
  1103  066E                     l1292:	
  1104                           	line	22
  1105                           	
  1106  066E                     l2440:	
  1107  066E  0871               	movf	(___awmod@divisor+1),w
  1108  066F  0273               	subwf	(___awmod@dividend+1),w
  1109  0670  1D03               	skipz
  1110  0671  2E74               	goto	u2375
  1111  0672  0870               	movf	(___awmod@divisor),w
  1112  0673  0272               	subwf	(___awmod@dividend),w
  1113  0674                     u2375:
  1114  0674  1C03               	skipc
  1115  0675  2E77               	goto	u2371
  1116  0676  2E78               	goto	u2370
  1117  0677                     u2371:
  1118  0677  2E7F               	goto	l2444
  1119  0678                     u2370:
  1120                           	line	23
  1121                           	
  1122  0678                     l2442:	
  1123  0678  0870               	movf	(___awmod@divisor),w
  1124  0679  02F2               	subwf	(___awmod@dividend),f
  1125  067A  0871               	movf	(___awmod@divisor+1),w
  1126  067B  1C03               	skipc
  1127  067C  03F3               	decf	(___awmod@dividend+1),f
  1128  067D  02F3               	subwf	(___awmod@dividend+1),f
  1129  067E  2E7F               	goto	l2444
  1130                           	
  1131  067F                     l1293:	
  1132                           	line	24
  1133                           	
  1134  067F                     l2444:	
  1135  067F  3001               	movlw	01h
  1136                           	
  1137  0680                     u2385:
  1138  0680  1003               	clrc
  1139  0681  0CF1               	rrf	(___awmod@divisor+1),f
  1140  0682  0CF0               	rrf	(___awmod@divisor),f
  1141  0683  3EFF               	addlw	-1
  1142  0684  1D03               	skipz
  1143  0685  2E80               	goto	u2385
  1144                           	line	25
  1145                           	
  1146  0686                     l2446:	
  1147  0686  3001               	movlw	low(01h)
  1148  0687  02F5               	subwf	(___awmod@counter),f
  1149  0688  1D03               	btfss	status,2
  1150  0689  2E8B               	goto	u2391
  1151  068A  2E8C               	goto	u2390
  1152  068B                     u2391:
  1153  068B  2E6E               	goto	l2440
  1154  068C                     u2390:
  1155  068C  2E8E               	goto	l2448
  1156                           	
  1157  068D                     l1294:	
  1158  068D  2E8E               	goto	l2448
  1159                           	line	26
  1160                           	
  1161  068E                     l1288:	
  1162                           	line	27
  1163                           	
  1164  068E                     l2448:	
  1165  068E  0876               	movf	(___awmod@sign),w
  1166  068F  1D03               	skipz
  1167  0690  2E92               	goto	u2400
  1168  0691  2E98               	goto	l2452
  1169  0692                     u2400:
  1170                           	line	28
  1171                           	
  1172  0692                     l2450:	
  1173  0692  09F2               	comf	(___awmod@dividend),f
  1174  0693  09F3               	comf	(___awmod@dividend+1),f
  1175  0694  0AF2               	incf	(___awmod@dividend),f
  1176  0695  1903               	skipnz
  1177  0696  0AF3               	incf	(___awmod@dividend+1),f
  1178  0697  2E98               	goto	l2452
  1179                           	
  1180  0698                     l1295:	
  1181                           	line	29
  1182                           	
  1183  0698                     l2452:	
  1184  0698  0873               	movf	(___awmod@dividend+1),w
  1185  0699  01F1               	clrf	(?___awmod+1)
  1186  069A  07F1               	addwf	(?___awmod+1)
  1187  069B  0872               	movf	(___awmod@dividend),w
  1188  069C  01F0               	clrf	(?___awmod)
  1189  069D  07F0               	addwf	(?___awmod)
  1190                           
  1191  069E  2E9F               	goto	l1296
  1192                           	
  1193  069F                     l2454:	
  1194                           	line	30
  1195                           	
  1196  069F                     l1296:	
  1197  069F  0008               	return
  1198                           	opt stack 0
  1199                           GLOBAL	__end_of___awmod
  1200  06A0                     	__end_of___awmod:
  1201 ;; =============== function ___awmod ends ============
  1202                           
  1203                           	signat	___awmod,8314
  1204                           	global	___awdiv
  1205                           psect	text181,local,class=CODE,delta=2
  1206                           global __ptext181
  1207  06A0                     __ptext181:
  1208                           
  1209 ;; *************** function ___awdiv *****************
  1210 ;; Defined at:
  1211 ;;		line 5 in file "C:\Program Files\HI-TECH Software\PICC\9.81\sources\awdiv.c"
  1212 ;; Parameters:    Size  Location     Type
  1213 ;;  divisor         2    0[COMMON] int 
  1214 ;;  dividend        2    2[COMMON] int 
  1215 ;; Auto vars:     Size  Location     Type
  1216 ;;  quotient        2    7[COMMON] int 
  1217 ;;  sign            1    6[COMMON] unsigned char 
  1218 ;;  counter         1    5[COMMON] unsigned char 
  1219 ;; Return value:  Size  Location     Type
  1220 ;;                  2    0[COMMON] int 
  1221 ;; Registers used:
  1222 ;;		wreg, status,2, status,0
  1223 ;; Tracked objects:
  1224 ;;		On entry : 0/0
  1225 ;;		On exit  : 0/0
  1226 ;;		Unchanged: 0/0
  1227 ;; Data sizes:     COMMON   BANK0   BANK1   BANK3   BANK2
  1228 ;;      Params:         4       0       0       0       0
  1229 ;;      Locals:         4       0       0       0       0
  1230 ;;      Temps:          1       0       0       0       0
  1231 ;;      Totals:         9       0       0       0       0
  1232 ;;Total ram usage:        9 bytes
  1233 ;; Hardware stack levels used:    1
  1234 ;; This function calls:
  1235 ;;		Nothing
  1236 ;; This function is called by:
  1237 ;;		_adc
  1238 ;; This function uses a non-reentrant model
  1239 ;;
  1240                           psect	text181
  1241                           	file	"C:\Program Files\HI-TECH Software\PICC\9.81\sources\awdiv.c"
  1242                           	line	5
  1243                           	global	__size_of___awdiv
  1244  0074                     	__size_of___awdiv	equ	__end_of___awdiv-___awdiv
  1245                           	
  1246  06A0                     ___awdiv:	
  1247                           	opt	stack 6
  1248                           ; Regs used in ___awdiv: [wreg+status,2+status,0]
  1249                           	line	9
  1250                           	
  1251  06A0                     l2382:	
  1252  06A0  01F6               	clrf	(___awdiv@sign)
  1253                           	line	10
  1254  06A1  1FF1               	btfss	(___awdiv@divisor+1),7
  1255  06A2  2EA4               	goto	u2221
  1256  06A3  2EA5               	goto	u2220
  1257  06A4                     u2221:
  1258  06A4  2EAE               	goto	l2386
  1259  06A5                     u2220:
  1260                           	line	11
  1261                           	
  1262  06A5                     l2384:	
  1263  06A5  09F0               	comf	(___awdiv@divisor),f
  1264  06A6  09F1               	comf	(___awdiv@divisor+1),f
  1265  06A7  0AF0               	incf	(___awdiv@divisor),f
  1266  06A8  1903               	skipnz
  1267  06A9  0AF1               	incf	(___awdiv@divisor+1),f
  1268                           	line	12
  1269  06AA  01F6               	clrf	(___awdiv@sign)
  1270  06AB  1403               	bsf	status,0
  1271  06AC  0DF6               	rlf	(___awdiv@sign),f
  1272  06AD  2EAE               	goto	l2386
  1273                           	line	13
  1274                           	
  1275  06AE                     l1218:	
  1276                           	line	14
  1277                           	
  1278  06AE                     l2386:	
  1279  06AE  1FF3               	btfss	(___awdiv@dividend+1),7
  1280  06AF  2EB1               	goto	u2231
  1281  06B0  2EB2               	goto	u2230
  1282  06B1                     u2231:
  1283  06B1  2EBC               	goto	l2392
  1284  06B2                     u2230:
  1285                           	line	15
  1286                           	
  1287  06B2                     l2388:	
  1288  06B2  09F2               	comf	(___awdiv@dividend),f
  1289  06B3  09F3               	comf	(___awdiv@dividend+1),f
  1290  06B4  0AF2               	incf	(___awdiv@dividend),f
  1291  06B5  1903               	skipnz
  1292  06B6  0AF3               	incf	(___awdiv@dividend+1),f
  1293                           	line	16
  1294                           	
  1295  06B7                     l2390:	
  1296  06B7  3001               	movlw	(01h)
  1297  06B8  00F4               	movwf	(??___awdiv+0)+0
  1298  06B9  0874               	movf	(??___awdiv+0)+0,w
  1299  06BA  06F6               	xorwf	(___awdiv@sign),f
  1300  06BB  2EBC               	goto	l2392
  1301                           	line	17
  1302                           	
  1303  06BC                     l1219:	
  1304                           	line	18
  1305                           	
  1306  06BC                     l2392:	
  1307  06BC  01F7               	clrf	(___awdiv@quotient)
  1308  06BD  01F8               	clrf	(___awdiv@quotient+1)
  1309                           	line	19
  1310                           	
  1311  06BE                     l2394:	
  1312  06BE  0871               	movf	(___awdiv@divisor+1),w
  1313  06BF  0470               	iorwf	(___awdiv@divisor),w
  1314  06C0  1903               	skipnz
  1315  06C1  2EC3               	goto	u2241
  1316  06C2  2EC4               	goto	u2240
  1317  06C3                     u2241:
  1318  06C3  2F02               	goto	l2414
  1319  06C4                     u2240:
  1320                           	line	20
  1321                           	
  1322  06C4                     l2396:	
  1323  06C4  01F5               	clrf	(___awdiv@counter)
  1324  06C5  1403               	bsf	status,0
  1325  06C6  0DF5               	rlf	(___awdiv@counter),f
  1326                           	line	21
  1327  06C7  2ED4               	goto	l2402
  1328                           	
  1329  06C8                     l1222:	
  1330                           	line	22
  1331                           	
  1332  06C8                     l2398:	
  1333  06C8  3001               	movlw	01h
  1334                           	
  1335  06C9                     u2255:
  1336  06C9  1003               	clrc
  1337  06CA  0DF0               	rlf	(___awdiv@divisor),f
  1338  06CB  0DF1               	rlf	(___awdiv@divisor+1),f
  1339  06CC  3EFF               	addlw	-1
  1340  06CD  1D03               	skipz
  1341  06CE  2EC9               	goto	u2255
  1342                           	line	23
  1343                           	
  1344  06CF                     l2400:	
  1345  06CF  3001               	movlw	(01h)
  1346  06D0  00F4               	movwf	(??___awdiv+0)+0
  1347  06D1  0874               	movf	(??___awdiv+0)+0,w
  1348  06D2  07F5               	addwf	(___awdiv@counter),f
  1349  06D3  2ED4               	goto	l2402
  1350                           	line	24
  1351                           	
  1352  06D4                     l1221:	
  1353                           	line	21
  1354                           	
  1355  06D4                     l2402:	
  1356  06D4  1FF1               	btfss	(___awdiv@divisor+1),(15)&7
  1357  06D5  2ED7               	goto	u2261
  1358  06D6  2ED8               	goto	u2260
  1359  06D7                     u2261:
  1360  06D7  2EC8               	goto	l2398
  1361  06D8                     u2260:
  1362  06D8  2EDA               	goto	l2404
  1363                           	
  1364  06D9                     l1223:	
  1365  06D9  2EDA               	goto	l2404
  1366                           	line	25
  1367                           	
  1368  06DA                     l1224:	
  1369                           	line	26
  1370                           	
  1371  06DA                     l2404:	
  1372  06DA  3001               	movlw	01h
  1373                           	
  1374  06DB                     u2275:
  1375  06DB  1003               	clrc
  1376  06DC  0DF7               	rlf	(___awdiv@quotient),f
  1377  06DD  0DF8               	rlf	(___awdiv@quotient+1),f
  1378  06DE  3EFF               	addlw	-1
  1379  06DF  1D03               	skipz
  1380  06E0  2EDB               	goto	u2275
  1381                           	line	27
  1382  06E1  0871               	movf	(___awdiv@divisor+1),w
  1383  06E2  0273               	subwf	(___awdiv@dividend+1),w
  1384  06E3  1D03               	skipz
  1385  06E4  2EE7               	goto	u2285
  1386  06E5  0870               	movf	(___awdiv@divisor),w
  1387  06E6  0272               	subwf	(___awdiv@dividend),w
  1388  06E7                     u2285:
  1389  06E7  1C03               	skipc
  1390  06E8  2EEA               	goto	u2281
  1391  06E9  2EEB               	goto	u2280
  1392  06EA                     u2281:
  1393  06EA  2EF3               	goto	l2410
  1394  06EB                     u2280:
  1395                           	line	28
  1396                           	
  1397  06EB                     l2406:	
  1398  06EB  0870               	movf	(___awdiv@divisor),w
  1399  06EC  02F2               	subwf	(___awdiv@dividend),f
  1400  06ED  0871               	movf	(___awdiv@divisor+1),w
  1401  06EE  1C03               	skipc
  1402  06EF  03F3               	decf	(___awdiv@dividend+1),f
  1403  06F0  02F3               	subwf	(___awdiv@dividend+1),f
  1404                           	line	29
  1405                           	
  1406  06F1                     l2408:	
  1407  06F1  1477               	bsf	(___awdiv@quotient)+(0/8),(0)&7
  1408  06F2  2EF3               	goto	l2410
  1409                           	line	30
  1410                           	
  1411  06F3                     l1225:	
  1412                           	line	31
  1413                           	
  1414  06F3                     l2410:	
  1415  06F3  3001               	movlw	01h
  1416                           	
  1417  06F4                     u2295:
  1418  06F4  1003               	clrc
  1419  06F5  0CF1               	rrf	(___awdiv@divisor+1),f
  1420  06F6  0CF0               	rrf	(___awdiv@divisor),f
  1421  06F7  3EFF               	addlw	-1
  1422  06F8  1D03               	skipz
  1423  06F9  2EF4               	goto	u2295
  1424                           	line	32
  1425                           	
  1426  06FA                     l2412:	
  1427  06FA  3001               	movlw	low(01h)
  1428  06FB  02F5               	subwf	(___awdiv@counter),f
  1429  06FC  1D03               	btfss	status,2
  1430  06FD  2EFF               	goto	u2301
  1431  06FE  2F00               	goto	u2300
  1432  06FF                     u2301:
  1433  06FF  2EDA               	goto	l2404
  1434  0700                     u2300:
  1435  0700  2F02               	goto	l2414
  1436                           	
  1437  0701                     l1226:	
  1438  0701  2F02               	goto	l2414
  1439                           	line	33
  1440                           	
  1441  0702                     l1220:	
  1442                           	line	34
  1443                           	
  1444  0702                     l2414:	
  1445  0702  0876               	movf	(___awdiv@sign),w
  1446  0703  1D03               	skipz
  1447  0704  2F06               	goto	u2310
  1448  0705  2F0C               	goto	l2418
  1449  0706                     u2310:
  1450                           	line	35
  1451                           	
  1452  0706                     l2416:	
  1453  0706  09F7               	comf	(___awdiv@quotient),f
  1454  0707  09F8               	comf	(___awdiv@quotient+1),f
  1455  0708  0AF7               	incf	(___awdiv@quotient),f
  1456  0709  1903               	skipnz
  1457  070A  0AF8               	incf	(___awdiv@quotient+1),f
  1458  070B  2F0C               	goto	l2418
  1459                           	
  1460  070C                     l1227:	
  1461                           	line	36
  1462                           	
  1463  070C                     l2418:	
  1464  070C  0878               	movf	(___awdiv@quotient+1),w
  1465  070D  01F1               	clrf	(?___awdiv+1)
  1466  070E  07F1               	addwf	(?___awdiv+1)
  1467  070F  0877               	movf	(___awdiv@quotient),w
  1468  0710  01F0               	clrf	(?___awdiv)
  1469  0711  07F0               	addwf	(?___awdiv)
  1470                           
  1471  0712  2F13               	goto	l1228
  1472                           	
  1473  0713                     l2420:	
  1474                           	line	37
  1475                           	
  1476  0713                     l1228:	
  1477  0713  0008               	return
  1478                           	opt stack 0
  1479                           GLOBAL	__end_of___awdiv
  1480  0714                     	__end_of___awdiv:
  1481 ;; =============== function ___awdiv ends ============
  1482                           
  1483                           	signat	___awdiv,8314
  1484                           	global	___wmul
  1485                           psect	text182,local,class=CODE,delta=2
  1486                           global __ptext182
  1487  05DF                     __ptext182:
  1488                           
  1489 ;; *************** function ___wmul *****************
  1490 ;; Defined at:
  1491 ;;		line 3 in file "C:\Program Files\HI-TECH Software\PICC\9.81\sources\wmul.c"
  1492 ;; Parameters:    Size  Location     Type
  1493 ;;  multiplier      2    0[COMMON] unsigned int 
  1494 ;;  multiplicand    2    2[COMMON] unsigned int 
  1495 ;; Auto vars:     Size  Location     Type
  1496 ;;  product         2    4[COMMON] unsigned int 
  1497 ;; Return value:  Size  Location     Type
  1498 ;;                  2    0[COMMON] unsigned int 
  1499 ;; Registers used:
  1500 ;;		wreg, status,2, status,0
  1501 ;; Tracked objects:
  1502 ;;		On entry : 0/0
  1503 ;;		On exit  : 0/0
  1504 ;;		Unchanged: 0/0
  1505 ;; Data sizes:     COMMON   BANK0   BANK1   BANK3   BANK2
  1506 ;;      Params:         4       0       0       0       0
  1507 ;;      Locals:         2       0       0       0       0
  1508 ;;      Temps:          0       0       0       0       0
  1509 ;;      Totals:         6       0       0       0       0
  1510 ;;Total ram usage:        6 bytes
  1511 ;; Hardware stack levels used:    1
  1512 ;; This function calls:
  1513 ;;		Nothing
  1514 ;; This function is called by:
  1515 ;;		_adc
  1516 ;; This function uses a non-reentrant model
  1517 ;;
  1518                           psect	text182
  1519                           	file	"C:\Program Files\HI-TECH Software\PICC\9.81\sources\wmul.c"
  1520                           	line	3
  1521                           	global	__size_of___wmul
  1522  002A                     	__size_of___wmul	equ	__end_of___wmul-___wmul
  1523                           	
  1524  05DF                     ___wmul:	
  1525                           	opt	stack 6
  1526                           ; Regs used in ___wmul: [wreg+status,2+status,0]
  1527                           	line	4
  1528                           	
  1529  05DF                     l2370:	
  1530  05DF  01F4               	clrf	(___wmul@product)
  1531  05E0  01F5               	clrf	(___wmul@product+1)
  1532  05E1  2DE2               	goto	l2372
  1533                           	line	6
  1534                           	
  1535  05E2                     l1078:	
  1536                           	line	7
  1537                           	
  1538  05E2                     l2372:	
  1539  05E2  1C70               	btfss	(___wmul@multiplier),(0)&7
  1540  05E3  2DE5               	goto	u2181
  1541  05E4  2DE6               	goto	u2180
  1542  05E5                     u2181:
  1543  05E5  2DEC               	goto	l1079
  1544  05E6                     u2180:
  1545                           	line	8
  1546                           	
  1547  05E6                     l2374:	
  1548  05E6  0872               	movf	(___wmul@multiplicand),w
  1549  05E7  07F4               	addwf	(___wmul@product),f
  1550  05E8  1803               	skipnc
  1551  05E9  0AF5               	incf	(___wmul@product+1),f
  1552  05EA  0873               	movf	(___wmul@multiplicand+1),w
  1553  05EB  07F5               	addwf	(___wmul@product+1),f
  1554                           	
  1555  05EC                     l1079:	
  1556                           	line	9
  1557  05EC  3001               	movlw	01h
  1558                           	
  1559  05ED                     u2195:
  1560  05ED  1003               	clrc
  1561  05EE  0DF2               	rlf	(___wmul@multiplicand),f
  1562  05EF  0DF3               	rlf	(___wmul@multiplicand+1),f
  1563  05F0  3EFF               	addlw	-1
  1564  05F1  1D03               	skipz
  1565  05F2  2DED               	goto	u2195
  1566                           	line	10
  1567                           	
  1568  05F3                     l2376:	
  1569  05F3  3001               	movlw	01h
  1570                           	
  1571  05F4                     u2205:
  1572  05F4  1003               	clrc
  1573  05F5  0CF1               	rrf	(___wmul@multiplier+1),f
  1574  05F6  0CF0               	rrf	(___wmul@multiplier),f
  1575  05F7  3EFF               	addlw	-1
  1576  05F8  1D03               	skipz
  1577  05F9  2DF4               	goto	u2205
  1578                           	line	11
  1579  05FA  0871               	movf	((___wmul@multiplier+1)),w
  1580  05FB  0470               	iorwf	((___wmul@multiplier)),w
  1581  05FC  1D03               	skipz
  1582  05FD  2DFF               	goto	u2211
  1583  05FE  2E00               	goto	u2210
  1584  05FF                     u2211:
  1585  05FF  2DE2               	goto	l2372
  1586  0600                     u2210:
  1587  0600  2E01               	goto	l2378
  1588                           	
  1589  0601                     l1080:	
  1590                           	line	12
  1591                           	
  1592  0601                     l2378:	
  1593  0601  0875               	movf	(___wmul@product+1),w
  1594  0602  01F1               	clrf	(?___wmul+1)
  1595  0603  07F1               	addwf	(?___wmul+1)
  1596  0604  0874               	movf	(___wmul@product),w
  1597  0605  01F0               	clrf	(?___wmul)
  1598  0606  07F0               	addwf	(?___wmul)
  1599                           
  1600  0607  2E08               	goto	l1081
  1601                           	
  1602  0608                     l2380:	
  1603                           	line	13
  1604                           	
  1605  0608                     l1081:	
  1606  0608  0008               	return
  1607                           	opt stack 0
  1608                           GLOBAL	__end_of___wmul
  1609  0609                     	__end_of___wmul:
  1610 ;; =============== function ___wmul ends ============
  1611                           
  1612                           	signat	___wmul,8314
  1613                           	global	_TX1
  1614                           psect	text183,local,class=CODE,delta=2
  1615                           global __ptext183
  1616  05B2                     __ptext183:
  1617                           
  1618 ;; *************** function _TX1 *****************
  1619 ;; Defined at:
  1620 ;;		line 13 in file "D:\Embedded\pic\code\software\ultrasonic\ultrasonic.c"
  1621 ;; Parameters:    Size  Location     Type
  1622 ;;  data            1    wreg     unsigned char 
  1623 ;; Auto vars:     Size  Location     Type
  1624 ;;  data            1    0[COMMON] unsigned char 
  1625 ;; Return value:  Size  Location     Type
  1626 ;;		None               void
  1627 ;; Registers used:
  1628 ;;		wreg
  1629 ;; Tracked objects:
  1630 ;;		On entry : 0/0
  1631 ;;		On exit  : 0/0
  1632 ;;		Unchanged: 0/0
  1633 ;; Data sizes:     COMMON   BANK0   BANK1   BANK3   BANK2
  1634 ;;      Params:         0       0       0       0       0
  1635 ;;      Locals:         1       0       0       0       0
  1636 ;;      Temps:          0       0       0       0       0
  1637 ;;      Totals:         1       0       0       0       0
  1638 ;;Total ram usage:        1 bytes
  1639 ;; Hardware stack levels used:    1
  1640 ;; This function calls:
  1641 ;;		Nothing
  1642 ;; This function is called by:
  1643 ;;		_TX
  1644 ;;		_adc
  1645 ;; This function uses a non-reentrant model
  1646 ;;
  1647                           psect	text183
  1648                           	file	"D:\Embedded\pic\code\software\ultrasonic\ultrasonic.c"
  1649                           	global	__size_of_TX1
  1650  000C                     	__size_of_TX1	equ	__end_of_TX1-_TX1
  1651                           	
  1652  05B2                     _TX1:	
  1653                           	opt	stack 6
  1654                           ; Regs used in _TX1: [wreg]
  1655                           ;TX1@data stored from wreg
  1656  05B2  00F0               	movwf	(TX1@data)
  1657                           	line	14
  1658                           	
  1659  05B3                     l2368:	
  1660                           ;ultrasonic.c: 14: TXREG=data;
  1661  05B3  0870               	movf	(TX1@data),w
  1662  05B4  1283               	bcf	status, 5	;RP0=0, select bank0
  1663  05B5  1303               	bcf	status, 6	;RP1=0, select bank0
  1664  05B6  0099               	movwf	(25)	;volatile
  1665                           	line	15
  1666                           ;ultrasonic.c: 15: while(TXIF==0);
  1667  05B7  2DB8               	goto	l1051
  1668                           	
  1669  05B8                     l1052:	
  1670                           	
  1671  05B8                     l1051:	
  1672  05B8  1E0C               	btfss	(100/8),(100)&7
  1673  05B9  2DBB               	goto	u2171
  1674  05BA  2DBC               	goto	u2170
  1675  05BB                     u2171:
  1676  05BB  2DB8               	goto	l1051
  1677  05BC                     u2170:
  1678                           	
  1679  05BC                     l1053:	
  1680                           	line	16
  1681                           ;ultrasonic.c: 16: TXIF=0;
  1682  05BC  120C               	bcf	(100/8),(100)&7
  1683                           	line	17
  1684                           	
  1685  05BD                     l1054:	
  1686  05BD  0008               	return
  1687                           	opt stack 0
  1688                           GLOBAL	__end_of_TX1
  1689  05BE                     	__end_of_TX1:
  1690 ;; =============== function _TX1 ends ============
  1691                           
  1692                           	signat	_TX1,4216
  1693                           	global	_TX2
  1694                           psect	text184,local,class=CODE,delta=2
  1695                           global __ptext184
  1696  05A7                     __ptext184:
  1697                           
  1698 ;; *************** function _TX2 *****************
  1699 ;; Defined at:
  1700 ;;		line 7 in file "D:\Embedded\pic\code\software\ultrasonic\ultrasonic.c"
  1701 ;; Parameters:    Size  Location     Type
  1702 ;;  val             2    0[COMMON] int 
  1703 ;; Auto vars:     Size  Location     Type
  1704 ;;		None
  1705 ;; Return value:  Size  Location     Type
  1706 ;;		None               void
  1707 ;; Registers used:
  1708 ;;		wreg
  1709 ;; Tracked objects:
  1710 ;;		On entry : 0/0
  1711 ;;		On exit  : 0/0
  1712 ;;		Unchanged: 0/0
  1713 ;; Data sizes:     COMMON   BANK0   BANK1   BANK3   BANK2
  1714 ;;      Params:         2       0       0       0       0
  1715 ;;      Locals:         0       0       0       0       0
  1716 ;;      Temps:          0       0       0       0       0
  1717 ;;      Totals:         2       0       0       0       0
  1718 ;;Total ram usage:        2 bytes
  1719 ;; Hardware stack levels used:    1
  1720 ;; This function calls:
  1721 ;;		Nothing
  1722 ;; This function is called by:
  1723 ;;		_adc
  1724 ;; This function uses a non-reentrant model
  1725 ;;
  1726                           psect	text184
  1727                           	file	"D:\Embedded\pic\code\software\ultrasonic\ultrasonic.c"
  1728                           	line	7
  1729                           	global	__size_of_TX2
  1730  000B                     	__size_of_TX2	equ	__end_of_TX2-_TX2
  1731                           	
  1732  05A7                     _TX2:	
  1733                           	opt	stack 6
  1734                           ; Regs used in _TX2: [wreg]
  1735                           	line	8
  1736                           	
  1737  05A7                     l2366:	
  1738                           ;ultrasonic.c: 8: TXREG=val;
  1739  05A7  0870               	movf	(TX2@val),w
  1740  05A8  1283               	bcf	status, 5	;RP0=0, select bank0
  1741  05A9  1303               	bcf	status, 6	;RP1=0, select bank0
  1742  05AA  0099               	movwf	(25)	;volatile
  1743                           	line	9
  1744                           ;ultrasonic.c: 9: while(TXIF==0);
  1745  05AB  2DAC               	goto	l1045
  1746                           	
  1747  05AC                     l1046:	
  1748                           	
  1749  05AC                     l1045:	
  1750  05AC  1E0C               	btfss	(100/8),(100)&7
  1751  05AD  2DAF               	goto	u2161
  1752  05AE  2DB0               	goto	u2160
  1753  05AF                     u2161:
  1754  05AF  2DAC               	goto	l1045
  1755  05B0                     u2160:
  1756                           	
  1757  05B0                     l1047:	
  1758                           	line	10
  1759                           ;ultrasonic.c: 10: TXIF=0;
  1760  05B0  120C               	bcf	(100/8),(100)&7
  1761                           	line	11
  1762                           	
  1763  05B1                     l1048:	
  1764  05B1  0008               	return
  1765                           	opt stack 0
  1766                           GLOBAL	__end_of_TX2
  1767  05B2                     	__end_of_TX2:
  1768 ;; =============== function _TX2 ends ============
  1769                           
  1770                           	signat	_TX2,4216
  1771                           psect	text185,local,class=CODE,delta=2
  1772                           global __ptext185
  1773  0000                     __ptext185:
  1774                           	global	btemp
  1775  007E                     	btemp set 07Eh
  1776                           
  1777                           	DABS	1,126,2	;btemp
  1778                           	global	wtemp0
  1779  007E                     	wtemp0 set btemp


HI-TECH Software PICC Macro Assembler V9.81 build 7503 
Symbol Table                                                                                   Fri Jun 10 06:57:37 2022

                   _a 0020                     _b 0022                     _c 0024                     _d 0026  
                   _e 002A                     _f 002C                     pc 0002                    _TX 05CD  
        ___awdiv@sign 0076                    fsr 0004   ___wmul@multiplicand 0072                   ?_TX 0070  
                 _RA1 0029                   _TX1 05B2                   _TX2 05A7                   _adc 0714  
                 _low 0030                   fsr0 0004                   indf 0000          ___awmod@sign 0076  
                ??_TX 0071                  ?_TX1 0070                  ?_TX2 0070                  ?_adc 0070  
                l1051 05B8                  l1052 05B8                  l1220 0702                  l1060 07FF  
                l1045 05AC                  l1053 05BC                  l1221 06D4                  l1046 05AC  
                l1054 05BD                  l1222 06C8                  l1047 05B0                  l1223 06D9  
                l1063 0628                  l1048 05B1                  l1080 0601                  l1224 06DA  
                l1064 0634                  l1081 0608                  l1225 06F3                  l1057 05DE  
                l1065 0634                  l1226 0701                  l1218 06AE                  l1066 0635  
                l1227 070C                  l1219 06BC                  l1067 0636                  l1228 0713  
                l1068 0637                  l1069 0637                  l1078 05E2                  l1079 05EC  
                l2400 06CF                  l2410 06F3                  l2402 06D4                  l1290 065C  
                l1291 066D                  l2420 0713                  l2412 06FA                  l2404 06DA  
                l1292 066E                  l2500 0623                  l1293 067F                  l2406 06EB  
                l2414 0702                  l1294 068D                  l2430 0652                  l1286 0648  
                l2422 063A                  l2502 0628                  l1295 0698                  l1287 0652  
                l2416 0706                  l2408 06F1                  l1296 069F                  l1288 068E  
                l2440 066E                  l2432 0658                  l2424 063F                  l2504 062E  
                l1289 0668                  l2370 05DF                  l2418 070C                  l2450 0692  
                l2442 0678                  l2434 065C                  l2426 0648                  l2380 0608  
                l2372 05E2                  l2452 0698                  l2444 067F                  l2436 0663  
                l2428 064C                  l2460 0714                  l2366 05A7                  l2374 05E6  
                l2390 06B7                  l2382 06A0                  l2454 069F                  l2446 0686  
                l2438 0668                  l2470 0772                  l2462 0717                  l2368 05B3  
                l2376 05F3                  l2392 06BC                  l2384 06A5                  l2448 068E  
                l2456 05CE                  l2480 07DB                  l2472 0789                  l2464 0735  
                l2378 0601                  l2394 06BE                  l2386 06AE                  l2458 05DA  
                l2482 07EA                  l2474 07A0                  l2466 0744                  l2490 0610  
                l2396 06C4                  l2388 06B2                  l2484 07F9                  l2476 07B7  
                l2468 075B                  l2492 0613                  l2398 06C8                  l2478 07CE  
                l2494 0616                  l2486 0609                  l2496 061B                  l2488 060C  
                l2498 061F                  STR_1 0009                  u2210 0600                  u2211 05FF  
                u2300 0700                  u2220 06A5                  u2205 05F4                  u2301 06FF  
                u2221 06A4                  u2310 0706                  u2230 06B2                  u2231 06B1  
                u2160 05B0                  u2240 06C4                  u2400 0692                  u2320 063F  
                u2161 05AF                  u2241 06C3                  u2321 063E                  u2170 05BC  
                u2330 064C                  u2171 05BB                  u2331 064B                  u2180 05E6  
                u2260 06D8                  u2340 0658                  u2181 05E5                  u2261 06D7  
                u2341 0657                  u2255 06C9                  u2280 06EB                  u2360 066C  
                u2281 06EA                  u2361 066B                  u2370 0678                  u2195 05ED  
                u2275 06DB                  u2371 0677                  u2355 065D                  u2285 06E7  
                u2390 068C                  u2295 06F4                  u2391 068B                  u2375 0674  
                u2385 0680                  _TXIF 0064                  _high 002E                  _main 0609  
                _time 007C                  btemp 007E                  start 0000                 ??_TX1 0070  
               ??_TX2 0072                 ??_adc 0079                 ?_main 0070       __end_of___awdiv 0714  
     __end_of___awmod 06A0                 _ANSEL 0188       ___awdiv@divisor 0070                 TX@ptr 0072  
     ___awdiv@counter 0075                 _RCSTA 0018                 _SPBRG 0099                 _PORTA 0005  
               _PORTC 0007                 _TRISA 0085                 _TRISC 0087                 _TXREG 0019  
               _TXSTA 0098                 pclath 000A                 status 0003                 wtemp0 007E  
        __end_of_main 063A                ??_main 007C                TX2@val 0070                _ADCON0 001F  
              _ADCON1 009F                _ADRESH 001E                _ADRESL 009E      ___awdiv@dividend 0072  
              _ANSELH 0189                ___wmul 05DF             ??___awdiv 0074             ??___awmod 0074  
    ___awdiv@quotient 0077       ___awmod@divisor 0070       ___awmod@counter 0075                clrloop 05A0  
      __pcstackCOMMON 0070            __end_of_TX 05DF            __pbssBANK0 0020            __pmaintext 0609  
             ?___wmul 0070               TX1@data 0070               ___awdiv 06A0               ___awmod 063A  
     __size_of___wmul 002A          __size_of_TX1 000C          __size_of_TX2 000B          __size_of_adc 00EC  
    ___awmod@dividend 0072  end_of_initialization 05C9        __end_of___wmul 0609   start_initialization 05BE  
         __end_of_TX1 05BE           __end_of_TX2 05B2           __end_of_adc 0800              ??___wmul 0074  
         __pbssCOMMON 007C              ?___awdiv 0070             __ptext180 063A             __ptext181 06A0  
           __ptext182 05DF             __ptext183 05B2             __ptext184 05A7             __ptext185 0000  
           __ptext177 0000             __ptext178 0714             __ptext179 05CD              ?___awmod 0070  
           __pstrings 0003           __size_of_TX 0012        ___wmul@product 0074           __stringbase 0008  
   ___wmul@multiplier 0070      __size_of___awdiv 0074      __size_of___awmod 0066              adc@limit 007B  
            _distance 0028         __size_of_main 0031              clear_ram 059F             stringcode 0003  
            stringdir 0003              stringtab 0003  
