

HI-TECH Software PIC LITE Macro Assembler V9.81 build 7503 
                                                                                               Sat Apr 16 02:16:17 2022

HI-TECH Software Omniscient Code Generator (Lite mode) build 7503
     1  0000                     opt subtitle "HI-TECH Software Omniscient Code Generator (Lite mode) build 7503"
     2                           
     3                           opt pagewidth 120
     4                           
     5                           	opt lm
     6                           
     7                           	processor	16F887
     8                           clrc	macro
     9                           	bcf	3,0
    10  0000                     	endm
    11                           clrz	macro
    12                           	bcf	3,2
    13  0000                     	endm
    14                           setc	macro
    15                           	bsf	3,0
    16  0000                     	endm
    17                           setz	macro
    18                           	bsf	3,2
    19  0000                     	endm
    20                           skipc	macro
    21                           	btfss	3,0
    22  0000                     	endm
    23                           skipz	macro
    24                           	btfss	3,2
    25  0000                     	endm
    26                           skipnc	macro
    27                           	btfsc	3,0
    28  0000                     	endm
    29                           skipnz	macro
    30                           	btfsc	3,2
    31  0000                     	endm
    32  0000                     indf	equ	0
    33  0000                     indf0	equ	0
    34  0002                     pc	equ	2
    35  0002                     pcl	equ	2
    36  0003                     status	equ	3
    37  0004                     fsr	equ	4
    38  0004                     fsr0	equ	4
    39  0001                     c	equ	1
    40  0000                     z	equ	0
    41  000A                     pclath	equ	10
    42                           	FNROOT	_main
    43                           	global	_PORTA
    44                           psect	maintext,global,class=CODE,delta=2
    45                           global __pmaintext
    46  07D5                     __pmaintext:
    47  0005                     _PORTA	set	5
    48                           	global	_PORTB
    49  0006                     _PORTB	set	6
    50                           	global	_PORTE
    51  0009                     _PORTE	set	9
    52                           	global	_RB0
    53  0030                     _RB0	set	48
    54                           	global	_RB7
    55  0037                     _RB7	set	55
    56                           	global	_TRISA
    57  0085                     _TRISA	set	133
    58                           	global	_TRISB
    59  0086                     _TRISB	set	134
    60                           	global	_TRISE
    61  0089                     _TRISE	set	137
    62                           	global	_ANSEL
    63  0188                     _ANSEL	set	392
    64                           	global	_ANSELH
    65  0189                     _ANSELH	set	393
    66                           	file	"IR.as"
    67                           	line	#
    68                           psect cinit,class=CODE,delta=2
    69                           global start_initialization
    70  07D1                     start_initialization:
    71                           
    72                           psect cinit,class=CODE,delta=2
    73                           global end_of_initialization
    74                           
    75                           ;End of C runtime variable initialization code
    76                           
    77  07D1                     end_of_initialization:
    78  07D1  0183               clrf status
    79  07D2  120A  118A  2FD5   ljmp _main	;jump to C main() function
    80                           psect	cstackCOMMON,class=COMMON,space=1
    81                           global __pcstackCOMMON
    82  0000                     __pcstackCOMMON:
    83                           	global	?_main
    84  0000                     ?_main:	; 0 bytes @ 0x0
    85                           	global	??_main
    86  0000                     ??_main:	; 0 bytes @ 0x0
    87 ;;Data sizes: Strings 0, constant 0, data 0, bss 0, persistent 0 stack 0
    88 ;;Auto spaces:   Size  Autos    Used
    89 ;; COMMON          14      0       0
    90 ;; BANK0           80      0       0
    91 ;; BANK1           80      0       0
    92 ;; BANK3           96      0       0
    93 ;; BANK2           96      0       0
    94                           
    95 ;;
    96 ;; Pointer list with targets:
    97                           
    98                           
    99                           
   100 ;;
   101 ;; Critical Paths under _main in COMMON
   102 ;;
   103 ;;   None.
   104 ;;
   105 ;; Critical Paths under _main in BANK0
   106 ;;
   107 ;;   None.
   108 ;;
   109 ;; Critical Paths under _main in BANK1
   110 ;;
   111 ;;   None.
   112 ;;
   113 ;; Critical Paths under _main in BANK3
   114 ;;
   115 ;;   None.
   116 ;;
   117 ;; Critical Paths under _main in BANK2
   118 ;;
   119 ;;   None.
   120                           
   121 ;;
   122 ;;Main: autosize = 0, tempsize = 0, incstack = 0, save=0
   123 ;;
   124                           
   125 ;;
   126 ;;Call Graph Tables:
   127 ;;
   128 ;; ---------------------------------------------------------------------------------
   129 ;; (Depth) Function   	        Calls       Base Space   Used Autos Params    Refs
   130 ;; ---------------------------------------------------------------------------------
   131 ;; (0) _main                                                 0     0      0       0
   132 ;; ---------------------------------------------------------------------------------
   133 ;; Estimated maximum stack depth 0
   134 ;; ---------------------------------------------------------------------------------
   135                           
   136 ;; Call Graph Graphs:
   137                           
   138 ;; _main (ROOT)
   139 ;;
   140                           
   141 ;; Address spaces:
   142                           
   143 ;;Name               Size   Autos  Total    Cost      Usage
   144 ;;BITCOMMON            E      0       0       0        0.0%
   145 ;;EEDATA             100      0       0       0        0.0%
   146 ;;NULL                 0      0       0       0        0.0%
   147 ;;CODE                 0      0       0       0        0.0%
   148 ;;COMMON               E      0       0       1        0.0%
   149 ;;BITSFR0              0      0       0       1        0.0%
   150 ;;SFR0                 0      0       0       1        0.0%
   151 ;;BITSFR1              0      0       0       2        0.0%
   152 ;;SFR1                 0      0       0       2        0.0%
   153 ;;STACK                0      0       0       2        0.0%
   154 ;;ABS                  0      0       0       3        0.0%
   155 ;;BITBANK0            50      0       0       4        0.0%
   156 ;;BITSFR3              0      0       0       4        0.0%
   157 ;;SFR3                 0      0       0       4        0.0%
   158 ;;BANK0               50      0       0       5        0.0%
   159 ;;BITSFR2              0      0       0       5        0.0%
   160 ;;SFR2                 0      0       0       5        0.0%
   161 ;;BITBANK1            50      0       0       6        0.0%
   162 ;;BANK1               50      0       0       7        0.0%
   163 ;;BITBANK3            60      0       0       8        0.0%
   164 ;;BANK3               60      0       0       9        0.0%
   165 ;;BITBANK2            60      0       0      10        0.0%
   166 ;;BANK2               60      0       0      11        0.0%
   167 ;;DATA                 0      0       0      12        0.0%
   168                           
   169                           	global	_main
   170                           psect	maintext
   171                           
   172 ;; *************** function _main *****************
   173 ;; Defined at:
   174 ;;		line 70 in file "D:\Embedded\pic\code\software\ADC\IR\IR.c"
   175 ;; Parameters:    Size  Location     Type
   176 ;;		None
   177 ;; Auto vars:     Size  Location     Type
   178 ;;		None
   179 ;; Return value:  Size  Location     Type
   180 ;;		None               void
   181 ;; Registers used:
   182 ;;		wreg, status,2
   183 ;; Tracked objects:
   184 ;;		On entry : 17F/0
   185 ;;		On exit  : 0/0
   186 ;;		Unchanged: 0/0
   187 ;; Data sizes:     COMMON   BANK0   BANK1   BANK3   BANK2
   188 ;;      Params:         0       0       0       0       0
   189 ;;      Locals:         0       0       0       0       0
   190 ;;      Temps:          0       0       0       0       0
   191 ;;      Totals:         0       0       0       0       0
   192 ;;Total ram usage:        0 bytes
   193 ;; This function calls:
   194 ;;		Nothing
   195 ;; This function is called by:
   196 ;;		Startup code after reset
   197 ;; This function uses a non-reentrant model
   198 ;;
   199                           psect	maintext
   200                           	file	"D:\Embedded\pic\code\software\ADC\IR\IR.c"
   201                           	line	70
   202                           	global	__size_of_main
   203  002B                     	__size_of_main	equ	__end_of_main-_main
   204                           	
   205  07D5                     _main:	
   206                           	opt	stack 8
   207                           ; Regs used in _main: [wreg+status,2]
   208                           	line	71
   209                           	
   210  07D5                     l1399:	
   211                           ;IR.c: 71: PORTA=0X00;
   212  07D5  1283               	bcf	status, 5	;RP0=0, select bank0
   213  07D6  1303               	bcf	status, 6	;RP1=0, select bank0
   214  07D7  0185               	clrf	(5)	;volatile
   215                           	line	72
   216                           	
   217  07D8                     l1401:	
   218                           ;IR.c: 72: TRISA=0X01;
   219  07D8  3001               	movlw	(01h)
   220  07D9  1683               	bsf	status, 5	;RP0=1, select bank1
   221  07DA  1303               	bcf	status, 6	;RP1=0, select bank1
   222  07DB  0085               	movwf	(133)^080h	;volatile
   223                           	line	73
   224                           	
   225  07DC                     l1403:	
   226                           ;IR.c: 73: PORTB=0X00;
   227  07DC  1283               	bcf	status, 5	;RP0=0, select bank0
   228  07DD  1303               	bcf	status, 6	;RP1=0, select bank0
   229  07DE  0186               	clrf	(6)	;volatile
   230                           	line	74
   231                           ;IR.c: 74: TRISB=0X01;
   232  07DF  3001               	movlw	(01h)
   233  07E0  1683               	bsf	status, 5	;RP0=1, select bank1
   234  07E1  1303               	bcf	status, 6	;RP1=0, select bank1
   235  07E2  0086               	movwf	(134)^080h	;volatile
   236                           	line	75
   237                           	
   238  07E3                     l1405:	
   239                           ;IR.c: 75: PORTE=0X00;
   240  07E3  1283               	bcf	status, 5	;RP0=0, select bank0
   241  07E4  1303               	bcf	status, 6	;RP1=0, select bank0
   242  07E5  0189               	clrf	(9)	;volatile
   243                           	line	76
   244                           	
   245  07E6                     l1407:	
   246                           ;IR.c: 76: TRISE=0X00;
   247  07E6  1683               	bsf	status, 5	;RP0=1, select bank1
   248  07E7  1303               	bcf	status, 6	;RP1=0, select bank1
   249  07E8  0189               	clrf	(137)^080h	;volatile
   250                           	line	77
   251                           	
   252  07E9                     l1409:	
   253                           ;IR.c: 77: ANSEL=0X00;
   254  07E9  1683               	bsf	status, 5	;RP0=1, select bank3
   255  07EA  1703               	bsf	status, 6	;RP1=1, select bank3
   256  07EB  0188               	clrf	(392)^0180h	;volatile
   257                           	line	78
   258                           	
   259  07EC                     l1411:	
   260                           ;IR.c: 78: ANSELH=0X00;
   261  07EC  0189               	clrf	(393)^0180h	;volatile
   262  07ED  2FEE               	goto	l1413
   263                           	line	82
   264                           ;IR.c: 82: while(1)
   265                           	
   266  07EE                     l1025:	
   267                           	line	84
   268                           	
   269  07EE                     l1413:	
   270                           ;IR.c: 83: {
   271                           ;IR.c: 84: if(RB0==0)
   272  07EE  1283               	bcf	status, 5	;RP0=0, select bank0
   273  07EF  1303               	bcf	status, 6	;RP1=0, select bank0
   274  07F0  1806               	btfsc	(48/8),(48)&7
   275  07F1  2FF3               	goto	u11
   276  07F2  2FF4               	goto	u10
   277  07F3                     u11:
   278  07F3  2FF5               	goto	l1026
   279  07F4                     u10:
   280                           	line	86
   281                           	
   282  07F4                     l1415:	
   283                           ;IR.c: 85: {
   284                           ;IR.c: 86: RB7=1;
   285  07F4  1786               	bsf	(55/8),(55)&7
   286                           	line	87
   287                           	
   288  07F5                     l1026:	
   289                           	line	88
   290                           ;IR.c: 87: }
   291                           ;IR.c: 88: if(RB0==1)
   292  07F5  1C06               	btfss	(48/8),(48)&7
   293  07F6  2FF8               	goto	u21
   294  07F7  2FF9               	goto	u20
   295  07F8                     u21:
   296  07F8  2FEE               	goto	l1413
   297  07F9                     u20:
   298                           	line	90
   299                           	
   300  07F9                     l1417:	
   301                           ;IR.c: 89: {
   302                           ;IR.c: 90: RB7=0;
   303  07F9  1386               	bcf	(55/8),(55)&7
   304  07FA  2FEE               	goto	l1413
   305                           	line	91
   306                           	
   307  07FB                     l1027:	
   308  07FB  2FEE               	goto	l1413
   309                           	line	93
   310                           	
   311  07FC                     l1028:	
   312                           	line	82
   313  07FC  2FEE               	goto	l1413
   314                           	
   315  07FD                     l1029:	
   316                           	line	94
   317                           	
   318  07FD                     l1030:	
   319                           	global	start
   320  07FD  120A  118A  2800   	ljmp	start
   321                           	opt stack 0
   322                           GLOBAL	__end_of_main
   323  0800                     	__end_of_main:
   324 ;; =============== function _main ends ============
   325                           
   326                           	signat	_main,88
   327                           psect	maintext
   328                           	global	btemp
   329  007E                     	btemp set 07Eh
   330                           
   331                           	DABS	1,126,2	;btemp
   332                           	global	wtemp0
   333  007E                     	wtemp0 set btemp


HI-TECH Software PICC Macro Assembler V9.81 build 7503 
Symbol Table                                                                                   Sat Apr 16 02:16:17 2022

                  u10 07F4                    u11 07F3                    u20 07F9                    u21 07F8  
                 _RB0 0030                   _RB7 0037                  l1030 07FD                  l1025 07EE  
                l1026 07F5                  l1027 07FB                  l1028 07FC                  l1029 07FD  
                l1401 07D8                  l1411 07EC                  l1403 07DC                  l1413 07EE  
                l1405 07E3                  l1415 07F4                  l1407 07E6                  l1417 07F9  
                l1409 07E9                  l1399 07D5                  _main 07D5                  btemp 007E  
                start 0000                 ?_main 0000                 _ANSEL 0188                 _PORTA 0005  
               _PORTB 0006                 _PORTE 0009                 _TRISA 0085                 _TRISB 0086  
               _TRISE 0089                 status 0003                 wtemp0 007E          __end_of_main 0800  
              ??_main 0000                _ANSELH 0189        __pcstackCOMMON 0000            __pmaintext 07D5  
end_of_initialization 07D1   start_initialization 07D1         __size_of_main 002B  
