

HI-TECH Software PIC LITE Macro Assembler V9.81 build 7503 
                                                                                               Tue Jun 28 14:14:06 2022

HI-TECH Software Omniscient Code Generator (Lite mode) build 7503
     1  0000                     opt subtitle "HI-TECH Software Omniscient Code Generator (Lite mode) build 7503"
     2                           
     3                           opt pagewidth 120
     4                           
     5                           	opt lm
     6                           
     7                           	processor	16F887
     8                           clrc	macro
     9                           	bcf	3,0
    10  0000                     	endm
    11                           clrz	macro
    12                           	bcf	3,2
    13  0000                     	endm
    14                           setc	macro
    15                           	bsf	3,0
    16  0000                     	endm
    17                           setz	macro
    18                           	bsf	3,2
    19  0000                     	endm
    20                           skipc	macro
    21                           	btfss	3,0
    22  0000                     	endm
    23                           skipz	macro
    24                           	btfss	3,2
    25  0000                     	endm
    26                           skipnc	macro
    27                           	btfsc	3,0
    28  0000                     	endm
    29                           skipnz	macro
    30                           	btfsc	3,2
    31  0000                     	endm
    32  0000                     indf	equ	0
    33  0000                     indf0	equ	0
    34  0002                     pc	equ	2
    35  0002                     pcl	equ	2
    36  0003                     status	equ	3
    37  0004                     fsr	equ	4
    38  0004                     fsr0	equ	4
    39  0001                     c	equ	1
    40  0000                     z	equ	0
    41  000A                     pclath	equ	10
    42                           # 5 "D:\Embedded\pic\code\software\protocal\UART\basic\basic.c"
    43                           	psect config,class=CONFIG,delta=2 ;#
    44                           # 5 "D:\Embedded\pic\code\software\protocal\UART\basic\basic.c"
    45  2007  2CE4               	dw 0X2CE4 ;#
    46                           	FNCALL	_main,_TX
    47                           	FNROOT	_main
    48                           	global	_PORTC
    49                           psect	text60,local,class=CODE,delta=2
    50                           global __ptext60
    51  0000                     __ptext60:
    52  0007                     _PORTC	set	7
    53                           	global	_RCSTA
    54  0018                     _RCSTA	set	24
    55                           	global	_TXREG
    56  0019                     _TXREG	set	25
    57                           	global	_TXIF
    58  0064                     _TXIF	set	100
    59                           	global	_SPBRG
    60  0099                     _SPBRG	set	153
    61                           	global	_TRISC
    62  0087                     _TRISC	set	135
    63                           	global	_TXSTA
    64  0098                     _TXSTA	set	152
    65                           psect	strings,class=STRING,delta=2
    66                           global __pstrings
    67  0003                     __pstrings:
    68                           ;	global	stringdir,stringtab,__stringbase
    69  0003                     stringtab:
    70                           ;	String table - string pointers are 1 byte each
    71  0003                     stringcode:stringdir:
      + 0003                     stringdir:	
    72  0003  3000               movlw high(stringdir)
    73  0004  008A               movwf pclath
    74  0005  0804               movf fsr,w
    75  0006  0A84               incf fsr
    76  0007  0782               	addwf pc
    77  0008                     __stringbase:
    78  0008  3400               	retlw	0
    79                           psect	strings
    80                           	
    81  0009                     STR_1:	
    82  0009  3441               	retlw	65	;'A'
    83  000A  3472               	retlw	114	;'r'
    84  000B  3475               	retlw	117	;'u'
    85  000C  346C               	retlw	108	;'l'
    86  000D  3400               	retlw	0
    87                           psect	strings
    88                           	file	"basic.as"
    89                           	line	#
    90                           psect cinit,class=CODE,delta=2
    91                           global start_initialization
    92  07BB                     start_initialization:
    93                           
    94                           psect cinit,class=CODE,delta=2
    95                           global end_of_initialization
    96                           
    97                           ;End of C runtime variable initialization code
    98                           
    99  07BB                     end_of_initialization:
   100  07BB  0183               clrf status
   101  07BC  120A  118A  2FBF   ljmp _main	;jump to C main() function
   102                           psect	cstackCOMMON,class=COMMON,space=1
   103                           global __pcstackCOMMON
   104  0070                     __pcstackCOMMON:
   105                           	global	?_TX
   106  0070                     ?_TX:	; 0 bytes @ 0x0
   107                           	global	??_TX
   108  0070                     ??_TX:	; 0 bytes @ 0x0
   109                           	global	?_main
   110  0070                     ?_main:	; 0 bytes @ 0x0
   111  0070                     	ds	1
   112                           	global	TX@a
   113  0071                     TX@a:	; 1 bytes @ 0x1
   114  0071                     	ds	1
   115                           	global	??_main
   116  0072                     ??_main:	; 0 bytes @ 0x2
   117 ;;Data sizes: Strings 5, constant 0, data 0, bss 0, persistent 0 stack 0
   118 ;;Auto spaces:   Size  Autos    Used
   119 ;; COMMON          14      2       2
   120 ;; BANK0           80      0       0
   121 ;; BANK1           80      0       0
   122 ;; BANK3           96      0       0
   123 ;; BANK2           96      0       0
   124                           
   125 ;;
   126 ;; Pointer list with targets:
   127                           
   128 ;; TX@a	PTR unsigned char  size(1) Largest target is 5
   129 ;;		 -> STR_1(CODE[5]), 
   130 ;;
   131                           
   132                           
   133 ;;
   134 ;; Critical Paths under _main in COMMON
   135 ;;
   136 ;;   _main->_TX
   137 ;;
   138 ;; Critical Paths under _main in BANK0
   139 ;;
   140 ;;   None.
   141 ;;
   142 ;; Critical Paths under _main in BANK1
   143 ;;
   144 ;;   None.
   145 ;;
   146 ;; Critical Paths under _main in BANK3
   147 ;;
   148 ;;   None.
   149 ;;
   150 ;; Critical Paths under _main in BANK2
   151 ;;
   152 ;;   None.
   153                           
   154 ;;
   155 ;;Main: autosize = 0, tempsize = 0, incstack = 0, save=0
   156 ;;
   157                           
   158 ;;
   159 ;;Call Graph Tables:
   160 ;;
   161 ;; ---------------------------------------------------------------------------------
   162 ;; (Depth) Function   	        Calls       Base Space   Used Autos Params    Refs
   163 ;; ---------------------------------------------------------------------------------
   164 ;; (0) _main                                                 0     0      0      30
   165 ;;                                 _TX
   166 ;; ---------------------------------------------------------------------------------
   167 ;; (2) _TX                                                   2     2      0      30
   168 ;;                                              0 COMMON     2     2      0
   169 ;; ---------------------------------------------------------------------------------
   170 ;; Estimated maximum stack depth 2
   171 ;; ---------------------------------------------------------------------------------
   172                           
   173 ;; Call Graph Graphs:
   174                           
   175 ;; _main (ROOT)
   176 ;;   _TX
   177 ;;
   178                           
   179 ;; Address spaces:
   180                           
   181 ;;Name               Size   Autos  Total    Cost      Usage
   182 ;;BITCOMMON            E      0       0       0        0.0%
   183 ;;EEDATA             100      0       0       0        0.0%
   184 ;;NULL                 0      0       0       0        0.0%
   185 ;;CODE                 0      0       0       0        0.0%
   186 ;;COMMON               E      2       2       1       14.3%
   187 ;;BITSFR0              0      0       0       1        0.0%
   188 ;;SFR0                 0      0       0       1        0.0%
   189 ;;BITSFR1              0      0       0       2        0.0%
   190 ;;SFR1                 0      0       0       2        0.0%
   191 ;;STACK                0      0       2       2        0.0%
   192 ;;ABS                  0      0       0       3        0.0%
   193 ;;BITBANK0            50      0       0       4        0.0%
   194 ;;BITSFR3              0      0       0       4        0.0%
   195 ;;SFR3                 0      0       0       4        0.0%
   196 ;;BANK0               50      0       0       5        0.0%
   197 ;;BITSFR2              0      0       0       5        0.0%
   198 ;;SFR2                 0      0       0       5        0.0%
   199 ;;BITBANK1            50      0       0       6        0.0%
   200 ;;BANK1               50      0       0       7        0.0%
   201 ;;BITBANK3            60      0       0       8        0.0%
   202 ;;BANK3               60      0       0       9        0.0%
   203 ;;BITBANK2            60      0       0      10        0.0%
   204 ;;BANK2               60      0       0      11        0.0%
   205 ;;DATA                 0      0       0      12        0.0%
   206                           
   207                           	global	_main
   208                           psect	maintext,global,class=CODE,delta=2
   209                           global __pmaintext
   210  07BF                     __pmaintext:
   211                           
   212 ;; *************** function _main *****************
   213 ;; Defined at:
   214 ;;		line 16 in file "D:\Embedded\pic\code\software\protocal\UART\basic\basic.c"
   215 ;; Parameters:    Size  Location     Type
   216 ;;		None
   217 ;; Auto vars:     Size  Location     Type
   218 ;;		None
   219 ;; Return value:  Size  Location     Type
   220 ;;		None               void
   221 ;; Registers used:
   222 ;;		wreg, fsr0l, fsr0h, status,2, status,0, pclath, cstack
   223 ;; Tracked objects:
   224 ;;		On entry : 17F/0
   225 ;;		On exit  : 0/0
   226 ;;		Unchanged: 0/0
   227 ;; Data sizes:     COMMON   BANK0   BANK1   BANK3   BANK2
   228 ;;      Params:         0       0       0       0       0
   229 ;;      Locals:         0       0       0       0       0
   230 ;;      Temps:          0       0       0       0       0
   231 ;;      Totals:         0       0       0       0       0
   232 ;;Total ram usage:        0 bytes
   233 ;; Hardware stack levels required when called:    2
   234 ;; This function calls:
   235 ;;		_TX
   236 ;; This function is called by:
   237 ;;		Startup code after reset
   238 ;; This function uses a non-reentrant model
   239 ;;
   240                           psect	maintext
   241                           	file	"D:\Embedded\pic\code\software\protocal\UART\basic\basic.c"
   242                           	line	16
   243                           	global	__size_of_main
   244  001C                     	__size_of_main	equ	__end_of_main-_main
   245                           	
   246  07BF                     _main:	
   247                           	opt	stack 6
   248                           ; Regs used in _main: [wreg-fsr0h+status,2+status,0+pclath+cstack]
   249                           	line	17
   250                           	
   251  07BF                     l2184:	
   252                           ;basic.c: 17: PORTC=0X00;
   253  07BF  1283               	bcf	status, 5	;RP0=0, select bank0
   254  07C0  1303               	bcf	status, 6	;RP1=0, select bank0
   255  07C1  0187               	clrf	(7)	;volatile
   256                           	line	18
   257                           ;basic.c: 18: TRISC=0X00;
   258  07C2  1683               	bsf	status, 5	;RP0=1, select bank1
   259  07C3  1303               	bcf	status, 6	;RP1=0, select bank1
   260  07C4  0187               	clrf	(135)^080h	;volatile
   261                           	line	19
   262                           	
   263  07C5                     l2186:	
   264                           ;basic.c: 19: TXSTA=0X26;
   265  07C5  3026               	movlw	(026h)
   266  07C6  0098               	movwf	(152)^080h	;volatile
   267                           	line	20
   268                           	
   269  07C7                     l2188:	
   270                           ;basic.c: 20: RCSTA=0X90;
   271  07C7  3090               	movlw	(090h)
   272  07C8  1283               	bcf	status, 5	;RP0=0, select bank0
   273  07C9  1303               	bcf	status, 6	;RP1=0, select bank0
   274  07CA  0098               	movwf	(24)	;volatile
   275                           	line	21
   276                           	
   277  07CB                     l2190:	
   278                           ;basic.c: 21: SPBRG=25;
   279  07CB  3019               	movlw	(019h)
   280  07CC  1683               	bsf	status, 5	;RP0=1, select bank1
   281  07CD  1303               	bcf	status, 6	;RP1=0, select bank1
   282  07CE  0099               	movwf	(153)^080h	;volatile
   283  07CF  2FD0               	goto	l2192
   284                           	line	22
   285                           ;basic.c: 22: while(1)
   286                           	
   287  07D0                     l1034:	
   288                           	line	24
   289                           	
   290  07D0                     l2192:	
   291                           ;basic.c: 23: {
   292                           ;basic.c: 24: TX("Arul");
   293  07D0  3001               	movlw	((STR_1-__stringbase))&0ffh
   294  07D1  120A  118A  27DB   	fcall	_TX
              120A  118A         
   295  07D6  2FD0               	goto	l2192
   296                           	line	25
   297                           	
   298  07D7                     l1035:	
   299                           	line	22
   300  07D7  2FD0               	goto	l2192
   301                           	
   302  07D8                     l1036:	
   303                           	line	26
   304                           	
   305  07D8                     l1037:	
   306                           	global	start
   307  07D8  120A  118A  2800   	ljmp	start
   308                           	opt stack 0
   309                           GLOBAL	__end_of_main
   310  07DB                     	__end_of_main:
   311 ;; =============== function _main ends ============
   312                           
   313                           	signat	_main,88
   314                           	global	_TX
   315                           psect	text61,local,class=CODE,delta=2
   316                           global __ptext61
   317  07DB                     __ptext61:
   318                           
   319 ;; *************** function _TX *****************
   320 ;; Defined at:
   321 ;;		line 7 in file "D:\Embedded\pic\code\software\protocal\UART\basic\basic.c"
   322 ;; Parameters:    Size  Location     Type
   323 ;;  a               1    wreg     PTR unsigned char 
   324 ;;		 -> STR_1(5), 
   325 ;; Auto vars:     Size  Location     Type
   326 ;;  a               1    1[COMMON] PTR unsigned char 
   327 ;;		 -> STR_1(5), 
   328 ;; Return value:  Size  Location     Type
   329 ;;		None               void
   330 ;; Registers used:
   331 ;;		wreg, fsr0l, fsr0h, status,2, status,0, pclath
   332 ;; Tracked objects:
   333 ;;		On entry : 0/0
   334 ;;		On exit  : 0/0
   335 ;;		Unchanged: 0/0
   336 ;; Data sizes:     COMMON   BANK0   BANK1   BANK3   BANK2
   337 ;;      Params:         0       0       0       0       0
   338 ;;      Locals:         1       0       0       0       0
   339 ;;      Temps:          1       0       0       0       0
   340 ;;      Totals:         2       0       0       0       0
   341 ;;Total ram usage:        2 bytes
   342 ;; Hardware stack levels used:    2
   343 ;; This function calls:
   344 ;;		Nothing
   345 ;; This function is called by:
   346 ;;		_main
   347 ;; This function uses a non-reentrant model
   348 ;;
   349                           psect	text61
   350                           	file	"D:\Embedded\pic\code\software\protocal\UART\basic\basic.c"
   351                           	line	7
   352                           	global	__size_of_TX
   353  0025                     	__size_of_TX	equ	__end_of_TX-_TX
   354                           	
   355  07DB                     _TX:	
   356                           	opt	stack 6
   357                           ; Regs used in _TX: [wreg-fsr0h+status,2+status,0+pclath]
   358                           ;TX@a stored from wreg
   359  07DB  00F1               	movwf	(TX@a)
   360                           	line	8
   361                           	
   362  07DC                     l1410:	
   363                           ;basic.c: 8: while(*a)
   364  07DC  2FF2               	goto	l1416
   365                           	
   366  07DD                     l1026:	
   367                           	line	10
   368                           	
   369  07DD                     l1412:	
   370                           ;basic.c: 9: {
   371                           ;basic.c: 10: TXREG=*a++;
   372  07DD  0871               	movf	(TX@a),w
   373  07DE  0084               	movwf	fsr0
   374  07DF  120A  118A  2003   	fcall	stringdir
              120A  118A         
   375  07E4  1283               	bcf	status, 5	;RP0=0, select bank0
   376  07E5  1303               	bcf	status, 6	;RP1=0, select bank0
   377  07E6  0099               	movwf	(25)	;volatile
   378                           	
   379  07E7                     l1414:	
   380  07E7  3001               	movlw	(01h)
   381  07E8  00F0               	movwf	(??_TX+0)+0
   382  07E9  0870               	movf	(??_TX+0)+0,w
   383  07EA  07F1               	addwf	(TX@a),f
   384                           	line	11
   385                           ;basic.c: 11: while(TXIF==0);
   386  07EB  2FEC               	goto	l1027
   387                           	
   388  07EC                     l1028:	
   389                           	
   390  07EC                     l1027:	
   391  07EC  1E0C               	btfss	(100/8),(100)&7
   392  07ED  2FEF               	goto	u11
   393  07EE  2FF0               	goto	u10
   394  07EF                     u11:
   395  07EF  2FEC               	goto	l1027
   396  07F0                     u10:
   397                           	
   398  07F0                     l1029:	
   399                           	line	12
   400                           ;basic.c: 12: TXIF=0;
   401  07F0  120C               	bcf	(100/8),(100)&7
   402  07F1  2FF2               	goto	l1416
   403                           	line	13
   404                           	
   405  07F2                     l1025:	
   406                           	line	8
   407                           	
   408  07F2                     l1416:	
   409  07F2  0871               	movf	(TX@a),w
   410  07F3  0084               	movwf	fsr0
   411  07F4  120A  118A  2003   	fcall	stringdir
              120A  118A         
   412  07F9  3800               	iorlw	0
   413  07FA  1D03               	skipz
   414  07FB  2FFD               	goto	u21
   415  07FC  2FFE               	goto	u20
   416  07FD                     u21:
   417  07FD  2FDD               	goto	l1412
   418  07FE                     u20:
   419  07FE  2FFF               	goto	l1031
   420                           	
   421  07FF                     l1030:	
   422                           	line	14
   423                           	
   424  07FF                     l1031:	
   425  07FF  0008               	return
   426                           	opt stack 0
   427                           GLOBAL	__end_of_TX
   428  0800                     	__end_of_TX:
   429 ;; =============== function _TX ends ============
   430                           
   431                           	signat	_TX,4216
   432                           psect	text62,local,class=CODE,delta=2
   433                           global __ptext62
   434  0000                     __ptext62:
   435                           	global	btemp
   436  007E                     	btemp set 07Eh
   437                           
   438                           	DABS	1,126,2	;btemp
   439                           	global	wtemp0
   440  007E                     	wtemp0 set btemp


HI-TECH Software PICC Macro Assembler V9.81 build 7503 
Symbol Table                                                                                   Tue Jun 28 14:14:06 2022

                   pc 0002                    u10 07F0                    u11 07EF                    u20 07FE  
                  u21 07FD                    _TX 07DB                    fsr 0004                   ?_TX 0070  
                 TX@a 0071                   fsr0 0004                  ??_TX 0070                  l1030 07FF  
                l1031 07FF                  l1025 07F2                  l1026 07DD                  l1034 07D0  
                l1027 07EC                  l1035 07D7                  l1028 07EC                  l1036 07D8  
                l1029 07F0                  l1037 07D8                  l1410 07DC                  l1412 07DD  
                l1414 07E7                  l1416 07F2                  l2190 07CB                  l2192 07D0  
                l2184 07BF                  l2186 07C5                  l2188 07C7                  STR_1 0009  
                _TXIF 0064                  _main 07BF                  btemp 007E                  start 0000  
               ?_main 0070                 _RCSTA 0018                 _SPBRG 0099                 _PORTC 0007  
               _TRISC 0087                 _TXREG 0019                 _TXSTA 0098                 pclath 000A  
               status 0003                 wtemp0 007E          __end_of_main 07DB                ??_main 0072  
      __pcstackCOMMON 0070            __end_of_TX 0800            __pmaintext 07BF  end_of_initialization 07BB  
 start_initialization 07BB             __pstrings 0003           __size_of_TX 0025           __stringbase 0008  
            __ptext60 0000              __ptext61 07DB              __ptext62 0000         __size_of_main 001C  
           stringcode 0003              stringdir 0003              stringtab 0003  
