

HI-TECH Software PIC LITE Macro Assembler V9.81 build 7503 
                                                                                               Thu Apr 14 22:19:56 2022

HI-TECH Software Omniscient Code Generator (Lite mode) build 7503
     1  0000                     opt subtitle "HI-TECH Software Omniscient Code Generator (Lite mode) build 7503"
     2                           
     3                           opt pagewidth 120
     4                           
     5                           	opt lm
     6                           
     7                           	processor	16F887
     8                           clrc	macro
     9                           	bcf	3,0
    10  0000                     	endm
    11                           clrz	macro
    12                           	bcf	3,2
    13  0000                     	endm
    14                           setc	macro
    15                           	bsf	3,0
    16  0000                     	endm
    17                           setz	macro
    18                           	bsf	3,2
    19  0000                     	endm
    20                           skipc	macro
    21                           	btfss	3,0
    22  0000                     	endm
    23                           skipz	macro
    24                           	btfss	3,2
    25  0000                     	endm
    26                           skipnc	macro
    27                           	btfsc	3,0
    28  0000                     	endm
    29                           skipnz	macro
    30                           	btfsc	3,2
    31  0000                     	endm
    32  0000                     indf	equ	0
    33  0000                     indf0	equ	0
    34  0002                     pc	equ	2
    35  0002                     pcl	equ	2
    36  0003                     status	equ	3
    37  0004                     fsr	equ	4
    38  0004                     fsr0	equ	4
    39  0001                     c	equ	1
    40  0000                     z	equ	0
    41  000A                     pclath	equ	10
    42                           	FNCALL	_main,_lcd_cmd
    43                           	FNCALL	_lcd_cmd,_delay
    44                           	FNROOT	_main
    45                           	global	main@F1694
    46                           	global	main@F1696
    47                           psect	idataBANK0,class=CODE,space=0,delta=2
    48                           global __pidataBANK0
    49  06D6                     __pidataBANK0:
    50                           	file	"D:\Embedded\pic\code\software\LCD\lcd_name\lcd_name.c"
    51                           	line	26
    52                           
    53                           ;initializer for main@F1694
    54  06D6  3459               	retlw	059h
    55  06D7  346F               	retlw	06Fh
    56  06D8  3467               	retlw	067h
    57  06D9  3465               	retlw	065h
    58  06DA  3473               	retlw	073h
    59  06DB  3468               	retlw	068h
    60  06DC  346B               	retlw	06Bh
    61  06DD  3475               	retlw	075h
    62  06DE  346D               	retlw	06Dh
    63  06DF  3461               	retlw	061h
    64  06E0  3472               	retlw	072h
    65  06E1  3400               	retlw	0
    66  06E2  3400               	retlw	0
    67  06E3  3400               	retlw	0
    68  06E4  3400               	retlw	0
    69  06E5  3400               	retlw	0
    70  06E6  3400               	retlw	0
    71  06E7  3400               	retlw	0
    72  06E8  3400               	retlw	0
    73  06E9  3400               	retlw	0
    74                           psect	idataBANK1,class=CODE,space=0,delta=2
    75                           global __pidataBANK1
    76  06C2                     __pidataBANK1:
    77                           	line	27
    78                           
    79                           ;initializer for main@F1696
    80  06C2  3445               	retlw	045h
    81  06C3  3445               	retlw	045h
    82  06C4  3445               	retlw	045h
    83  06C5  3400               	retlw	0
    84  06C6  3400               	retlw	0
    85  06C7  3400               	retlw	0
    86  06C8  3400               	retlw	0
    87  06C9  3400               	retlw	0
    88  06CA  3400               	retlw	0
    89  06CB  3400               	retlw	0
    90  06CC  3400               	retlw	0
    91  06CD  3400               	retlw	0
    92  06CE  3400               	retlw	0
    93  06CF  3400               	retlw	0
    94  06D0  3400               	retlw	0
    95  06D1  3400               	retlw	0
    96  06D2  3400               	retlw	0
    97  06D3  3400               	retlw	0
    98  06D4  3400               	retlw	0
    99  06D5  3400               	retlw	0
   100                           	global	_PORTD
   101  0008                     _PORTD	set	8
   102                           	global	_PORTE
   103  0009                     _PORTE	set	9
   104                           	global	_RE0
   105  0048                     _RE0	set	72
   106                           	global	_RE1
   107  0049                     _RE1	set	73
   108                           	global	_RE2
   109  004A                     _RE2	set	74
   110                           	global	_TRISD
   111  0088                     _TRISD	set	136
   112                           	global	_TRISE
   113  0089                     _TRISE	set	137
   114                           	global	_ANSEL
   115  0188                     _ANSEL	set	392
   116                           	global	_ANSELH
   117  0189                     _ANSELH	set	393
   118                           	file	"lcd_name.as"
   119                           	line	#
   120                           psect cinit,class=CODE,delta=2
   121                           global start_initialization
   122  06EA                     start_initialization:
   123                           
   124                           psect	dataBANK0,class=BANK0,space=1
   125                           global __pdataBANK0
   126  004C                     __pdataBANK0:
   127                           	file	"D:\Embedded\pic\code\software\LCD\lcd_name\lcd_name.c"
   128                           	line	26
   129  004C                     main@F1694:
   130  004C                            ds      20
   131                           
   132                           psect	dataBANK1,class=BANK1,space=1
   133                           global __pdataBANK1
   134  00A0                     __pdataBANK1:
   135                           	file	"D:\Embedded\pic\code\software\LCD\lcd_name\lcd_name.c"
   136                           	line	27
   137  00A0                     main@F1696:
   138  00A0                            ds      20
   139                           
   140                           global btemp
   141                           psect inittext,class=CODE,delta=2
   142                           global init_fetch,btemp
   143                           ;	Called with low address in FSR and high address in W
   144  069D                     init_fetch:
   145  069D  087E               	movf btemp,w
   146  069E  008A               	movwf pclath
   147  069F  087F               	movf btemp+1,w
   148  06A0  0082               	movwf pc
   149                           global init_ram
   150                           ;Called with:
   151                           ;	high address of idata address in btemp 
   152                           ;	low address of idata address in btemp+1 
   153                           ;	low address of data in FSR
   154                           ;	high address + 1 of data in btemp-1
   155  06A1                     init_ram:
   156  06A1  269D  120A  118A   	fcall init_fetch
   157  06A4  0080               	movwf indf,f
   158  06A5  0A84               	incf fsr,f
   159  06A6  0804               	movf fsr,w
   160  06A7  067D               	xorwf btemp-1,w
   161  06A8  1903               	btfsc status,2
   162  06A9  3400               	retlw 0
   163  06AA  0AFF               	incf btemp+1,f
   164  06AB  1903               	btfsc status,2
   165  06AC  0AFE               	incf btemp,f
   166  06AD  2EA1               	goto init_ram
   167                           ; Initialize objects allocated to BANK1
   168                           psect cinit,class=CODE,delta=2
   169                           global init_ram, __pidataBANK1
   170  06EA  1383               	bcf	status, 7	;select IRP bank0
   171  06EB  30B4               	movlw low(__pdataBANK1+20)
   172  06EC  00FD               	movwf btemp-1,f
   173  06ED  3006               	movlw high(__pidataBANK1)
   174  06EE  00FE               	movwf btemp,f
   175  06EF  30C2               	movlw low(__pidataBANK1)
   176  06F0  00FF               	movwf btemp+1,f
   177  06F1  30A0               	movlw low(__pdataBANK1)
   178  06F2  0084               	movwf fsr,f
   179  06F3  120A  118A  26A1   	fcall init_ram
              120A  118A         
   180                           ; Initialize objects allocated to BANK0
   181                           psect cinit,class=CODE,delta=2
   182                           global init_ram, __pidataBANK0
   183  06F8  3060               	movlw low(__pdataBANK0+20)
   184  06F9  00FD               	movwf btemp-1,f
   185  06FA  3006               	movlw high(__pidataBANK0)
   186  06FB  00FE               	movwf btemp,f
   187  06FC  30D6               	movlw low(__pidataBANK0)
   188  06FD  00FF               	movwf btemp+1,f
   189  06FE  304C               	movlw low(__pdataBANK0)
   190  06FF  0084               	movwf fsr,f
   191  0700  120A  118A  26A1   	fcall init_ram
              120A  118A         
   192                           psect cinit,class=CODE,delta=2
   193                           global end_of_initialization
   194                           
   195                           ;End of C runtime variable initialization code
   196                           
   197  0705                     end_of_initialization:
   198  0705  0183               clrf status
   199  0706  120A  118A  2F37   ljmp _main	;jump to C main() function
   200                           psect	cstackCOMMON,class=COMMON,space=1
   201                           global __pcstackCOMMON
   202  0070                     __pcstackCOMMON:
   203                           	global	?_delay
   204  0070                     ?_delay:	; 0 bytes @ 0x0
   205                           	global	?_main
   206  0070                     ?_main:	; 0 bytes @ 0x0
   207                           	global	delay@a
   208  0070                     delay@a:	; 2 bytes @ 0x0
   209  0070                     	ds	2
   210                           	global	??_delay
   211  0072                     ??_delay:	; 0 bytes @ 0x2
   212                           	global	?_lcd_cmd
   213  0072                     ?_lcd_cmd:	; 0 bytes @ 0x2
   214                           	global	lcd_cmd@b
   215  0072                     lcd_cmd@b:	; 1 bytes @ 0x2
   216  0072                     	ds	1
   217                           	global	lcd_cmd@c
   218  0073                     lcd_cmd@c:	; 1 bytes @ 0x3
   219  0073                     	ds	1
   220                           	global	??_lcd_cmd
   221  0074                     ??_lcd_cmd:	; 0 bytes @ 0x4
   222                           	global	lcd_cmd@a
   223  0074                     lcd_cmd@a:	; 1 bytes @ 0x4
   224  0074                     	ds	1
   225                           	global	??_main
   226  0075                     ??_main:	; 0 bytes @ 0x5
   227  0075                     	ds	4
   228                           psect	cstackBANK0,class=BANK0,space=1
   229                           global __pcstackBANK0
   230  0020                     __pcstackBANK0:
   231                           	global	main@a
   232  0020                     main@a:	; 20 bytes @ 0x0
   233  0020                     	ds	20
   234                           	global	main@b
   235  0034                     main@b:	; 20 bytes @ 0x14
   236  0034                     	ds	20
   237                           	global	main@i
   238  0048                     main@i:	; 2 bytes @ 0x28
   239  0048                     	ds	2
   240                           	global	main@j
   241  004A                     main@j:	; 2 bytes @ 0x2A
   242  004A                     	ds	2
   243 ;;Data sizes: Strings 0, constant 0, data 40, bss 0, persistent 0 stack 0
   244 ;;Auto spaces:   Size  Autos    Used
   245 ;; COMMON          14      9       9
   246 ;; BANK0           80     44      64
   247 ;; BANK1           80      0      20
   248 ;; BANK3           96      0       0
   249 ;; BANK2           96      0       0
   250                           
   251 ;;
   252 ;; Pointer list with targets:
   253                           
   254                           
   255                           
   256 ;;
   257 ;; Critical Paths under _main in COMMON
   258 ;;
   259 ;;   _main->_lcd_cmd
   260 ;;   _lcd_cmd->_delay
   261 ;;
   262 ;; Critical Paths under _main in BANK0
   263 ;;
   264 ;;   None.
   265 ;;
   266 ;; Critical Paths under _main in BANK1
   267 ;;
   268 ;;   None.
   269 ;;
   270 ;; Critical Paths under _main in BANK3
   271 ;;
   272 ;;   None.
   273 ;;
   274 ;; Critical Paths under _main in BANK2
   275 ;;
   276 ;;   None.
   277                           
   278 ;;
   279 ;;Main: autosize = 0, tempsize = 4, incstack = 0, save=0
   280 ;;
   281                           
   282 ;;
   283 ;;Call Graph Tables:
   284 ;;
   285 ;; ---------------------------------------------------------------------------------
   286 ;; (Depth) Function   	        Calls       Base Space   Used Autos Params    Refs
   287 ;; ---------------------------------------------------------------------------------
   288 ;; (0) _main                                                48    48      0     274
   289 ;;                                              5 COMMON     4     4      0
   290 ;;                                              0 BANK0     44    44      0
   291 ;;                            _lcd_cmd
   292 ;; ---------------------------------------------------------------------------------
   293 ;; (1) _lcd_cmd                                              3     1      2      88
   294 ;;                                              2 COMMON     3     1      2
   295 ;;                              _delay
   296 ;; ---------------------------------------------------------------------------------
   297 ;; (2) _delay                                                2     0      2      22
   298 ;;                                              0 COMMON     2     0      2
   299 ;; ---------------------------------------------------------------------------------
   300 ;; Estimated maximum stack depth 2
   301 ;; ---------------------------------------------------------------------------------
   302                           
   303 ;; Call Graph Graphs:
   304                           
   305 ;; _main (ROOT)
   306 ;;   _lcd_cmd
   307 ;;     _delay
   308 ;;
   309                           
   310 ;; Address spaces:
   311                           
   312 ;;Name               Size   Autos  Total    Cost      Usage
   313 ;;BANK3               60      0       0       9        0.0%
   314 ;;BITBANK3            60      0       0       8        0.0%
   315 ;;SFR3                 0      0       0       4        0.0%
   316 ;;BITSFR3              0      0       0       4        0.0%
   317 ;;BANK2               60      0       0      11        0.0%
   318 ;;BITBANK2            60      0       0      10        0.0%
   319 ;;SFR2                 0      0       0       5        0.0%
   320 ;;BITSFR2              0      0       0       5        0.0%
   321 ;;SFR1                 0      0       0       2        0.0%
   322 ;;BITSFR1              0      0       0       2        0.0%
   323 ;;BANK1               50      0      14       7       25.0%
   324 ;;BITBANK1            50      0       0       6        0.0%
   325 ;;CODE                 0      0       0       0        0.0%
   326 ;;DATA                 0      0      5F      12        0.0%
   327 ;;ABS                  0      0      5D       3        0.0%
   328 ;;NULL                 0      0       0       0        0.0%
   329 ;;STACK                0      0       2       2        0.0%
   330 ;;BANK0               50     2C      40       5       80.0%
   331 ;;BITBANK0            50      0       0       4        0.0%
   332 ;;SFR0                 0      0       0       1        0.0%
   333 ;;BITSFR0              0      0       0       1        0.0%
   334 ;;COMMON               E      9       9       1       64.3%
   335 ;;BITCOMMON            E      0       0       0        0.0%
   336 ;;EEDATA             100      0       0       0        0.0%
   337                           
   338                           	global	_main
   339                           psect	maintext,global,class=CODE,delta=2
   340                           global __pmaintext
   341  0737                     __pmaintext:
   342                           
   343 ;; *************** function _main *****************
   344 ;; Defined at:
   345 ;;		line 25 in file "D:\Embedded\pic\code\software\LCD\lcd_name\lcd_name.c"
   346 ;; Parameters:    Size  Location     Type
   347 ;;		None
   348 ;; Auto vars:     Size  Location     Type
   349 ;;  b              20   20[BANK0 ] unsigned char [20]
   350 ;;  a              20    0[BANK0 ] unsigned char [20]
   351 ;;  j               2   42[BANK0 ] int 
   352 ;;  i               2   40[BANK0 ] int 
   353 ;; Return value:  Size  Location     Type
   354 ;;		None               void
   355 ;; Registers used:
   356 ;;		wreg, fsr0l, fsr0h, status,2, status,0, pclath, cstack
   357 ;; Tracked objects:
   358 ;;		On entry : 17F/0
   359 ;;		On exit  : 0/0
   360 ;;		Unchanged: 0/0
   361 ;; Data sizes:     COMMON   BANK0   BANK1   BANK3   BANK2
   362 ;;      Params:         0       0       0       0       0
   363 ;;      Locals:         0      44       0       0       0
   364 ;;      Temps:          4       0       0       0       0
   365 ;;      Totals:         4      44       0       0       0
   366 ;;Total ram usage:       48 bytes
   367 ;; Hardware stack levels required when called:    2
   368 ;; This function calls:
   369 ;;		_lcd_cmd
   370 ;; This function is called by:
   371 ;;		Startup code after reset
   372 ;; This function uses a non-reentrant model
   373 ;;
   374                           psect	maintext
   375                           	file	"D:\Embedded\pic\code\software\LCD\lcd_name\lcd_name.c"
   376                           	line	25
   377                           	global	__size_of_main
   378  00C9                     	__size_of_main	equ	__end_of_main-_main
   379                           	
   380  0737                     _main:	
   381                           	opt	stack 6
   382                           ; Regs used in _main: [wreg-fsr0h+status,2+status,0+pclath+cstack]
   383                           	line	26
   384                           	
   385  0737                     l2252:	
   386                           ;lcd_name.c: 26: char a[20]="Yogeshkumar";
   387  0737  3020               	movlw	(main@a)&0ffh
   388  0738  0084               	movwf	fsr0
   389  0739  304C               	movlw	low(main@F1694)
   390  073A  00F5               	movwf	(??_main+0)+0
   391  073B  0804               	movf	fsr0,w
   392  073C  00F6               	movwf	((??_main+0)+0+1)
   393  073D  3014               	movlw	20
   394  073E  00F7               	movwf	((??_main+0)+0+2)
   395  073F                     u2280:
   396  073F  0875               	movf	(??_main+0)+0,w
   397  0740  0084               	movwf	fsr0
   398  0741  1383               	bcf	status, 7	;select IRP bank0
   399                           	
   400  0742  0800               	movf	indf,w
   401  0743  00F8               	movwf	((??_main+0)+0+3)
   402  0744  0AF5               	incf	(??_main+0)+0,f
   403  0745  0876               	movf	((??_main+0)+0+1),w
   404  0746  0084               	movwf	fsr0
   405                           	
   406  0747  0878               	movf	((??_main+0)+0+3),w
   407  0748  0080               	movwf	indf
   408  0749  0AF6               	incf	((??_main+0)+0+1),f
   409  074A  0BF7               	decfsz	((??_main+0)+0+2),f
   410  074B  2F3F               	goto	u2280
   411                           	line	27
   412                           ;lcd_name.c: 27: char b[20]="EEE";
   413  074C  3034               	movlw	(main@b)&0ffh
   414  074D  0084               	movwf	fsr0
   415  074E  30A0               	movlw	low(main@F1696)
   416  074F  00F5               	movwf	(??_main+0)+0
   417  0750  0804               	movf	fsr0,w
   418  0751  00F6               	movwf	((??_main+0)+0+1)
   419  0752  3014               	movlw	20
   420  0753  00F7               	movwf	((??_main+0)+0+2)
   421  0754                     u2290:
   422  0754  0875               	movf	(??_main+0)+0,w
   423  0755  0084               	movwf	fsr0
   424  0756  1383               	bcf	status, 7	;select IRP bank1
   425                           	
   426  0757  0800               	movf	indf,w
   427  0758  00F8               	movwf	((??_main+0)+0+3)
   428  0759  0AF5               	incf	(??_main+0)+0,f
   429  075A  0876               	movf	((??_main+0)+0+1),w
   430  075B  0084               	movwf	fsr0
   431                           	
   432  075C  0878               	movf	((??_main+0)+0+3),w
   433  075D  0080               	movwf	indf
   434  075E  0AF6               	incf	((??_main+0)+0+1),f
   435  075F  0BF7               	decfsz	((??_main+0)+0+2),f
   436  0760  2F54               	goto	u2290
   437                           	line	28
   438                           	
   439  0761                     l2254:	
   440                           ;lcd_name.c: 28: int i=0,j=0;
   441  0761  1283               	bcf	status, 5	;RP0=0, select bank0
   442  0762  1303               	bcf	status, 6	;RP1=0, select bank0
   443  0763  01C8               	clrf	(main@i)
   444  0764  01C9               	clrf	(main@i+1)
   445                           	
   446  0765                     l2256:	
   447  0765  01CA               	clrf	(main@j)
   448  0766  01CB               	clrf	(main@j+1)
   449                           	line	30
   450                           	
   451  0767                     l2258:	
   452                           ;lcd_name.c: 30: PORTD=0X00;
   453  0767  0188               	clrf	(8)	;volatile
   454                           	line	31
   455                           	
   456  0768                     l2260:	
   457                           ;lcd_name.c: 31: TRISD=0X00;
   458  0768  1683               	bsf	status, 5	;RP0=1, select bank1
   459  0769  1303               	bcf	status, 6	;RP1=0, select bank1
   460  076A  0188               	clrf	(136)^080h	;volatile
   461                           	line	32
   462                           	
   463  076B                     l2262:	
   464                           ;lcd_name.c: 32: PORTE=0X00;
   465  076B  1283               	bcf	status, 5	;RP0=0, select bank0
   466  076C  1303               	bcf	status, 6	;RP1=0, select bank0
   467  076D  0189               	clrf	(9)	;volatile
   468                           	line	33
   469                           	
   470  076E                     l2264:	
   471                           ;lcd_name.c: 33: TRISE=0X00;
   472  076E  1683               	bsf	status, 5	;RP0=1, select bank1
   473  076F  1303               	bcf	status, 6	;RP1=0, select bank1
   474  0770  0189               	clrf	(137)^080h	;volatile
   475                           	line	34
   476                           	
   477  0771                     l2266:	
   478                           ;lcd_name.c: 34: ANSEL=0X00;
   479  0771  1683               	bsf	status, 5	;RP0=1, select bank3
   480  0772  1703               	bsf	status, 6	;RP1=1, select bank3
   481  0773  0188               	clrf	(392)^0180h	;volatile
   482                           	line	35
   483                           	
   484  0774                     l2268:	
   485                           ;lcd_name.c: 35: ANSELH=0X00;
   486  0774  0189               	clrf	(393)^0180h	;volatile
   487                           	line	36
   488                           	
   489  0775                     l2270:	
   490                           ;lcd_name.c: 36: lcd_cmd(0,0,0X38);
   491  0775  01F2               	clrf	(?_lcd_cmd)
   492  0776  3038               	movlw	(038h)
   493  0777  00F5               	movwf	(??_main+0)+0
   494  0778  0875               	movf	(??_main+0)+0,w
   495  0779  00F3               	movwf	0+(?_lcd_cmd)+01h
   496  077A  3000               	movlw	(0)
   497  077B  120A  118A  2709   	fcall	_lcd_cmd
              120A  118A         
   498                           	line	37
   499                           	
   500  0780                     l2272:	
   501                           ;lcd_name.c: 37: lcd_cmd(0,0,0X0F);
   502  0780  01F2               	clrf	(?_lcd_cmd)
   503  0781  300F               	movlw	(0Fh)
   504  0782  00F5               	movwf	(??_main+0)+0
   505  0783  0875               	movf	(??_main+0)+0,w
   506  0784  00F3               	movwf	0+(?_lcd_cmd)+01h
   507  0785  3000               	movlw	(0)
   508  0786  120A  118A  2709   	fcall	_lcd_cmd
              120A  118A         
   509  078B  2F8C               	goto	l2274
   510                           	line	38
   511                           ;lcd_name.c: 38: while(1)
   512                           	
   513  078C                     l1038:	
   514                           	line	40
   515                           	
   516  078C                     l2274:	
   517                           ;lcd_name.c: 39: {
   518                           ;lcd_name.c: 40: lcd_cmd(0,0,0X80);
   519  078C  01F2               	clrf	(?_lcd_cmd)
   520  078D  3080               	movlw	(080h)
   521  078E  00F5               	movwf	(??_main+0)+0
   522  078F  0875               	movf	(??_main+0)+0,w
   523  0790  00F3               	movwf	0+(?_lcd_cmd)+01h
   524  0791  3000               	movlw	(0)
   525  0792  120A  118A  2709   	fcall	_lcd_cmd
              120A  118A         
   526                           	line	41
   527                           ;lcd_name.c: 41: while(a[i]!='\0')
   528  0797  2FB2               	goto	l2280
   529                           	
   530  0798                     l1040:	
   531                           	line	43
   532                           	
   533  0798                     l2276:	
   534                           ;lcd_name.c: 42: {
   535                           ;lcd_name.c: 43: lcd_cmd(1,0,a[i]);
   536  0798  01F2               	clrf	(?_lcd_cmd)
   537  0799  1283               	bcf	status, 5	;RP0=0, select bank0
   538  079A  1303               	bcf	status, 6	;RP1=0, select bank0
   539  079B  0848               	movf	(main@i),w
   540  079C  3E20               	addlw	main@a&0ffh
   541  079D  0084               	movwf	fsr0
   542  079E  1383               	bcf	status, 7	;select IRP bank0
   543  079F  0800               	movf	indf,w
   544  07A0  00F5               	movwf	(??_main+0)+0
   545  07A1  0875               	movf	(??_main+0)+0,w
   546  07A2  00F3               	movwf	0+(?_lcd_cmd)+01h
   547  07A3  3001               	movlw	(01h)
   548  07A4  120A  118A  2709   	fcall	_lcd_cmd
              120A  118A         
   549                           	line	44
   550                           	
   551  07A9                     l2278:	
   552                           ;lcd_name.c: 44: i++;
   553  07A9  3001               	movlw	low(01h)
   554  07AA  1283               	bcf	status, 5	;RP0=0, select bank0
   555  07AB  1303               	bcf	status, 6	;RP1=0, select bank0
   556  07AC  07C8               	addwf	(main@i),f
   557  07AD  1803               	skipnc
   558  07AE  0AC9               	incf	(main@i+1),f
   559  07AF  3000               	movlw	high(01h)
   560  07B0  07C9               	addwf	(main@i+1),f
   561  07B1  2FB2               	goto	l2280
   562                           	line	45
   563                           	
   564  07B2                     l1039:	
   565                           	line	41
   566                           	
   567  07B2                     l2280:	
   568  07B2  1283               	bcf	status, 5	;RP0=0, select bank0
   569  07B3  1303               	bcf	status, 6	;RP1=0, select bank0
   570  07B4  0848               	movf	(main@i),w
   571  07B5  3E20               	addlw	main@a&0ffh
   572  07B6  0084               	movwf	fsr0
   573  07B7  1383               	bcf	status, 7	;select IRP bank0
   574  07B8  0880               	movf	indf,f
   575  07B9  1D03               	skipz
   576  07BA  2FBC               	goto	u2301
   577  07BB  2FBD               	goto	u2300
   578  07BC                     u2301:
   579  07BC  2F98               	goto	l2276
   580  07BD                     u2300:
   581  07BD  2FBE               	goto	l2282
   582                           	
   583  07BE                     l1041:	
   584                           	line	46
   585                           	
   586  07BE                     l2282:	
   587                           ;lcd_name.c: 45: }
   588                           ;lcd_name.c: 46: lcd_cmd(0,0,0X18);
   589  07BE  01F2               	clrf	(?_lcd_cmd)
   590  07BF  3018               	movlw	(018h)
   591  07C0  00F5               	movwf	(??_main+0)+0
   592  07C1  0875               	movf	(??_main+0)+0,w
   593  07C2  00F3               	movwf	0+(?_lcd_cmd)+01h
   594  07C3  3000               	movlw	(0)
   595  07C4  120A  118A  2709   	fcall	_lcd_cmd
              120A  118A         
   596                           	line	47
   597                           ;lcd_name.c: 47: lcd_cmd(0,0,0XC0);
   598  07C9  01F2               	clrf	(?_lcd_cmd)
   599  07CA  30C0               	movlw	(0C0h)
   600  07CB  00F5               	movwf	(??_main+0)+0
   601  07CC  0875               	movf	(??_main+0)+0,w
   602  07CD  00F3               	movwf	0+(?_lcd_cmd)+01h
   603  07CE  3000               	movlw	(0)
   604  07CF  120A  118A  2709   	fcall	_lcd_cmd
              120A  118A         
   605                           	line	48
   606                           ;lcd_name.c: 48: while(b[j]!='\0')
   607  07D4  2FEF               	goto	l2288
   608                           	
   609  07D5                     l1043:	
   610                           	line	50
   611                           	
   612  07D5                     l2284:	
   613                           ;lcd_name.c: 49: {
   614                           ;lcd_name.c: 50: lcd_cmd(1,0,b[j]);
   615  07D5  01F2               	clrf	(?_lcd_cmd)
   616  07D6  1283               	bcf	status, 5	;RP0=0, select bank0
   617  07D7  1303               	bcf	status, 6	;RP1=0, select bank0
   618  07D8  084A               	movf	(main@j),w
   619  07D9  3E34               	addlw	main@b&0ffh
   620  07DA  0084               	movwf	fsr0
   621  07DB  1383               	bcf	status, 7	;select IRP bank0
   622  07DC  0800               	movf	indf,w
   623  07DD  00F5               	movwf	(??_main+0)+0
   624  07DE  0875               	movf	(??_main+0)+0,w
   625  07DF  00F3               	movwf	0+(?_lcd_cmd)+01h
   626  07E0  3001               	movlw	(01h)
   627  07E1  120A  118A  2709   	fcall	_lcd_cmd
              120A  118A         
   628                           	line	51
   629                           	
   630  07E6                     l2286:	
   631                           ;lcd_name.c: 51: j++;
   632  07E6  3001               	movlw	low(01h)
   633  07E7  1283               	bcf	status, 5	;RP0=0, select bank0
   634  07E8  1303               	bcf	status, 6	;RP1=0, select bank0
   635  07E9  07CA               	addwf	(main@j),f
   636  07EA  1803               	skipnc
   637  07EB  0ACB               	incf	(main@j+1),f
   638  07EC  3000               	movlw	high(01h)
   639  07ED  07CB               	addwf	(main@j+1),f
   640  07EE  2FEF               	goto	l2288
   641                           	line	52
   642                           	
   643  07EF                     l1042:	
   644                           	line	48
   645                           	
   646  07EF                     l2288:	
   647  07EF  1283               	bcf	status, 5	;RP0=0, select bank0
   648  07F0  1303               	bcf	status, 6	;RP1=0, select bank0
   649  07F1  084A               	movf	(main@j),w
   650  07F2  3E34               	addlw	main@b&0ffh
   651  07F3  0084               	movwf	fsr0
   652  07F4  1383               	bcf	status, 7	;select IRP bank0
   653  07F5  0880               	movf	indf,f
   654  07F6  1D03               	skipz
   655  07F7  2FF9               	goto	u2311
   656  07F8  2FFA               	goto	u2310
   657  07F9                     u2311:
   658  07F9  2FD5               	goto	l2284
   659  07FA                     u2310:
   660  07FA  2F8C               	goto	l2274
   661                           	
   662  07FB                     l1044:	
   663  07FB  2F8C               	goto	l2274
   664                           	line	54
   665                           	
   666  07FC                     l1045:	
   667                           	line	38
   668  07FC  2F8C               	goto	l2274
   669                           	
   670  07FD                     l1046:	
   671                           	line	55
   672                           	
   673  07FD                     l1047:	
   674                           	global	start
   675  07FD  120A  118A  2800   	ljmp	start
   676                           	opt stack 0
   677                           GLOBAL	__end_of_main
   678  0800                     	__end_of_main:
   679 ;; =============== function _main ends ============
   680                           
   681                           	signat	_main,88
   682                           	global	_lcd_cmd
   683                           psect	text97,local,class=CODE,delta=2
   684                           global __ptext97
   685  0709                     __ptext97:
   686                           
   687 ;; *************** function _lcd_cmd *****************
   688 ;; Defined at:
   689 ;;		line 15 in file "D:\Embedded\pic\code\software\LCD\lcd_name\lcd_name.c"
   690 ;; Parameters:    Size  Location     Type
   691 ;;  a               1    wreg     unsigned char 
   692 ;;  b               1    2[COMMON] unsigned char 
   693 ;;  c               1    3[COMMON] unsigned char 
   694 ;; Auto vars:     Size  Location     Type
   695 ;;  a               1    4[COMMON] unsigned char 
   696 ;; Return value:  Size  Location     Type
   697 ;;		None               void
   698 ;; Registers used:
   699 ;;		wreg, status,2, status,0, pclath, cstack
   700 ;; Tracked objects:
   701 ;;		On entry : 0/0
   702 ;;		On exit  : 0/0
   703 ;;		Unchanged: 0/0
   704 ;; Data sizes:     COMMON   BANK0   BANK1   BANK3   BANK2
   705 ;;      Params:         2       0       0       0       0
   706 ;;      Locals:         1       0       0       0       0
   707 ;;      Temps:          0       0       0       0       0
   708 ;;      Totals:         3       0       0       0       0
   709 ;;Total ram usage:        3 bytes
   710 ;; Hardware stack levels used:    1
   711 ;; Hardware stack levels required when called:    1
   712 ;; This function calls:
   713 ;;		_delay
   714 ;; This function is called by:
   715 ;;		_main
   716 ;; This function uses a non-reentrant model
   717 ;;
   718                           psect	text97
   719                           	file	"D:\Embedded\pic\code\software\LCD\lcd_name\lcd_name.c"
   720                           	line	15
   721                           	global	__size_of_lcd_cmd
   722  002E                     	__size_of_lcd_cmd	equ	__end_of_lcd_cmd-_lcd_cmd
   723                           	
   724  0709                     _lcd_cmd:	
   725                           	opt	stack 6
   726                           ; Regs used in _lcd_cmd: [wreg+status,2+status,0+pclath+cstack]
   727                           ;lcd_cmd@a stored from wreg
   728  0709  00F4               	movwf	(lcd_cmd@a)
   729                           	line	16
   730                           	
   731  070A                     l2240:	
   732                           ;lcd_name.c: 16: RE0=a;
   733  070A  1874               	btfsc	(lcd_cmd@a),0
   734  070B  2F0D               	goto	u2241
   735  070C  2F11               	goto	u2240
   736                           	
   737  070D                     u2241:
   738  070D  1283               	bcf	status, 5	;RP0=0, select bank0
   739  070E  1303               	bcf	status, 6	;RP1=0, select bank0
   740  070F  1409               	bsf	(72/8),(72)&7
   741  0710  2F14               	goto	u2254
   742  0711                     u2240:
   743  0711  1283               	bcf	status, 5	;RP0=0, select bank0
   744  0712  1303               	bcf	status, 6	;RP1=0, select bank0
   745  0713  1009               	bcf	(72/8),(72)&7
   746  0714                     u2254:
   747                           	line	17
   748                           ;lcd_name.c: 17: RE1=b;
   749  0714  1872               	btfsc	(lcd_cmd@b),0
   750  0715  2F17               	goto	u2261
   751  0716  2F1B               	goto	u2260
   752                           	
   753  0717                     u2261:
   754  0717  1283               	bcf	status, 5	;RP0=0, select bank0
   755  0718  1303               	bcf	status, 6	;RP1=0, select bank0
   756  0719  1489               	bsf	(73/8),(73)&7
   757  071A  2F1E               	goto	u2274
   758  071B                     u2260:
   759  071B  1283               	bcf	status, 5	;RP0=0, select bank0
   760  071C  1303               	bcf	status, 6	;RP1=0, select bank0
   761  071D  1089               	bcf	(73/8),(73)&7
   762  071E                     u2274:
   763                           	line	18
   764                           	
   765  071E                     l2242:	
   766                           ;lcd_name.c: 18: PORTD=c;
   767  071E  0873               	movf	(lcd_cmd@c),w
   768  071F  0088               	movwf	(8)	;volatile
   769                           	line	19
   770                           	
   771  0720                     l2244:	
   772                           ;lcd_name.c: 19: RE2=1;
   773  0720  1509               	bsf	(74/8),(74)&7
   774                           	line	20
   775                           	
   776  0721                     l2246:	
   777                           ;lcd_name.c: 20: delay(2000);
   778  0721  30D0               	movlw	low(07D0h)
   779  0722  00F0               	movwf	(?_delay)
   780  0723  3007               	movlw	high(07D0h)
   781  0724  00F1               	movwf	((?_delay))+1
   782  0725  120A  118A  26AE   	fcall	_delay
              120A  118A         
   783                           	line	21
   784                           	
   785  072A                     l2248:	
   786                           ;lcd_name.c: 21: RE2=0;
   787  072A  1283               	bcf	status, 5	;RP0=0, select bank0
   788  072B  1303               	bcf	status, 6	;RP1=0, select bank0
   789  072C  1109               	bcf	(74/8),(74)&7
   790                           	line	22
   791                           	
   792  072D                     l2250:	
   793                           ;lcd_name.c: 22: delay(2000);
   794  072D  30D0               	movlw	low(07D0h)
   795  072E  00F0               	movwf	(?_delay)
   796  072F  3007               	movlw	high(07D0h)
   797  0730  00F1               	movwf	((?_delay))+1
   798  0731  120A  118A  26AE   	fcall	_delay
              120A  118A         
   799                           	line	23
   800                           	
   801  0736                     l1031:	
   802  0736  0008               	return
   803                           	opt stack 0
   804                           GLOBAL	__end_of_lcd_cmd
   805  0737                     	__end_of_lcd_cmd:
   806 ;; =============== function _lcd_cmd ends ============
   807                           
   808                           	signat	_lcd_cmd,12408
   809                           	global	_delay
   810                           psect	text98,local,class=CODE,delta=2
   811                           global __ptext98
   812  06AE                     __ptext98:
   813                           
   814 ;; *************** function _delay *****************
   815 ;; Defined at:
   816 ;;		line 11 in file "D:\Embedded\pic\code\software\LCD\lcd_name\lcd_name.c"
   817 ;; Parameters:    Size  Location     Type
   818 ;;  a               2    0[COMMON] unsigned int 
   819 ;; Auto vars:     Size  Location     Type
   820 ;;		None
   821 ;; Return value:  Size  Location     Type
   822 ;;		None               void
   823 ;; Registers used:
   824 ;;		wreg
   825 ;; Tracked objects:
   826 ;;		On entry : 0/0
   827 ;;		On exit  : 0/0
   828 ;;		Unchanged: 0/0
   829 ;; Data sizes:     COMMON   BANK0   BANK1   BANK3   BANK2
   830 ;;      Params:         2       0       0       0       0
   831 ;;      Locals:         0       0       0       0       0
   832 ;;      Temps:          0       0       0       0       0
   833 ;;      Totals:         2       0       0       0       0
   834 ;;Total ram usage:        2 bytes
   835 ;; Hardware stack levels used:    1
   836 ;; This function calls:
   837 ;;		Nothing
   838 ;; This function is called by:
   839 ;;		_lcd_cmd
   840 ;; This function uses a non-reentrant model
   841 ;;
   842                           psect	text98
   843                           	file	"D:\Embedded\pic\code\software\LCD\lcd_name\lcd_name.c"
   844                           	line	11
   845                           	global	__size_of_delay
   846  0014                     	__size_of_delay	equ	__end_of_delay-_delay
   847                           	
   848  06AE                     _delay:	
   849                           	opt	stack 6
   850                           ; Regs used in _delay: [wreg]
   851                           	line	12
   852                           	
   853  06AE                     l2236:	
   854                           ;lcd_name.c: 12: while(a--);
   855  06AE  2EB0               	goto	l2238
   856                           	
   857  06AF                     l1026:	
   858  06AF  2EB0               	goto	l2238
   859                           	
   860  06B0                     l1025:	
   861                           	
   862  06B0                     l2238:	
   863  06B0  3001               	movlw	low(01h)
   864  06B1  02F0               	subwf	(delay@a),f
   865  06B2  3000               	movlw	high(01h)
   866  06B3  1C03               	skipc
   867  06B4  03F1               	decf	(delay@a+1),f
   868  06B5  02F1               	subwf	(delay@a+1),f
   869  06B6  30FF               	movlw	high(0FFFFh)
   870  06B7  0671               	xorwf	((delay@a+1)),w
   871  06B8  1D03               	skipz
   872  06B9  2EBC               	goto	u2235
   873  06BA  30FF               	movlw	low(0FFFFh)
   874  06BB  0670               	xorwf	((delay@a)),w
   875  06BC                     u2235:
   876                           
   877  06BC  1D03               	skipz
   878  06BD  2EBF               	goto	u2231
   879  06BE  2EC0               	goto	u2230
   880  06BF                     u2231:
   881  06BF  2EB0               	goto	l2238
   882  06C0                     u2230:
   883  06C0  2EC1               	goto	l1028
   884                           	
   885  06C1                     l1027:	
   886                           	line	13
   887                           	
   888  06C1                     l1028:	
   889  06C1  0008               	return
   890                           	opt stack 0
   891                           GLOBAL	__end_of_delay
   892  06C2                     	__end_of_delay:
   893 ;; =============== function _delay ends ============
   894                           
   895                           	signat	_delay,4216
   896                           psect	text99,local,class=CODE,delta=2
   897                           global __ptext99
   898  0000                     __ptext99:
   899                           	global	btemp
   900  007E                     	btemp set 07Eh
   901                           
   902                           	DABS	1,126,2	;btemp
   903                           	global	wtemp0
   904  007E                     	wtemp0 set btemp


HI-TECH Software PICC Macro Assembler V9.81 build 7503 
Symbol Table                                                                                   Thu Apr 14 22:19:56 2022

                   pc 0002                    fsr 0004                   _RE0 0048                   _RE1 0049  
                 _RE2 004A                   fsr0 0004                   indf 0000                  l1031 0736  
                l1040 0798                  l1025 06B0                  l1041 07BE                  l1026 06AF  
                l1042 07EF                  l1027 06C1                  l1043 07D5                  l1028 06C1  
                l1044 07FB                  l1045 07FC                  l1046 07FD                  l1038 078C  
                l1047 07FD                  l1039 07B2                  l2240 070A                  l2250 072D  
                l2242 071E                  l2236 06AE                  l2244 0720                  l2260 0768  
                l2252 0737                  l2238 06B0                  l2246 0721                  l2270 0775  
                l2262 076B                  l2254 0761                  l2248 072A                  l2280 07B2  
                l2272 0780                  l2264 076E                  l2256 0765                  l2282 07BE  
                l2274 078C                  l2266 0771                  l2258 0767                  l2284 07D5  
                l2276 0798                  l2268 0774                  l2286 07E6                  l2278 07A9  
                l2288 07EF                  u2300 07BD                  u2301 07BC                  u2230 06C0  
                u2310 07FA                  u2231 06BF                  u2311 07F9                  u2240 0711  
                u2241 070D                  u2235 06BC                  u2260 071B                  u2261 0717  
                u2254 0714                  u2280 073F                  u2274 071E                  u2290 0754  
                _main 0737                  btemp 007E                  start 0000                 ?_main 0070  
               _ANSEL 0188                 _PORTD 0008                 _PORTE 0009                 _TRISD 0088  
               _TRISE 0089       __end_of_lcd_cmd 0737                 _delay 06AE                 main@a 0020  
               main@b 0034                 main@i 0048                 main@j 004A                 pclath 000A  
               status 0003                 wtemp0 007E          __end_of_main 0800                ??_main 0075  
              ?_delay 0070                _ANSELH 0189                delay@a 0070             ??_lcd_cmd 0074  
      __pcstackCOMMON 0070          __pidataBANK0 06D6          __pidataBANK1 06C2         __end_of_delay 06C2  
             ??_delay 0072            __pmaintext 0737               _lcd_cmd 0709  end_of_initialization 0705  
             init_ram 06A1   start_initialization 06EA           __pdataBANK0 004C           __pdataBANK1 00A0  
       __pcstackBANK0 0020              ?_lcd_cmd 0072        __size_of_delay 0014             main@F1694 004C  
           main@F1696 00A0             init_fetch 069D      __size_of_lcd_cmd 002E              __ptext97 0709  
            __ptext98 06AE              __ptext99 0000         __size_of_main 00C9              lcd_cmd@a 0074  
            lcd_cmd@b 0072              lcd_cmd@c 0073  
