

HI-TECH Software PIC LITE Macro Assembler V9.81 build 7503 
                                                                                               Tue Apr 12 19:23:52 2022

HI-TECH Software Omniscient Code Generator (Lite mode) build 7503
     1  0000                     opt subtitle "HI-TECH Software Omniscient Code Generator (Lite mode) build 7503"
     2                           
     3                           opt pagewidth 120
     4                           
     5                           	opt lm
     6                           
     7                           	processor	16F887
     8                           clrc	macro
     9                           	bcf	3,0
    10  0000                     	endm
    11                           clrz	macro
    12                           	bcf	3,2
    13  0000                     	endm
    14                           setc	macro
    15                           	bsf	3,0
    16  0000                     	endm
    17                           setz	macro
    18                           	bsf	3,2
    19  0000                     	endm
    20                           skipc	macro
    21                           	btfss	3,0
    22  0000                     	endm
    23                           skipz	macro
    24                           	btfss	3,2
    25  0000                     	endm
    26                           skipnc	macro
    27                           	btfsc	3,0
    28  0000                     	endm
    29                           skipnz	macro
    30                           	btfsc	3,2
    31  0000                     	endm
    32  0000                     indf	equ	0
    33  0000                     indf0	equ	0
    34  0002                     pc	equ	2
    35  0002                     pcl	equ	2
    36  0003                     status	equ	3
    37  0004                     fsr	equ	4
    38  0004                     fsr0	equ	4
    39  0001                     c	equ	1
    40  0000                     z	equ	0
    41  000A                     pclath	equ	10
    42                           	FNCALL	_main,_delay
    43                           	FNROOT	_main
    44                           	global	_PORTA
    45                           psect	maintext,global,class=CODE,delta=2
    46                           global __pmaintext
    47  07A5                     __pmaintext:
    48  0005                     _PORTA	set	5
    49                           	global	_TRISA
    50  0085                     _TRISA	set	133
    51                           	global	_ANSEL
    52  0188                     _ANSEL	set	392
    53                           	global	_ANSELH
    54  0189                     _ANSELH	set	393
    55                           	file	"mclr.as"
    56                           	line	#
    57                           psect cinit,class=CODE,delta=2
    58                           global start_initialization
    59  078D                     start_initialization:
    60                           
    61                           psect cinit,class=CODE,delta=2
    62                           global end_of_initialization
    63                           
    64                           ;End of C runtime variable initialization code
    65                           
    66  078D                     end_of_initialization:
    67  078D  0183               clrf status
    68  078E  120A  118A  2FA5   ljmp _main	;jump to C main() function
    69                           psect	cstackCOMMON,class=COMMON,space=1
    70                           global __pcstackCOMMON
    71  0070                     __pcstackCOMMON:
    72                           	global	?_delay
    73  0070                     ?_delay:	; 0 bytes @ 0x0
    74                           	global	?_main
    75  0070                     ?_main:	; 0 bytes @ 0x0
    76                           	global	delay@a
    77  0070                     delay@a:	; 2 bytes @ 0x0
    78  0070                     	ds	2
    79                           	global	??_delay
    80  0072                     ??_delay:	; 0 bytes @ 0x2
    81                           	global	??_main
    82  0072                     ??_main:	; 0 bytes @ 0x2
    83 ;;Data sizes: Strings 0, constant 0, data 0, bss 0, persistent 0 stack 0
    84 ;;Auto spaces:   Size  Autos    Used
    85 ;; COMMON          14      2       2
    86 ;; BANK0           80      0       0
    87 ;; BANK1           80      0       0
    88 ;; BANK3           96      0       0
    89 ;; BANK2           96      0       0
    90                           
    91 ;;
    92 ;; Pointer list with targets:
    93                           
    94                           
    95                           
    96 ;;
    97 ;; Critical Paths under _main in COMMON
    98 ;;
    99 ;;   _main->_delay
   100 ;;
   101 ;; Critical Paths under _main in BANK0
   102 ;;
   103 ;;   None.
   104 ;;
   105 ;; Critical Paths under _main in BANK1
   106 ;;
   107 ;;   None.
   108 ;;
   109 ;; Critical Paths under _main in BANK3
   110 ;;
   111 ;;   None.
   112 ;;
   113 ;; Critical Paths under _main in BANK2
   114 ;;
   115 ;;   None.
   116                           
   117 ;;
   118 ;;Main: autosize = 0, tempsize = 0, incstack = 0, save=0
   119 ;;
   120                           
   121 ;;
   122 ;;Call Graph Tables:
   123 ;;
   124 ;; ---------------------------------------------------------------------------------
   125 ;; (Depth) Function   	        Calls       Base Space   Used Autos Params    Refs
   126 ;; ---------------------------------------------------------------------------------
   127 ;; (0) _main                                                 0     0      0      15
   128 ;;                              _delay
   129 ;; ---------------------------------------------------------------------------------
   130 ;; (1) _delay                                                2     0      2      15
   131 ;;                                              0 COMMON     2     0      2
   132 ;; ---------------------------------------------------------------------------------
   133 ;; Estimated maximum stack depth 1
   134 ;; ---------------------------------------------------------------------------------
   135                           
   136 ;; Call Graph Graphs:
   137                           
   138 ;; _main (ROOT)
   139 ;;   _delay
   140 ;;
   141                           
   142 ;; Address spaces:
   143                           
   144 ;;Name               Size   Autos  Total    Cost      Usage
   145 ;;BITCOMMON            E      0       0       0        0.0%
   146 ;;EEDATA             100      0       0       0        0.0%
   147 ;;NULL                 0      0       0       0        0.0%
   148 ;;CODE                 0      0       0       0        0.0%
   149 ;;COMMON               E      2       2       1       14.3%
   150 ;;BITSFR0              0      0       0       1        0.0%
   151 ;;SFR0                 0      0       0       1        0.0%
   152 ;;BITSFR1              0      0       0       2        0.0%
   153 ;;SFR1                 0      0       0       2        0.0%
   154 ;;STACK                0      0       1       2        0.0%
   155 ;;ABS                  0      0       0       3        0.0%
   156 ;;BITBANK0            50      0       0       4        0.0%
   157 ;;BITSFR3              0      0       0       4        0.0%
   158 ;;SFR3                 0      0       0       4        0.0%
   159 ;;BANK0               50      0       0       5        0.0%
   160 ;;BITSFR2              0      0       0       5        0.0%
   161 ;;SFR2                 0      0       0       5        0.0%
   162 ;;BITBANK1            50      0       0       6        0.0%
   163 ;;BANK1               50      0       0       7        0.0%
   164 ;;BITBANK3            60      0       0       8        0.0%
   165 ;;BANK3               60      0       0       9        0.0%
   166 ;;BITBANK2            60      0       0      10        0.0%
   167 ;;BANK2               60      0       0      11        0.0%
   168 ;;DATA                 0      0       0      12        0.0%
   169                           
   170                           	global	_main
   171                           psect	maintext
   172                           
   173 ;; *************** function _main *****************
   174 ;; Defined at:
   175 ;;		line 7 in file "D:\Embedded\pic\code\software\MCLR\mclr.c"
   176 ;; Parameters:    Size  Location     Type
   177 ;;		None
   178 ;; Auto vars:     Size  Location     Type
   179 ;;		None
   180 ;; Return value:  Size  Location     Type
   181 ;;		None               void
   182 ;; Registers used:
   183 ;;		wreg, status,2, status,0, pclath, cstack
   184 ;; Tracked objects:
   185 ;;		On entry : 17F/0
   186 ;;		On exit  : 0/0
   187 ;;		Unchanged: 0/0
   188 ;; Data sizes:     COMMON   BANK0   BANK1   BANK3   BANK2
   189 ;;      Params:         0       0       0       0       0
   190 ;;      Locals:         0       0       0       0       0
   191 ;;      Temps:          0       0       0       0       0
   192 ;;      Totals:         0       0       0       0       0
   193 ;;Total ram usage:        0 bytes
   194 ;; Hardware stack levels required when called:    1
   195 ;; This function calls:
   196 ;;		_delay
   197 ;; This function is called by:
   198 ;;		Startup code after reset
   199 ;; This function uses a non-reentrant model
   200 ;;
   201                           psect	maintext
   202                           	file	"D:\Embedded\pic\code\software\MCLR\mclr.c"
   203                           	line	7
   204                           	global	__size_of_main
   205  005B                     	__size_of_main	equ	__end_of_main-_main
   206                           	
   207  07A5                     _main:	
   208                           	opt	stack 7
   209                           ; Regs used in _main: [wreg+status,2+status,0+pclath+cstack]
   210                           	line	8
   211                           	
   212  07A5                     l2173:	
   213                           ;mclr.c: 8: PORTA=0X00;
   214  07A5  1283               	bcf	status, 5	;RP0=0, select bank0
   215  07A6  1303               	bcf	status, 6	;RP1=0, select bank0
   216  07A7  0185               	clrf	(5)	;volatile
   217                           	line	9
   218                           ;mclr.c: 9: TRISA=0X00;
   219  07A8  1683               	bsf	status, 5	;RP0=1, select bank1
   220  07A9  1303               	bcf	status, 6	;RP1=0, select bank1
   221  07AA  0185               	clrf	(133)^080h	;volatile
   222                           	line	10
   223                           ;mclr.c: 10: ANSEL=0X00;
   224  07AB  1683               	bsf	status, 5	;RP0=1, select bank3
   225  07AC  1703               	bsf	status, 6	;RP1=1, select bank3
   226  07AD  0188               	clrf	(392)^0180h	;volatile
   227                           	line	11
   228                           ;mclr.c: 11: ANSELH=0X00;
   229  07AE  0189               	clrf	(393)^0180h	;volatile
   230  07AF  2FB0               	goto	l2175
   231                           	line	12
   232                           ;mclr.c: 12: while(1)
   233                           	
   234  07B0                     l1031:	
   235                           	line	14
   236                           	
   237  07B0                     l2175:	
   238                           ;mclr.c: 13: {
   239                           ;mclr.c: 14: PORTA=0X01;
   240  07B0  3001               	movlw	(01h)
   241  07B1  1283               	bcf	status, 5	;RP0=0, select bank0
   242  07B2  1303               	bcf	status, 6	;RP1=0, select bank0
   243  07B3  0085               	movwf	(5)	;volatile
   244                           	line	15
   245                           	
   246  07B4                     l2177:	
   247                           ;mclr.c: 15: delay(65000);
   248  07B4  30E8               	movlw	low(0FDE8h)
   249  07B5  00F0               	movwf	(?_delay)
   250  07B6  30FD               	movlw	high(0FDE8h)
   251  07B7  00F1               	movwf	((?_delay))+1
   252  07B8  120A  118A  2791   	fcall	_delay
              120A  118A         
   253                           	line	16
   254                           	
   255  07BD                     l2179:	
   256                           ;mclr.c: 16: PORTA=0X00;
   257  07BD  1283               	bcf	status, 5	;RP0=0, select bank0
   258  07BE  1303               	bcf	status, 6	;RP1=0, select bank0
   259  07BF  0185               	clrf	(5)	;volatile
   260                           	line	17
   261                           	
   262  07C0                     l2181:	
   263                           ;mclr.c: 17: delay(65000);
   264  07C0  30E8               	movlw	low(0FDE8h)
   265  07C1  00F0               	movwf	(?_delay)
   266  07C2  30FD               	movlw	high(0FDE8h)
   267  07C3  00F1               	movwf	((?_delay))+1
   268  07C4  120A  118A  2791   	fcall	_delay
              120A  118A         
   269                           	line	18
   270                           ;mclr.c: 18: PORTA=0X02;
   271  07C9  3002               	movlw	(02h)
   272  07CA  1283               	bcf	status, 5	;RP0=0, select bank0
   273  07CB  1303               	bcf	status, 6	;RP1=0, select bank0
   274  07CC  0085               	movwf	(5)	;volatile
   275                           	line	19
   276                           	
   277  07CD                     l2183:	
   278                           ;mclr.c: 19: delay(65000);
   279  07CD  30E8               	movlw	low(0FDE8h)
   280  07CE  00F0               	movwf	(?_delay)
   281  07CF  30FD               	movlw	high(0FDE8h)
   282  07D0  00F1               	movwf	((?_delay))+1
   283  07D1  120A  118A  2791   	fcall	_delay
              120A  118A         
   284                           	line	20
   285                           	
   286  07D6                     l2185:	
   287                           ;mclr.c: 20: PORTA=0X00;
   288  07D6  1283               	bcf	status, 5	;RP0=0, select bank0
   289  07D7  1303               	bcf	status, 6	;RP1=0, select bank0
   290  07D8  0185               	clrf	(5)	;volatile
   291                           	line	21
   292                           	
   293  07D9                     l2187:	
   294                           ;mclr.c: 21: delay(65000);
   295  07D9  30E8               	movlw	low(0FDE8h)
   296  07DA  00F0               	movwf	(?_delay)
   297  07DB  30FD               	movlw	high(0FDE8h)
   298  07DC  00F1               	movwf	((?_delay))+1
   299  07DD  120A  118A  2791   	fcall	_delay
              120A  118A         
   300                           	line	22
   301                           	
   302  07E2                     l2189:	
   303                           ;mclr.c: 22: PORTA=0X04;
   304  07E2  3004               	movlw	(04h)
   305  07E3  1283               	bcf	status, 5	;RP0=0, select bank0
   306  07E4  1303               	bcf	status, 6	;RP1=0, select bank0
   307  07E5  0085               	movwf	(5)	;volatile
   308                           	line	23
   309                           	
   310  07E6                     l2191:	
   311                           ;mclr.c: 23: delay(65000);
   312  07E6  30E8               	movlw	low(0FDE8h)
   313  07E7  00F0               	movwf	(?_delay)
   314  07E8  30FD               	movlw	high(0FDE8h)
   315  07E9  00F1               	movwf	((?_delay))+1
   316  07EA  120A  118A  2791   	fcall	_delay
              120A  118A         
   317                           	line	24
   318                           	
   319  07EF                     l2193:	
   320                           ;mclr.c: 24: PORTA=0X00;
   321  07EF  1283               	bcf	status, 5	;RP0=0, select bank0
   322  07F0  1303               	bcf	status, 6	;RP1=0, select bank0
   323  07F1  0185               	clrf	(5)	;volatile
   324                           	line	25
   325                           ;mclr.c: 25: delay(65000);
   326  07F2  30E8               	movlw	low(0FDE8h)
   327  07F3  00F0               	movwf	(?_delay)
   328  07F4  30FD               	movlw	high(0FDE8h)
   329  07F5  00F1               	movwf	((?_delay))+1
   330  07F6  120A  118A  2791   	fcall	_delay
              120A  118A         
   331  07FB  2FB0               	goto	l2175
   332                           	line	26
   333                           	
   334  07FC                     l1032:	
   335                           	line	12
   336  07FC  2FB0               	goto	l2175
   337                           	
   338  07FD                     l1033:	
   339                           	line	27
   340                           	
   341  07FD                     l1034:	
   342                           	global	start
   343  07FD  120A  118A  2800   	ljmp	start
   344                           	opt stack 0
   345                           GLOBAL	__end_of_main
   346  0800                     	__end_of_main:
   347 ;; =============== function _main ends ============
   348                           
   349                           	signat	_main,88
   350                           	global	_delay
   351                           psect	text55,local,class=CODE,delta=2
   352                           global __ptext55
   353  0791                     __ptext55:
   354                           
   355 ;; *************** function _delay *****************
   356 ;; Defined at:
   357 ;;		line 3 in file "D:\Embedded\pic\code\software\MCLR\mclr.c"
   358 ;; Parameters:    Size  Location     Type
   359 ;;  a               2    0[COMMON] unsigned int 
   360 ;; Auto vars:     Size  Location     Type
   361 ;;		None
   362 ;; Return value:  Size  Location     Type
   363 ;;		None               void
   364 ;; Registers used:
   365 ;;		wreg
   366 ;; Tracked objects:
   367 ;;		On entry : 0/0
   368 ;;		On exit  : 0/0
   369 ;;		Unchanged: 0/0
   370 ;; Data sizes:     COMMON   BANK0   BANK1   BANK3   BANK2
   371 ;;      Params:         2       0       0       0       0
   372 ;;      Locals:         0       0       0       0       0
   373 ;;      Temps:          0       0       0       0       0
   374 ;;      Totals:         2       0       0       0       0
   375 ;;Total ram usage:        2 bytes
   376 ;; Hardware stack levels used:    1
   377 ;; This function calls:
   378 ;;		Nothing
   379 ;; This function is called by:
   380 ;;		_main
   381 ;; This function uses a non-reentrant model
   382 ;;
   383                           psect	text55
   384                           	file	"D:\Embedded\pic\code\software\MCLR\mclr.c"
   385                           	line	3
   386                           	global	__size_of_delay
   387  0014                     	__size_of_delay	equ	__end_of_delay-_delay
   388                           	
   389  0791                     _delay:	
   390                           	opt	stack 7
   391                           ; Regs used in _delay: [wreg]
   392                           	line	4
   393                           	
   394  0791                     l1403:	
   395                           ;mclr.c: 4: while(a--);
   396  0791  2F93               	goto	l1405
   397                           	
   398  0792                     l1026:	
   399  0792  2F93               	goto	l1405
   400                           	
   401  0793                     l1025:	
   402                           	
   403  0793                     l1405:	
   404  0793  3001               	movlw	low(01h)
   405  0794  02F0               	subwf	(delay@a),f
   406  0795  3000               	movlw	high(01h)
   407  0796  1C03               	skipc
   408  0797  03F1               	decf	(delay@a+1),f
   409  0798  02F1               	subwf	(delay@a+1),f
   410  0799  30FF               	movlw	high(0FFFFh)
   411  079A  0671               	xorwf	((delay@a+1)),w
   412  079B  1D03               	skipz
   413  079C  2F9F               	goto	u15
   414  079D  30FF               	movlw	low(0FFFFh)
   415  079E  0670               	xorwf	((delay@a)),w
   416  079F                     u15:
   417                           
   418  079F  1D03               	skipz
   419  07A0  2FA2               	goto	u11
   420  07A1  2FA3               	goto	u10
   421  07A2                     u11:
   422  07A2  2F93               	goto	l1405
   423  07A3                     u10:
   424  07A3  2FA4               	goto	l1028
   425                           	
   426  07A4                     l1027:	
   427                           	line	5
   428                           	
   429  07A4                     l1028:	
   430  07A4  0008               	return
   431                           	opt stack 0
   432                           GLOBAL	__end_of_delay
   433  07A5                     	__end_of_delay:
   434 ;; =============== function _delay ends ============
   435                           
   436                           	signat	_delay,4216
   437                           psect	text56,local,class=CODE,delta=2
   438                           global __ptext56
   439  0000                     __ptext56:
   440                           	global	btemp
   441  007E                     	btemp set 07Eh
   442                           
   443                           	DABS	1,126,2	;btemp
   444                           	global	wtemp0
   445  007E                     	wtemp0 set btemp


HI-TECH Software PICC Macro Assembler V9.81 build 7503 
Symbol Table                                                                                   Tue Apr 12 19:23:52 2022

                  u10 07A3                    u11 07A2                    u15 079F                  l1031 07B0  
                l1032 07FC                  l1025 0793                  l1033 07FD                  l1026 0792  
                l1034 07FD                  l1027 07A4                  l1028 07A4                  l1403 0791  
                l1405 0793                  l2181 07C0                  l2173 07A5                  l2191 07E6  
                l2183 07CD                  l2175 07B0                  l2193 07EF                  l2185 07D6  
                l2177 07B4                  l2187 07D9                  l2179 07BD                  l2189 07E2  
                _main 07A5                  btemp 007E                  start 0000                 ?_main 0070  
               _ANSEL 0188                 _PORTA 0005                 _TRISA 0085                 _delay 0791  
               status 0003                 wtemp0 007E          __end_of_main 0800                ??_main 0072  
              ?_delay 0070                _ANSELH 0189                delay@a 0070        __pcstackCOMMON 0070  
       __end_of_delay 07A5               ??_delay 0072            __pmaintext 07A5  end_of_initialization 078D  
 start_initialization 078D        __size_of_delay 0014              __ptext55 0791              __ptext56 0000  
       __size_of_main 005B  
