

HI-TECH Software PIC LITE Macro Assembler V9.81 build 7503 
                                                                                               Fri Mar 11 23:35:18 2022

HI-TECH Software Omniscient Code Generator (Lite mode) build 7503
     1  0000                     opt subtitle "HI-TECH Software Omniscient Code Generator (Lite mode) build 7503"
     2                           
     3                           opt pagewidth 120
     4                           
     5                           	opt lm
     6                           
     7                           	processor	16F887
     8                           clrc	macro
     9                           	bcf	3,0
    10  0000                     	endm
    11                           clrz	macro
    12                           	bcf	3,2
    13  0000                     	endm
    14                           setc	macro
    15                           	bsf	3,0
    16  0000                     	endm
    17                           setz	macro
    18                           	bsf	3,2
    19  0000                     	endm
    20                           skipc	macro
    21                           	btfss	3,0
    22  0000                     	endm
    23                           skipz	macro
    24                           	btfss	3,2
    25  0000                     	endm
    26                           skipnc	macro
    27                           	btfsc	3,0
    28  0000                     	endm
    29                           skipnz	macro
    30                           	btfsc	3,2
    31  0000                     	endm
    32  0000                     indf	equ	0
    33  0000                     indf0	equ	0
    34  0002                     pc	equ	2
    35  0002                     pcl	equ	2
    36  0003                     status	equ	3
    37  0004                     fsr	equ	4
    38  0004                     fsr0	equ	4
    39  0001                     c	equ	1
    40  0000                     z	equ	0
    41  000A                     pclath	equ	10
    42                           	FNROOT	_main
    43                           	global	main@F1601
    44                           psect	idataBANK0,class=CODE,space=0,delta=2
    45                           global __pidataBANK0
    46  077B                     __pidataBANK0:
    47                           	file	"D:\Embedded\pic\code\software\segment\count\count.c"
    48                           	line	7
    49                           
    50                           ;initializer for main@F1601
    51  077B  343F               	retlw	03Fh
    52  077C  3406               	retlw	06h
    53  077D  345B               	retlw	05Bh
    54  077E  344F               	retlw	04Fh
    55  077F  3466               	retlw	066h
    56  0780  346D               	retlw	06Dh
    57  0781  347D               	retlw	07Dh
    58  0782  3407               	retlw	07h
    59  0783  347F               	retlw	07Fh
    60  0784  346F               	retlw	06Fh
    61  0785  3400               	retlw	0
    62  0786  3400               	retlw	0
    63  0787  3400               	retlw	0
    64  0788  3400               	retlw	0
    65  0789  3400               	retlw	0
    66  078A  3400               	retlw	0
    67  078B  3400               	retlw	0
    68  078C  3400               	retlw	0
    69  078D  3400               	retlw	0
    70  078E  3400               	retlw	0
    71                           	global	_PORTA
    72  0005                     _PORTA	set	5
    73                           	global	_PORTC
    74  0007                     _PORTC	set	7
    75                           	global	_RA0
    76  0028                     _RA0	set	40
    77                           	global	_RA1
    78  0029                     _RA1	set	41
    79                           	global	_TRISA
    80  0085                     _TRISA	set	133
    81                           	global	_TRISC
    82  0087                     _TRISC	set	135
    83                           	global	_ANSEL
    84  0188                     _ANSEL	set	392
    85                           	global	_ANSELH
    86  0189                     _ANSELH	set	393
    87                           	file	"count.as"
    88                           	line	#
    89                           psect cinit,class=CODE,delta=2
    90                           global start_initialization
    91  0769                     start_initialization:
    92                           
    93                           psect	dataBANK0,class=BANK0,space=1
    94                           global __pdataBANK0
    95  0036                     __pdataBANK0:
    96                           	file	"D:\Embedded\pic\code\software\segment\count\count.c"
    97  0036                     main@F1601:
    98  0036                            ds      20
    99                           
   100                           global btemp
   101                           psect inittext,class=CODE,delta=2
   102                           global init_fetch,btemp
   103                           ;	Called with low address in FSR and high address in W
   104  0758                     init_fetch:
   105  0758  087E               	movf btemp,w
   106  0759  008A               	movwf pclath
   107  075A  087F               	movf btemp+1,w
   108  075B  0082               	movwf pc
   109                           global init_ram
   110                           ;Called with:
   111                           ;	high address of idata address in btemp 
   112                           ;	low address of idata address in btemp+1 
   113                           ;	low address of data in FSR
   114                           ;	high address + 1 of data in btemp-1
   115  075C                     init_ram:
   116  075C  2758  120A  118A   	fcall init_fetch
   117  075F  0080               	movwf indf,f
   118  0760  0A84               	incf fsr,f
   119  0761  0804               	movf fsr,w
   120  0762  067D               	xorwf btemp-1,w
   121  0763  1903               	btfsc status,2
   122  0764  3400               	retlw 0
   123  0765  0AFF               	incf btemp+1,f
   124  0766  1903               	btfsc status,2
   125  0767  0AFE               	incf btemp,f
   126  0768  2F5C               	goto init_ram
   127                           ; Initialize objects allocated to BANK0
   128                           psect cinit,class=CODE,delta=2
   129                           global init_ram, __pidataBANK0
   130  0769  1383               	bcf	status, 7	;select IRP bank0
   131  076A  304A               	movlw low(__pdataBANK0+20)
   132  076B  00FD               	movwf btemp-1,f
   133  076C  3007               	movlw high(__pidataBANK0)
   134  076D  00FE               	movwf btemp,f
   135  076E  307B               	movlw low(__pidataBANK0)
   136  076F  00FF               	movwf btemp+1,f
   137  0770  3036               	movlw low(__pdataBANK0)
   138  0771  0084               	movwf fsr,f
   139  0772  120A  118A  275C   	fcall init_ram
              120A  118A         
   140                           psect cinit,class=CODE,delta=2
   141                           global end_of_initialization
   142                           
   143                           ;End of C runtime variable initialization code
   144                           
   145  0777                     end_of_initialization:
   146  0777  0183               clrf status
   147  0778  120A  118A  2F8F   ljmp _main	;jump to C main() function
   148                           psect	cstackCOMMON,class=COMMON,space=1
   149                           global __pcstackCOMMON
   150  0070                     __pcstackCOMMON:
   151                           	global	?_main
   152  0070                     ?_main:	; 0 bytes @ 0x0
   153                           	global	??_main
   154  0070                     ??_main:	; 0 bytes @ 0x0
   155  0070                     	ds	4
   156                           psect	cstackBANK0,class=BANK0,space=1
   157                           global __pcstackBANK0
   158  0020                     __pcstackBANK0:
   159                           	global	main@seg
   160  0020                     main@seg:	; 20 bytes @ 0x0
   161  0020                     	ds	20
   162                           	global	main@i
   163  0034                     main@i:	; 2 bytes @ 0x14
   164  0034                     	ds	2
   165 ;;Data sizes: Strings 0, constant 0, data 20, bss 0, persistent 0 stack 0
   166 ;;Auto spaces:   Size  Autos    Used
   167 ;; COMMON          14      4       4
   168 ;; BANK0           80     22      42
   169 ;; BANK1           80      0       0
   170 ;; BANK3           96      0       0
   171 ;; BANK2           96      0       0
   172                           
   173 ;;
   174 ;; Pointer list with targets:
   175                           
   176                           
   177                           
   178 ;;
   179 ;; Critical Paths under _main in COMMON
   180 ;;
   181 ;;   None.
   182 ;;
   183 ;; Critical Paths under _main in BANK0
   184 ;;
   185 ;;   None.
   186 ;;
   187 ;; Critical Paths under _main in BANK1
   188 ;;
   189 ;;   None.
   190 ;;
   191 ;; Critical Paths under _main in BANK3
   192 ;;
   193 ;;   None.
   194 ;;
   195 ;; Critical Paths under _main in BANK2
   196 ;;
   197 ;;   None.
   198                           
   199 ;;
   200 ;;Main: autosize = 0, tempsize = 4, incstack = 0, save=0
   201 ;;
   202                           
   203 ;;
   204 ;;Call Graph Tables:
   205 ;;
   206 ;; ---------------------------------------------------------------------------------
   207 ;; (Depth) Function   	        Calls       Base Space   Used Autos Params    Refs
   208 ;; ---------------------------------------------------------------------------------
   209 ;; (0) _main                                                26    26      0     116
   210 ;;                                              0 COMMON     4     4      0
   211 ;;                                              0 BANK0     22    22      0
   212 ;; ---------------------------------------------------------------------------------
   213 ;; Estimated maximum stack depth 0
   214 ;; ---------------------------------------------------------------------------------
   215                           
   216 ;; Call Graph Graphs:
   217                           
   218 ;; _main (ROOT)
   219 ;;
   220                           
   221 ;; Address spaces:
   222                           
   223 ;;Name               Size   Autos  Total    Cost      Usage
   224 ;;BANK3               60      0       0       9        0.0%
   225 ;;BITBANK3            60      0       0       8        0.0%
   226 ;;SFR3                 0      0       0       4        0.0%
   227 ;;BITSFR3              0      0       0       4        0.0%
   228 ;;BANK2               60      0       0      11        0.0%
   229 ;;BITBANK2            60      0       0      10        0.0%
   230 ;;SFR2                 0      0       0       5        0.0%
   231 ;;BITSFR2              0      0       0       5        0.0%
   232 ;;SFR1                 0      0       0       2        0.0%
   233 ;;BITSFR1              0      0       0       2        0.0%
   234 ;;BANK1               50      0       0       7        0.0%
   235 ;;BITBANK1            50      0       0       6        0.0%
   236 ;;CODE                 0      0       0       0        0.0%
   237 ;;DATA                 0      0      2E      12        0.0%
   238 ;;ABS                  0      0      2E       3        0.0%
   239 ;;NULL                 0      0       0       0        0.0%
   240 ;;STACK                0      0       0       2        0.0%
   241 ;;BANK0               50     16      2A       5       52.5%
   242 ;;BITBANK0            50      0       0       4        0.0%
   243 ;;SFR0                 0      0       0       1        0.0%
   244 ;;BITSFR0              0      0       0       1        0.0%
   245 ;;COMMON               E      4       4       1       28.6%
   246 ;;BITCOMMON            E      0       0       0        0.0%
   247 ;;EEDATA             100      0       0       0        0.0%
   248                           
   249                           	global	_main
   250                           psect	maintext,global,class=CODE,delta=2
   251                           global __pmaintext
   252  078F                     __pmaintext:
   253                           
   254 ;; *************** function _main *****************
   255 ;; Defined at:
   256 ;;		line 5 in file "D:\Embedded\pic\code\software\segment\count\count.c"
   257 ;; Parameters:    Size  Location     Type
   258 ;;		None
   259 ;; Auto vars:     Size  Location     Type
   260 ;;  seg            20    0[BANK0 ] unsigned char [20]
   261 ;;  i               2   20[BANK0 ] int 
   262 ;; Return value:  Size  Location     Type
   263 ;;		None               void
   264 ;; Registers used:
   265 ;;		wreg, fsr0l, fsr0h, status,2, status,0, btemp+1
   266 ;; Tracked objects:
   267 ;;		On entry : 17F/0
   268 ;;		On exit  : 0/0
   269 ;;		Unchanged: 0/0
   270 ;; Data sizes:     COMMON   BANK0   BANK1   BANK3   BANK2
   271 ;;      Params:         0       0       0       0       0
   272 ;;      Locals:         0      22       0       0       0
   273 ;;      Temps:          4       0       0       0       0
   274 ;;      Totals:         4      22       0       0       0
   275 ;;Total ram usage:       26 bytes
   276 ;; This function calls:
   277 ;;		Nothing
   278 ;; This function is called by:
   279 ;;		Startup code after reset
   280 ;; This function uses a non-reentrant model
   281 ;;
   282                           psect	maintext
   283                           	file	"D:\Embedded\pic\code\software\segment\count\count.c"
   284                           	line	5
   285                           	global	__size_of_main
   286  0071                     	__size_of_main	equ	__end_of_main-_main
   287                           	
   288  078F                     _main:	
   289                           	opt	stack 8
   290                           ; Regs used in _main: [wreg-fsr0h+status,2+status,0+btemp+1]
   291                           	line	7
   292                           	
   293  078F                     l2202:	
   294                           ;count.c: 6: int i;
   295                           ;count.c: 7: char seg[20]={0X3F,0X06,0X5B,0X4F,0X66,0X6D,0X7D,0X07,0X7F,0X6F};
   296  078F  3020               	movlw	(main@seg)&0ffh
   297  0790  0084               	movwf	fsr0
   298  0791  3036               	movlw	low(main@F1601)
   299  0792  00F0               	movwf	(??_main+0)+0
   300  0793  0804               	movf	fsr0,w
   301  0794  00F1               	movwf	((??_main+0)+0+1)
   302  0795  3014               	movlw	20
   303  0796  00F2               	movwf	((??_main+0)+0+2)
   304  0797                     u2200:
   305  0797  0870               	movf	(??_main+0)+0,w
   306  0798  0084               	movwf	fsr0
   307  0799  1383               	bcf	status, 7	;select IRP bank0
   308                           	
   309  079A  0800               	movf	indf,w
   310  079B  00F3               	movwf	((??_main+0)+0+3)
   311  079C  0AF0               	incf	(??_main+0)+0,f
   312  079D  0871               	movf	((??_main+0)+0+1),w
   313  079E  0084               	movwf	fsr0
   314                           	
   315  079F  0873               	movf	((??_main+0)+0+3),w
   316  07A0  0080               	movwf	indf
   317  07A1  0AF1               	incf	((??_main+0)+0+1),f
   318  07A2  0BF2               	decfsz	((??_main+0)+0+2),f
   319  07A3  2F97               	goto	u2200
   320                           	line	8
   321                           	
   322  07A4                     l2204:	
   323                           ;count.c: 8: PORTA=0X00;
   324  07A4  1283               	bcf	status, 5	;RP0=0, select bank0
   325  07A5  1303               	bcf	status, 6	;RP1=0, select bank0
   326  07A6  0185               	clrf	(5)	;volatile
   327                           	line	9
   328                           	
   329  07A7                     l2206:	
   330                           ;count.c: 9: TRISA=0X03;
   331  07A7  3003               	movlw	(03h)
   332  07A8  1683               	bsf	status, 5	;RP0=1, select bank1
   333  07A9  1303               	bcf	status, 6	;RP1=0, select bank1
   334  07AA  0085               	movwf	(133)^080h	;volatile
   335                           	line	10
   336                           	
   337  07AB                     l2208:	
   338                           ;count.c: 10: PORTC=0X00;
   339  07AB  1283               	bcf	status, 5	;RP0=0, select bank0
   340  07AC  1303               	bcf	status, 6	;RP1=0, select bank0
   341  07AD  0187               	clrf	(7)	;volatile
   342                           	line	11
   343                           	
   344  07AE                     l2210:	
   345                           ;count.c: 11: TRISC=0X00;
   346  07AE  1683               	bsf	status, 5	;RP0=1, select bank1
   347  07AF  1303               	bcf	status, 6	;RP1=0, select bank1
   348  07B0  0187               	clrf	(135)^080h	;volatile
   349                           	line	12
   350                           	
   351  07B1                     l2212:	
   352                           ;count.c: 12: ANSEL=0X00;
   353  07B1  1683               	bsf	status, 5	;RP0=1, select bank3
   354  07B2  1703               	bsf	status, 6	;RP1=1, select bank3
   355  07B3  0188               	clrf	(392)^0180h	;volatile
   356                           	line	13
   357                           	
   358  07B4                     l2214:	
   359                           ;count.c: 13: ANSELH=0X00;
   360  07B4  0189               	clrf	(393)^0180h	;volatile
   361                           	line	14
   362                           	
   363  07B5                     l2216:	
   364                           ;count.c: 14: i=0;
   365  07B5  1283               	bcf	status, 5	;RP0=0, select bank0
   366  07B6  1303               	bcf	status, 6	;RP1=0, select bank0
   367  07B7  01B4               	clrf	(main@i)
   368  07B8  01B5               	clrf	(main@i+1)
   369  07B9  2FEB               	goto	l2226
   370                           	line	15
   371                           ;count.c: 15: while(1)
   372                           	
   373  07BA                     l1027:	
   374                           	line	17
   375                           ;count.c: 16: {
   376                           ;count.c: 17: while(i<10)
   377  07BA  2FEB               	goto	l2226
   378                           	
   379  07BB                     l1029:	
   380                           	line	19
   381                           ;count.c: 18: {
   382                           ;count.c: 19: if(RA0==1)
   383  07BB  1283               	bcf	status, 5	;RP0=0, select bank0
   384  07BC  1303               	bcf	status, 6	;RP1=0, select bank0
   385  07BD  1C05               	btfss	(40/8),(40)&7
   386  07BE  2FC0               	goto	u2211
   387  07BF  2FC1               	goto	u2210
   388  07C0                     u2211:
   389  07C0  2FD3               	goto	l1030
   390  07C1                     u2210:
   391                           	line	21
   392                           	
   393  07C1                     l2218:	
   394                           ;count.c: 20: {
   395                           ;count.c: 21: i++;
   396  07C1  3001               	movlw	low(01h)
   397  07C2  07B4               	addwf	(main@i),f
   398  07C3  1803               	skipnc
   399  07C4  0AB5               	incf	(main@i+1),f
   400  07C5  3000               	movlw	high(01h)
   401  07C6  07B5               	addwf	(main@i+1),f
   402                           	line	22
   403                           	
   404  07C7                     l2220:	
   405                           ;count.c: 22: PORTC=seg[i];
   406  07C7  0834               	movf	(main@i),w
   407  07C8  3E20               	addlw	main@seg&0ffh
   408  07C9  0084               	movwf	fsr0
   409  07CA  1383               	bcf	status, 7	;select IRP bank0
   410  07CB  0800               	movf	indf,w
   411  07CC  0087               	movwf	(7)	;volatile
   412                           	line	23
   413                           ;count.c: 23: while(RA0==1);
   414  07CD  2FCE               	goto	l1031
   415                           	
   416  07CE                     l1032:	
   417                           	
   418  07CE                     l1031:	
   419  07CE  1805               	btfsc	(40/8),(40)&7
   420  07CF  2FD1               	goto	u2221
   421  07D0  2FD2               	goto	u2220
   422  07D1                     u2221:
   423  07D1  2FCE               	goto	l1031
   424  07D2                     u2220:
   425  07D2  2FD3               	goto	l1030
   426                           	
   427  07D3                     l1033:	
   428                           	line	24
   429                           	
   430  07D3                     l1030:	
   431                           	line	25
   432                           ;count.c: 24: }
   433                           ;count.c: 25: if(RA1==1)
   434  07D3  1C85               	btfss	(41/8),(41)&7
   435  07D4  2FD6               	goto	u2231
   436  07D5  2FD7               	goto	u2230
   437  07D6                     u2231:
   438  07D6  2FEB               	goto	l2226
   439  07D7                     u2230:
   440                           	line	27
   441                           	
   442  07D7                     l2222:	
   443                           ;count.c: 26: {
   444                           ;count.c: 27: i--;
   445  07D7  30FF               	movlw	low(-1)
   446  07D8  07B4               	addwf	(main@i),f
   447  07D9  1803               	skipnc
   448  07DA  0AB5               	incf	(main@i+1),f
   449  07DB  30FF               	movlw	high(-1)
   450  07DC  07B5               	addwf	(main@i+1),f
   451                           	line	28
   452                           	
   453  07DD                     l2224:	
   454                           ;count.c: 28: PORTC=seg[i];
   455  07DD  0834               	movf	(main@i),w
   456  07DE  3E20               	addlw	main@seg&0ffh
   457  07DF  0084               	movwf	fsr0
   458  07E0  1383               	bcf	status, 7	;select IRP bank0
   459  07E1  0800               	movf	indf,w
   460  07E2  0087               	movwf	(7)	;volatile
   461                           	line	29
   462                           ;count.c: 29: while(RA1==1);
   463  07E3  2FE4               	goto	l1035
   464                           	
   465  07E4                     l1036:	
   466                           	
   467  07E4                     l1035:	
   468  07E4  1885               	btfsc	(41/8),(41)&7
   469  07E5  2FE7               	goto	u2241
   470  07E6  2FE8               	goto	u2240
   471  07E7                     u2241:
   472  07E7  2FE4               	goto	l1035
   473  07E8                     u2240:
   474  07E8  2FEB               	goto	l2226
   475                           	
   476  07E9                     l1037:	
   477  07E9  2FEB               	goto	l2226
   478                           	line	30
   479                           	
   480  07EA                     l1034:	
   481  07EA  2FEB               	goto	l2226
   482                           	line	31
   483                           	
   484  07EB                     l1028:	
   485                           	line	17
   486                           	
   487  07EB                     l2226:	
   488  07EB  1283               	bcf	status, 5	;RP0=0, select bank0
   489  07EC  1303               	bcf	status, 6	;RP1=0, select bank0
   490  07ED  0835               	movf	(main@i+1),w
   491  07EE  3A80               	xorlw	80h
   492  07EF  00FF               	movwf	btemp+1
   493  07F0  3080               	movlw	(high(0Ah))^80h
   494  07F1  027F               	subwf	btemp+1,w
   495  07F2  1D03               	skipz
   496  07F3  2FF6               	goto	u2255
   497  07F4  300A               	movlw	low(0Ah)
   498  07F5  0234               	subwf	(main@i),w
   499  07F6                     u2255:
   500                           
   501  07F6  1C03               	skipc
   502  07F7  2FF9               	goto	u2251
   503  07F8  2FFA               	goto	u2250
   504  07F9                     u2251:
   505  07F9  2FBB               	goto	l1029
   506  07FA                     u2250:
   507  07FA  2FEB               	goto	l2226
   508                           	
   509  07FB                     l1038:	
   510  07FB  2FEB               	goto	l2226
   511                           	line	32
   512                           	
   513  07FC                     l1039:	
   514                           	line	15
   515  07FC  2FEB               	goto	l2226
   516                           	
   517  07FD                     l1040:	
   518                           	line	33
   519                           	
   520  07FD                     l1041:	
   521                           	global	start
   522  07FD  120A  118A  2800   	ljmp	start
   523                           	opt stack 0
   524                           GLOBAL	__end_of_main
   525  0800                     	__end_of_main:
   526 ;; =============== function _main ends ============
   527                           
   528                           	signat	_main,88
   529                           psect	maintext
   530                           	global	btemp
   531  007E                     	btemp set 07Eh
   532                           
   533                           	DABS	1,126,2	;btemp
   534                           	global	wtemp0
   535  007E                     	wtemp0 set btemp


HI-TECH Software PICC Macro Assembler V9.81 build 7503 
Symbol Table                                                                                   Fri Mar 11 23:35:18 2022

                   pc 0002                    fsr 0004                   _RA0 0028                   _RA1 0029  
                 fsr0 0004                   indf 0000                  l1030 07D3                  l1031 07CE  
                l1040 07FD                  l1032 07CE                  l1041 07FD                  l1033 07D3  
                l1034 07EA                  l1035 07E4                  l1027 07BA                  l1028 07EB  
                l1036 07E4                  l1037 07E9                  l1029 07BB                  l1038 07FB  
                l1039 07FC                  l2210 07AE                  l2202 078F                  l2220 07C7  
                l2212 07B1                  l2204 07A4                  l2222 07D7                  l2214 07B4  
                l2206 07A7                  l2224 07DD                  l2216 07B5                  l2208 07AB  
                l2218 07C1                  l2226 07EB                  u2200 0797                  u2210 07C1  
                u2211 07C0                  u2220 07D2                  u2221 07D1                  u2230 07D7  
                u2231 07D6                  u2240 07E8                  u2241 07E7                  u2250 07FA  
                u2251 07F9                  u2255 07F6                  _main 078F                  btemp 007E  
                start 0000                 ?_main 0070                 _ANSEL 0188                 _PORTA 0005  
               _PORTC 0007                 _TRISA 0085                 _TRISC 0087                 main@i 0034  
               pclath 000A                 status 0003                 wtemp0 007E          __end_of_main 0800  
              ??_main 0070                _ANSELH 0189        __pcstackCOMMON 0070          __pidataBANK0 077B  
          __pmaintext 078F               main@seg 0020  end_of_initialization 0777               init_ram 075C  
 start_initialization 0769           __pdataBANK0 0036         __pcstackBANK0 0020             main@F1601 0036  
           init_fetch 0758         __size_of_main 0071  
