

HI-TECH Software PIC LITE Macro Assembler V9.81 build 7503 
                                                                                               Fri Jul 01 15:20:18 2022

HI-TECH Software Omniscient Code Generator (Lite mode) build 7503
     1  0000                     opt subtitle "HI-TECH Software Omniscient Code Generator (Lite mode) build 7503"
     2                           
     3                           opt pagewidth 120
     4                           
     5                           	opt lm
     6                           
     7                           	processor	12F1840
     8                           clrc	macro
     9                           	bcf	3,0
    10  0000                     	endm
    11                           clrz	macro
    12                           	bcf	3,2
    13  0000                     	endm
    14                           setc	macro
    15                           	bsf	3,0
    16  0000                     	endm
    17                           setz	macro
    18                           	bsf	3,2
    19  0000                     	endm
    20                           skipc	macro
    21                           	btfss	3,0
    22  0000                     	endm
    23                           skipz	macro
    24                           	btfss	3,2
    25  0000                     	endm
    26                           skipnc	macro
    27                           	btfsc	3,0
    28  0000                     	endm
    29                           skipnz	macro
    30                           	btfsc	3,2
    31  0000                     	endm
    32  0000                     indf	equ	0
    33  0000                     indf0	equ	0
    34  0001                     indf1	equ	1
    35  0002                     pc	equ	2
    36  0002                     pcl	equ	2
    37  0003                     status	equ	3
    38  0004                     fsr0l	equ	4
    39  0005                     fsr0h	equ	5
    40  0006                     fsr1l	equ	6
    41  0007                     fsr1h	equ	7
    42  0008                     bsr	equ	8
    43  0009                     wreg	equ	9
    44  000B                     intcon	equ	11
    45  0001                     c	equ	1
    46  0000                     z	equ	0
    47  000A                     pclath	equ	10
    48                           	FNCALL	_main,_tx
    49                           	FNROOT	_main
    50                           	global	_PORTA
    51                           psect	text60,local,class=CODE,delta=2
    52                           global __ptext60
    53  0000                     __ptext60:
    54  000C                     _PORTA	set	12
    55                           	global	_RA2
    56  0062                     _RA2	set	98
    57                           	global	_TXIF
    58  008C                     _TXIF	set	140
    59                           	global	_TRISA
    60  008C                     _TRISA	set	140
    61                           	global	_ANSELA
    62  018C                     _ANSELA	set	396
    63                           	global	_RCSTA
    64  019D                     _RCSTA	set	413
    65                           	global	_SPBRG
    66  019B                     _SPBRG	set	411
    67                           	global	_TXREG
    68  019A                     _TXREG	set	410
    69                           	global	_TXSTA
    70  019E                     _TXSTA	set	414
    71                           psect	strings,class=STRING,delta=2
    72                           global __pstrings
    73  0005                     __pstrings:
    74                           	global    __stringtab
    75  0005                     __stringtab:
    76  0005  3400               	retlw	0
    77                           psect	strings
    78                           	
    79  0006                     STR_1:	
    80  0006  3448               	retlw	72	;'H'
    81  0007  3465               	retlw	101	;'e'
    82  0008  346C               	retlw	108	;'l'
    83  0009  346D               	retlw	109	;'m'
    84  000A  3465               	retlw	101	;'e'
    85  000B  3474               	retlw	116	;'t'
    86  000C  3420               	retlw	32	;' '
    87  000D  3477               	retlw	119	;'w'
    88  000E  346F               	retlw	111	;'o'
    89  000F  3472               	retlw	114	;'r'
    90  0010  3465               	retlw	101	;'e'
    91  0011  3400               	retlw	0
    92                           psect	strings
    93                           	file	"helmet.as"
    94                           	line	#
    95                           psect cinit,class=CODE,delta=2
    96                           global start_initialization
    97  07C2                     start_initialization:
    98                           
    99                           psect cinit,class=CODE,delta=2
   100                           global end_of_initialization
   101                           
   102                           ;End of C runtime variable initialization code
   103                           
   104  07C2                     end_of_initialization:
   105  07C2  0020               movlb 0
   106  07C3  3187  2FC5         ljmp _main	;jump to C main() function
   107                           psect	cstackCOMMON,class=COMMON,space=1
   108                           global __pcstackCOMMON
   109  0070                     __pcstackCOMMON:
   110                           	global	?_tx
   111  0070                     ?_tx:	; 0 bytes @ 0x0
   112                           	global	??_tx
   113  0070                     ??_tx:	; 0 bytes @ 0x0
   114                           	global	?_main
   115  0070                     ?_main:	; 0 bytes @ 0x0
   116  0070                     	ds	1
   117                           	global	tx@data
   118  0071                     tx@data:	; 1 bytes @ 0x1
   119  0071                     	ds	1
   120                           	global	??_main
   121  0072                     ??_main:	; 0 bytes @ 0x2
   122 ;;Data sizes: Strings 12, constant 0, data 0, bss 0, persistent 0 stack 0
   123 ;;Auto spaces:   Size  Autos    Used
   124 ;; COMMON          14      2       2
   125 ;; BANK0           80      0       0
   126 ;; BANK1           80      0       0
   127 ;; BANK2           80      0       0
   128                           
   129 ;;
   130 ;; Pointer list with targets:
   131                           
   132 ;; tx@data	PTR unsigned char  size(1) Largest target is 12
   133 ;;		 -> STR_1(CODE[12]), 
   134 ;;
   135                           
   136                           
   137 ;;
   138 ;; Critical Paths under _main in COMMON
   139 ;;
   140 ;;   _main->_tx
   141 ;;
   142 ;; Critical Paths under _main in BANK0
   143 ;;
   144 ;;   None.
   145 ;;
   146 ;; Critical Paths under _main in BANK1
   147 ;;
   148 ;;   None.
   149 ;;
   150 ;; Critical Paths under _main in BANK2
   151 ;;
   152 ;;   None.
   153                           
   154 ;;
   155 ;;Main: autosize = 0, tempsize = 0, incstack = 0, save=0
   156 ;;
   157                           
   158 ;;
   159 ;;Call Graph Tables:
   160 ;;
   161 ;; ---------------------------------------------------------------------------------
   162 ;; (Depth) Function   	        Calls       Base Space   Used Autos Params    Refs
   163 ;; ---------------------------------------------------------------------------------
   164 ;; (0) _main                                                 0     0      0      30
   165 ;;                                 _tx
   166 ;; ---------------------------------------------------------------------------------
   167 ;; (2) _tx                                                   2     2      0      30
   168 ;;                                              0 COMMON     2     2      0
   169 ;; ---------------------------------------------------------------------------------
   170 ;; Estimated maximum stack depth 2
   171 ;; ---------------------------------------------------------------------------------
   172                           
   173 ;; Call Graph Graphs:
   174                           
   175 ;; _main (ROOT)
   176 ;;   _tx
   177 ;;
   178                           
   179 ;; Address spaces:
   180                           
   181 ;;Name               Size   Autos  Total    Cost      Usage
   182 ;;BIGRAM              F0      0       0       0        0.0%
   183 ;;EEDATA             100      0       0       0        0.0%
   184 ;;NULL                 0      0       0       0        0.0%
   185 ;;CODE                 0      0       0       0        0.0%
   186 ;;BITCOMMON            E      0       0       1        0.0%
   187 ;;BITSFR0              0      0       0       1        0.0%
   188 ;;SFR0                 0      0       0       1        0.0%
   189 ;;COMMON               E      2       2       2       14.3%
   190 ;;BITSFR1              0      0       0       2        0.0%
   191 ;;SFR1                 0      0       0       2        0.0%
   192 ;;BITSFR2              0      0       0       3        0.0%
   193 ;;SFR2                 0      0       0       3        0.0%
   194 ;;STACK                0      0       2       3        0.0%
   195 ;;BITSFR3              0      0       0       4        0.0%
   196 ;;SFR3                 0      0       0       4        0.0%
   197 ;;ABS                  0      0       0       4        0.0%
   198 ;;BITBANK0            50      0       0       5        0.0%
   199 ;;BITSFR4              0      0       0       5        0.0%
   200 ;;SFR4                 0      0       0       5        0.0%
   201 ;;BANK0               50      0       0       6        0.0%
   202 ;;BITSFR5              0      0       0       6        0.0%
   203 ;;SFR5                 0      0       0       6        0.0%
   204 ;;BITBANK1            50      0       0       7        0.0%
   205 ;;BITSFR6              0      0       0       7        0.0%
   206 ;;SFR6                 0      0       0       7        0.0%
   207 ;;BANK1               50      0       0       8        0.0%
   208 ;;BITSFR7              0      0       0       8        0.0%
   209 ;;SFR7                 0      0       0       8        0.0%
   210 ;;BITBANK2            50      0       0       9        0.0%
   211 ;;BITSFR8              0      0       0       9        0.0%
   212 ;;SFR8                 0      0       0       9        0.0%
   213 ;;BANK2               50      0       0      10        0.0%
   214 ;;BITSFR9              0      0       0      10        0.0%
   215 ;;SFR9                 0      0       0      10        0.0%
   216 ;;BITSFR10             0      0       0      11        0.0%
   217 ;;SFR10                0      0       0      11        0.0%
   218 ;;DATA                 0      0       0      11        0.0%
   219 ;;BITSFR11             0      0       0      12        0.0%
   220 ;;SFR11                0      0       0      12        0.0%
   221 ;;BITSFR12             0      0       0      13        0.0%
   222 ;;SFR12                0      0       0      13        0.0%
   223 ;;BITSFR13             0      0       0      14        0.0%
   224 ;;SFR13                0      0       0      14        0.0%
   225 ;;BITSFR14             0      0       0      15        0.0%
   226 ;;SFR14                0      0       0      15        0.0%
   227 ;;BITSFR15             0      0       0      16        0.0%
   228 ;;SFR15                0      0       0      16        0.0%
   229 ;;BITSFR16             0      0       0      17        0.0%
   230 ;;SFR16                0      0       0      17        0.0%
   231 ;;BITSFR17             0      0       0      18        0.0%
   232 ;;SFR17                0      0       0      18        0.0%
   233 ;;BITSFR18             0      0       0      19        0.0%
   234 ;;SFR18                0      0       0      19        0.0%
   235 ;;BITSFR19             0      0       0      20        0.0%
   236 ;;SFR19                0      0       0      20        0.0%
   237 ;;BITSFR20             0      0       0      21        0.0%
   238 ;;SFR20                0      0       0      21        0.0%
   239 ;;BITSFR21             0      0       0      22        0.0%
   240 ;;SFR21                0      0       0      22        0.0%
   241 ;;BITSFR22             0      0       0      23        0.0%
   242 ;;SFR22                0      0       0      23        0.0%
   243 ;;BITSFR23             0      0       0      24        0.0%
   244 ;;SFR23                0      0       0      24        0.0%
   245 ;;BITSFR24             0      0       0      25        0.0%
   246 ;;SFR24                0      0       0      25        0.0%
   247 ;;BITSFR25             0      0       0      26        0.0%
   248 ;;SFR25                0      0       0      26        0.0%
   249 ;;BITSFR26             0      0       0      27        0.0%
   250 ;;SFR26                0      0       0      27        0.0%
   251 ;;BITSFR27             0      0       0      28        0.0%
   252 ;;SFR27                0      0       0      28        0.0%
   253 ;;BITSFR28             0      0       0      29        0.0%
   254 ;;SFR28                0      0       0      29        0.0%
   255 ;;BITSFR29             0      0       0      30        0.0%
   256 ;;SFR29                0      0       0      30        0.0%
   257 ;;BITSFR30             0      0       0      31        0.0%
   258 ;;SFR30                0      0       0      31        0.0%
   259 ;;BITSFR31             0      0       0      32        0.0%
   260 ;;SFR31                0      0       0      32        0.0%
   261                           
   262                           	global	_main
   263                           psect	maintext,global,class=CODE,delta=2
   264                           global __pmaintext
   265  07C5                     __pmaintext:
   266                           
   267 ;; *************** function _main *****************
   268 ;; Defined at:
   269 ;;		line 15 in file "D:\Embedded\pic\code\software\Helmet\helmet\helmet.c"
   270 ;; Parameters:    Size  Location     Type
   271 ;;		None
   272 ;; Auto vars:     Size  Location     Type
   273 ;;		None
   274 ;; Return value:  Size  Location     Type
   275 ;;		None               void
   276 ;; Registers used:
   277 ;;		wreg, status,2, status,0, pclath, cstack
   278 ;; Tracked objects:
   279 ;;		On entry : 17F/0
   280 ;;		On exit  : 0/0
   281 ;;		Unchanged: 0/0
   282 ;; Data sizes:     COMMON   BANK0   BANK1   BANK2
   283 ;;      Params:         0       0       0       0
   284 ;;      Locals:         0       0       0       0
   285 ;;      Temps:          0       0       0       0
   286 ;;      Totals:         0       0       0       0
   287 ;;Total ram usage:        0 bytes
   288 ;; Hardware stack levels required when called:    2
   289 ;; This function calls:
   290 ;;		_tx
   291 ;; This function is called by:
   292 ;;		Startup code after reset
   293 ;; This function uses a non-reentrant model
   294 ;;
   295                           psect	maintext
   296                           	file	"D:\Embedded\pic\code\software\Helmet\helmet\helmet.c"
   297                           	line	15
   298                           	global	__size_of_main
   299  001C                     	__size_of_main	equ	__end_of_main-_main
   300                           	
   301  07C5                     _main:	
   302                           	opt	stack 14
   303                           ; Regs used in _main: [wreg+status,2+status,0+pclath+cstack]
   304                           	line	16
   305                           	
   306  07C5                     l2253:	
   307                           ;helmet.c: 16: PORTA=0X00;
   308  07C5  0020               	movlb 0	; select bank0
   309  07C6  018C               	clrf	(12)	;volatile
   310                           	line	17
   311                           	
   312  07C7                     l2255:	
   313                           ;helmet.c: 17: TRISA=0X04;
   314  07C7  3004               	movlw	(04h)
   315  07C8  0021               	movlb 1	; select bank1
   316  07C9  008C               	movwf	(140)^080h	;volatile
   317                           	line	18
   318                           	
   319  07CA                     l2257:	
   320                           ;helmet.c: 18: ANSELA=0X00;
   321  07CA  0023               	movlb 3	; select bank3
   322  07CB  018C               	clrf	(396)^0180h	;volatile
   323                           	line	19
   324                           ;helmet.c: 19: TXSTA=0X26;
   325  07CC  3026               	movlw	(026h)
   326  07CD  009E               	movwf	(414)^0180h	;volatile
   327                           	line	20
   328                           ;helmet.c: 20: RCSTA=0X90;
   329  07CE  3090               	movlw	(090h)
   330  07CF  009D               	movwf	(413)^0180h	;volatile
   331                           	line	21
   332                           ;helmet.c: 21: SPBRG=25;
   333  07D0  3019               	movlw	(019h)
   334  07D1  009B               	movwf	(411)^0180h	;volatile
   335  07D2  2FD3               	goto	l2259
   336                           	line	22
   337                           ;helmet.c: 22: while(1)
   338                           	
   339  07D3                     l1092:	
   340                           	line	24
   341                           	
   342  07D3                     l2259:	
   343                           ;helmet.c: 23: {
   344                           ;helmet.c: 24: if(RA2==1)
   345  07D3  0020               	movlb 0	; select bank0
   346  07D4  1D0C               	btfss	(98/8),(98)&7
   347  07D5  2FD7               	goto	u2091
   348  07D6  2FD8               	goto	u2090
   349  07D7                     u2091:
   350  07D7  2FD3               	goto	l2259
   351  07D8                     u2090:
   352                           	line	26
   353                           	
   354  07D8                     l2261:	
   355                           ;helmet.c: 25: {
   356                           ;helmet.c: 26: tx("Helmet wore");
   357  07D8  3006               	movlw	(STR_1|8000h)&0ffh
   358  07D9  3187  27E1  3187   	fcall	_tx
   359  07DC  2FD3               	goto	l2259
   360                           	line	27
   361                           	
   362  07DD                     l1093:	
   363  07DD  2FD3               	goto	l2259
   364                           	line	28
   365                           	
   366  07DE                     l1094:	
   367                           	line	22
   368  07DE  2FD3               	goto	l2259
   369                           	
   370  07DF                     l1095:	
   371                           	line	29
   372                           	
   373  07DF                     l1096:	
   374                           	global	start
   375  07DF  3180  2802         	ljmp	start
   376                           	opt stack 0
   377                           GLOBAL	__end_of_main
   378  07E1                     	__end_of_main:
   379 ;; =============== function _main ends ============
   380                           
   381                           	signat	_main,88
   382                           	global	_tx
   383                           psect	text61,local,class=CODE,delta=2
   384                           global __ptext61
   385  07E1                     __ptext61:
   386                           
   387 ;; *************** function _tx *****************
   388 ;; Defined at:
   389 ;;		line 6 in file "D:\Embedded\pic\code\software\Helmet\helmet\helmet.c"
   390 ;; Parameters:    Size  Location     Type
   391 ;;  data            1    wreg     PTR unsigned char 
   392 ;;		 -> STR_1(12), 
   393 ;; Auto vars:     Size  Location     Type
   394 ;;  data            1    1[COMMON] PTR unsigned char 
   395 ;;		 -> STR_1(12), 
   396 ;; Return value:  Size  Location     Type
   397 ;;		None               void
   398 ;; Registers used:
   399 ;;		wreg, status,2, status,0
   400 ;; Tracked objects:
   401 ;;		On entry : 0/0
   402 ;;		On exit  : 0/0
   403 ;;		Unchanged: 0/0
   404 ;; Data sizes:     COMMON   BANK0   BANK1   BANK2
   405 ;;      Params:         0       0       0       0
   406 ;;      Locals:         1       0       0       0
   407 ;;      Temps:          1       0       0       0
   408 ;;      Totals:         2       0       0       0
   409 ;;Total ram usage:        2 bytes
   410 ;; Hardware stack levels used:    2
   411 ;; This function calls:
   412 ;;		Nothing
   413 ;; This function is called by:
   414 ;;		_main
   415 ;; This function uses a non-reentrant model
   416 ;;
   417                           psect	text61
   418                           	file	"D:\Embedded\pic\code\software\Helmet\helmet\helmet.c"
   419                           	line	6
   420                           	global	__size_of_tx
   421  001F                     	__size_of_tx	equ	__end_of_tx-_tx
   422                           	
   423  07E1                     _tx:	
   424                           	opt	stack 14
   425                           ; Regs used in _tx: [wreg+status,2+status,0]
   426                           ;tx@data stored from wreg
   427  07E1  00F1               	movwf	(tx@data)
   428                           	line	7
   429                           	
   430  07E2                     l1469:	
   431                           ;helmet.c: 7: while(*data)
   432  07E2  2FF5               	goto	l1475
   433                           	
   434  07E3                     l1084:	
   435                           	line	9
   436                           	
   437  07E3                     l1471:	
   438                           ;helmet.c: 8: {
   439                           ;helmet.c: 9: TXREG=*data++;
   440  07E3  0871               	movf	(tx@data),w
   441  07E4  3180               	movlp	high __stringtab
   442  07E5  000A               	callw
   443  07E6  3187               	pagesel	$
   444  07E7  0023               	movlb 3	; select bank3
   445  07E8  009A               	movwf	(410)^0180h	;volatile
   446                           	
   447  07E9                     l1473:	
   448  07E9  3001               	movlw	(01h)
   449  07EA  00F0               	movwf	(??_tx+0)+0
   450  07EB  0870               	movf	(??_tx+0)+0,w
   451  07EC  07F1               	addwf	(tx@data),f
   452                           	line	10
   453                           ;helmet.c: 10: while(TXIF==0);
   454  07ED  2FEE               	goto	l1085
   455                           	
   456  07EE                     l1086:	
   457                           	
   458  07EE                     l1085:	
   459  07EE  0020               	movlb 0	; select bank0
   460  07EF  1E11               	btfss	(140/8),(140)&7
   461  07F0  2FF2               	goto	u11
   462  07F1  2FF3               	goto	u10
   463  07F2                     u11:
   464  07F2  2FEE               	goto	l1085
   465  07F3                     u10:
   466                           	
   467  07F3                     l1087:	
   468                           	line	11
   469                           ;helmet.c: 11: TXIF=0;
   470  07F3  1211               	bcf	(140/8),(140)&7
   471  07F4  2FF5               	goto	l1475
   472                           	line	12
   473                           	
   474  07F5                     l1083:	
   475                           	line	7
   476                           	
   477  07F5                     l1475:	
   478  07F5  0871               	movf	(tx@data),w
   479  07F6  3180               	movlp	high __stringtab
   480  07F7  000A               	callw
   481  07F8  3187               	pagesel	$
   482  07F9  3800               	iorlw	0
   483  07FA  1D03               	skipz
   484  07FB  2FFD               	goto	u21
   485  07FC  2FFE               	goto	u20
   486  07FD                     u21:
   487  07FD  2FE3               	goto	l1471
   488  07FE                     u20:
   489  07FE  2FFF               	goto	l1089
   490                           	
   491  07FF                     l1088:	
   492                           	line	13
   493                           	
   494  07FF                     l1089:	
   495  07FF  0008               	return
   496                           	opt stack 0
   497                           GLOBAL	__end_of_tx
   498  0800                     	__end_of_tx:
   499 ;; =============== function _tx ends ============
   500                           
   501                           	signat	_tx,4216
   502                           psect	text62,local,class=CODE,delta=2
   503                           global __ptext62
   504  0000                     __ptext62:
   505                           	global	btemp
   506  007E                     	btemp set 07Eh
   507                           
   508                           	DABS	1,126,2	;btemp
   509                           	global	wtemp0
   510  007E                     	wtemp0 set btemp


HI-TECH Software PICC Macro Assembler V9.81 build 7503 
Symbol Table                                                                                   Fri Jul 01 15:20:18 2022

                  u10 07F3                    u11 07F2                    u20 07FE                    u21 07FD  
                  _tx 07E1                   ?_tx 0070                   _RA2 0062                  ??_tx 0070  
                l1083 07F5                  l1084 07E3                  l1092 07D3                  l1085 07EE  
                l1093 07DD                  l1086 07EE                  l1094 07DE                  l1087 07F3  
                l1095 07DF                  l1088 07FF                  l1096 07DF                  l1089 07FF  
                l2261 07D8                  l2253 07C5                  l1471 07E3                  l2255 07C7  
                l1473 07E9                  l2257 07CA                  l1475 07F5                  l2259 07D3  
                l1469 07E2                  STR_1 0006                  u2090 07D8                  u2091 07D7  
                _TXIF 008C                  _main 07C5                  btemp 007E                  start 0002  
               ?_main 0070                 _RCSTA 019D                 _SPBRG 019B                 _PORTA 000C  
               _TRISA 008C                 _TXREG 019A                 _TXSTA 019E                 wtemp0 007E  
        __end_of_main 07E1                ??_main 0072                _ANSELA 018C                tx@data 0071  
      __pcstackCOMMON 0070            __end_of_tx 0800            __pmaintext 07C5            __stringtab 0005  
end_of_initialization 07C2   start_initialization 07C2             __pstrings 0005           __size_of_tx 001F  
            __ptext60 0000              __ptext61 07E1              __ptext62 0000         __size_of_main 001C  
