

HI-TECH Software PIC LITE Macro Assembler V9.81 build 7503 
                                                                                               Mon Jun 27 15:46:34 2022

HI-TECH Software Omniscient Code Generator (Lite mode) build 7503
     1  0000                     opt subtitle "HI-TECH Software Omniscient Code Generator (Lite mode) build 7503"
     2                           
     3                           opt pagewidth 120
     4                           
     5                           	opt lm
     6                           
     7                           	processor	16F887
     8                           clrc	macro
     9                           	bcf	3,0
    10  0000                     	endm
    11                           clrz	macro
    12                           	bcf	3,2
    13  0000                     	endm
    14                           setc	macro
    15                           	bsf	3,0
    16  0000                     	endm
    17                           setz	macro
    18                           	bsf	3,2
    19  0000                     	endm
    20                           skipc	macro
    21                           	btfss	3,0
    22  0000                     	endm
    23                           skipz	macro
    24                           	btfss	3,2
    25  0000                     	endm
    26                           skipnc	macro
    27                           	btfsc	3,0
    28  0000                     	endm
    29                           skipnz	macro
    30                           	btfsc	3,2
    31  0000                     	endm
    32  0000                     indf	equ	0
    33  0000                     indf0	equ	0
    34  0002                     pc	equ	2
    35  0002                     pcl	equ	2
    36  0003                     status	equ	3
    37  0004                     fsr	equ	4
    38  0004                     fsr0	equ	4
    39  0001                     c	equ	1
    40  0000                     z	equ	0
    41  000A                     pclath	equ	10
    42                           	FNCALL	_main,_delay
    43                           	FNROOT	_main
    44                           	FNCALL	intlevel1,_rc
    45                           	global	intlevel1
    46                           	FNROOT	intlevel1
    47                           	global	_INTCON
    48                           psect	maintext,global,class=CODE,delta=2
    49                           global __pmaintext
    50  0015                     __pmaintext:
    51  000B                     _INTCON	set	11
    52                           	global	_PIR1
    53  000C                     _PIR1	set	12
    54                           	global	_PORTA
    55  0005                     _PORTA	set	5
    56                           	global	_PORTB
    57  0006                     _PORTB	set	6
    58                           	global	_PORTC
    59  0007                     _PORTC	set	7
    60                           	global	_SSPBUF
    61  0013                     _SSPBUF	set	19
    62                           	global	_SSPCON
    63  0014                     _SSPCON	set	20
    64                           	global	_RB0
    65  0030                     _RB0	set	48
    66                           	global	_SSPIF
    67  0063                     _SSPIF	set	99
    68                           	global	_PIE1
    69  008C                     _PIE1	set	140
    70                           	global	_SSPSTAT
    71  0094                     _SSPSTAT	set	148
    72                           	global	_TRISA
    73  0085                     _TRISA	set	133
    74                           	global	_TRISB
    75  0086                     _TRISB	set	134
    76                           	global	_TRISC
    77  0087                     _TRISC	set	135
    78                           	global	_ANSEL
    79  0188                     _ANSEL	set	392
    80                           	global	_ANSELH
    81  0189                     _ANSELH	set	393
    82                           	file	"Serial_interrupt_SPI_master.as"
    83                           	line	#
    84                           psect cinit,class=CODE,delta=2
    85                           global start_initialization
    86  00AB                     start_initialization:
    87                           
    88                           psect cinit,class=CODE,delta=2
    89                           global end_of_initialization
    90                           
    91                           ;End of C runtime variable initialization code
    92                           
    93  00AB                     end_of_initialization:
    94  00AB  0183               clrf status
    95  00AC  120A  118A  2815   ljmp _main	;jump to C main() function
    96                           psect	cstackCOMMON,class=COMMON,space=1
    97                           global __pcstackCOMMON
    98  0070                     __pcstackCOMMON:
    99                           	global	?_rc
   100  0070                     ?_rc:	; 0 bytes @ 0x0
   101                           	global	??_rc
   102  0070                     ??_rc:	; 0 bytes @ 0x0
   103                           	global	?_main
   104  0070                     ?_main:	; 0 bytes @ 0x0
   105  0070                     	ds	4
   106                           	global	?_delay
   107  0074                     ?_delay:	; 0 bytes @ 0x4
   108                           	global	delay@ms
   109  0074                     delay@ms:	; 2 bytes @ 0x4
   110  0074                     	ds	2
   111                           	global	??_delay
   112  0076                     ??_delay:	; 0 bytes @ 0x6
   113                           	global	??_main
   114  0076                     ??_main:	; 0 bytes @ 0x6
   115                           	global	main@j
   116  0076                     main@j:	; 2 bytes @ 0x6
   117  0076                     	ds	2
   118 ;;Data sizes: Strings 0, constant 0, data 0, bss 0, persistent 0 stack 0
   119 ;;Auto spaces:   Size  Autos    Used
   120 ;; COMMON          14      8       8
   121 ;; BANK0           80      0       0
   122 ;; BANK1           80      0       0
   123 ;; BANK3           96      0       0
   124 ;; BANK2           96      0       0
   125                           
   126 ;;
   127 ;; Pointer list with targets:
   128                           
   129                           
   130                           
   131 ;;
   132 ;; Critical Paths under _main in COMMON
   133 ;;
   134 ;;   _main->_delay
   135 ;;
   136 ;; Critical Paths under _rc in COMMON
   137 ;;
   138 ;;   None.
   139 ;;
   140 ;; Critical Paths under _main in BANK0
   141 ;;
   142 ;;   None.
   143 ;;
   144 ;; Critical Paths under _rc in BANK0
   145 ;;
   146 ;;   None.
   147 ;;
   148 ;; Critical Paths under _main in BANK1
   149 ;;
   150 ;;   None.
   151 ;;
   152 ;; Critical Paths under _rc in BANK1
   153 ;;
   154 ;;   None.
   155 ;;
   156 ;; Critical Paths under _main in BANK3
   157 ;;
   158 ;;   None.
   159 ;;
   160 ;; Critical Paths under _rc in BANK3
   161 ;;
   162 ;;   None.
   163 ;;
   164 ;; Critical Paths under _main in BANK2
   165 ;;
   166 ;;   None.
   167 ;;
   168 ;; Critical Paths under _rc in BANK2
   169 ;;
   170 ;;   None.
   171                           
   172 ;;
   173 ;;Main: autosize = 0, tempsize = 0, incstack = 0, save=0
   174 ;;
   175                           
   176 ;;
   177 ;;Call Graph Tables:
   178 ;;
   179 ;; ---------------------------------------------------------------------------------
   180 ;; (Depth) Function   	        Calls       Base Space   Used Autos Params    Refs
   181 ;; ---------------------------------------------------------------------------------
   182 ;; (0) _main                                                 2     2      0      45
   183 ;;                                              6 COMMON     2     2      0
   184 ;;                              _delay
   185 ;; ---------------------------------------------------------------------------------
   186 ;; (1) _delay                                                2     0      2      15
   187 ;;                                              4 COMMON     2     0      2
   188 ;; ---------------------------------------------------------------------------------
   189 ;; Estimated maximum stack depth 1
   190 ;; ---------------------------------------------------------------------------------
   191 ;; (Depth) Function   	        Calls       Base Space   Used Autos Params    Refs
   192 ;; ---------------------------------------------------------------------------------
   193 ;; (2) _rc                                                   4     4      0       0
   194 ;;                                              0 COMMON     4     4      0
   195 ;; ---------------------------------------------------------------------------------
   196 ;; Estimated maximum stack depth 2
   197 ;; ---------------------------------------------------------------------------------
   198                           
   199 ;; Call Graph Graphs:
   200                           
   201 ;; _main (ROOT)
   202 ;;   _delay
   203 ;;
   204 ;; _rc (ROOT)
   205 ;;
   206                           
   207 ;; Address spaces:
   208                           
   209 ;;Name               Size   Autos  Total    Cost      Usage
   210 ;;BITCOMMON            E      0       0       0        0.0%
   211 ;;EEDATA             100      0       0       0        0.0%
   212 ;;NULL                 0      0       0       0        0.0%
   213 ;;CODE                 0      0       0       0        0.0%
   214 ;;COMMON               E      8       8       1       57.1%
   215 ;;BITSFR0              0      0       0       1        0.0%
   216 ;;SFR0                 0      0       0       1        0.0%
   217 ;;BITSFR1              0      0       0       2        0.0%
   218 ;;SFR1                 0      0       0       2        0.0%
   219 ;;STACK                0      0       1       2        0.0%
   220 ;;ABS                  0      0       0       3        0.0%
   221 ;;BITBANK0            50      0       0       4        0.0%
   222 ;;BITSFR3              0      0       0       4        0.0%
   223 ;;SFR3                 0      0       0       4        0.0%
   224 ;;BANK0               50      0       0       5        0.0%
   225 ;;BITSFR2              0      0       0       5        0.0%
   226 ;;SFR2                 0      0       0       5        0.0%
   227 ;;BITBANK1            50      0       0       6        0.0%
   228 ;;BANK1               50      0       0       7        0.0%
   229 ;;BITBANK3            60      0       0       8        0.0%
   230 ;;BANK3               60      0       0       9        0.0%
   231 ;;BITBANK2            60      0       0      10        0.0%
   232 ;;BANK2               60      0       0      11        0.0%
   233 ;;DATA                 0      0       0      12        0.0%
   234                           
   235                           	global	_main
   236                           psect	maintext
   237                           
   238 ;; *************** function _main *****************
   239 ;; Defined at:
   240 ;;		line 20 in file "D:\Embedded\pic\code\software\interrupt\Serial_interrupt_SPI\Master\Serial_interrupt_SPI_master.c"
   241 ;; Parameters:    Size  Location     Type
   242 ;;		None
   243 ;; Auto vars:     Size  Location     Type
   244 ;;  j               2    6[COMMON] int 
   245 ;; Return value:  Size  Location     Type
   246 ;;		None               void
   247 ;; Registers used:
   248 ;;		wreg, status,2, status,0, btemp+1, pclath, cstack
   249 ;; Tracked objects:
   250 ;;		On entry : 17F/0
   251 ;;		On exit  : 0/0
   252 ;;		Unchanged: 0/0
   253 ;; Data sizes:     COMMON   BANK0   BANK1   BANK3   BANK2
   254 ;;      Params:         0       0       0       0       0
   255 ;;      Locals:         2       0       0       0       0
   256 ;;      Temps:          0       0       0       0       0
   257 ;;      Totals:         2       0       0       0       0
   258 ;;Total ram usage:        2 bytes
   259 ;; Hardware stack levels required when called:    2
   260 ;; This function calls:
   261 ;;		_delay
   262 ;; This function is called by:
   263 ;;		Startup code after reset
   264 ;; This function uses a non-reentrant model
   265 ;;
   266                           psect	maintext
   267                           	file	"D:\Embedded\pic\code\software\interrupt\Serial_interrupt_SPI\Master\Serial_interr
                                 upt_SPI_master.c"
   268                           	line	20
   269                           	global	__size_of_main
   270  006A                     	__size_of_main	equ	__end_of_main-_main
   271                           	
   272  0015                     _main:	
   273                           	opt	stack 6
   274                           ; Regs used in _main: [wreg+status,2+status,0+btemp+1+pclath+cstack]
   275                           	line	22
   276                           	
   277  0015                     l2186:	
   278                           ;Serial_interrupt_SPI_master.c: 21: int j;
   279                           ;Serial_interrupt_SPI_master.c: 22: TRISA=0X00;
   280  0015  1683               	bsf	status, 5	;RP0=1, select bank1
   281  0016  1303               	bcf	status, 6	;RP1=0, select bank1
   282  0017  0185               	clrf	(133)^080h	;volatile
   283                           	line	23
   284                           ;Serial_interrupt_SPI_master.c: 23: PORTA=0X00;
   285  0018  1283               	bcf	status, 5	;RP0=0, select bank0
   286  0019  1303               	bcf	status, 6	;RP1=0, select bank0
   287  001A  0185               	clrf	(5)	;volatile
   288                           	line	24
   289                           	
   290  001B                     l2188:	
   291                           ;Serial_interrupt_SPI_master.c: 24: TRISC=0X10;
   292  001B  3010               	movlw	(010h)
   293  001C  1683               	bsf	status, 5	;RP0=1, select bank1
   294  001D  1303               	bcf	status, 6	;RP1=0, select bank1
   295  001E  0087               	movwf	(135)^080h	;volatile
   296                           	line	25
   297                           	
   298  001F                     l2190:	
   299                           ;Serial_interrupt_SPI_master.c: 25: PORTC=0X00;
   300  001F  1283               	bcf	status, 5	;RP0=0, select bank0
   301  0020  1303               	bcf	status, 6	;RP1=0, select bank0
   302  0021  0187               	clrf	(7)	;volatile
   303                           	line	26
   304                           	
   305  0022                     l2192:	
   306                           ;Serial_interrupt_SPI_master.c: 26: TRISB=0X00;
   307  0022  1683               	bsf	status, 5	;RP0=1, select bank1
   308  0023  1303               	bcf	status, 6	;RP1=0, select bank1
   309  0024  0186               	clrf	(134)^080h	;volatile
   310                           	line	27
   311                           	
   312  0025                     l2194:	
   313                           ;Serial_interrupt_SPI_master.c: 27: PORTB=0X00;
   314  0025  1283               	bcf	status, 5	;RP0=0, select bank0
   315  0026  1303               	bcf	status, 6	;RP1=0, select bank0
   316  0027  0186               	clrf	(6)	;volatile
   317                           	line	28
   318                           	
   319  0028                     l2196:	
   320                           ;Serial_interrupt_SPI_master.c: 28: ANSEL=0X00;
   321  0028  1683               	bsf	status, 5	;RP0=1, select bank3
   322  0029  1703               	bsf	status, 6	;RP1=1, select bank3
   323  002A  0188               	clrf	(392)^0180h	;volatile
   324                           	line	29
   325                           	
   326  002B                     l2198:	
   327                           ;Serial_interrupt_SPI_master.c: 29: ANSELH=0X00;
   328  002B  0189               	clrf	(393)^0180h	;volatile
   329                           	line	30
   330                           ;Serial_interrupt_SPI_master.c: 30: SSPCON=0X30;
   331  002C  3030               	movlw	(030h)
   332  002D  1283               	bcf	status, 5	;RP0=0, select bank0
   333  002E  1303               	bcf	status, 6	;RP1=0, select bank0
   334  002F  0094               	movwf	(20)	;volatile
   335                           	line	31
   336                           ;Serial_interrupt_SPI_master.c: 31: SSPSTAT=0X80;
   337  0030  3080               	movlw	(080h)
   338  0031  1683               	bsf	status, 5	;RP0=1, select bank1
   339  0032  1303               	bcf	status, 6	;RP1=0, select bank1
   340  0033  0094               	movwf	(148)^080h	;volatile
   341                           	line	32
   342                           ;Serial_interrupt_SPI_master.c: 32: INTCON=0XC0;
   343  0034  30C0               	movlw	(0C0h)
   344  0035  008B               	movwf	(11)	;volatile
   345                           	line	33
   346                           ;Serial_interrupt_SPI_master.c: 33: PIE1=0X08;
   347  0036  3008               	movlw	(08h)
   348  0037  008C               	movwf	(140)^080h	;volatile
   349                           	line	34
   350                           ;Serial_interrupt_SPI_master.c: 34: PIR1=0X08;
   351  0038  3008               	movlw	(08h)
   352  0039  1283               	bcf	status, 5	;RP0=0, select bank0
   353  003A  1303               	bcf	status, 6	;RP1=0, select bank0
   354  003B  008C               	movwf	(12)	;volatile
   355  003C  283D               	goto	l2200
   356                           	line	35
   357                           ;Serial_interrupt_SPI_master.c: 35: while(1)
   358                           	
   359  003D                     l1038:	
   360                           	line	37
   361                           	
   362  003D                     l2200:	
   363                           ;Serial_interrupt_SPI_master.c: 36: {
   364                           ;Serial_interrupt_SPI_master.c: 37: for(j=0;j<5;j++)
   365  003D  01F6               	clrf	(main@j)
   366  003E  01F7               	clrf	(main@j+1)
   367                           	
   368  003F                     l2202:	
   369  003F  0877               	movf	(main@j+1),w
   370  0040  3A80               	xorlw	80h
   371  0041  00FF               	movwf	btemp+1
   372  0042  3080               	movlw	(high(05h))^80h
   373  0043  027F               	subwf	btemp+1,w
   374  0044  1D03               	skipz
   375  0045  2848               	goto	u2175
   376  0046  3005               	movlw	low(05h)
   377  0047  0276               	subwf	(main@j),w
   378  0048                     u2175:
   379                           
   380  0048  1C03               	skipc
   381  0049  284B               	goto	u2171
   382  004A  284C               	goto	u2170
   383  004B                     u2171:
   384  004B  284E               	goto	l1039
   385  004C                     u2170:
   386  004C  283D               	goto	l2200
   387                           	
   388  004D                     l2204:	
   389  004D  283D               	goto	l2200
   390                           	line	38
   391                           	
   392  004E                     l1039:	
   393                           	line	39
   394                           ;Serial_interrupt_SPI_master.c: 38: {
   395                           ;Serial_interrupt_SPI_master.c: 39: RB0=0;
   396  004E  1283               	bcf	status, 5	;RP0=0, select bank0
   397  004F  1303               	bcf	status, 6	;RP1=0, select bank0
   398  0050  1006               	bcf	(48/8),(48)&7
   399                           	line	40
   400                           	
   401  0051                     l2206:	
   402                           ;Serial_interrupt_SPI_master.c: 40: delay(3000);
   403  0051  30B8               	movlw	low(0BB8h)
   404  0052  00F4               	movwf	(?_delay)
   405  0053  300B               	movlw	high(0BB8h)
   406  0054  00F5               	movwf	((?_delay))+1
   407  0055  120A  118A  2097   	fcall	_delay
              120A  118A         
   408                           	line	41
   409                           	
   410  005A                     l2208:	
   411                           ;Serial_interrupt_SPI_master.c: 41: RB0=1;
   412  005A  1283               	bcf	status, 5	;RP0=0, select bank0
   413  005B  1303               	bcf	status, 6	;RP1=0, select bank0
   414  005C  1406               	bsf	(48/8),(48)&7
   415                           	line	42
   416                           ;Serial_interrupt_SPI_master.c: 42: delay(3000);
   417  005D  30B8               	movlw	low(0BB8h)
   418  005E  00F4               	movwf	(?_delay)
   419  005F  300B               	movlw	high(0BB8h)
   420  0060  00F5               	movwf	((?_delay))+1
   421  0061  120A  118A  2097   	fcall	_delay
              120A  118A         
   422                           	line	37
   423                           	
   424  0066                     l2210:	
   425  0066  3001               	movlw	low(01h)
   426  0067  07F6               	addwf	(main@j),f
   427  0068  1803               	skipnc
   428  0069  0AF7               	incf	(main@j+1),f
   429  006A  3000               	movlw	high(01h)
   430  006B  07F7               	addwf	(main@j+1),f
   431                           	
   432  006C                     l2212:	
   433  006C  0877               	movf	(main@j+1),w
   434  006D  3A80               	xorlw	80h
   435  006E  00FF               	movwf	btemp+1
   436  006F  3080               	movlw	(high(05h))^80h
   437  0070  027F               	subwf	btemp+1,w
   438  0071  1D03               	skipz
   439  0072  2875               	goto	u2185
   440  0073  3005               	movlw	low(05h)
   441  0074  0276               	subwf	(main@j),w
   442  0075                     u2185:
   443                           
   444  0075  1C03               	skipc
   445  0076  2878               	goto	u2181
   446  0077  2879               	goto	u2180
   447  0078                     u2181:
   448  0078  284E               	goto	l1039
   449  0079                     u2180:
   450  0079  283D               	goto	l2200
   451                           	
   452  007A                     l1040:	
   453  007A  283D               	goto	l2200
   454                           	line	44
   455                           	
   456  007B                     l1041:	
   457                           	line	35
   458  007B  283D               	goto	l2200
   459                           	
   460  007C                     l1042:	
   461                           	line	45
   462                           	
   463  007C                     l1043:	
   464                           	global	start
   465  007C  120A  118A  2812   	ljmp	start
   466                           	opt stack 0
   467                           GLOBAL	__end_of_main
   468  007F                     	__end_of_main:
   469 ;; =============== function _main ends ============
   470                           
   471                           	signat	_main,88
   472                           	global	_delay
   473                           psect	text61,local,class=CODE,delta=2
   474                           global __ptext61
   475  0097                     __ptext61:
   476                           
   477 ;; *************** function _delay *****************
   478 ;; Defined at:
   479 ;;		line 6 in file "D:\Embedded\pic\code\software\interrupt\Serial_interrupt_SPI\Master\Serial_interrupt_SPI_master.c"
   480 ;; Parameters:    Size  Location     Type
   481 ;;  ms              2    4[COMMON] unsigned int 
   482 ;; Auto vars:     Size  Location     Type
   483 ;;		None
   484 ;; Return value:  Size  Location     Type
   485 ;;		None               void
   486 ;; Registers used:
   487 ;;		wreg
   488 ;; Tracked objects:
   489 ;;		On entry : 0/0
   490 ;;		On exit  : 0/0
   491 ;;		Unchanged: 0/0
   492 ;; Data sizes:     COMMON   BANK0   BANK1   BANK3   BANK2
   493 ;;      Params:         2       0       0       0       0
   494 ;;      Locals:         0       0       0       0       0
   495 ;;      Temps:          0       0       0       0       0
   496 ;;      Totals:         2       0       0       0       0
   497 ;;Total ram usage:        2 bytes
   498 ;; Hardware stack levels used:    1
   499 ;; Hardware stack levels required when called:    1
   500 ;; This function calls:
   501 ;;		Nothing
   502 ;; This function is called by:
   503 ;;		_main
   504 ;; This function uses a non-reentrant model
   505 ;;
   506                           psect	text61
   507                           	file	"D:\Embedded\pic\code\software\interrupt\Serial_interrupt_SPI\Master\Serial_interr
                                 upt_SPI_master.c"
   508                           	line	6
   509                           	global	__size_of_delay
   510  0014                     	__size_of_delay	equ	__end_of_delay-_delay
   511                           	
   512  0097                     _delay:	
   513                           	opt	stack 6
   514                           ; Regs used in _delay: [wreg]
   515                           	line	7
   516                           	
   517  0097                     l1412:	
   518                           ;Serial_interrupt_SPI_master.c: 7: while(ms--);
   519  0097  2899               	goto	l1414
   520                           	
   521  0098                     l1026:	
   522  0098  2899               	goto	l1414
   523                           	
   524  0099                     l1025:	
   525                           	
   526  0099                     l1414:	
   527  0099  3001               	movlw	low(01h)
   528  009A  02F4               	subwf	(delay@ms),f
   529  009B  3000               	movlw	high(01h)
   530  009C  1C03               	skipc
   531  009D  03F5               	decf	(delay@ms+1),f
   532  009E  02F5               	subwf	(delay@ms+1),f
   533  009F  30FF               	movlw	high(0FFFFh)
   534  00A0  0675               	xorwf	((delay@ms+1)),w
   535  00A1  1D03               	skipz
   536  00A2  28A5               	goto	u15
   537  00A3  30FF               	movlw	low(0FFFFh)
   538  00A4  0674               	xorwf	((delay@ms)),w
   539  00A5                     u15:
   540                           
   541  00A5  1D03               	skipz
   542  00A6  28A8               	goto	u11
   543  00A7  28A9               	goto	u10
   544  00A8                     u11:
   545  00A8  2899               	goto	l1414
   546  00A9                     u10:
   547  00A9  28AA               	goto	l1028
   548                           	
   549  00AA                     l1027:	
   550                           	line	8
   551                           	
   552  00AA                     l1028:	
   553  00AA  0008               	return
   554                           	opt stack 0
   555                           GLOBAL	__end_of_delay
   556  00AB                     	__end_of_delay:
   557 ;; =============== function _delay ends ============
   558                           
   559                           	signat	_delay,4216
   560                           	global	_rc
   561                           psect	text62,local,class=CODE,delta=2
   562                           global __ptext62
   563  007F                     __ptext62:
   564                           
   565 ;; *************** function _rc *****************
   566 ;; Defined at:
   567 ;;		line 10 in file "D:\Embedded\pic\code\software\interrupt\Serial_interrupt_SPI\Master\Serial_interrupt_SPI_master.c"
   568 ;; Parameters:    Size  Location     Type
   569 ;;		None
   570 ;; Auto vars:     Size  Location     Type
   571 ;;		None
   572 ;; Return value:  Size  Location     Type
   573 ;;		None               void
   574 ;; Registers used:
   575 ;;		wreg
   576 ;; Tracked objects:
   577 ;;		On entry : 0/0
   578 ;;		On exit  : 0/0
   579 ;;		Unchanged: 0/0
   580 ;; Data sizes:     COMMON   BANK0   BANK1   BANK3   BANK2
   581 ;;      Params:         0       0       0       0       0
   582 ;;      Locals:         0       0       0       0       0
   583 ;;      Temps:          4       0       0       0       0
   584 ;;      Totals:         4       0       0       0       0
   585 ;;Total ram usage:        4 bytes
   586 ;; Hardware stack levels used:    1
   587 ;; This function calls:
   588 ;;		Nothing
   589 ;; This function is called by:
   590 ;;		Interrupt level 1
   591 ;; This function uses a non-reentrant model
   592 ;;
   593                           psect	text62
   594                           	file	"D:\Embedded\pic\code\software\interrupt\Serial_interrupt_SPI\Master\Serial_interr
                                 upt_SPI_master.c"
   595                           	line	10
   596                           	global	__size_of_rc
   597  0018                     	__size_of_rc	equ	__end_of_rc-_rc
   598                           	
   599  007F                     _rc:	
   600                           	opt	stack 6
   601                           ; Regs used in _rc: [wreg]
   602                           psect	intentry,class=CODE,delta=2
   603                           global __pintentry
   604  0004                     __pintentry:
   605                           global interrupt_function
   606  0004                     interrupt_function:
   607                           	global saved_w
   608  007E                     	saved_w	set	btemp+0
   609  0004  00FE               	movwf	saved_w
   610  0005  0E03               	swapf	status,w
   611  0006  00F0               	movwf	(??_rc+0)
   612  0007  0804               	movf	fsr0,w
   613  0008  00F1               	movwf	(??_rc+1)
   614  0009  080A               	movf	pclath,w
   615  000A  00F2               	movwf	(??_rc+2)
   616  000B  1283               	bcf	status, 5	;RP0=0, select bank0
   617  000C  1303               	bcf	status, 6	;RP1=0, select bank0
   618  000D  087F               	movf	btemp+1,w
   619  000E  00F3               	movwf	(??_rc+3)
   620  000F  120A  118A  287F   	ljmp	_rc
   621                           psect	text62
   622                           	line	11
   623                           	
   624  007F                     i1l1416:	
   625                           ;Serial_interrupt_SPI_master.c: 11: if(SSPIF==1)
   626  007F  1D8C               	btfss	(99/8),(99)&7
   627  0080  2882               	goto	u2_21
   628  0081  2883               	goto	u2_20
   629  0082                     u2_21:
   630  0082  288B               	goto	i1l1031
   631  0083                     u2_20:
   632                           	line	13
   633                           	
   634  0083                     i1l1418:	
   635                           ;Serial_interrupt_SPI_master.c: 12: {
   636                           ;Serial_interrupt_SPI_master.c: 13: SSPBUF='A';
   637  0083  3041               	movlw	(041h)
   638  0084  0093               	movwf	(19)	;volatile
   639                           	line	14
   640                           ;Serial_interrupt_SPI_master.c: 14: while(SSPIF==0);
   641  0085  2886               	goto	i1l1032
   642                           	
   643  0086                     i1l1033:	
   644                           	
   645  0086                     i1l1032:	
   646  0086  1D8C               	btfss	(99/8),(99)&7
   647  0087  2889               	goto	u3_21
   648  0088  288A               	goto	u3_20
   649  0089                     u3_21:
   650  0089  2886               	goto	i1l1032
   651  008A                     u3_20:
   652  008A  288B               	goto	i1l1031
   653                           	
   654  008B                     i1l1034:	
   655                           	line	16
   656                           	
   657  008B                     i1l1031:	
   658                           	line	17
   659                           ;Serial_interrupt_SPI_master.c: 16: }
   660                           ;Serial_interrupt_SPI_master.c: 17: SSPIF=0;
   661  008B  118C               	bcf	(99/8),(99)&7
   662                           	line	18
   663                           	
   664  008C                     i1l1035:	
   665  008C  0873               	movf	(??_rc+3),w
   666  008D  00FF               	movwf	btemp+1
   667  008E  0872               	movf	(??_rc+2),w
   668  008F  008A               	movwf	pclath
   669  0090  0871               	movf	(??_rc+1),w
   670  0091  0084               	movwf	fsr0
   671  0092  0E70               	swapf	(??_rc+0)^0FFFFFF80h,w
   672  0093  0083               	movwf	status
   673  0094  0EFE               	swapf	saved_w,f
   674  0095  0E7E               	swapf	saved_w,w
   675  0096  0009               	retfie
   676                           	opt stack 0
   677                           GLOBAL	__end_of_rc
   678  0097                     	__end_of_rc:
   679 ;; =============== function _rc ends ============
   680                           
   681                           	signat	_rc,88
   682                           psect	text63,local,class=CODE,delta=2
   683                           global __ptext63
   684  0000                     __ptext63:
   685                           	global	btemp
   686  007E                     	btemp set 07Eh
   687                           
   688                           	DABS	1,126,2	;btemp
   689                           	global	wtemp0
   690  007E                     	wtemp0 set btemp


HI-TECH Software PICC Macro Assembler V9.81 build 7503 
Symbol Table                                                                                   Mon Jun 27 15:46:34 2022

                  u10 00A9                    u11 00A8                    u15 00A5                    _rc 007F  
                 ?_rc 0070                   _RB0 0030                   fsr0 0004                  ??_rc 0070  
                l1040 007A                  l1025 0099                  l1041 007B                  l1026 0098  
                l1042 007C                  l1027 00AA                  l1043 007C                  l1028 00AA  
                l1038 003D                  l1039 004E                  l2200 003D                  l2210 0066  
                l2202 003F                  l1412 0097                  l2212 006C                  l2204 004D  
                l1414 0099                  l2206 0051                  l2208 005A                  l2190 001F  
                l2192 0022                  l2194 0025                  l2186 0015                  l2196 0028  
                l2188 001B                  l2198 002B                  u2170 004C                  u2171 004B  
                u2180 0079                  u2181 0078                  u2175 0048                  u2185 0075  
                _PIE1 008C                  _PIR1 000C                  u2_20 0083                  u2_21 0082  
                u3_20 008A                  u3_21 0089                  _main 0015                  btemp 007E  
                start 0012                 ?_main 0070                 _ANSEL 0188                 _PORTA 0005  
               _PORTB 0006                 _PORTC 0007                 _TRISA 0085                 _TRISB 0086  
               _TRISC 0087                 _SSPIF 0063                 _delay 0097                 main@j 0076  
               pclath 000A                 status 0003                 wtemp0 007E          __end_of_main 007F  
              ??_main 0076                ?_delay 0074                _ANSELH 0189                i1l1031 008B  
              i1l1032 0086                i1l1033 0086                i1l1034 008B                i1l1035 008C  
              i1l1416 007F                i1l1418 0083                _INTCON 000B                _SSPCON 0014  
              _SSPBUF 0013                saved_w 007E        __pcstackCOMMON 0070         __end_of_delay 00AB  
          __end_of_rc 0097               ??_delay 0076            __pmaintext 0015            __pintentry 0004  
             _SSPSTAT 0094               delay@ms 0074  end_of_initialization 00AB   start_initialization 00AB  
      __size_of_delay 0014           __size_of_rc 0018     interrupt_function 0004              __ptext61 0097  
            __ptext62 007F              __ptext63 0000         __size_of_main 006A              intlevel1 0000  
