

HI-TECH Software PIC LITE Macro Assembler V9.81 build 7503 
                                                                                               Tue Jun 07 23:19:49 2022

HI-TECH Software Omniscient Code Generator (Lite mode) build 7503
     1  0000                     opt subtitle "HI-TECH Software Omniscient Code Generator (Lite mode) build 7503"
     2                           
     3                           opt pagewidth 120
     4                           
     5                           	opt lm
     6                           
     7                           	processor	16F887
     8                           clrc	macro
     9                           	bcf	3,0
    10  0000                     	endm
    11                           clrz	macro
    12                           	bcf	3,2
    13  0000                     	endm
    14                           setc	macro
    15                           	bsf	3,0
    16  0000                     	endm
    17                           setz	macro
    18                           	bsf	3,2
    19  0000                     	endm
    20                           skipc	macro
    21                           	btfss	3,0
    22  0000                     	endm
    23                           skipz	macro
    24                           	btfss	3,2
    25  0000                     	endm
    26                           skipnc	macro
    27                           	btfsc	3,0
    28  0000                     	endm
    29                           skipnz	macro
    30                           	btfsc	3,2
    31  0000                     	endm
    32  0000                     indf	equ	0
    33  0000                     indf0	equ	0
    34  0002                     pc	equ	2
    35  0002                     pcl	equ	2
    36  0003                     status	equ	3
    37  0004                     fsr	equ	4
    38  0004                     fsr0	equ	4
    39  0001                     c	equ	1
    40  0000                     z	equ	0
    41  000A                     pclath	equ	10
    42                           	FNCALL	_main,_lcd_cmd
    43                           	FNCALL	_main,_master1
    44                           	FNCALL	_master1,_master
    45                           	FNCALL	_lcd_cmd,_delay
    46                           	FNROOT	_main
    47                           	global	_PORTA
    48                           psect	text85,local,class=CODE,delta=2
    49                           global __ptext85
    50  0000                     __ptext85:
    51  0005                     _PORTA	set	5
    52                           	global	_PORTC
    53  0007                     _PORTC	set	7
    54                           	global	_PORTD
    55  0008                     _PORTD	set	8
    56                           	global	_PORTE
    57  0009                     _PORTE	set	9
    58                           	global	_SSPBUF
    59  0013                     _SSPBUF	set	19
    60                           	global	_SSPCON
    61  0014                     _SSPCON	set	20
    62                           	global	_RA0
    63  0028                     _RA0	set	40
    64                           	global	_RA1
    65  0029                     _RA1	set	41
    66                           	global	_RA2
    67  002A                     _RA2	set	42
    68                           	global	_RC0
    69  0038                     _RC0	set	56
    70                           	global	_RC1
    71  0039                     _RC1	set	57
    72                           	global	_RC2
    73  003A                     _RC2	set	58
    74                           	global	_RE0
    75  0048                     _RE0	set	72
    76                           	global	_RE1
    77  0049                     _RE1	set	73
    78                           	global	_RE2
    79  004A                     _RE2	set	74
    80                           	global	_SSPIF
    81  0063                     _SSPIF	set	99
    82                           	global	_SSPSTAT
    83  0094                     _SSPSTAT	set	148
    84                           	global	_TRISA
    85  0085                     _TRISA	set	133
    86                           	global	_TRISC
    87  0087                     _TRISC	set	135
    88                           	global	_TRISD
    89  0088                     _TRISD	set	136
    90                           	global	_TRISE
    91  0089                     _TRISE	set	137
    92                           	global	_ANSEL
    93  0188                     _ANSEL	set	392
    94                           	global	_ANSELH
    95  0189                     _ANSELH	set	393
    96                           psect	strings,class=STRING,delta=2
    97                           global __pstrings
    98  0003                     __pstrings:
    99                           ;	global	stringdir,stringtab,__stringbase
   100  0003                     stringtab:
   101                           ;	String table - string pointers are 1 byte each
   102  0003                     stringcode:stringdir:
      + 0003                     stringdir:	
   103  0003  3000               movlw high(stringdir)
   104  0004  008A               movwf pclath
   105  0005  0804               movf fsr,w
   106  0006  0A84               incf fsr
   107  0007  0782               	addwf pc
   108  0008                     __stringbase:
   109  0008  3400               	retlw	0
   110                           psect	strings
   111                           	
   112  0009                     STR_1:	
   113  0009  3448               	retlw	72	;'H'
   114  000A  3461               	retlw	97	;'a'
   115  000B  3469               	retlw	105	;'i'
   116  000C  342C               	retlw	44	;','
   117  000D  3400               	retlw	0
   118                           psect	strings
   119                           	
   120  000E                     STR_3:	
   121  000E  3468               	retlw	104	;'h'
   122  000F  3465               	retlw	101	;'e'
   123  0010  3472               	retlw	114	;'r'
   124  0011  3465               	retlw	101	;'e'
   125  0012  3400               	retlw	0
   126                           psect	strings
   127                           	
   128  0013                     STR_2:	
   129  0013  3449               	retlw	73	;'I'
   130  0014  3427               	retlw	39	;'''
   131  0015  346D               	retlw	109	;'m'
   132  0016  3400               	retlw	0
   133                           psect	strings
   134                           	file	"master.as"
   135                           	line	#
   136                           psect cinit,class=CODE,delta=2
   137                           global start_initialization
   138  06E3                     start_initialization:
   139                           
   140                           psect cinit,class=CODE,delta=2
   141                           global end_of_initialization
   142                           
   143                           ;End of C runtime variable initialization code
   144                           
   145  06E3                     end_of_initialization:
   146  06E3  0183               clrf status
   147  06E4  120A  118A  2F56   ljmp _main	;jump to C main() function
   148                           psect	cstackCOMMON,class=COMMON,space=1
   149                           global __pcstackCOMMON
   150  0070                     __pcstackCOMMON:
   151                           	global	?_delay
   152  0070                     ?_delay:	; 0 bytes @ 0x0
   153                           	global	?_master
   154  0070                     ?_master:	; 0 bytes @ 0x0
   155                           	global	??_master
   156  0070                     ??_master:	; 0 bytes @ 0x0
   157                           	global	?_master1
   158  0070                     ?_master1:	; 0 bytes @ 0x0
   159                           	global	?_main
   160  0070                     ?_main:	; 0 bytes @ 0x0
   161                           	global	master@data
   162  0070                     master@data:	; 1 bytes @ 0x0
   163                           	global	delay@ms
   164  0070                     delay@ms:	; 2 bytes @ 0x0
   165  0070                     	ds	1
   166                           	global	??_master1
   167  0071                     ??_master1:	; 0 bytes @ 0x1
   168  0071                     	ds	1
   169                           	global	??_delay
   170  0072                     ??_delay:	; 0 bytes @ 0x2
   171                           	global	?_lcd_cmd
   172  0072                     ?_lcd_cmd:	; 0 bytes @ 0x2
   173                           	global	lcd_cmd@b
   174  0072                     lcd_cmd@b:	; 1 bytes @ 0x2
   175                           	global	master1@ptr
   176  0072                     master1@ptr:	; 1 bytes @ 0x2
   177  0072                     	ds	1
   178                           	global	lcd_cmd@c
   179  0073                     lcd_cmd@c:	; 1 bytes @ 0x3
   180  0073                     	ds	1
   181                           	global	??_lcd_cmd
   182  0074                     ??_lcd_cmd:	; 0 bytes @ 0x4
   183                           	global	lcd_cmd@a
   184  0074                     lcd_cmd@a:	; 1 bytes @ 0x4
   185  0074                     	ds	1
   186                           	global	??_main
   187  0075                     ??_main:	; 0 bytes @ 0x5
   188  0075                     	ds	1
   189 ;;Data sizes: Strings 14, constant 0, data 0, bss 0, persistent 0 stack 0
   190 ;;Auto spaces:   Size  Autos    Used
   191 ;; COMMON          14      6       6
   192 ;; BANK0           80      0       0
   193 ;; BANK1           80      0       0
   194 ;; BANK3           96      0       0
   195 ;; BANK2           96      0       0
   196                           
   197 ;;
   198 ;; Pointer list with targets:
   199                           
   200 ;; master1@ptr	PTR unsigned char  size(1) Largest target is 5
   201 ;;		 -> STR_3(CODE[5]), STR_2(CODE[4]), STR_1(CODE[5]), 
   202 ;;
   203                           
   204                           
   205 ;;
   206 ;; Critical Paths under _main in COMMON
   207 ;;
   208 ;;   _main->_lcd_cmd
   209 ;;   _master1->_master
   210 ;;   _lcd_cmd->_delay
   211 ;;
   212 ;; Critical Paths under _main in BANK0
   213 ;;
   214 ;;   None.
   215 ;;
   216 ;; Critical Paths under _main in BANK1
   217 ;;
   218 ;;   None.
   219 ;;
   220 ;; Critical Paths under _main in BANK3
   221 ;;
   222 ;;   None.
   223 ;;
   224 ;; Critical Paths under _main in BANK2
   225 ;;
   226 ;;   None.
   227                           
   228 ;;
   229 ;;Main: autosize = 0, tempsize = 1, incstack = 0, save=0
   230 ;;
   231                           
   232 ;;
   233 ;;Call Graph Tables:
   234 ;;
   235 ;; ---------------------------------------------------------------------------------
   236 ;; (Depth) Function   	        Calls       Base Space   Used Autos Params    Refs
   237 ;; ---------------------------------------------------------------------------------
   238 ;; (0) _main                                                 1     1      0     105
   239 ;;                                              5 COMMON     1     1      0
   240 ;;                            _lcd_cmd
   241 ;;                            _master1
   242 ;; ---------------------------------------------------------------------------------
   243 ;; (1) _master1                                              2     2      0      45
   244 ;;                                              1 COMMON     2     2      0
   245 ;;                             _master
   246 ;; ---------------------------------------------------------------------------------
   247 ;; (1) _lcd_cmd                                              3     1      2      60
   248 ;;                                              2 COMMON     3     1      2
   249 ;;                              _delay
   250 ;; ---------------------------------------------------------------------------------
   251 ;; (2) _master                                               1     1      0      15
   252 ;;                                              0 COMMON     1     1      0
   253 ;; ---------------------------------------------------------------------------------
   254 ;; (2) _delay                                                2     0      2      15
   255 ;;                                              0 COMMON     2     0      2
   256 ;; ---------------------------------------------------------------------------------
   257 ;; Estimated maximum stack depth 2
   258 ;; ---------------------------------------------------------------------------------
   259                           
   260 ;; Call Graph Graphs:
   261                           
   262 ;; _main (ROOT)
   263 ;;   _lcd_cmd
   264 ;;     _delay
   265 ;;   _master1
   266 ;;     _master
   267 ;;
   268                           
   269 ;; Address spaces:
   270                           
   271 ;;Name               Size   Autos  Total    Cost      Usage
   272 ;;BITCOMMON            E      0       0       0        0.0%
   273 ;;EEDATA             100      0       0       0        0.0%
   274 ;;NULL                 0      0       0       0        0.0%
   275 ;;CODE                 0      0       0       0        0.0%
   276 ;;COMMON               E      6       6       1       42.9%
   277 ;;BITSFR0              0      0       0       1        0.0%
   278 ;;SFR0                 0      0       0       1        0.0%
   279 ;;BITSFR1              0      0       0       2        0.0%
   280 ;;SFR1                 0      0       0       2        0.0%
   281 ;;STACK                0      0       2       2        0.0%
   282 ;;ABS                  0      0       0       3        0.0%
   283 ;;BITBANK0            50      0       0       4        0.0%
   284 ;;BITSFR3              0      0       0       4        0.0%
   285 ;;SFR3                 0      0       0       4        0.0%
   286 ;;BANK0               50      0       0       5        0.0%
   287 ;;BITSFR2              0      0       0       5        0.0%
   288 ;;SFR2                 0      0       0       5        0.0%
   289 ;;BITBANK1            50      0       0       6        0.0%
   290 ;;BANK1               50      0       0       7        0.0%
   291 ;;BITBANK3            60      0       0       8        0.0%
   292 ;;BANK3               60      0       0       9        0.0%
   293 ;;BITBANK2            60      0       0      10        0.0%
   294 ;;BANK2               60      0       0      11        0.0%
   295 ;;DATA                 0      0       0      12        0.0%
   296                           
   297                           	global	_main
   298                           psect	maintext,global,class=CODE,delta=2
   299                           global __pmaintext
   300  0756                     __pmaintext:
   301                           
   302 ;; *************** function _main *****************
   303 ;; Defined at:
   304 ;;		line 24 in file "D:\Embedded\pic\code\software\protocal\SPI\Basic-1_mas-multi_slave\Master\master.c"
   305 ;; Parameters:    Size  Location     Type
   306 ;;		None
   307 ;; Auto vars:     Size  Location     Type
   308 ;;		None
   309 ;; Return value:  Size  Location     Type
   310 ;;		None               void
   311 ;; Registers used:
   312 ;;		wreg, fsr0l, fsr0h, status,2, status,0, pclath, cstack
   313 ;; Tracked objects:
   314 ;;		On entry : 17F/0
   315 ;;		On exit  : 0/0
   316 ;;		Unchanged: 0/0
   317 ;; Data sizes:     COMMON   BANK0   BANK1   BANK3   BANK2
   318 ;;      Params:         0       0       0       0       0
   319 ;;      Locals:         0       0       0       0       0
   320 ;;      Temps:          1       0       0       0       0
   321 ;;      Totals:         1       0       0       0       0
   322 ;;Total ram usage:        1 bytes
   323 ;; Hardware stack levels required when called:    2
   324 ;; This function calls:
   325 ;;		_lcd_cmd
   326 ;;		_master1
   327 ;; This function is called by:
   328 ;;		Startup code after reset
   329 ;; This function uses a non-reentrant model
   330 ;;
   331                           psect	maintext
   332                           	file	"D:\Embedded\pic\code\software\protocal\SPI\Basic-1_mas-multi_slave\Master\master.
                                 c"
   333                           	line	24
   334                           	global	__size_of_main
   335  00AA                     	__size_of_main	equ	__end_of_main-_main
   336                           	
   337  0756                     _main:	
   338                           	opt	stack 6
   339                           ; Regs used in _main: [wreg-fsr0h+status,2+status,0+pclath+cstack]
   340                           	line	25
   341                           	
   342  0756                     l2231:	
   343                           ;master.c: 25: PORTA=0X00;
   344  0756  1283               	bcf	status, 5	;RP0=0, select bank0
   345  0757  1303               	bcf	status, 6	;RP1=0, select bank0
   346  0758  0185               	clrf	(5)	;volatile
   347                           	line	26
   348                           	
   349  0759                     l2233:	
   350                           ;master.c: 26: TRISA=0X07;
   351  0759  3007               	movlw	(07h)
   352  075A  1683               	bsf	status, 5	;RP0=1, select bank1
   353  075B  1303               	bcf	status, 6	;RP1=0, select bank1
   354  075C  0085               	movwf	(133)^080h	;volatile
   355                           	line	27
   356                           	
   357  075D                     l2235:	
   358                           ;master.c: 27: PORTD=0X00;
   359  075D  1283               	bcf	status, 5	;RP0=0, select bank0
   360  075E  1303               	bcf	status, 6	;RP1=0, select bank0
   361  075F  0188               	clrf	(8)	;volatile
   362                           	line	28
   363                           	
   364  0760                     l2237:	
   365                           ;master.c: 28: TRISD=0X00;
   366  0760  1683               	bsf	status, 5	;RP0=1, select bank1
   367  0761  1303               	bcf	status, 6	;RP1=0, select bank1
   368  0762  0188               	clrf	(136)^080h	;volatile
   369                           	line	29
   370                           	
   371  0763                     l2239:	
   372                           ;master.c: 29: PORTE=0X00;
   373  0763  1283               	bcf	status, 5	;RP0=0, select bank0
   374  0764  1303               	bcf	status, 6	;RP1=0, select bank0
   375  0765  0189               	clrf	(9)	;volatile
   376                           	line	30
   377                           	
   378  0766                     l2241:	
   379                           ;master.c: 30: TRISE=0X00;
   380  0766  1683               	bsf	status, 5	;RP0=1, select bank1
   381  0767  1303               	bcf	status, 6	;RP1=0, select bank1
   382  0768  0189               	clrf	(137)^080h	;volatile
   383                           	line	31
   384                           	
   385  0769                     l2243:	
   386                           ;master.c: 31: ANSEL=0X00;
   387  0769  1683               	bsf	status, 5	;RP0=1, select bank3
   388  076A  1703               	bsf	status, 6	;RP1=1, select bank3
   389  076B  0188               	clrf	(392)^0180h	;volatile
   390                           	line	32
   391                           	
   392  076C                     l2245:	
   393                           ;master.c: 32: ANSELH=0X00;
   394  076C  0189               	clrf	(393)^0180h	;volatile
   395                           	line	33
   396                           	
   397  076D                     l2247:	
   398                           ;master.c: 33: PORTC=0X00;
   399  076D  1283               	bcf	status, 5	;RP0=0, select bank0
   400  076E  1303               	bcf	status, 6	;RP1=0, select bank0
   401  076F  0187               	clrf	(7)	;volatile
   402                           	line	34
   403                           ;master.c: 34: TRISC=0X10;
   404  0770  3010               	movlw	(010h)
   405  0771  1683               	bsf	status, 5	;RP0=1, select bank1
   406  0772  1303               	bcf	status, 6	;RP1=0, select bank1
   407  0773  0087               	movwf	(135)^080h	;volatile
   408                           	line	35
   409                           ;master.c: 35: SSPCON=0X30;
   410  0774  3030               	movlw	(030h)
   411  0775  1283               	bcf	status, 5	;RP0=0, select bank0
   412  0776  1303               	bcf	status, 6	;RP1=0, select bank0
   413  0777  0094               	movwf	(20)	;volatile
   414                           	line	36
   415                           ;master.c: 36: SSPSTAT=0X80;
   416  0778  3080               	movlw	(080h)
   417  0779  1683               	bsf	status, 5	;RP0=1, select bank1
   418  077A  1303               	bcf	status, 6	;RP1=0, select bank1
   419  077B  0094               	movwf	(148)^080h	;volatile
   420                           	line	37
   421                           	
   422  077C                     l2249:	
   423                           ;master.c: 37: lcd_cmd(0,0,0X38);
   424  077C  01F2               	clrf	(?_lcd_cmd)
   425  077D  3038               	movlw	(038h)
   426  077E  00F5               	movwf	(??_main+0)+0
   427  077F  0875               	movf	(??_main+0)+0,w
   428  0780  00F3               	movwf	0+(?_lcd_cmd)+01h
   429  0781  3000               	movlw	(0)
   430  0782  120A  118A  2728   	fcall	_lcd_cmd
              120A  118A         
   431                           	line	38
   432                           	
   433  0787                     l2251:	
   434                           ;master.c: 38: lcd_cmd(0,0,0X0F);
   435  0787  01F2               	clrf	(?_lcd_cmd)
   436  0788  300F               	movlw	(0Fh)
   437  0789  00F5               	movwf	(??_main+0)+0
   438  078A  0875               	movf	(??_main+0)+0,w
   439  078B  00F3               	movwf	0+(?_lcd_cmd)+01h
   440  078C  3000               	movlw	(0)
   441  078D  120A  118A  2728   	fcall	_lcd_cmd
              120A  118A         
   442                           	line	39
   443                           	
   444  0792                     l2253:	
   445                           ;master.c: 39: lcd_cmd(0,0,0X80);
   446  0792  01F2               	clrf	(?_lcd_cmd)
   447  0793  3080               	movlw	(080h)
   448  0794  00F5               	movwf	(??_main+0)+0
   449  0795  0875               	movf	(??_main+0)+0,w
   450  0796  00F3               	movwf	0+(?_lcd_cmd)+01h
   451  0797  3000               	movlw	(0)
   452  0798  120A  118A  2728   	fcall	_lcd_cmd
              120A  118A         
   453  079D  2F9E               	goto	l2255
   454                           	line	40
   455                           ;master.c: 40: while(1)
   456                           	
   457  079E                     l1049:	
   458                           	line	43
   459                           	
   460  079E                     l2255:	
   461                           ;master.c: 41: {
   462                           ;master.c: 43: if(RA0==1)
   463  079E  1283               	bcf	status, 5	;RP0=0, select bank0
   464  079F  1303               	bcf	status, 6	;RP1=0, select bank0
   465  07A0  1C05               	btfss	(40/8),(40)&7
   466  07A1  2FA3               	goto	u2211
   467  07A2  2FA4               	goto	u2210
   468  07A3                     u2211:
   469  07A3  2FBE               	goto	l1050
   470  07A4                     u2210:
   471                           	line	45
   472                           	
   473  07A4                     l2257:	
   474                           ;master.c: 44: {
   475                           ;master.c: 45: RC0=0;
   476  07A4  1007               	bcf	(56/8),(56)&7
   477                           	line	46
   478                           ;master.c: 46: RC1=RC2=1;
   479  07A5  1507               	bsf	(58/8),(58)&7
   480  07A6  1907               	btfsc	(58/8),(58)&7
   481  07A7  2FA9               	goto	u2221
   482  07A8  2FAD               	goto	u2220
   483                           	
   484  07A9                     u2221:
   485  07A9  1283               	bcf	status, 5	;RP0=0, select bank0
   486  07AA  1303               	bcf	status, 6	;RP1=0, select bank0
   487  07AB  1487               	bsf	(57/8),(57)&7
   488  07AC  2FB0               	goto	u2234
   489  07AD                     u2220:
   490  07AD  1283               	bcf	status, 5	;RP0=0, select bank0
   491  07AE  1303               	bcf	status, 6	;RP1=0, select bank0
   492  07AF  1087               	bcf	(57/8),(57)&7
   493  07B0                     u2234:
   494                           	line	47
   495                           	
   496  07B0                     l2259:	
   497                           ;master.c: 47: master1("Hai,");
   498  07B0  3001               	movlw	((STR_1-__stringbase))&0ffh
   499  07B1  120A  118A  2707   	fcall	_master1
              120A  118A         
   500                           	line	48
   501                           ;master.c: 48: while(RA0==1);
   502  07B6  2FB7               	goto	l1051
   503                           	
   504  07B7                     l1052:	
   505                           	
   506  07B7                     l1051:	
   507  07B7  1283               	bcf	status, 5	;RP0=0, select bank0
   508  07B8  1303               	bcf	status, 6	;RP1=0, select bank0
   509  07B9  1805               	btfsc	(40/8),(40)&7
   510  07BA  2FBC               	goto	u2241
   511  07BB  2FBD               	goto	u2240
   512  07BC                     u2241:
   513  07BC  2FB7               	goto	l1051
   514  07BD                     u2240:
   515  07BD  2FBE               	goto	l1050
   516                           	
   517  07BE                     l1053:	
   518                           	line	49
   519                           	
   520  07BE                     l1050:	
   521                           	line	50
   522                           ;master.c: 49: }
   523                           ;master.c: 50: if(RA1==1)
   524  07BE  1C85               	btfss	(41/8),(41)&7
   525  07BF  2FC1               	goto	u2251
   526  07C0  2FC2               	goto	u2250
   527  07C1                     u2251:
   528  07C1  2FDC               	goto	l1054
   529  07C2                     u2250:
   530                           	line	52
   531                           	
   532  07C2                     l2261:	
   533                           ;master.c: 51: {
   534                           ;master.c: 52: RC1=0;
   535  07C2  1087               	bcf	(57/8),(57)&7
   536                           	line	53
   537                           ;master.c: 53: RC0=RC2=1;
   538  07C3  1507               	bsf	(58/8),(58)&7
   539  07C4  1907               	btfsc	(58/8),(58)&7
   540  07C5  2FC7               	goto	u2261
   541  07C6  2FCB               	goto	u2260
   542                           	
   543  07C7                     u2261:
   544  07C7  1283               	bcf	status, 5	;RP0=0, select bank0
   545  07C8  1303               	bcf	status, 6	;RP1=0, select bank0
   546  07C9  1407               	bsf	(56/8),(56)&7
   547  07CA  2FCE               	goto	u2274
   548  07CB                     u2260:
   549  07CB  1283               	bcf	status, 5	;RP0=0, select bank0
   550  07CC  1303               	bcf	status, 6	;RP1=0, select bank0
   551  07CD  1007               	bcf	(56/8),(56)&7
   552  07CE                     u2274:
   553                           	line	54
   554                           	
   555  07CE                     l2263:	
   556                           ;master.c: 54: master1("I'm");
   557  07CE  300B               	movlw	((STR_2-__stringbase))&0ffh
   558  07CF  120A  118A  2707   	fcall	_master1
              120A  118A         
   559                           	line	55
   560                           ;master.c: 55: while(RA1==1);
   561  07D4  2FD5               	goto	l1055
   562                           	
   563  07D5                     l1056:	
   564                           	
   565  07D5                     l1055:	
   566  07D5  1283               	bcf	status, 5	;RP0=0, select bank0
   567  07D6  1303               	bcf	status, 6	;RP1=0, select bank0
   568  07D7  1885               	btfsc	(41/8),(41)&7
   569  07D8  2FDA               	goto	u2281
   570  07D9  2FDB               	goto	u2280
   571  07DA                     u2281:
   572  07DA  2FD5               	goto	l1055
   573  07DB                     u2280:
   574  07DB  2FDC               	goto	l1054
   575                           	
   576  07DC                     l1057:	
   577                           	line	56
   578                           	
   579  07DC                     l1054:	
   580                           	line	57
   581                           ;master.c: 56: }
   582                           ;master.c: 57: if(RA2==1)
   583  07DC  1D05               	btfss	(42/8),(42)&7
   584  07DD  2FDF               	goto	u2291
   585  07DE  2FE0               	goto	u2290
   586  07DF                     u2291:
   587  07DF  2F9E               	goto	l2255
   588  07E0                     u2290:
   589                           	line	59
   590                           	
   591  07E0                     l2265:	
   592                           ;master.c: 58: {
   593                           ;master.c: 59: RC2=0;
   594  07E0  1107               	bcf	(58/8),(58)&7
   595                           	line	60
   596                           ;master.c: 60: RC1=RC0=1;
   597  07E1  1407               	bsf	(56/8),(56)&7
   598  07E2  1807               	btfsc	(56/8),(56)&7
   599  07E3  2FE5               	goto	u2301
   600  07E4  2FE9               	goto	u2300
   601                           	
   602  07E5                     u2301:
   603  07E5  1283               	bcf	status, 5	;RP0=0, select bank0
   604  07E6  1303               	bcf	status, 6	;RP1=0, select bank0
   605  07E7  1487               	bsf	(57/8),(57)&7
   606  07E8  2FEC               	goto	u2314
   607  07E9                     u2300:
   608  07E9  1283               	bcf	status, 5	;RP0=0, select bank0
   609  07EA  1303               	bcf	status, 6	;RP1=0, select bank0
   610  07EB  1087               	bcf	(57/8),(57)&7
   611  07EC                     u2314:
   612                           	line	61
   613                           	
   614  07EC                     l2267:	
   615                           ;master.c: 61: master1("here");
   616  07EC  3006               	movlw	((STR_3-__stringbase))&0ffh
   617  07ED  120A  118A  2707   	fcall	_master1
              120A  118A         
   618                           	line	62
   619                           ;master.c: 62: while(RA2==1);
   620  07F2  2FF3               	goto	l1059
   621                           	
   622  07F3                     l1060:	
   623                           	
   624  07F3                     l1059:	
   625  07F3  1283               	bcf	status, 5	;RP0=0, select bank0
   626  07F4  1303               	bcf	status, 6	;RP1=0, select bank0
   627  07F5  1905               	btfsc	(42/8),(42)&7
   628  07F6  2FF8               	goto	u2321
   629  07F7  2FF9               	goto	u2320
   630  07F8                     u2321:
   631  07F8  2FF3               	goto	l1059
   632  07F9                     u2320:
   633  07F9  2F9E               	goto	l2255
   634                           	
   635  07FA                     l1061:	
   636  07FA  2F9E               	goto	l2255
   637                           	line	63
   638                           	
   639  07FB                     l1058:	
   640  07FB  2F9E               	goto	l2255
   641                           	line	64
   642                           	
   643  07FC                     l1062:	
   644                           	line	40
   645  07FC  2F9E               	goto	l2255
   646                           	
   647  07FD                     l1063:	
   648                           	line	65
   649                           	
   650  07FD                     l1064:	
   651                           	global	start
   652  07FD  120A  118A  2800   	ljmp	start
   653                           	opt stack 0
   654                           GLOBAL	__end_of_main
   655  0800                     	__end_of_main:
   656 ;; =============== function _main ends ============
   657                           
   658                           	signat	_main,88
   659                           	global	_master1
   660                           psect	text86,local,class=CODE,delta=2
   661                           global __ptext86
   662  0707                     __ptext86:
   663                           
   664 ;; *************** function _master1 *****************
   665 ;; Defined at:
   666 ;;		line 17 in file "D:\Embedded\pic\code\software\protocal\SPI\Basic-1_mas-multi_slave\Master\master.c"
   667 ;; Parameters:    Size  Location     Type
   668 ;;  ptr             1    wreg     PTR unsigned char 
   669 ;;		 -> STR_3(5), STR_2(4), STR_1(5), 
   670 ;; Auto vars:     Size  Location     Type
   671 ;;  ptr             1    2[COMMON] PTR unsigned char 
   672 ;;		 -> STR_3(5), STR_2(4), STR_1(5), 
   673 ;; Return value:  Size  Location     Type
   674 ;;		None               void
   675 ;; Registers used:
   676 ;;		wreg, fsr0l, fsr0h, status,2, status,0, pclath, cstack
   677 ;; Tracked objects:
   678 ;;		On entry : 0/0
   679 ;;		On exit  : 0/0
   680 ;;		Unchanged: 0/0
   681 ;; Data sizes:     COMMON   BANK0   BANK1   BANK3   BANK2
   682 ;;      Params:         0       0       0       0       0
   683 ;;      Locals:         1       0       0       0       0
   684 ;;      Temps:          1       0       0       0       0
   685 ;;      Totals:         2       0       0       0       0
   686 ;;Total ram usage:        2 bytes
   687 ;; Hardware stack levels used:    1
   688 ;; Hardware stack levels required when called:    1
   689 ;; This function calls:
   690 ;;		_master
   691 ;; This function is called by:
   692 ;;		_main
   693 ;; This function uses a non-reentrant model
   694 ;;
   695                           psect	text86
   696                           	file	"D:\Embedded\pic\code\software\protocal\SPI\Basic-1_mas-multi_slave\Master\master.
                                 c"
   697                           	line	17
   698                           	global	__size_of_master1
   699  0021                     	__size_of_master1	equ	__end_of_master1-_master1
   700                           	
   701  0707                     _master1:	
   702                           	opt	stack 6
   703                           ; Regs used in _master1: [wreg-fsr0h+status,2+status,0+pclath+cstack]
   704                           ;master1@ptr stored from wreg
   705  0707  00F2               	movwf	(master1@ptr)
   706                           	line	18
   707                           	
   708  0708                     l2223:	
   709                           ;master.c: 18: while(*ptr)
   710  0708  2F1A               	goto	l2229
   711                           	
   712  0709                     l1044:	
   713                           	line	20
   714                           	
   715  0709                     l2225:	
   716                           ;master.c: 19: {
   717                           ;master.c: 20: master(*ptr++);
   718  0709  0872               	movf	(master1@ptr),w
   719  070A  0084               	movwf	fsr0
   720  070B  120A  118A  2003   	fcall	stringdir
              120A  118A         
   721  0710  120A  118A  26E7   	fcall	_master
              120A  118A         
   722                           	
   723  0715                     l2227:	
   724  0715  3001               	movlw	(01h)
   725  0716  00F1               	movwf	(??_master1+0)+0
   726  0717  0871               	movf	(??_master1+0)+0,w
   727  0718  07F2               	addwf	(master1@ptr),f
   728  0719  2F1A               	goto	l2229
   729                           	line	21
   730                           	
   731  071A                     l1043:	
   732                           	line	18
   733                           	
   734  071A                     l2229:	
   735  071A  0872               	movf	(master1@ptr),w
   736  071B  0084               	movwf	fsr0
   737  071C  120A  118A  2003   	fcall	stringdir
              120A  118A         
   738  0721  3800               	iorlw	0
   739  0722  1D03               	skipz
   740  0723  2F25               	goto	u2201
   741  0724  2F26               	goto	u2200
   742  0725                     u2201:
   743  0725  2F09               	goto	l2225
   744  0726                     u2200:
   745  0726  2F27               	goto	l1046
   746                           	
   747  0727                     l1045:	
   748                           	line	22
   749                           	
   750  0727                     l1046:	
   751  0727  0008               	return
   752                           	opt stack 0
   753                           GLOBAL	__end_of_master1
   754  0728                     	__end_of_master1:
   755 ;; =============== function _master1 ends ============
   756                           
   757                           	signat	_master1,4216
   758                           	global	_lcd_cmd
   759                           psect	text87,local,class=CODE,delta=2
   760                           global __ptext87
   761  0728                     __ptext87:
   762                           
   763 ;; *************** function _lcd_cmd *****************
   764 ;; Defined at:
   765 ;;		line 10 in file "D:\Embedded\pic\code\software\protocal\SPI\Basic-1_mas-multi_slave\Master\lcd.h"
   766 ;; Parameters:    Size  Location     Type
   767 ;;  a               1    wreg     unsigned char 
   768 ;;  b               1    2[COMMON] unsigned char 
   769 ;;  c               1    3[COMMON] unsigned char 
   770 ;; Auto vars:     Size  Location     Type
   771 ;;  a               1    4[COMMON] unsigned char 
   772 ;; Return value:  Size  Location     Type
   773 ;;		None               void
   774 ;; Registers used:
   775 ;;		wreg, status,2, status,0, pclath, cstack
   776 ;; Tracked objects:
   777 ;;		On entry : 0/0
   778 ;;		On exit  : 0/0
   779 ;;		Unchanged: 0/0
   780 ;; Data sizes:     COMMON   BANK0   BANK1   BANK3   BANK2
   781 ;;      Params:         2       0       0       0       0
   782 ;;      Locals:         1       0       0       0       0
   783 ;;      Temps:          0       0       0       0       0
   784 ;;      Totals:         3       0       0       0       0
   785 ;;Total ram usage:        3 bytes
   786 ;; Hardware stack levels used:    1
   787 ;; Hardware stack levels required when called:    1
   788 ;; This function calls:
   789 ;;		_delay
   790 ;; This function is called by:
   791 ;;		_main
   792 ;;		_lcd_init
   793 ;; This function uses a non-reentrant model
   794 ;;
   795                           psect	text87
   796                           	file	"D:\Embedded\pic\code\software\protocal\SPI\Basic-1_mas-multi_slave\Master\lcd.h"
   797                           	line	10
   798                           	global	__size_of_lcd_cmd
   799  002E                     	__size_of_lcd_cmd	equ	__end_of_lcd_cmd-_lcd_cmd
   800                           	
   801  0728                     _lcd_cmd:	
   802                           	opt	stack 6
   803                           ; Regs used in _lcd_cmd: [wreg+status,2+status,0+pclath+cstack]
   804                           ;lcd_cmd@a stored from wreg
   805  0728  00F4               	movwf	(lcd_cmd@a)
   806                           	line	11
   807                           	
   808  0729                     l2211:	
   809                           ;lcd.h: 11: RE0=a;
   810  0729  1874               	btfsc	(lcd_cmd@a),0
   811  072A  2F2C               	goto	u2161
   812  072B  2F30               	goto	u2160
   813                           	
   814  072C                     u2161:
   815  072C  1283               	bcf	status, 5	;RP0=0, select bank0
   816  072D  1303               	bcf	status, 6	;RP1=0, select bank0
   817  072E  1409               	bsf	(72/8),(72)&7
   818  072F  2F33               	goto	u2174
   819  0730                     u2160:
   820  0730  1283               	bcf	status, 5	;RP0=0, select bank0
   821  0731  1303               	bcf	status, 6	;RP1=0, select bank0
   822  0732  1009               	bcf	(72/8),(72)&7
   823  0733                     u2174:
   824                           	line	12
   825                           ;lcd.h: 12: RE1=b;
   826  0733  1872               	btfsc	(lcd_cmd@b),0
   827  0734  2F36               	goto	u2181
   828  0735  2F3A               	goto	u2180
   829                           	
   830  0736                     u2181:
   831  0736  1283               	bcf	status, 5	;RP0=0, select bank0
   832  0737  1303               	bcf	status, 6	;RP1=0, select bank0
   833  0738  1489               	bsf	(73/8),(73)&7
   834  0739  2F3D               	goto	u2194
   835  073A                     u2180:
   836  073A  1283               	bcf	status, 5	;RP0=0, select bank0
   837  073B  1303               	bcf	status, 6	;RP1=0, select bank0
   838  073C  1089               	bcf	(73/8),(73)&7
   839  073D                     u2194:
   840                           	line	13
   841                           	
   842  073D                     l2213:	
   843                           ;lcd.h: 13: PORTD=c;
   844  073D  0873               	movf	(lcd_cmd@c),w
   845  073E  0088               	movwf	(8)	;volatile
   846                           	line	14
   847                           	
   848  073F                     l2215:	
   849                           ;lcd.h: 14: RE2=1;
   850  073F  1509               	bsf	(74/8),(74)&7
   851                           	line	15
   852                           	
   853  0740                     l2217:	
   854                           ;lcd.h: 15: delay(1000);
   855  0740  30E8               	movlw	low(03E8h)
   856  0741  00F0               	movwf	(?_delay)
   857  0742  3003               	movlw	high(03E8h)
   858  0743  00F1               	movwf	((?_delay))+1
   859  0744  120A  118A  26F3   	fcall	_delay
              120A  118A         
   860                           	line	16
   861                           	
   862  0749                     l2219:	
   863                           ;lcd.h: 16: RE2=0;
   864  0749  1283               	bcf	status, 5	;RP0=0, select bank0
   865  074A  1303               	bcf	status, 6	;RP1=0, select bank0
   866  074B  1109               	bcf	(74/8),(74)&7
   867                           	line	17
   868                           	
   869  074C                     l2221:	
   870                           ;lcd.h: 17: delay(1000);
   871  074C  30E8               	movlw	low(03E8h)
   872  074D  00F0               	movwf	(?_delay)
   873  074E  3003               	movlw	high(03E8h)
   874  074F  00F1               	movwf	((?_delay))+1
   875  0750  120A  118A  26F3   	fcall	_delay
              120A  118A         
   876                           	line	18
   877                           	
   878  0755                     l1031:	
   879  0755  0008               	return
   880                           	opt stack 0
   881                           GLOBAL	__end_of_lcd_cmd
   882  0756                     	__end_of_lcd_cmd:
   883 ;; =============== function _lcd_cmd ends ============
   884                           
   885                           	signat	_lcd_cmd,12408
   886                           	global	_master
   887                           psect	text88,local,class=CODE,delta=2
   888                           global __ptext88
   889  06E7                     __ptext88:
   890                           
   891 ;; *************** function _master *****************
   892 ;; Defined at:
   893 ;;		line 10 in file "D:\Embedded\pic\code\software\protocal\SPI\Basic-1_mas-multi_slave\Master\master.c"
   894 ;; Parameters:    Size  Location     Type
   895 ;;  data            1    wreg     unsigned char 
   896 ;; Auto vars:     Size  Location     Type
   897 ;;  data            1    0[COMMON] unsigned char 
   898 ;; Return value:  Size  Location     Type
   899 ;;		None               void
   900 ;; Registers used:
   901 ;;		wreg
   902 ;; Tracked objects:
   903 ;;		On entry : 0/0
   904 ;;		On exit  : 0/0
   905 ;;		Unchanged: 0/0
   906 ;; Data sizes:     COMMON   BANK0   BANK1   BANK3   BANK2
   907 ;;      Params:         0       0       0       0       0
   908 ;;      Locals:         1       0       0       0       0
   909 ;;      Temps:          0       0       0       0       0
   910 ;;      Totals:         1       0       0       0       0
   911 ;;Total ram usage:        1 bytes
   912 ;; Hardware stack levels used:    1
   913 ;; This function calls:
   914 ;;		Nothing
   915 ;; This function is called by:
   916 ;;		_master1
   917 ;; This function uses a non-reentrant model
   918 ;;
   919                           psect	text88
   920                           	file	"D:\Embedded\pic\code\software\protocal\SPI\Basic-1_mas-multi_slave\Master\master.
                                 c"
   921                           	line	10
   922                           	global	__size_of_master
   923  000C                     	__size_of_master	equ	__end_of_master-_master
   924                           	
   925  06E7                     _master:	
   926                           	opt	stack 6
   927                           ; Regs used in _master: [wreg]
   928                           ;master@data stored from wreg
   929  06E7  00F0               	movwf	(master@data)
   930                           	line	11
   931                           	
   932  06E8                     l1443:	
   933                           ;master.c: 11: SSPBUF=data;
   934  06E8  0870               	movf	(master@data),w
   935  06E9  1283               	bcf	status, 5	;RP0=0, select bank0
   936  06EA  1303               	bcf	status, 6	;RP1=0, select bank0
   937  06EB  0093               	movwf	(19)	;volatile
   938                           	line	12
   939                           ;master.c: 12: while(SSPIF==0);
   940  06EC  2EED               	goto	l1037
   941                           	
   942  06ED                     l1038:	
   943                           	
   944  06ED                     l1037:	
   945  06ED  1D8C               	btfss	(99/8),(99)&7
   946  06EE  2EF0               	goto	u21
   947  06EF  2EF1               	goto	u20
   948  06F0                     u21:
   949  06F0  2EED               	goto	l1037
   950  06F1                     u20:
   951                           	
   952  06F1                     l1039:	
   953                           	line	13
   954                           ;master.c: 13: SSPIF=0;
   955  06F1  118C               	bcf	(99/8),(99)&7
   956                           	line	15
   957                           	
   958  06F2                     l1040:	
   959  06F2  0008               	return
   960                           	opt stack 0
   961                           GLOBAL	__end_of_master
   962  06F3                     	__end_of_master:
   963 ;; =============== function _master ends ============
   964                           
   965                           	signat	_master,4216
   966                           	global	_delay
   967                           psect	text89,local,class=CODE,delta=2
   968                           global __ptext89
   969  06F3                     __ptext89:
   970                           
   971 ;; *************** function _delay *****************
   972 ;; Defined at:
   973 ;;		line 6 in file "D:\Embedded\pic\code\software\protocal\SPI\Basic-1_mas-multi_slave\Master\lcd.h"
   974 ;; Parameters:    Size  Location     Type
   975 ;;  ms              2    0[COMMON] unsigned int 
   976 ;; Auto vars:     Size  Location     Type
   977 ;;		None
   978 ;; Return value:  Size  Location     Type
   979 ;;		None               void
   980 ;; Registers used:
   981 ;;		wreg
   982 ;; Tracked objects:
   983 ;;		On entry : 0/0
   984 ;;		On exit  : 0/0
   985 ;;		Unchanged: 0/0
   986 ;; Data sizes:     COMMON   BANK0   BANK1   BANK3   BANK2
   987 ;;      Params:         2       0       0       0       0
   988 ;;      Locals:         0       0       0       0       0
   989 ;;      Temps:          0       0       0       0       0
   990 ;;      Totals:         2       0       0       0       0
   991 ;;Total ram usage:        2 bytes
   992 ;; Hardware stack levels used:    1
   993 ;; This function calls:
   994 ;;		Nothing
   995 ;; This function is called by:
   996 ;;		_lcd_cmd
   997 ;; This function uses a non-reentrant model
   998 ;;
   999                           psect	text89
  1000                           	file	"D:\Embedded\pic\code\software\protocal\SPI\Basic-1_mas-multi_slave\Master\lcd.h"
  1001                           	line	6
  1002                           	global	__size_of_delay
  1003  0014                     	__size_of_delay	equ	__end_of_delay-_delay
  1004                           	
  1005  06F3                     _delay:	
  1006                           	opt	stack 6
  1007                           ; Regs used in _delay: [wreg]
  1008                           	line	7
  1009                           	
  1010  06F3                     l1437:	
  1011                           ;lcd.h: 7: while(ms--);
  1012  06F3  2EF5               	goto	l1439
  1013                           	
  1014  06F4                     l1026:	
  1015  06F4  2EF5               	goto	l1439
  1016                           	
  1017  06F5                     l1025:	
  1018                           	
  1019  06F5                     l1439:	
  1020  06F5  3001               	movlw	low(01h)
  1021  06F6  02F0               	subwf	(delay@ms),f
  1022  06F7  3000               	movlw	high(01h)
  1023  06F8  1C03               	skipc
  1024  06F9  03F1               	decf	(delay@ms+1),f
  1025  06FA  02F1               	subwf	(delay@ms+1),f
  1026  06FB  30FF               	movlw	high(0FFFFh)
  1027  06FC  0671               	xorwf	((delay@ms+1)),w
  1028  06FD  1D03               	skipz
  1029  06FE  2F01               	goto	u15
  1030  06FF  30FF               	movlw	low(0FFFFh)
  1031  0700  0670               	xorwf	((delay@ms)),w
  1032  0701                     u15:
  1033                           
  1034  0701  1D03               	skipz
  1035  0702  2F04               	goto	u11
  1036  0703  2F05               	goto	u10
  1037  0704                     u11:
  1038  0704  2EF5               	goto	l1439
  1039  0705                     u10:
  1040  0705  2F06               	goto	l1028
  1041                           	
  1042  0706                     l1027:	
  1043                           	line	8
  1044                           	
  1045  0706                     l1028:	
  1046  0706  0008               	return
  1047                           	opt stack 0
  1048                           GLOBAL	__end_of_delay
  1049  0707                     	__end_of_delay:
  1050 ;; =============== function _delay ends ============
  1051                           
  1052                           	signat	_delay,4216
  1053                           psect	text90,local,class=CODE,delta=2
  1054                           global __ptext90
  1055  0000                     __ptext90:
  1056                           	global	btemp
  1057  007E                     	btemp set 07Eh
  1058                           
  1059                           	DABS	1,126,2	;btemp
  1060                           	global	wtemp0
  1061  007E                     	wtemp0 set btemp


HI-TECH Software PICC Macro Assembler V9.81 build 7503 
Symbol Table                                                                                   Tue Jun 07 23:19:49 2022

                   pc 0002                    u10 0705                    u11 0704                    u20 06F1  
                  u21 06F0                    u15 0701                    fsr 0004                   _RA0 0028  
                 _RA1 0029                   _RA2 002A                   _RC0 0038                   _RC1 0039  
                 _RC2 003A                   _RE0 0048                   _RE1 0049                   _RE2 004A  
                 fsr0 0004                  l1031 0755                  l1040 06F2                  l1025 06F5  
                l1026 06F4                  l1050 07BE                  l1027 0706                  l1043 071A  
                l1051 07B7                  l1028 0706                  l1044 0709                  l1060 07F3  
                l1052 07B7                  l1037 06ED                  l1045 0727                  l1061 07FA  
                l1053 07BE                  l1038 06ED                  l1046 0727                  l1062 07FC  
                l1054 07DC                  l1039 06F1                  l1063 07FD                  l1055 07D5  
                l1064 07FD                  l1056 07D5                  l1057 07DC                  l1049 079E  
                l1058 07FB                  l2211 0729                  l1059 07F3                  l2221 074C  
                l2213 073D                  l2215 073F                  l2223 0708                  l2231 0756  
                l2217 0740                  l2225 0709                  l2241 0766                  l2233 0759  
                l1443 06E8                  l2219 0749                  l2227 0715                  l2251 0787  
                l2243 0769                  l2235 075D                  l1437 06F3                  l2229 071A  
                l2261 07C2                  l2253 0792                  l2245 076C                  l2237 0760  
                l1439 06F5                  l2263 07CE                  l2255 079E                  l2247 076D  
                l2239 0763                  l2265 07E0                  l2257 07A4                  l2249 077C  
                l2267 07EC                  l2259 07B0                  STR_1 0009                  STR_2 0013  
                STR_3 000E                  u2200 0726                  u2201 0725                  u2210 07A4  
                u2211 07A3                  u2300 07E9                  u2220 07AD                  u2301 07E5  
                u2221 07A9                  u2160 0730                  u2320 07F9                  u2240 07BD  
                u2161 072C                  u2321 07F8                  u2241 07BC                  u2314 07EC  
                u2250 07C2                  u2234 07B0                  u2251 07C1                  u2180 073A  
                u2260 07CB                  u2181 0736                  u2261 07C7                  u2174 0733  
                u2280 07DB                  u2281 07DA                  u2194 073D                  u2290 07E0  
                u2274 07CE                  u2291 07DF                  _main 0756                  btemp 007E  
                start 0000                 ?_main 0070                 _ANSEL 0188                 _PORTA 0005  
               _PORTC 0007                 _PORTD 0008                 _PORTE 0009                 _TRISA 0085  
               _TRISC 0087                 _TRISD 0088                 _TRISE 0089                 _SSPIF 0063  
     __end_of_lcd_cmd 0756                 _delay 06F3       __end_of_master1 0728                 pclath 000A  
               status 0003                 wtemp0 007E          __end_of_main 0800                ??_main 0075  
              ?_delay 0070                _ANSELH 0189                _SSPCON 0014                _SSPBUF 0013  
              _master 06E7             ??_lcd_cmd 0074             ??_master1 0071        __pcstackCOMMON 0070  
       __end_of_delay 0707               ??_delay 0072            __pmaintext 0756               ?_master 0070  
             _SSPSTAT 0094       __size_of_master 000C               _lcd_cmd 0728               _master1 0707  
             delay@ms 0070  end_of_initialization 06E3        __end_of_master 06F3   start_initialization 06E3  
          master1@ptr 0072            master@data 0070              ??_master 0070             __pstrings 0003  
            ?_lcd_cmd 0072              ?_master1 0070        __size_of_delay 0014           __stringbase 0008  
    __size_of_lcd_cmd 002E      __size_of_master1 0021              __ptext90 0000              __ptext85 0000  
            __ptext86 0707              __ptext87 0728              __ptext88 06E7              __ptext89 06F3  
       __size_of_main 00AA              lcd_cmd@a 0074              lcd_cmd@b 0072              lcd_cmd@c 0073  
           stringcode 0003              stringdir 0003              stringtab 0003  
