

HI-TECH Software PIC LITE Macro Assembler V9.81 build 7503 
                                                                                               Thu Jul 07 22:34:56 2022

HI-TECH Software Omniscient Code Generator (Lite mode) build 7503
     1  0000                     opt subtitle "HI-TECH Software Omniscient Code Generator (Lite mode) build 7503"
     2                           
     3                           opt pagewidth 120
     4                           
     5                           	opt lm
     6                           
     7                           	processor	16F887
     8                           clrc	macro
     9                           	bcf	3,0
    10  0000                     	endm
    11                           clrz	macro
    12                           	bcf	3,2
    13  0000                     	endm
    14                           setc	macro
    15                           	bsf	3,0
    16  0000                     	endm
    17                           setz	macro
    18                           	bsf	3,2
    19  0000                     	endm
    20                           skipc	macro
    21                           	btfss	3,0
    22  0000                     	endm
    23                           skipz	macro
    24                           	btfss	3,2
    25  0000                     	endm
    26                           skipnc	macro
    27                           	btfsc	3,0
    28  0000                     	endm
    29                           skipnz	macro
    30                           	btfsc	3,2
    31  0000                     	endm
    32  0000                     indf	equ	0
    33  0000                     indf0	equ	0
    34  0002                     pc	equ	2
    35  0002                     pcl	equ	2
    36  0003                     status	equ	3
    37  0004                     fsr	equ	4
    38  0004                     fsr0	equ	4
    39  0001                     c	equ	1
    40  0000                     z	equ	0
    41  000A                     pclath	equ	10
    42                           	FNCALL	_main,_lcd_cmd
    43                           	FNCALL	_main,_adc
    44                           	FNCALL	_adc,___awdiv
    45                           	FNCALL	_adc,___awmod
    46                           	FNCALL	_adc,_lcd_cmd
    47                           	FNCALL	_lcd_cmd,_delay
    48                           	FNROOT	_main
    49                           	global	_DV
    50                           	global	_DV1
    51                           	global	_DV2
    52                           	global	_a
    53                           	global	_c
    54                           	global	_d
    55                           	global	_e
    56                           	global	_f
    57                           	global	_high
    58                           	global	_low
    59                           	global	_b
    60                           	global	_ADCON0
    61                           psect	text142,local,class=CODE,delta=2
    62                           global __ptext142
    63  0000                     __ptext142:
    64  001F                     _ADCON0	set	31
    65                           	global	_ADRESH
    66  001E                     _ADRESH	set	30
    67                           	global	_PORTB
    68  0006                     _PORTB	set	6
    69                           	global	_PORTD
    70  0008                     _PORTD	set	8
    71                           	global	_PORTE
    72  0009                     _PORTE	set	9
    73                           	global	_RE0
    74  0048                     _RE0	set	72
    75                           	global	_RE1
    76  0049                     _RE1	set	73
    77                           	global	_RE2
    78  004A                     _RE2	set	74
    79                           	global	_ADCON1
    80  009F                     _ADCON1	set	159
    81                           	global	_ADRESL
    82  009E                     _ADRESL	set	158
    83                           	global	_TRISB
    84  0086                     _TRISB	set	134
    85                           	global	_TRISD
    86  0088                     _TRISD	set	136
    87                           	global	_TRISE
    88  0089                     _TRISE	set	137
    89                           	global	_ANSEL
    90  0188                     _ANSEL	set	392
    91                           	global	_ANSELH
    92  0189                     _ANSELH	set	393
    93                           	file	"adc.as"
    94                           	line	#
    95                           psect cinit,class=CODE,delta=2
    96                           global start_initialization
    97  057C                     start_initialization:
    98                           
    99                           psect	bssCOMMON,class=COMMON,space=1
   100                           global __pbssCOMMON
   101  007C                     __pbssCOMMON:
   102  007C                     _b:
   103  007C                            ds      2
   104                           
   105                           psect	bssBANK0,class=BANK0,space=1
   106                           global __pbssBANK0
   107  0020                     __pbssBANK0:
   108  0020                     _DV:
   109  0020                            ds      2
   110                           
   111  0022                     _DV1:
   112  0022                            ds      2
   113                           
   114  0024                     _DV2:
   115  0024                            ds      2
   116                           
   117  0026                     _a:
   118  0026                            ds      2
   119                           
   120  0028                     _c:
   121  0028                            ds      2
   122                           
   123  002A                     _d:
   124  002A                            ds      2
   125                           
   126  002C                     _e:
   127  002C                            ds      2
   128                           
   129  002E                     _f:
   130  002E                            ds      2
   131                           
   132  0030                     _high:
   133  0030                            ds      2
   134                           
   135  0032                     _low:
   136  0032                            ds      2
   137                           
   138                           psect clrtext,class=CODE,delta=2
   139                           global clear_ram
   140                           ;	Called with FSR containing the base address, and
   141                           ;	W with the last address+1
   142  0574                     clear_ram:
   143  0574  0064               	clrwdt			;clear the watchdog before getting into this loop
   144  0575                     clrloop:
   145  0575  0180               	clrf	indf		;clear RAM location pointed to by FSR
   146  0576  0A84               	incf	fsr,f		;increment pointer
   147  0577  0604               	xorwf	fsr,w		;XOR with final address
   148  0578  1903               	btfsc	status,2	;have we reached the end yet?
   149  0579  3400               	retlw	0		;all done for this memory range, return
   150  057A  0604               	xorwf	fsr,w		;XOR again to restore value
   151  057B  2D75               	goto	clrloop		;do the next byte
   152                           
   153                           ; Clear objects allocated to COMMON
   154                           psect cinit,class=CODE,delta=2
   155  057C  01FC               	clrf	((__pbssCOMMON)+0)&07Fh
   156  057D  01FD               	clrf	((__pbssCOMMON)+1)&07Fh
   157                           ; Clear objects allocated to BANK0
   158                           psect cinit,class=CODE,delta=2
   159  057E  1383               	bcf	status, 7	;select IRP bank0
   160  057F  3020               	movlw	low(__pbssBANK0)
   161  0580  0084               	movwf	fsr
   162  0581  3034               	movlw	low((__pbssBANK0)+014h)
   163  0582  120A  118A  2574   	fcall	clear_ram
              120A  118A         
   164                           psect cinit,class=CODE,delta=2
   165                           global end_of_initialization
   166                           
   167                           ;End of C runtime variable initialization code
   168                           
   169  0587                     end_of_initialization:
   170  0587  0183               clrf status
   171  0588  120A  118A  2DCC   ljmp _main	;jump to C main() function
   172                           psect	cstackCOMMON,class=COMMON,space=1
   173                           global __pcstackCOMMON
   174  0070                     __pcstackCOMMON:
   175                           	global	?_delay
   176  0070                     ?_delay:	; 0 bytes @ 0x0
   177                           	global	?_adc
   178  0070                     ?_adc:	; 0 bytes @ 0x0
   179                           	global	?_main
   180  0070                     ?_main:	; 0 bytes @ 0x0
   181                           	global	?___awdiv
   182  0070                     ?___awdiv:	; 2 bytes @ 0x0
   183                           	global	?___awmod
   184  0070                     ?___awmod:	; 2 bytes @ 0x0
   185                           	global	delay@ms
   186  0070                     delay@ms:	; 2 bytes @ 0x0
   187                           	global	___awdiv@divisor
   188  0070                     ___awdiv@divisor:	; 2 bytes @ 0x0
   189                           	global	___awmod@divisor
   190  0070                     ___awmod@divisor:	; 2 bytes @ 0x0
   191  0070                     	ds	2
   192                           	global	??_delay
   193  0072                     ??_delay:	; 0 bytes @ 0x2
   194                           	global	?_lcd_cmd
   195  0072                     ?_lcd_cmd:	; 0 bytes @ 0x2
   196                           	global	lcd_cmd@a
   197  0072                     lcd_cmd@a:	; 2 bytes @ 0x2
   198                           	global	___awdiv@dividend
   199  0072                     ___awdiv@dividend:	; 2 bytes @ 0x2
   200                           	global	___awmod@dividend
   201  0072                     ___awmod@dividend:	; 2 bytes @ 0x2
   202  0072                     	ds	2
   203                           	global	??___awdiv
   204  0074                     ??___awdiv:	; 0 bytes @ 0x4
   205                           	global	??___awmod
   206  0074                     ??___awmod:	; 0 bytes @ 0x4
   207                           	global	lcd_cmd@b
   208  0074                     lcd_cmd@b:	; 2 bytes @ 0x4
   209  0074                     	ds	1
   210                           	global	___awdiv@counter
   211  0075                     ___awdiv@counter:	; 1 bytes @ 0x5
   212                           	global	___awmod@counter
   213  0075                     ___awmod@counter:	; 1 bytes @ 0x5
   214  0075                     	ds	1
   215                           	global	lcd_cmd@c
   216  0076                     lcd_cmd@c:	; 1 bytes @ 0x6
   217                           	global	___awdiv@sign
   218  0076                     ___awdiv@sign:	; 1 bytes @ 0x6
   219                           	global	___awmod@sign
   220  0076                     ___awmod@sign:	; 1 bytes @ 0x6
   221  0076                     	ds	1
   222                           	global	??_lcd_cmd
   223  0077                     ??_lcd_cmd:	; 0 bytes @ 0x7
   224                           	global	___awdiv@quotient
   225  0077                     ___awdiv@quotient:	; 2 bytes @ 0x7
   226  0077                     	ds	2
   227                           	global	??_adc
   228  0079                     ??_adc:	; 0 bytes @ 0x9
   229  0079                     	ds	2
   230                           	global	??_main
   231  007B                     ??_main:	; 0 bytes @ 0xB
   232  007B                     	ds	1
   233 ;;Data sizes: Strings 0, constant 0, data 0, bss 22, persistent 0 stack 0
   234 ;;Auto spaces:   Size  Autos    Used
   235 ;; COMMON          14     12      14
   236 ;; BANK0           80      0      20
   237 ;; BANK1           80      0       0
   238 ;; BANK3           96      0       0
   239 ;; BANK2           96      0       0
   240                           
   241 ;;
   242 ;; Pointer list with targets:
   243                           
   244 ;; ?___awmod	int  size(1) Largest target is 0
   245 ;;
   246 ;; ?___awdiv	int  size(1) Largest target is 0
   247 ;;
   248                           
   249                           
   250 ;;
   251 ;; Critical Paths under _main in COMMON
   252 ;;
   253 ;;   _main->_adc
   254 ;;   _adc->___awdiv
   255 ;;   _lcd_cmd->_delay
   256 ;;
   257 ;; Critical Paths under _main in BANK0
   258 ;;
   259 ;;   None.
   260 ;;
   261 ;; Critical Paths under _main in BANK1
   262 ;;
   263 ;;   None.
   264 ;;
   265 ;; Critical Paths under _main in BANK3
   266 ;;
   267 ;;   None.
   268 ;;
   269 ;; Critical Paths under _main in BANK2
   270 ;;
   271 ;;   None.
   272                           
   273 ;;
   274 ;;Main: autosize = 0, tempsize = 1, incstack = 0, save=0
   275 ;;
   276                           
   277 ;;
   278 ;;Call Graph Tables:
   279 ;;
   280 ;; ---------------------------------------------------------------------------------
   281 ;; (Depth) Function   	        Calls       Base Space   Used Autos Params    Refs
   282 ;; ---------------------------------------------------------------------------------
   283 ;; (0) _main                                                 1     1      0     772
   284 ;;                                             11 COMMON     1     1      0
   285 ;;                            _lcd_cmd
   286 ;;                                _adc
   287 ;; ---------------------------------------------------------------------------------
   288 ;; (1) _adc                                                  2     2      0     684
   289 ;;                                              9 COMMON     2     2      0
   290 ;;                            ___awdiv
   291 ;;                            ___awmod
   292 ;;                            _lcd_cmd
   293 ;; ---------------------------------------------------------------------------------
   294 ;; (2) _lcd_cmd                                              5     0      5      88
   295 ;;                                              2 COMMON     5     0      5
   296 ;;                              _delay
   297 ;; ---------------------------------------------------------------------------------
   298 ;; (2) ___awmod                                              7     3      4     296
   299 ;;                                              0 COMMON     7     3      4
   300 ;; ---------------------------------------------------------------------------------
   301 ;; (2) ___awdiv                                              9     5      4     300
   302 ;;                                              0 COMMON     9     5      4
   303 ;; ---------------------------------------------------------------------------------
   304 ;; (3) _delay                                                2     0      2      22
   305 ;;                                              0 COMMON     2     0      2
   306 ;; ---------------------------------------------------------------------------------
   307 ;; Estimated maximum stack depth 3
   308 ;; ---------------------------------------------------------------------------------
   309                           
   310 ;; Call Graph Graphs:
   311                           
   312 ;; _main (ROOT)
   313 ;;   _lcd_cmd
   314 ;;     _delay
   315 ;;   _adc
   316 ;;     ___awdiv
   317 ;;     ___awmod
   318 ;;     _lcd_cmd
   319 ;;       _delay
   320 ;;
   321                           
   322 ;; Address spaces:
   323                           
   324 ;;Name               Size   Autos  Total    Cost      Usage
   325 ;;BITCOMMON            E      0       0       0        0.0%
   326 ;;EEDATA             100      0       0       0        0.0%
   327 ;;NULL                 0      0       0       0        0.0%
   328 ;;CODE                 0      0       0       0        0.0%
   329 ;;COMMON               E      C       E       1      100.0%
   330 ;;BITSFR0              0      0       0       1        0.0%
   331 ;;SFR0                 0      0       0       1        0.0%
   332 ;;BITSFR1              0      0       0       2        0.0%
   333 ;;SFR1                 0      0       0       2        0.0%
   334 ;;STACK                0      0       3       2        0.0%
   335 ;;ABS                  0      0      22       3        0.0%
   336 ;;BITBANK0            50      0       0       4        0.0%
   337 ;;BITSFR3              0      0       0       4        0.0%
   338 ;;SFR3                 0      0       0       4        0.0%
   339 ;;BANK0               50      0      14       5       25.0%
   340 ;;BITSFR2              0      0       0       5        0.0%
   341 ;;SFR2                 0      0       0       5        0.0%
   342 ;;BITBANK1            50      0       0       6        0.0%
   343 ;;BANK1               50      0       0       7        0.0%
   344 ;;BITBANK3            60      0       0       8        0.0%
   345 ;;BANK3               60      0       0       9        0.0%
   346 ;;BITBANK2            60      0       0      10        0.0%
   347 ;;BANK2               60      0       0      11        0.0%
   348 ;;DATA                 0      0      25      12        0.0%
   349                           
   350                           	global	_main
   351                           psect	maintext,global,class=CODE,delta=2
   352                           global __pmaintext
   353  05CC                     __pmaintext:
   354                           
   355 ;; *************** function _main *****************
   356 ;; Defined at:
   357 ;;		line 29 in file "D:\Embedded\pic\code\adc\adc.c"
   358 ;; Parameters:    Size  Location     Type
   359 ;;		None
   360 ;; Auto vars:     Size  Location     Type
   361 ;;		None
   362 ;; Return value:  Size  Location     Type
   363 ;;		None               void
   364 ;; Registers used:
   365 ;;		wreg, status,2, status,0, btemp+1, pclath, cstack
   366 ;; Tracked objects:
   367 ;;		On entry : 17F/0
   368 ;;		On exit  : 0/0
   369 ;;		Unchanged: 0/0
   370 ;; Data sizes:     COMMON   BANK0   BANK1   BANK3   BANK2
   371 ;;      Params:         0       0       0       0       0
   372 ;;      Locals:         0       0       0       0       0
   373 ;;      Temps:          1       0       0       0       0
   374 ;;      Totals:         1       0       0       0       0
   375 ;;Total ram usage:        1 bytes
   376 ;; Hardware stack levels required when called:    3
   377 ;; This function calls:
   378 ;;		_lcd_cmd
   379 ;;		_adc
   380 ;; This function is called by:
   381 ;;		Startup code after reset
   382 ;; This function uses a non-reentrant model
   383 ;;
   384                           psect	maintext
   385                           	file	"D:\Embedded\pic\code\adc\adc.c"
   386                           	line	29
   387                           	global	__size_of_main
   388  0045                     	__size_of_main	equ	__end_of_main-_main
   389                           	
   390  05CC                     _main:	
   391                           	opt	stack 5
   392                           ; Regs used in _main: [wreg+status,2+status,0+btemp+1+pclath+cstack]
   393                           	line	30
   394                           	
   395  05CC                     l2463:	
   396                           ;adc.c: 30: TRISB=0X04;
   397  05CC  3004               	movlw	(04h)
   398  05CD  1683               	bsf	status, 5	;RP0=1, select bank1
   399  05CE  1303               	bcf	status, 6	;RP1=0, select bank1
   400  05CF  0086               	movwf	(134)^080h	;volatile
   401                           	line	31
   402                           	
   403  05D0                     l2465:	
   404                           ;adc.c: 31: PORTB=0X00;
   405  05D0  1283               	bcf	status, 5	;RP0=0, select bank0
   406  05D1  1303               	bcf	status, 6	;RP1=0, select bank0
   407  05D2  0186               	clrf	(6)	;volatile
   408                           	line	32
   409                           	
   410  05D3                     l2467:	
   411                           ;adc.c: 32: TRISD=0X00;
   412  05D3  1683               	bsf	status, 5	;RP0=1, select bank1
   413  05D4  1303               	bcf	status, 6	;RP1=0, select bank1
   414  05D5  0188               	clrf	(136)^080h	;volatile
   415                           	line	33
   416                           	
   417  05D6                     l2469:	
   418                           ;adc.c: 33: PORTD=0X00;
   419  05D6  1283               	bcf	status, 5	;RP0=0, select bank0
   420  05D7  1303               	bcf	status, 6	;RP1=0, select bank0
   421  05D8  0188               	clrf	(8)	;volatile
   422                           	line	34
   423                           	
   424  05D9                     l2471:	
   425                           ;adc.c: 34: TRISE=0X00;
   426  05D9  1683               	bsf	status, 5	;RP0=1, select bank1
   427  05DA  1303               	bcf	status, 6	;RP1=0, select bank1
   428  05DB  0189               	clrf	(137)^080h	;volatile
   429                           	line	35
   430                           	
   431  05DC                     l2473:	
   432                           ;adc.c: 35: PORTE=0X00;
   433  05DC  1283               	bcf	status, 5	;RP0=0, select bank0
   434  05DD  1303               	bcf	status, 6	;RP1=0, select bank0
   435  05DE  0189               	clrf	(9)	;volatile
   436                           	line	36
   437                           	
   438  05DF                     l2475:	
   439                           ;adc.c: 36: ANSEL=0X00;
   440  05DF  1683               	bsf	status, 5	;RP0=1, select bank3
   441  05E0  1703               	bsf	status, 6	;RP1=1, select bank3
   442  05E1  0188               	clrf	(392)^0180h	;volatile
   443                           	line	37
   444                           ;adc.c: 37: ANSELH=0X01;
   445  05E2  3001               	movlw	(01h)
   446  05E3  0089               	movwf	(393)^0180h	;volatile
   447                           	line	38
   448                           	
   449  05E4                     l2477:	
   450                           ;adc.c: 38: lcd_cmd(0,0,0X38);
   451  05E4  3000               	movlw	low(0)
   452  05E5  00F2               	movwf	(?_lcd_cmd)
   453  05E6  3000               	movlw	high(0)
   454  05E7  00F3               	movwf	((?_lcd_cmd))+1
   455  05E8  3000               	movlw	low(0)
   456  05E9  00F4               	movwf	0+(?_lcd_cmd)+02h
   457  05EA  3000               	movlw	high(0)
   458  05EB  00F5               	movwf	(0+(?_lcd_cmd)+02h)+1
   459  05EC  3038               	movlw	(038h)
   460  05ED  00FB               	movwf	(??_main+0)+0
   461  05EE  087B               	movf	(??_main+0)+0,w
   462  05EF  00F6               	movwf	0+(?_lcd_cmd)+04h
   463  05F0  120A  118A  259F   	fcall	_lcd_cmd
              120A  118A         
   464                           	line	39
   465                           	
   466  05F5                     l2479:	
   467                           ;adc.c: 39: lcd_cmd(0,0,0X0E);
   468  05F5  3000               	movlw	low(0)
   469  05F6  00F2               	movwf	(?_lcd_cmd)
   470  05F7  3000               	movlw	high(0)
   471  05F8  00F3               	movwf	((?_lcd_cmd))+1
   472  05F9  3000               	movlw	low(0)
   473  05FA  00F4               	movwf	0+(?_lcd_cmd)+02h
   474  05FB  3000               	movlw	high(0)
   475  05FC  00F5               	movwf	(0+(?_lcd_cmd)+02h)+1
   476  05FD  300E               	movlw	(0Eh)
   477  05FE  00FB               	movwf	(??_main+0)+0
   478  05FF  087B               	movf	(??_main+0)+0,w
   479  0600  00F6               	movwf	0+(?_lcd_cmd)+04h
   480  0601  120A  118A  259F   	fcall	_lcd_cmd
              120A  118A         
   481  0606  2E07               	goto	l2481
   482                           	line	40
   483                           ;adc.c: 40: while(1)
   484                           	
   485  0607                     l1059:	
   486                           	line	42
   487                           	
   488  0607                     l2481:	
   489                           ;adc.c: 41: {
   490                           ;adc.c: 42: adc();
   491  0607  120A  118A  26EB   	fcall	_adc
              120A  118A         
   492  060C  2E07               	goto	l2481
   493                           	line	43
   494                           	
   495  060D                     l1060:	
   496                           	line	40
   497  060D  2E07               	goto	l2481
   498                           	
   499  060E                     l1061:	
   500                           	line	44
   501                           	
   502  060E                     l1062:	
   503                           	global	start
   504  060E  120A  118A  2800   	ljmp	start
   505                           	opt stack 0
   506                           GLOBAL	__end_of_main
   507  0611                     	__end_of_main:
   508 ;; =============== function _main ends ============
   509                           
   510                           	signat	_main,88
   511                           	global	_adc
   512                           psect	text143,local,class=CODE,delta=2
   513                           global __ptext143
   514  06EB                     __ptext143:
   515                           
   516 ;; *************** function _adc *****************
   517 ;; Defined at:
   518 ;;		line 9 in file "D:\Embedded\pic\code\adc\adc.c"
   519 ;; Parameters:    Size  Location     Type
   520 ;;		None
   521 ;; Auto vars:     Size  Location     Type
   522 ;;		None
   523 ;; Return value:  Size  Location     Type
   524 ;;		None               void
   525 ;; Registers used:
   526 ;;		wreg, status,2, status,0, btemp+1, pclath, cstack
   527 ;; Tracked objects:
   528 ;;		On entry : 0/0
   529 ;;		On exit  : 0/0
   530 ;;		Unchanged: 0/0
   531 ;; Data sizes:     COMMON   BANK0   BANK1   BANK3   BANK2
   532 ;;      Params:         0       0       0       0       0
   533 ;;      Locals:         0       0       0       0       0
   534 ;;      Temps:          2       0       0       0       0
   535 ;;      Totals:         2       0       0       0       0
   536 ;;Total ram usage:        2 bytes
   537 ;; Hardware stack levels used:    1
   538 ;; Hardware stack levels required when called:    2
   539 ;; This function calls:
   540 ;;		___awdiv
   541 ;;		___awmod
   542 ;;		_lcd_cmd
   543 ;; This function is called by:
   544 ;;		_main
   545 ;; This function uses a non-reentrant model
   546 ;;
   547                           psect	text143
   548                           	file	"D:\Embedded\pic\code\adc\adc.c"
   549                           	line	9
   550                           	global	__size_of_adc
   551  0115                     	__size_of_adc	equ	__end_of_adc-_adc
   552                           	
   553  06EB                     _adc:	
   554                           	opt	stack 5
   555                           ; Regs used in _adc: [wreg+status,2+status,0+btemp+1+pclath+cstack]
   556                           	line	10
   557                           	
   558  06EB                     l2437:	
   559                           ;adc.c: 10: ADCON0=0XA3;
   560  06EB  30A3               	movlw	(0A3h)
   561  06EC  1283               	bcf	status, 5	;RP0=0, select bank0
   562  06ED  1303               	bcf	status, 6	;RP1=0, select bank0
   563  06EE  009F               	movwf	(31)	;volatile
   564                           	line	11
   565                           ;adc.c: 11: ADCON1=0X80;
   566  06EF  3080               	movlw	(080h)
   567  06F0  1683               	bsf	status, 5	;RP0=1, select bank1
   568  06F1  1303               	bcf	status, 6	;RP1=0, select bank1
   569  06F2  009F               	movwf	(159)^080h	;volatile
   570                           	line	12
   571                           ;adc.c: 12: high=ADRESH;
   572  06F3  1283               	bcf	status, 5	;RP0=0, select bank0
   573  06F4  1303               	bcf	status, 6	;RP1=0, select bank0
   574  06F5  081E               	movf	(30),w	;volatile
   575  06F6  00F9               	movwf	(??_adc+0)+0
   576  06F7  01FA               	clrf	(??_adc+0)+0+1
   577  06F8  0879               	movf	0+(??_adc+0)+0,w
   578  06F9  00B0               	movwf	(_high)
   579  06FA  087A               	movf	1+(??_adc+0)+0,w
   580  06FB  00B1               	movwf	(_high+1)
   581                           	line	13
   582                           ;adc.c: 13: low=ADRESL;
   583  06FC  1683               	bsf	status, 5	;RP0=1, select bank1
   584  06FD  1303               	bcf	status, 6	;RP1=0, select bank1
   585  06FE  081E               	movf	(158)^080h,w	;volatile
   586  06FF  00F9               	movwf	(??_adc+0)+0
   587  0700  01FA               	clrf	(??_adc+0)+0+1
   588  0701  0879               	movf	0+(??_adc+0)+0,w
   589  0702  1283               	bcf	status, 5	;RP0=0, select bank0
   590  0703  1303               	bcf	status, 6	;RP1=0, select bank0
   591  0704  00B2               	movwf	(_low)
   592  0705  087A               	movf	1+(??_adc+0)+0,w
   593  0706  00B3               	movwf	(_low+1)
   594                           	line	14
   595                           	
   596  0707                     l2439:	
   597                           ;adc.c: 14: DV=low+(high*256);
   598  0707  0831               	movf	(_high+1),w
   599  0708  00FA               	movwf	(??_adc+0)+0+1
   600  0709  0830               	movf	(_high),w
   601  070A  00F9               	movwf	(??_adc+0)+0
   602  070B  0879               	movf	(??_adc+0)+0,w
   603  070C  00FA               	movwf	(??_adc+0)+1
   604  070D  01F9               	clrf	(??_adc+0)+0
   605  070E  0832               	movf	(_low),w
   606  070F  0779               	addwf	0+(??_adc+0)+0,w
   607  0710  00A0               	movwf	(_DV)
   608  0711  0833               	movf	(_low+1),w
   609  0712  1803               	skipnc
   610  0713  0A33               	incf	(_low+1),w
   611  0714  077A               	addwf	1+(??_adc+0)+0,w
   612  0715  00A1               	movwf	1+(_DV)
   613                           	line	15
   614                           	
   615  0716                     l2441:	
   616                           ;adc.c: 15: a=DV/1000;
   617  0716  30E8               	movlw	low(03E8h)
   618  0717  00F0               	movwf	(?___awdiv)
   619  0718  3003               	movlw	high(03E8h)
   620  0719  00F1               	movwf	((?___awdiv))+1
   621  071A  0821               	movf	(_DV+1),w
   622  071B  01F3               	clrf	1+(?___awdiv)+02h
   623  071C  07F3               	addwf	1+(?___awdiv)+02h
   624  071D  0820               	movf	(_DV),w
   625  071E  01F2               	clrf	0+(?___awdiv)+02h
   626  071F  07F2               	addwf	0+(?___awdiv)+02h
   627                           
   628  0720  120A  118A  2677   	fcall	___awdiv
              120A  118A         
   629  0725  0871               	movf	(1+(?___awdiv)),w
   630  0726  1283               	bcf	status, 5	;RP0=0, select bank0
   631  0727  1303               	bcf	status, 6	;RP1=0, select bank0
   632  0728  01A7               	clrf	(_a+1)
   633  0729  07A7               	addwf	(_a+1)
   634  072A  0870               	movf	(0+(?___awdiv)),w
   635  072B  01A6               	clrf	(_a)
   636  072C  07A6               	addwf	(_a)
   637                           
   638                           	line	16
   639                           	
   640  072D                     l2443:	
   641                           ;adc.c: 16: b=DV%1000;
   642  072D  30E8               	movlw	low(03E8h)
   643  072E  00F0               	movwf	(?___awmod)
   644  072F  3003               	movlw	high(03E8h)
   645  0730  00F1               	movwf	((?___awmod))+1
   646  0731  0821               	movf	(_DV+1),w
   647  0732  01F3               	clrf	1+(?___awmod)+02h
   648  0733  07F3               	addwf	1+(?___awmod)+02h
   649  0734  0820               	movf	(_DV),w
   650  0735  01F2               	clrf	0+(?___awmod)+02h
   651  0736  07F2               	addwf	0+(?___awmod)+02h
   652                           
   653  0737  120A  118A  2611   	fcall	___awmod
              120A  118A         
   654  073C  0871               	movf	(1+(?___awmod)),w
   655  073D  01FD               	clrf	(_b+1)
   656  073E  07FD               	addwf	(_b+1)
   657  073F  0870               	movf	(0+(?___awmod)),w
   658  0740  01FC               	clrf	(_b)
   659  0741  07FC               	addwf	(_b)
   660                           
   661                           	line	17
   662                           	
   663  0742                     l2445:	
   664                           ;adc.c: 17: c=b/100;
   665  0742  3064               	movlw	low(064h)
   666  0743  00F0               	movwf	(?___awdiv)
   667  0744  3000               	movlw	high(064h)
   668  0745  00F1               	movwf	((?___awdiv))+1
   669  0746  087D               	movf	(_b+1),w
   670  0747  01F3               	clrf	1+(?___awdiv)+02h
   671  0748  07F3               	addwf	1+(?___awdiv)+02h
   672  0749  087C               	movf	(_b),w
   673  074A  01F2               	clrf	0+(?___awdiv)+02h
   674  074B  07F2               	addwf	0+(?___awdiv)+02h
   675                           
   676  074C  120A  118A  2677   	fcall	___awdiv
              120A  118A         
   677  0751  0871               	movf	(1+(?___awdiv)),w
   678  0752  1283               	bcf	status, 5	;RP0=0, select bank0
   679  0753  1303               	bcf	status, 6	;RP1=0, select bank0
   680  0754  01A9               	clrf	(_c+1)
   681  0755  07A9               	addwf	(_c+1)
   682  0756  0870               	movf	(0+(?___awdiv)),w
   683  0757  01A8               	clrf	(_c)
   684  0758  07A8               	addwf	(_c)
   685                           
   686                           	line	18
   687                           	
   688  0759                     l2447:	
   689                           ;adc.c: 18: d=b%100;
   690  0759  3064               	movlw	low(064h)
   691  075A  00F0               	movwf	(?___awmod)
   692  075B  3000               	movlw	high(064h)
   693  075C  00F1               	movwf	((?___awmod))+1
   694  075D  087D               	movf	(_b+1),w
   695  075E  01F3               	clrf	1+(?___awmod)+02h
   696  075F  07F3               	addwf	1+(?___awmod)+02h
   697  0760  087C               	movf	(_b),w
   698  0761  01F2               	clrf	0+(?___awmod)+02h
   699  0762  07F2               	addwf	0+(?___awmod)+02h
   700                           
   701  0763  120A  118A  2611   	fcall	___awmod
              120A  118A         
   702  0768  0871               	movf	(1+(?___awmod)),w
   703  0769  1283               	bcf	status, 5	;RP0=0, select bank0
   704  076A  1303               	bcf	status, 6	;RP1=0, select bank0
   705  076B  01AB               	clrf	(_d+1)
   706  076C  07AB               	addwf	(_d+1)
   707  076D  0870               	movf	(0+(?___awmod)),w
   708  076E  01AA               	clrf	(_d)
   709  076F  07AA               	addwf	(_d)
   710                           
   711                           	line	19
   712                           	
   713  0770                     l2449:	
   714                           ;adc.c: 19: e=d/10;
   715  0770  300A               	movlw	low(0Ah)
   716  0771  00F0               	movwf	(?___awdiv)
   717  0772  3000               	movlw	high(0Ah)
   718  0773  00F1               	movwf	((?___awdiv))+1
   719  0774  082B               	movf	(_d+1),w
   720  0775  01F3               	clrf	1+(?___awdiv)+02h
   721  0776  07F3               	addwf	1+(?___awdiv)+02h
   722  0777  082A               	movf	(_d),w
   723  0778  01F2               	clrf	0+(?___awdiv)+02h
   724  0779  07F2               	addwf	0+(?___awdiv)+02h
   725                           
   726  077A  120A  118A  2677   	fcall	___awdiv
              120A  118A         
   727  077F  0871               	movf	(1+(?___awdiv)),w
   728  0780  1283               	bcf	status, 5	;RP0=0, select bank0
   729  0781  1303               	bcf	status, 6	;RP1=0, select bank0
   730  0782  01AD               	clrf	(_e+1)
   731  0783  07AD               	addwf	(_e+1)
   732  0784  0870               	movf	(0+(?___awdiv)),w
   733  0785  01AC               	clrf	(_e)
   734  0786  07AC               	addwf	(_e)
   735                           
   736                           	line	20
   737                           	
   738  0787                     l2451:	
   739                           ;adc.c: 20: f=d%10;
   740  0787  300A               	movlw	low(0Ah)
   741  0788  00F0               	movwf	(?___awmod)
   742  0789  3000               	movlw	high(0Ah)
   743  078A  00F1               	movwf	((?___awmod))+1
   744  078B  082B               	movf	(_d+1),w
   745  078C  01F3               	clrf	1+(?___awmod)+02h
   746  078D  07F3               	addwf	1+(?___awmod)+02h
   747  078E  082A               	movf	(_d),w
   748  078F  01F2               	clrf	0+(?___awmod)+02h
   749  0790  07F2               	addwf	0+(?___awmod)+02h
   750                           
   751  0791  120A  118A  2611   	fcall	___awmod
              120A  118A         
   752  0796  0871               	movf	(1+(?___awmod)),w
   753  0797  1283               	bcf	status, 5	;RP0=0, select bank0
   754  0798  1303               	bcf	status, 6	;RP1=0, select bank0
   755  0799  01AF               	clrf	(_f+1)
   756  079A  07AF               	addwf	(_f+1)
   757  079B  0870               	movf	(0+(?___awmod)),w
   758  079C  01AE               	clrf	(_f)
   759  079D  07AE               	addwf	(_f)
   760                           
   761                           	line	21
   762                           	
   763  079E                     l2453:	
   764                           ;adc.c: 21: lcd_cmd(0,0,0X80);
   765  079E  3000               	movlw	low(0)
   766  079F  00F2               	movwf	(?_lcd_cmd)
   767  07A0  3000               	movlw	high(0)
   768  07A1  00F3               	movwf	((?_lcd_cmd))+1
   769  07A2  3000               	movlw	low(0)
   770  07A3  00F4               	movwf	0+(?_lcd_cmd)+02h
   771  07A4  3000               	movlw	high(0)
   772  07A5  00F5               	movwf	(0+(?_lcd_cmd)+02h)+1
   773  07A6  3080               	movlw	(080h)
   774  07A7  00F9               	movwf	(??_adc+0)+0
   775  07A8  0879               	movf	(??_adc+0)+0,w
   776  07A9  00F6               	movwf	0+(?_lcd_cmd)+04h
   777  07AA  120A  118A  259F   	fcall	_lcd_cmd
              120A  118A         
   778                           	line	22
   779                           	
   780  07AF                     l2455:	
   781                           ;adc.c: 22: lcd_cmd(1,0,a+0X30);
   782  07AF  3001               	movlw	low(01h)
   783  07B0  00F2               	movwf	(?_lcd_cmd)
   784  07B1  3000               	movlw	high(01h)
   785  07B2  00F3               	movwf	((?_lcd_cmd))+1
   786  07B3  3000               	movlw	low(0)
   787  07B4  00F4               	movwf	0+(?_lcd_cmd)+02h
   788  07B5  3000               	movlw	high(0)
   789  07B6  00F5               	movwf	(0+(?_lcd_cmd)+02h)+1
   790  07B7  1283               	bcf	status, 5	;RP0=0, select bank0
   791  07B8  1303               	bcf	status, 6	;RP1=0, select bank0
   792  07B9  0826               	movf	(_a),w
   793  07BA  3E30               	addlw	030h
   794  07BB  00F9               	movwf	(??_adc+0)+0
   795  07BC  0879               	movf	(??_adc+0)+0,w
   796  07BD  00F6               	movwf	0+(?_lcd_cmd)+04h
   797  07BE  120A  118A  259F   	fcall	_lcd_cmd
              120A  118A         
   798                           	line	23
   799                           	
   800  07C3                     l2457:	
   801                           ;adc.c: 23: lcd_cmd(1,0,c+0X30);
   802  07C3  3001               	movlw	low(01h)
   803  07C4  00F2               	movwf	(?_lcd_cmd)
   804  07C5  3000               	movlw	high(01h)
   805  07C6  00F3               	movwf	((?_lcd_cmd))+1
   806  07C7  3000               	movlw	low(0)
   807  07C8  00F4               	movwf	0+(?_lcd_cmd)+02h
   808  07C9  3000               	movlw	high(0)
   809  07CA  00F5               	movwf	(0+(?_lcd_cmd)+02h)+1
   810  07CB  1283               	bcf	status, 5	;RP0=0, select bank0
   811  07CC  1303               	bcf	status, 6	;RP1=0, select bank0
   812  07CD  0828               	movf	(_c),w
   813  07CE  3E30               	addlw	030h
   814  07CF  00F9               	movwf	(??_adc+0)+0
   815  07D0  0879               	movf	(??_adc+0)+0,w
   816  07D1  00F6               	movwf	0+(?_lcd_cmd)+04h
   817  07D2  120A  118A  259F   	fcall	_lcd_cmd
              120A  118A         
   818                           	line	24
   819                           	
   820  07D7                     l2459:	
   821                           ;adc.c: 24: lcd_cmd(1,0,e+0X30);
   822  07D7  3001               	movlw	low(01h)
   823  07D8  00F2               	movwf	(?_lcd_cmd)
   824  07D9  3000               	movlw	high(01h)
   825  07DA  00F3               	movwf	((?_lcd_cmd))+1
   826  07DB  3000               	movlw	low(0)
   827  07DC  00F4               	movwf	0+(?_lcd_cmd)+02h
   828  07DD  3000               	movlw	high(0)
   829  07DE  00F5               	movwf	(0+(?_lcd_cmd)+02h)+1
   830  07DF  1283               	bcf	status, 5	;RP0=0, select bank0
   831  07E0  1303               	bcf	status, 6	;RP1=0, select bank0
   832  07E1  082C               	movf	(_e),w
   833  07E2  3E30               	addlw	030h
   834  07E3  00F9               	movwf	(??_adc+0)+0
   835  07E4  0879               	movf	(??_adc+0)+0,w
   836  07E5  00F6               	movwf	0+(?_lcd_cmd)+04h
   837  07E6  120A  118A  259F   	fcall	_lcd_cmd
              120A  118A         
   838                           	line	25
   839                           	
   840  07EB                     l2461:	
   841                           ;adc.c: 25: lcd_cmd(1,0,f+0X30);
   842  07EB  3001               	movlw	low(01h)
   843  07EC  00F2               	movwf	(?_lcd_cmd)
   844  07ED  3000               	movlw	high(01h)
   845  07EE  00F3               	movwf	((?_lcd_cmd))+1
   846  07EF  3000               	movlw	low(0)
   847  07F0  00F4               	movwf	0+(?_lcd_cmd)+02h
   848  07F1  3000               	movlw	high(0)
   849  07F2  00F5               	movwf	(0+(?_lcd_cmd)+02h)+1
   850  07F3  1283               	bcf	status, 5	;RP0=0, select bank0
   851  07F4  1303               	bcf	status, 6	;RP1=0, select bank0
   852  07F5  082E               	movf	(_f),w
   853  07F6  3E30               	addlw	030h
   854  07F7  00F9               	movwf	(??_adc+0)+0
   855  07F8  0879               	movf	(??_adc+0)+0,w
   856  07F9  00F6               	movwf	0+(?_lcd_cmd)+04h
   857  07FA  120A  118A  259F   	fcall	_lcd_cmd
              120A  118A         
   858                           	line	26
   859                           	
   860  07FF                     l1056:	
   861  07FF  0008               	return
   862                           	opt stack 0
   863                           GLOBAL	__end_of_adc
   864  0800                     	__end_of_adc:
   865 ;; =============== function _adc ends ============
   866                           
   867                           	signat	_adc,88
   868                           	global	_lcd_cmd
   869                           psect	text144,local,class=CODE,delta=2
   870                           global __ptext144
   871  059F                     __ptext144:
   872                           
   873 ;; *************** function _lcd_cmd *****************
   874 ;; Defined at:
   875 ;;		line 10 in file "D:\Embedded\pic\code\adc\lcd.h"
   876 ;; Parameters:    Size  Location     Type
   877 ;;  a               2    2[COMMON] int 
   878 ;;  b               2    4[COMMON] int 
   879 ;;  c               1    6[COMMON] unsigned char 
   880 ;; Auto vars:     Size  Location     Type
   881 ;;		None
   882 ;; Return value:  Size  Location     Type
   883 ;;		None               void
   884 ;; Registers used:
   885 ;;		wreg, status,2, status,0, pclath, cstack
   886 ;; Tracked objects:
   887 ;;		On entry : 0/0
   888 ;;		On exit  : 0/0
   889 ;;		Unchanged: 0/0
   890 ;; Data sizes:     COMMON   BANK0   BANK1   BANK3   BANK2
   891 ;;      Params:         5       0       0       0       0
   892 ;;      Locals:         0       0       0       0       0
   893 ;;      Temps:          0       0       0       0       0
   894 ;;      Totals:         5       0       0       0       0
   895 ;;Total ram usage:        5 bytes
   896 ;; Hardware stack levels used:    1
   897 ;; Hardware stack levels required when called:    1
   898 ;; This function calls:
   899 ;;		_delay
   900 ;; This function is called by:
   901 ;;		_adc
   902 ;;		_main
   903 ;; This function uses a non-reentrant model
   904 ;;
   905                           psect	text144
   906                           	file	"D:\Embedded\pic\code\adc\lcd.h"
   907                           	line	10
   908                           	global	__size_of_lcd_cmd
   909  002D                     	__size_of_lcd_cmd	equ	__end_of_lcd_cmd-_lcd_cmd
   910                           	
   911  059F                     _lcd_cmd:	
   912                           	opt	stack 5
   913                           ; Regs used in _lcd_cmd: [wreg+status,2+status,0+pclath+cstack]
   914                           	line	11
   915                           	
   916  059F                     l2425:	
   917                           ;lcd.h: 11: RE0=a;
   918  059F  1872               	btfsc	(lcd_cmd@a),0
   919  05A0  2DA2               	goto	u2391
   920  05A1  2DA6               	goto	u2390
   921                           	
   922  05A2                     u2391:
   923  05A2  1283               	bcf	status, 5	;RP0=0, select bank0
   924  05A3  1303               	bcf	status, 6	;RP1=0, select bank0
   925  05A4  1409               	bsf	(72/8),(72)&7
   926  05A5  2DA9               	goto	u2404
   927  05A6                     u2390:
   928  05A6  1283               	bcf	status, 5	;RP0=0, select bank0
   929  05A7  1303               	bcf	status, 6	;RP1=0, select bank0
   930  05A8  1009               	bcf	(72/8),(72)&7
   931  05A9                     u2404:
   932                           	line	12
   933                           ;lcd.h: 12: RE1=b;
   934  05A9  1874               	btfsc	(lcd_cmd@b),0
   935  05AA  2DAC               	goto	u2411
   936  05AB  2DB0               	goto	u2410
   937                           	
   938  05AC                     u2411:
   939  05AC  1283               	bcf	status, 5	;RP0=0, select bank0
   940  05AD  1303               	bcf	status, 6	;RP1=0, select bank0
   941  05AE  1489               	bsf	(73/8),(73)&7
   942  05AF  2DB3               	goto	u2424
   943  05B0                     u2410:
   944  05B0  1283               	bcf	status, 5	;RP0=0, select bank0
   945  05B1  1303               	bcf	status, 6	;RP1=0, select bank0
   946  05B2  1089               	bcf	(73/8),(73)&7
   947  05B3                     u2424:
   948                           	line	13
   949                           	
   950  05B3                     l2427:	
   951                           ;lcd.h: 13: PORTD=c;
   952  05B3  0876               	movf	(lcd_cmd@c),w
   953  05B4  0088               	movwf	(8)	;volatile
   954                           	line	14
   955                           	
   956  05B5                     l2429:	
   957                           ;lcd.h: 14: RE2=1;
   958  05B5  1509               	bsf	(74/8),(74)&7
   959                           	line	15
   960                           	
   961  05B6                     l2431:	
   962                           ;lcd.h: 15: delay(10);
   963  05B6  300A               	movlw	low(0Ah)
   964  05B7  00F0               	movwf	(?_delay)
   965  05B8  3000               	movlw	high(0Ah)
   966  05B9  00F1               	movwf	((?_delay))+1
   967  05BA  120A  118A  258B   	fcall	_delay
              120A  118A         
   968                           	line	16
   969                           	
   970  05BF                     l2433:	
   971                           ;lcd.h: 16: RE2=0;
   972  05BF  1283               	bcf	status, 5	;RP0=0, select bank0
   973  05C0  1303               	bcf	status, 6	;RP1=0, select bank0
   974  05C1  1109               	bcf	(74/8),(74)&7
   975                           	line	17
   976                           	
   977  05C2                     l2435:	
   978                           ;lcd.h: 17: delay(10);
   979  05C2  300A               	movlw	low(0Ah)
   980  05C3  00F0               	movwf	(?_delay)
   981  05C4  3000               	movlw	high(0Ah)
   982  05C5  00F1               	movwf	((?_delay))+1
   983  05C6  120A  118A  258B   	fcall	_delay
              120A  118A         
   984                           	line	18
   985                           	
   986  05CB                     l1053:	
   987  05CB  0008               	return
   988                           	opt stack 0
   989                           GLOBAL	__end_of_lcd_cmd
   990  05CC                     	__end_of_lcd_cmd:
   991 ;; =============== function _lcd_cmd ends ============
   992                           
   993                           	signat	_lcd_cmd,12408
   994                           	global	___awmod
   995                           psect	text145,local,class=CODE,delta=2
   996                           global __ptext145
   997  0611                     __ptext145:
   998                           
   999 ;; *************** function ___awmod *****************
  1000 ;; Defined at:
  1001 ;;		line 5 in file "C:\Program Files\HI-TECH Software\PICC\9.81\sources\awmod.c"
  1002 ;; Parameters:    Size  Location     Type
  1003 ;;  divisor         2    0[COMMON] int 
  1004 ;;  dividend        2    2[COMMON] int 
  1005 ;; Auto vars:     Size  Location     Type
  1006 ;;  sign            1    6[COMMON] unsigned char 
  1007 ;;  counter         1    5[COMMON] unsigned char 
  1008 ;; Return value:  Size  Location     Type
  1009 ;;                  2    0[COMMON] int 
  1010 ;; Registers used:
  1011 ;;		wreg, status,2, status,0
  1012 ;; Tracked objects:
  1013 ;;		On entry : 0/0
  1014 ;;		On exit  : 0/0
  1015 ;;		Unchanged: 0/0
  1016 ;; Data sizes:     COMMON   BANK0   BANK1   BANK3   BANK2
  1017 ;;      Params:         4       0       0       0       0
  1018 ;;      Locals:         2       0       0       0       0
  1019 ;;      Temps:          1       0       0       0       0
  1020 ;;      Totals:         7       0       0       0       0
  1021 ;;Total ram usage:        7 bytes
  1022 ;; Hardware stack levels used:    1
  1023 ;; This function calls:
  1024 ;;		Nothing
  1025 ;; This function is called by:
  1026 ;;		_adc
  1027 ;; This function uses a non-reentrant model
  1028 ;;
  1029                           psect	text145
  1030                           	file	"C:\Program Files\HI-TECH Software\PICC\9.81\sources\awmod.c"
  1031                           	line	5
  1032                           	global	__size_of___awmod
  1033  0066                     	__size_of___awmod	equ	__end_of___awmod-___awmod
  1034                           	
  1035  0611                     ___awmod:	
  1036                           	opt	stack 6
  1037                           ; Regs used in ___awmod: [wreg+status,2+status,0]
  1038                           	line	8
  1039                           	
  1040  0611                     l2391:	
  1041  0611  01F6               	clrf	(___awmod@sign)
  1042                           	line	9
  1043  0612  1FF3               	btfss	(___awmod@dividend+1),7
  1044  0613  2E15               	goto	u2301
  1045  0614  2E16               	goto	u2300
  1046  0615                     u2301:
  1047  0615  2E1F               	goto	l2395
  1048  0616                     u2300:
  1049                           	line	10
  1050                           	
  1051  0616                     l2393:	
  1052  0616  09F2               	comf	(___awmod@dividend),f
  1053  0617  09F3               	comf	(___awmod@dividend+1),f
  1054  0618  0AF2               	incf	(___awmod@dividend),f
  1055  0619  1903               	skipnz
  1056  061A  0AF3               	incf	(___awmod@dividend+1),f
  1057                           	line	11
  1058  061B  01F6               	clrf	(___awmod@sign)
  1059  061C  1403               	bsf	status,0
  1060  061D  0DF6               	rlf	(___awmod@sign),f
  1061  061E  2E1F               	goto	l2395
  1062                           	line	12
  1063                           	
  1064  061F                     l1279:	
  1065                           	line	13
  1066                           	
  1067  061F                     l2395:	
  1068  061F  1FF1               	btfss	(___awmod@divisor+1),7
  1069  0620  2E22               	goto	u2311
  1070  0621  2E23               	goto	u2310
  1071  0622                     u2311:
  1072  0622  2E29               	goto	l2399
  1073  0623                     u2310:
  1074                           	line	14
  1075                           	
  1076  0623                     l2397:	
  1077  0623  09F0               	comf	(___awmod@divisor),f
  1078  0624  09F1               	comf	(___awmod@divisor+1),f
  1079  0625  0AF0               	incf	(___awmod@divisor),f
  1080  0626  1903               	skipnz
  1081  0627  0AF1               	incf	(___awmod@divisor+1),f
  1082  0628  2E29               	goto	l2399
  1083                           	
  1084  0629                     l1280:	
  1085                           	line	15
  1086                           	
  1087  0629                     l2399:	
  1088  0629  0871               	movf	(___awmod@divisor+1),w
  1089  062A  0470               	iorwf	(___awmod@divisor),w
  1090  062B  1903               	skipnz
  1091  062C  2E2E               	goto	u2321
  1092  062D  2E2F               	goto	u2320
  1093  062E                     u2321:
  1094  062E  2E65               	goto	l2417
  1095  062F                     u2320:
  1096                           	line	16
  1097                           	
  1098  062F                     l2401:	
  1099  062F  01F5               	clrf	(___awmod@counter)
  1100  0630  1403               	bsf	status,0
  1101  0631  0DF5               	rlf	(___awmod@counter),f
  1102                           	line	17
  1103  0632  2E3F               	goto	l2407
  1104                           	
  1105  0633                     l1283:	
  1106                           	line	18
  1107                           	
  1108  0633                     l2403:	
  1109  0633  3001               	movlw	01h
  1110                           	
  1111  0634                     u2335:
  1112  0634  1003               	clrc
  1113  0635  0DF0               	rlf	(___awmod@divisor),f
  1114  0636  0DF1               	rlf	(___awmod@divisor+1),f
  1115  0637  3EFF               	addlw	-1
  1116  0638  1D03               	skipz
  1117  0639  2E34               	goto	u2335
  1118                           	line	19
  1119                           	
  1120  063A                     l2405:	
  1121  063A  3001               	movlw	(01h)
  1122  063B  00F4               	movwf	(??___awmod+0)+0
  1123  063C  0874               	movf	(??___awmod+0)+0,w
  1124  063D  07F5               	addwf	(___awmod@counter),f
  1125  063E  2E3F               	goto	l2407
  1126                           	line	20
  1127                           	
  1128  063F                     l1282:	
  1129                           	line	17
  1130                           	
  1131  063F                     l2407:	
  1132  063F  1FF1               	btfss	(___awmod@divisor+1),(15)&7
  1133  0640  2E42               	goto	u2341
  1134  0641  2E43               	goto	u2340
  1135  0642                     u2341:
  1136  0642  2E33               	goto	l2403
  1137  0643                     u2340:
  1138  0643  2E45               	goto	l2409
  1139                           	
  1140  0644                     l1284:	
  1141  0644  2E45               	goto	l2409
  1142                           	line	21
  1143                           	
  1144  0645                     l1285:	
  1145                           	line	22
  1146                           	
  1147  0645                     l2409:	
  1148  0645  0871               	movf	(___awmod@divisor+1),w
  1149  0646  0273               	subwf	(___awmod@dividend+1),w
  1150  0647  1D03               	skipz
  1151  0648  2E4B               	goto	u2355
  1152  0649  0870               	movf	(___awmod@divisor),w
  1153  064A  0272               	subwf	(___awmod@dividend),w
  1154  064B                     u2355:
  1155  064B  1C03               	skipc
  1156  064C  2E4E               	goto	u2351
  1157  064D  2E4F               	goto	u2350
  1158  064E                     u2351:
  1159  064E  2E56               	goto	l2413
  1160  064F                     u2350:
  1161                           	line	23
  1162                           	
  1163  064F                     l2411:	
  1164  064F  0870               	movf	(___awmod@divisor),w
  1165  0650  02F2               	subwf	(___awmod@dividend),f
  1166  0651  0871               	movf	(___awmod@divisor+1),w
  1167  0652  1C03               	skipc
  1168  0653  03F3               	decf	(___awmod@dividend+1),f
  1169  0654  02F3               	subwf	(___awmod@dividend+1),f
  1170  0655  2E56               	goto	l2413
  1171                           	
  1172  0656                     l1286:	
  1173                           	line	24
  1174                           	
  1175  0656                     l2413:	
  1176  0656  3001               	movlw	01h
  1177                           	
  1178  0657                     u2365:
  1179  0657  1003               	clrc
  1180  0658  0CF1               	rrf	(___awmod@divisor+1),f
  1181  0659  0CF0               	rrf	(___awmod@divisor),f
  1182  065A  3EFF               	addlw	-1
  1183  065B  1D03               	skipz
  1184  065C  2E57               	goto	u2365
  1185                           	line	25
  1186                           	
  1187  065D                     l2415:	
  1188  065D  3001               	movlw	low(01h)
  1189  065E  02F5               	subwf	(___awmod@counter),f
  1190  065F  1D03               	btfss	status,2
  1191  0660  2E62               	goto	u2371
  1192  0661  2E63               	goto	u2370
  1193  0662                     u2371:
  1194  0662  2E45               	goto	l2409
  1195  0663                     u2370:
  1196  0663  2E65               	goto	l2417
  1197                           	
  1198  0664                     l1287:	
  1199  0664  2E65               	goto	l2417
  1200                           	line	26
  1201                           	
  1202  0665                     l1281:	
  1203                           	line	27
  1204                           	
  1205  0665                     l2417:	
  1206  0665  0876               	movf	(___awmod@sign),w
  1207  0666  1D03               	skipz
  1208  0667  2E69               	goto	u2380
  1209  0668  2E6F               	goto	l2421
  1210  0669                     u2380:
  1211                           	line	28
  1212                           	
  1213  0669                     l2419:	
  1214  0669  09F2               	comf	(___awmod@dividend),f
  1215  066A  09F3               	comf	(___awmod@dividend+1),f
  1216  066B  0AF2               	incf	(___awmod@dividend),f
  1217  066C  1903               	skipnz
  1218  066D  0AF3               	incf	(___awmod@dividend+1),f
  1219  066E  2E6F               	goto	l2421
  1220                           	
  1221  066F                     l1288:	
  1222                           	line	29
  1223                           	
  1224  066F                     l2421:	
  1225  066F  0873               	movf	(___awmod@dividend+1),w
  1226  0670  01F1               	clrf	(?___awmod+1)
  1227  0671  07F1               	addwf	(?___awmod+1)
  1228  0672  0872               	movf	(___awmod@dividend),w
  1229  0673  01F0               	clrf	(?___awmod)
  1230  0674  07F0               	addwf	(?___awmod)
  1231                           
  1232  0675  2E76               	goto	l1289
  1233                           	
  1234  0676                     l2423:	
  1235                           	line	30
  1236                           	
  1237  0676                     l1289:	
  1238  0676  0008               	return
  1239                           	opt stack 0
  1240                           GLOBAL	__end_of___awmod
  1241  0677                     	__end_of___awmod:
  1242 ;; =============== function ___awmod ends ============
  1243                           
  1244                           	signat	___awmod,8314
  1245                           	global	___awdiv
  1246                           psect	text146,local,class=CODE,delta=2
  1247                           global __ptext146
  1248  0677                     __ptext146:
  1249                           
  1250 ;; *************** function ___awdiv *****************
  1251 ;; Defined at:
  1252 ;;		line 5 in file "C:\Program Files\HI-TECH Software\PICC\9.81\sources\awdiv.c"
  1253 ;; Parameters:    Size  Location     Type
  1254 ;;  divisor         2    0[COMMON] int 
  1255 ;;  dividend        2    2[COMMON] int 
  1256 ;; Auto vars:     Size  Location     Type
  1257 ;;  quotient        2    7[COMMON] int 
  1258 ;;  sign            1    6[COMMON] unsigned char 
  1259 ;;  counter         1    5[COMMON] unsigned char 
  1260 ;; Return value:  Size  Location     Type
  1261 ;;                  2    0[COMMON] int 
  1262 ;; Registers used:
  1263 ;;		wreg, status,2, status,0
  1264 ;; Tracked objects:
  1265 ;;		On entry : 0/0
  1266 ;;		On exit  : 0/0
  1267 ;;		Unchanged: 0/0
  1268 ;; Data sizes:     COMMON   BANK0   BANK1   BANK3   BANK2
  1269 ;;      Params:         4       0       0       0       0
  1270 ;;      Locals:         4       0       0       0       0
  1271 ;;      Temps:          1       0       0       0       0
  1272 ;;      Totals:         9       0       0       0       0
  1273 ;;Total ram usage:        9 bytes
  1274 ;; Hardware stack levels used:    1
  1275 ;; This function calls:
  1276 ;;		Nothing
  1277 ;; This function is called by:
  1278 ;;		_adc
  1279 ;; This function uses a non-reentrant model
  1280 ;;
  1281                           psect	text146
  1282                           	file	"C:\Program Files\HI-TECH Software\PICC\9.81\sources\awdiv.c"
  1283                           	line	5
  1284                           	global	__size_of___awdiv
  1285  0074                     	__size_of___awdiv	equ	__end_of___awdiv-___awdiv
  1286                           	
  1287  0677                     ___awdiv:	
  1288                           	opt	stack 6
  1289                           ; Regs used in ___awdiv: [wreg+status,2+status,0]
  1290                           	line	9
  1291                           	
  1292  0677                     l2351:	
  1293  0677  01F6               	clrf	(___awdiv@sign)
  1294                           	line	10
  1295  0678  1FF1               	btfss	(___awdiv@divisor+1),7
  1296  0679  2E7B               	goto	u2201
  1297  067A  2E7C               	goto	u2200
  1298  067B                     u2201:
  1299  067B  2E85               	goto	l2355
  1300  067C                     u2200:
  1301                           	line	11
  1302                           	
  1303  067C                     l2353:	
  1304  067C  09F0               	comf	(___awdiv@divisor),f
  1305  067D  09F1               	comf	(___awdiv@divisor+1),f
  1306  067E  0AF0               	incf	(___awdiv@divisor),f
  1307  067F  1903               	skipnz
  1308  0680  0AF1               	incf	(___awdiv@divisor+1),f
  1309                           	line	12
  1310  0681  01F6               	clrf	(___awdiv@sign)
  1311  0682  1403               	bsf	status,0
  1312  0683  0DF6               	rlf	(___awdiv@sign),f
  1313  0684  2E85               	goto	l2355
  1314                           	line	13
  1315                           	
  1316  0685                     l1211:	
  1317                           	line	14
  1318                           	
  1319  0685                     l2355:	
  1320  0685  1FF3               	btfss	(___awdiv@dividend+1),7
  1321  0686  2E88               	goto	u2211
  1322  0687  2E89               	goto	u2210
  1323  0688                     u2211:
  1324  0688  2E93               	goto	l2361
  1325  0689                     u2210:
  1326                           	line	15
  1327                           	
  1328  0689                     l2357:	
  1329  0689  09F2               	comf	(___awdiv@dividend),f
  1330  068A  09F3               	comf	(___awdiv@dividend+1),f
  1331  068B  0AF2               	incf	(___awdiv@dividend),f
  1332  068C  1903               	skipnz
  1333  068D  0AF3               	incf	(___awdiv@dividend+1),f
  1334                           	line	16
  1335                           	
  1336  068E                     l2359:	
  1337  068E  3001               	movlw	(01h)
  1338  068F  00F4               	movwf	(??___awdiv+0)+0
  1339  0690  0874               	movf	(??___awdiv+0)+0,w
  1340  0691  06F6               	xorwf	(___awdiv@sign),f
  1341  0692  2E93               	goto	l2361
  1342                           	line	17
  1343                           	
  1344  0693                     l1212:	
  1345                           	line	18
  1346                           	
  1347  0693                     l2361:	
  1348  0693  01F7               	clrf	(___awdiv@quotient)
  1349  0694  01F8               	clrf	(___awdiv@quotient+1)
  1350                           	line	19
  1351                           	
  1352  0695                     l2363:	
  1353  0695  0871               	movf	(___awdiv@divisor+1),w
  1354  0696  0470               	iorwf	(___awdiv@divisor),w
  1355  0697  1903               	skipnz
  1356  0698  2E9A               	goto	u2221
  1357  0699  2E9B               	goto	u2220
  1358  069A                     u2221:
  1359  069A  2ED9               	goto	l2383
  1360  069B                     u2220:
  1361                           	line	20
  1362                           	
  1363  069B                     l2365:	
  1364  069B  01F5               	clrf	(___awdiv@counter)
  1365  069C  1403               	bsf	status,0
  1366  069D  0DF5               	rlf	(___awdiv@counter),f
  1367                           	line	21
  1368  069E  2EAB               	goto	l2371
  1369                           	
  1370  069F                     l1215:	
  1371                           	line	22
  1372                           	
  1373  069F                     l2367:	
  1374  069F  3001               	movlw	01h
  1375                           	
  1376  06A0                     u2235:
  1377  06A0  1003               	clrc
  1378  06A1  0DF0               	rlf	(___awdiv@divisor),f
  1379  06A2  0DF1               	rlf	(___awdiv@divisor+1),f
  1380  06A3  3EFF               	addlw	-1
  1381  06A4  1D03               	skipz
  1382  06A5  2EA0               	goto	u2235
  1383                           	line	23
  1384                           	
  1385  06A6                     l2369:	
  1386  06A6  3001               	movlw	(01h)
  1387  06A7  00F4               	movwf	(??___awdiv+0)+0
  1388  06A8  0874               	movf	(??___awdiv+0)+0,w
  1389  06A9  07F5               	addwf	(___awdiv@counter),f
  1390  06AA  2EAB               	goto	l2371
  1391                           	line	24
  1392                           	
  1393  06AB                     l1214:	
  1394                           	line	21
  1395                           	
  1396  06AB                     l2371:	
  1397  06AB  1FF1               	btfss	(___awdiv@divisor+1),(15)&7
  1398  06AC  2EAE               	goto	u2241
  1399  06AD  2EAF               	goto	u2240
  1400  06AE                     u2241:
  1401  06AE  2E9F               	goto	l2367
  1402  06AF                     u2240:
  1403  06AF  2EB1               	goto	l2373
  1404                           	
  1405  06B0                     l1216:	
  1406  06B0  2EB1               	goto	l2373
  1407                           	line	25
  1408                           	
  1409  06B1                     l1217:	
  1410                           	line	26
  1411                           	
  1412  06B1                     l2373:	
  1413  06B1  3001               	movlw	01h
  1414                           	
  1415  06B2                     u2255:
  1416  06B2  1003               	clrc
  1417  06B3  0DF7               	rlf	(___awdiv@quotient),f
  1418  06B4  0DF8               	rlf	(___awdiv@quotient+1),f
  1419  06B5  3EFF               	addlw	-1
  1420  06B6  1D03               	skipz
  1421  06B7  2EB2               	goto	u2255
  1422                           	line	27
  1423  06B8  0871               	movf	(___awdiv@divisor+1),w
  1424  06B9  0273               	subwf	(___awdiv@dividend+1),w
  1425  06BA  1D03               	skipz
  1426  06BB  2EBE               	goto	u2265
  1427  06BC  0870               	movf	(___awdiv@divisor),w
  1428  06BD  0272               	subwf	(___awdiv@dividend),w
  1429  06BE                     u2265:
  1430  06BE  1C03               	skipc
  1431  06BF  2EC1               	goto	u2261
  1432  06C0  2EC2               	goto	u2260
  1433  06C1                     u2261:
  1434  06C1  2ECA               	goto	l2379
  1435  06C2                     u2260:
  1436                           	line	28
  1437                           	
  1438  06C2                     l2375:	
  1439  06C2  0870               	movf	(___awdiv@divisor),w
  1440  06C3  02F2               	subwf	(___awdiv@dividend),f
  1441  06C4  0871               	movf	(___awdiv@divisor+1),w
  1442  06C5  1C03               	skipc
  1443  06C6  03F3               	decf	(___awdiv@dividend+1),f
  1444  06C7  02F3               	subwf	(___awdiv@dividend+1),f
  1445                           	line	29
  1446                           	
  1447  06C8                     l2377:	
  1448  06C8  1477               	bsf	(___awdiv@quotient)+(0/8),(0)&7
  1449  06C9  2ECA               	goto	l2379
  1450                           	line	30
  1451                           	
  1452  06CA                     l1218:	
  1453                           	line	31
  1454                           	
  1455  06CA                     l2379:	
  1456  06CA  3001               	movlw	01h
  1457                           	
  1458  06CB                     u2275:
  1459  06CB  1003               	clrc
  1460  06CC  0CF1               	rrf	(___awdiv@divisor+1),f
  1461  06CD  0CF0               	rrf	(___awdiv@divisor),f
  1462  06CE  3EFF               	addlw	-1
  1463  06CF  1D03               	skipz
  1464  06D0  2ECB               	goto	u2275
  1465                           	line	32
  1466                           	
  1467  06D1                     l2381:	
  1468  06D1  3001               	movlw	low(01h)
  1469  06D2  02F5               	subwf	(___awdiv@counter),f
  1470  06D3  1D03               	btfss	status,2
  1471  06D4  2ED6               	goto	u2281
  1472  06D5  2ED7               	goto	u2280
  1473  06D6                     u2281:
  1474  06D6  2EB1               	goto	l2373
  1475  06D7                     u2280:
  1476  06D7  2ED9               	goto	l2383
  1477                           	
  1478  06D8                     l1219:	
  1479  06D8  2ED9               	goto	l2383
  1480                           	line	33
  1481                           	
  1482  06D9                     l1213:	
  1483                           	line	34
  1484                           	
  1485  06D9                     l2383:	
  1486  06D9  0876               	movf	(___awdiv@sign),w
  1487  06DA  1D03               	skipz
  1488  06DB  2EDD               	goto	u2290
  1489  06DC  2EE3               	goto	l2387
  1490  06DD                     u2290:
  1491                           	line	35
  1492                           	
  1493  06DD                     l2385:	
  1494  06DD  09F7               	comf	(___awdiv@quotient),f
  1495  06DE  09F8               	comf	(___awdiv@quotient+1),f
  1496  06DF  0AF7               	incf	(___awdiv@quotient),f
  1497  06E0  1903               	skipnz
  1498  06E1  0AF8               	incf	(___awdiv@quotient+1),f
  1499  06E2  2EE3               	goto	l2387
  1500                           	
  1501  06E3                     l1220:	
  1502                           	line	36
  1503                           	
  1504  06E3                     l2387:	
  1505  06E3  0878               	movf	(___awdiv@quotient+1),w
  1506  06E4  01F1               	clrf	(?___awdiv+1)
  1507  06E5  07F1               	addwf	(?___awdiv+1)
  1508  06E6  0877               	movf	(___awdiv@quotient),w
  1509  06E7  01F0               	clrf	(?___awdiv)
  1510  06E8  07F0               	addwf	(?___awdiv)
  1511                           
  1512  06E9  2EEA               	goto	l1221
  1513                           	
  1514  06EA                     l2389:	
  1515                           	line	37
  1516                           	
  1517  06EA                     l1221:	
  1518  06EA  0008               	return
  1519                           	opt stack 0
  1520                           GLOBAL	__end_of___awdiv
  1521  06EB                     	__end_of___awdiv:
  1522 ;; =============== function ___awdiv ends ============
  1523                           
  1524                           	signat	___awdiv,8314
  1525                           	global	_delay
  1526                           psect	text147,local,class=CODE,delta=2
  1527                           global __ptext147
  1528  058B                     __ptext147:
  1529                           
  1530 ;; *************** function _delay *****************
  1531 ;; Defined at:
  1532 ;;		line 6 in file "D:\Embedded\pic\code\adc\lcd.h"
  1533 ;; Parameters:    Size  Location     Type
  1534 ;;  ms              2    0[COMMON] unsigned int 
  1535 ;; Auto vars:     Size  Location     Type
  1536 ;;		None
  1537 ;; Return value:  Size  Location     Type
  1538 ;;		None               void
  1539 ;; Registers used:
  1540 ;;		wreg
  1541 ;; Tracked objects:
  1542 ;;		On entry : 0/0
  1543 ;;		On exit  : 0/0
  1544 ;;		Unchanged: 0/0
  1545 ;; Data sizes:     COMMON   BANK0   BANK1   BANK3   BANK2
  1546 ;;      Params:         2       0       0       0       0
  1547 ;;      Locals:         0       0       0       0       0
  1548 ;;      Temps:          0       0       0       0       0
  1549 ;;      Totals:         2       0       0       0       0
  1550 ;;Total ram usage:        2 bytes
  1551 ;; Hardware stack levels used:    1
  1552 ;; This function calls:
  1553 ;;		Nothing
  1554 ;; This function is called by:
  1555 ;;		_lcd_cmd
  1556 ;; This function uses a non-reentrant model
  1557 ;;
  1558                           psect	text147
  1559                           	file	"D:\Embedded\pic\code\adc\lcd.h"
  1560                           	line	6
  1561                           	global	__size_of_delay
  1562  0014                     	__size_of_delay	equ	__end_of_delay-_delay
  1563                           	
  1564  058B                     _delay:	
  1565                           	opt	stack 5
  1566                           ; Regs used in _delay: [wreg]
  1567                           	line	7
  1568                           	
  1569  058B                     l2347:	
  1570                           ;lcd.h: 7: while(ms--);
  1571  058B  2D8D               	goto	l2349
  1572                           	
  1573  058C                     l1048:	
  1574  058C  2D8D               	goto	l2349
  1575                           	
  1576  058D                     l1047:	
  1577                           	
  1578  058D                     l2349:	
  1579  058D  3001               	movlw	low(01h)
  1580  058E  02F0               	subwf	(delay@ms),f
  1581  058F  3000               	movlw	high(01h)
  1582  0590  1C03               	skipc
  1583  0591  03F1               	decf	(delay@ms+1),f
  1584  0592  02F1               	subwf	(delay@ms+1),f
  1585  0593  30FF               	movlw	high(0FFFFh)
  1586  0594  0671               	xorwf	((delay@ms+1)),w
  1587  0595  1D03               	skipz
  1588  0596  2D99               	goto	u2195
  1589  0597  30FF               	movlw	low(0FFFFh)
  1590  0598  0670               	xorwf	((delay@ms)),w
  1591  0599                     u2195:
  1592                           
  1593  0599  1D03               	skipz
  1594  059A  2D9C               	goto	u2191
  1595  059B  2D9D               	goto	u2190
  1596  059C                     u2191:
  1597  059C  2D8D               	goto	l2349
  1598  059D                     u2190:
  1599  059D  2D9E               	goto	l1050
  1600                           	
  1601  059E                     l1049:	
  1602                           	line	8
  1603                           	
  1604  059E                     l1050:	
  1605  059E  0008               	return
  1606                           	opt stack 0
  1607                           GLOBAL	__end_of_delay
  1608  059F                     	__end_of_delay:
  1609 ;; =============== function _delay ends ============
  1610                           
  1611                           	signat	_delay,4216
  1612                           psect	text148,local,class=CODE,delta=2
  1613                           global __ptext148
  1614  0000                     __ptext148:
  1615                           	global	btemp
  1616  007E                     	btemp set 07Eh
  1617                           
  1618                           	DABS	1,126,2	;btemp
  1619                           	global	wtemp0
  1620  007E                     	wtemp0 set btemp


HI-TECH Software PICC Macro Assembler V9.81 build 7503 
Symbol Table                                                                                   Thu Jul 07 22:34:56 2022

                   _a 0026                     _b 007C                     _c 0028                     _d 002A  
                   _e 002C                     _f 002E                    _DV 0020          ___awdiv@sign 0076  
                  fsr 0004                   _DV1 0022                   _DV2 0024                   _RE0 0048  
                 _RE1 0049                   _RE2 004A                   _adc 06EB                   _low 0032  
                 indf 0000          ___awmod@sign 0076                  ?_adc 0070                  l1050 059E  
                l1211 0685                  l1220 06E3                  l1212 0693                  l1060 060D  
                l1221 06EA                  l1213 06D9                  l1053 05CB                  l1061 060E  
                l1214 06AB                  l1062 060E                  l1047 058D                  l1215 069F  
                l1048 058C                  l1216 06B0                  l1056 07FF                  l1049 059E  
                l1217 06B1                  l1218 06CA                  l1219 06D8                  l1059 0607  
                l1280 0629                  l1281 0665                  l2401 062F                  l1282 063F  
                l2411 064F                  l2403 0633                  l1283 0633                  l1284 0644  
                l2421 066F                  l2413 0656                  l1285 0645                  l2405 063A  
                l1286 0656                  l2351 0677                  l2423 0676                  l1287 0664  
                l2415 065D                  l2407 063F                  l1279 061F                  l2431 05B6  
                l1288 066F                  l2361 0693                  l2353 067C                  l1289 0676  
                l2409 0645                  l2417 0665                  l2433 05BF                  l2425 059F  
                l2441 0716                  l2347 058B                  l2371 06AB                  l2363 0695  
                l2355 0685                  l2419 0669                  l2435 05C2                  l2427 05B3  
                l2451 0787                  l2443 072D                  l2349 058D                  l2381 06D1  
                l2373 06B1                  l2365 069B                  l2357 0689                  l2429 05B5  
                l2461 07EB                  l2453 079E                  l2445 0742                  l2437 06EB  
                l2375 06C2                  l2367 069F                  l2383 06D9                  l2359 068E  
                l2391 0611                  l2455 07AF                  l2447 0759                  l2439 0707  
                l2471 05D9                  l2463 05CC                  l2385 06DD                  l2377 06C8  
                l2369 06A6                  l2393 0616                  l2457 07C3                  l2449 0770  
                l2481 0607                  l2473 05DC                  l2465 05D0                  l2387 06E3  
                l2379 06CA                  l2395 061F                  l2459 07D7                  l2475 05DF  
                l2467 05D3                  l2389 06EA                  l2397 0623                  l2477 05E4  
                l2469 05D6                  l2399 0629                  l2479 05F5                  u2200 067C  
                u2201 067B                  u2210 0689                  u2211 0688                  u2220 069B  
                u2300 0616                  u2221 069A                  u2301 0615                  u2310 0623  
                u2311 0622                  u2240 06AF                  u2320 062F                  u2241 06AE  
                u2321 062E                  u2410 05B0                  u2235 06A0                  u2411 05AC  
                u2260 06C2                  u2340 0643                  u2404 05A9                  u2261 06C1  
                u2341 0642                  u2190 059D                  u2350 064F                  u2191 059C  
                u2255 06B2                  u2351 064E                  u2335 0634                  u2280 06D7  
                u2424 05B3                  u2281 06D6                  u2265 06BE                  u2290 06DD  
                u2370 0663                  u2195 0599                  u2275 06CB                  u2371 0662  
                u2355 064B                  u2380 0669                  u2365 0657                  u2390 05A6  
                u2391 05A2                  _high 0030                  _main 05CC                  btemp 007E  
                start 0000                 ??_adc 0079                 ?_main 0070       __end_of___awdiv 06EB  
     __end_of___awmod 0677                 _ANSEL 0188       ___awdiv@divisor 0070       ___awdiv@counter 0075  
               _PORTB 0006                 _PORTD 0008                 _PORTE 0009                 _TRISB 0086  
               _TRISD 0088                 _TRISE 0089       __end_of_lcd_cmd 05CC                 _delay 058B  
               status 0003                 wtemp0 007E          __end_of_main 0611                ??_main 007B  
              ?_delay 0070                _ADCON0 001F                _ADCON1 009F                _ADRESH 001E  
              _ADRESL 009E      ___awdiv@dividend 0072                _ANSELH 0189             ??___awdiv 0074  
           ??___awmod 0074      ___awdiv@quotient 0077       ___awmod@divisor 0070       ___awmod@counter 0075  
           ??_lcd_cmd 0077                clrloop 0575        __pcstackCOMMON 0070         __end_of_delay 059F  
             ??_delay 0072            __pbssBANK0 0020            __pmaintext 05CC               ___awdiv 0677  
             ___awmod 0611               _lcd_cmd 059F          __size_of_adc 0115               delay@ms 0070  
    ___awmod@dividend 0072  end_of_initialization 0587   start_initialization 057C           __end_of_adc 0800  
         __pbssCOMMON 007C              ?___awdiv 0070             __ptext142 0000             __ptext143 06EB  
           __ptext144 059F             __ptext145 0611             __ptext146 0677             __ptext147 058B  
           __ptext148 0000              ?___awmod 0070              ?_lcd_cmd 0072        __size_of_delay 0014  
    __size_of___awdiv 0074      __size_of___awmod 0066      __size_of_lcd_cmd 002D         __size_of_main 0045  
            clear_ram 0574              lcd_cmd@a 0072              lcd_cmd@b 0074              lcd_cmd@c 0076  
